[0.409s] Invoking command in '/home/honhe/learn_ros/Chapter7/chapt7_ws/build/fishbot_description': CMAKE_PREFIX_PATH=${CMAKE_PREFIX_PATH}:/home/honhe/learn_ros/Chapter7/chapt7_ws/install/fishbot_application:/home/honhe/learn_ros/Chapter7/chapt7_ws/install/autopatrol_robot:/opt/ros/jazzy DEBUGINFOD_URLS=https://debuginfod.ubuntu.com VIRTUAL_ENV_PROMPT=(learn_ros_venv) /usr/bin/cmake --build /home/honhe/learn_ros/Chapter7/chapt7_ws/build/fishbot_description -- -j32 -l32
[0.449s] Invoked command in '/home/honhe/learn_ros/Chapter7/chapt7_ws/build/fishbot_description' returned '0': CMAKE_PREFIX_PATH=${CMAKE_PREFIX_PATH}:/home/honhe/learn_ros/Chapter7/chapt7_ws/install/fishbot_application:/home/honhe/learn_ros/Chapter7/chapt7_ws/install/autopatrol_robot:/opt/ros/jazzy DEBUGINFOD_URLS=https://debuginfod.ubuntu.com VIRTUAL_ENV_PROMPT=(learn_ros_venv) /usr/bin/cmake --build /home/honhe/learn_ros/Chapter7/chapt7_ws/build/fishbot_description -- -j32 -l32
[0.450s] Invoking command in '/home/honhe/learn_ros/Chapter7/chapt7_ws/build/fishbot_description': CMAKE_PREFIX_PATH=${CMAKE_PREFIX_PATH}:/home/honhe/learn_ros/Chapter7/chapt7_ws/install/fishbot_application:/home/honhe/learn_ros/Chapter7/chapt7_ws/install/autopatrol_robot:/opt/ros/jazzy DEBUGINFOD_URLS=https://debuginfod.ubuntu.com VIRTUAL_ENV_PROMPT=(learn_ros_venv) /usr/bin/cmake --install /home/honhe/learn_ros/Chapter7/chapt7_ws/build/fishbot_description
[0.462s] -- Install configuration: ""
[0.462s] -- Up-to-date: /home/honhe/learn_ros/Chapter7/chapt7_ws/install/fishbot_description/share/fishbot_description/launch
[0.462s] -- Up-to-date: /home/honhe/learn_ros/Chapter7/chapt7_ws/install/fishbot_description/share/fishbot_description/launch/gazebo_sim.launch.py
[0.462s] -- Up-to-date: /home/honhe/learn_ros/Chapter7/chapt7_ws/install/fishbot_description/share/fishbot_description/launch/gazebo_sim_temp.launch.py
[0.463s] -- Up-to-date: /home/honhe/learn_ros/Chapter7/chapt7_ws/install/fishbot_description/share/fishbot_description/launch/gazebo_sim_rc.launch.py
[0.463s] -- Up-to-date: /home/honhe/learn_ros/Chapter7/chapt7_ws/install/fishbot_description/share/fishbot_description/launch/display_robot_by_xacro.launch.py
[0.463s] -- Up-to-date: /home/honhe/learn_ros/Chapter7/chapt7_ws/install/fishbot_description/share/fishbot_description/launch/display_robot.launch.py
[0.463s] -- Up-to-date: /home/honhe/learn_ros/Chapter7/chapt7_ws/install/fishbot_description/share/fishbot_description/launch/__pycache__
[0.463s] -- Up-to-date: /home/honhe/learn_ros/Chapter7/chapt7_ws/install/fishbot_description/share/fishbot_description/launch/__pycache__/display_robot.launch.cpython-312.pyc
[0.463s] -- Up-to-date: /home/honhe/learn_ros/Chapter7/chapt7_ws/install/fishbot_description/share/fishbot_description/urdf
[0.463s] -- Up-to-date: /home/honhe/learn_ros/Chapter7/chapt7_ws/install/fishbot_description/share/fishbot_description/urdf/fishbot
[0.463s] -- Up-to-date: /home/honhe/learn_ros/Chapter7/chapt7_ws/install/fishbot_description/share/fishbot_description/urdf/fishbot/actuator
[0.463s] -- Up-to-date: /home/honhe/learn_ros/Chapter7/chapt7_ws/install/fishbot_description/share/fishbot_description/urdf/fishbot/actuator/caster.urdf.xacro
[0.463s] -- Up-to-date: /home/honhe/learn_ros/Chapter7/chapt7_ws/install/fishbot_description/share/fishbot_description/urdf/fishbot/actuator/wheel.urdf.xacro
[0.464s] -- Up-to-date: /home/honhe/learn_ros/Chapter7/chapt7_ws/install/fishbot_description/share/fishbot_description/urdf/fishbot/base.urdf.xacro
[0.464s] -- Up-to-date: /home/honhe/learn_ros/Chapter7/chapt7_ws/install/fishbot_description/share/fishbot_description/urdf/fishbot/fishbot.ros2control.xacro
[0.464s] -- Up-to-date: /home/honhe/learn_ros/Chapter7/chapt7_ws/install/fishbot_description/share/fishbot_description/urdf/fishbot/common_inertia.xacro
[0.464s] -- Up-to-date: /home/honhe/learn_ros/Chapter7/chapt7_ws/install/fishbot_description/share/fishbot_description/urdf/fishbot/plugins
[0.464s] -- Up-to-date: /home/honhe/learn_ros/Chapter7/chapt7_ws/install/fishbot_description/share/fishbot_description/urdf/fishbot/plugins/gazebo_sensor_plugin.xacro
[0.464s] -- Up-to-date: /home/honhe/learn_ros/Chapter7/chapt7_ws/install/fishbot_description/share/fishbot_description/urdf/fishbot/plugins/gazebo_control_plugin.xacro
[0.465s] -- Up-to-date: /home/honhe/learn_ros/Chapter7/chapt7_ws/install/fishbot_description/share/fishbot_description/urdf/fishbot/sensor
[0.465s] -- Up-to-date: /home/honhe/learn_ros/Chapter7/chapt7_ws/install/fishbot_description/share/fishbot_description/urdf/fishbot/sensor/laser.urdf.xacro
[0.465s] -- Up-to-date: /home/honhe/learn_ros/Chapter7/chapt7_ws/install/fishbot_description/share/fishbot_description/urdf/fishbot/sensor/camera.urdf.xacro
[0.465s] -- Up-to-date: /home/honhe/learn_ros/Chapter7/chapt7_ws/install/fishbot_description/share/fishbot_description/urdf/fishbot/sensor/imu.urdf.xacro
[0.465s] -- Up-to-date: /home/honhe/learn_ros/Chapter7/chapt7_ws/install/fishbot_description/share/fishbot_description/urdf/fishbot/fishbot.urdf.xacro
[0.465s] -- Up-to-date: /home/honhe/learn_ros/Chapter7/chapt7_ws/install/fishbot_description/share/fishbot_description/urdf/fishbot/fishbot.rc.urdf.xacro
[0.465s] -- Up-to-date: /home/honhe/learn_ros/Chapter7/chapt7_ws/install/fishbot_description/share/fishbot_description/urdf/first_robot.pdf
[0.465s] -- Up-to-date: /home/honhe/learn_ros/Chapter7/chapt7_ws/install/fishbot_description/share/fishbot_description/urdf/first_robot.gv
[0.465s] -- Up-to-date: /home/honhe/learn_ros/Chapter7/chapt7_ws/install/fishbot_description/share/fishbot_description/urdf/first_robot.xacro
[0.465s] -- Up-to-date: /home/honhe/learn_ros/Chapter7/chapt7_ws/install/fishbot_description/share/fishbot_description/urdf/first_robot.urdf
[0.466s] -- Up-to-date: /home/honhe/learn_ros/Chapter7/chapt7_ws/install/fishbot_description/share/fishbot_description/config
[0.466s] -- Up-to-date: /home/honhe/learn_ros/Chapter7/chapt7_ws/install/fishbot_description/share/fishbot_description/config/display_robot_model.rviz
[0.466s] -- Up-to-date: /home/honhe/learn_ros/Chapter7/chapt7_ws/install/fishbot_description/share/fishbot_description/config/fishbot_ros2_controller.yaml
[0.466s] -- Up-to-date: /home/honhe/learn_ros/Chapter7/chapt7_ws/install/fishbot_description/share/fishbot_description/config/ros_gz_bridge.yaml
[0.466s] -- Up-to-date: /home/honhe/learn_ros/Chapter7/chapt7_ws/install/fishbot_description/share/fishbot_description/world
[0.466s] -- Up-to-date: /home/honhe/learn_ros/Chapter7/chapt7_ws/install/fishbot_description/share/fishbot_description/world/room
[0.466s] -- Up-to-date: /home/honhe/learn_ros/Chapter7/chapt7_ws/install/fishbot_description/share/fishbot_description/world/room/model.sdf
[0.466s] -- Up-to-date: /home/honhe/learn_ros/Chapter7/chapt7_ws/install/fishbot_description/share/fishbot_description/world/room/model.config
[0.467s] -- Up-to-date: /home/honhe/learn_ros/Chapter7/chapt7_ws/install/fishbot_description/share/fishbot_description/world/room1
[0.467s] -- Up-to-date: /home/honhe/learn_ros/Chapter7/chapt7_ws/install/fishbot_description/share/fishbot_description/world/room1/room1.sdf
[0.467s] -- Up-to-date: /home/honhe/learn_ros/Chapter7/chapt7_ws/install/fishbot_description/share/fishbot_description/world/custom_room.world
[0.467s] -- Up-to-date: /home/honhe/learn_ros/Chapter7/chapt7_ws/install/fishbot_description/share/ament_index/resource_index/package_run_dependencies/fishbot_description
[0.467s] -- Up-to-date: /home/honhe/learn_ros/Chapter7/chapt7_ws/install/fishbot_description/share/ament_index/resource_index/parent_prefix_path/fishbot_description
[0.467s] -- Up-to-date: /home/honhe/learn_ros/Chapter7/chapt7_ws/install/fishbot_description/share/fishbot_description/environment/ament_prefix_path.sh
[0.467s] -- Up-to-date: /home/honhe/learn_ros/Chapter7/chapt7_ws/install/fishbot_description/share/fishbot_description/environment/ament_prefix_path.dsv
[0.467s] -- Up-to-date: /home/honhe/learn_ros/Chapter7/chapt7_ws/install/fishbot_description/share/fishbot_description/environment/path.sh
[0.467s] -- Up-to-date: /home/honhe/learn_ros/Chapter7/chapt7_ws/install/fishbot_description/share/fishbot_description/environment/path.dsv
[0.467s] -- Up-to-date: /home/honhe/learn_ros/Chapter7/chapt7_ws/install/fishbot_description/share/fishbot_description/local_setup.bash
[0.467s] -- Up-to-date: /home/honhe/learn_ros/Chapter7/chapt7_ws/install/fishbot_description/share/fishbot_description/local_setup.sh
[0.467s] -- Up-to-date: /home/honhe/learn_ros/Chapter7/chapt7_ws/install/fishbot_description/share/fishbot_description/local_setup.zsh
[0.467s] -- Up-to-date: /home/honhe/learn_ros/Chapter7/chapt7_ws/install/fishbot_description/share/fishbot_description/local_setup.dsv
[0.467s] -- Installing: /home/honhe/learn_ros/Chapter7/chapt7_ws/install/fishbot_description/share/fishbot_description/package.dsv
[0.468s] -- Up-to-date: /home/honhe/learn_ros/Chapter7/chapt7_ws/install/fishbot_description/share/ament_index/resource_index/packages/fishbot_description
[0.468s] -- Up-to-date: /home/honhe/learn_ros/Chapter7/chapt7_ws/install/fishbot_description/share/fishbot_description/cmake/fishbot_descriptionConfig.cmake
[0.468s] -- Up-to-date: /home/honhe/learn_ros/Chapter7/chapt7_ws/install/fishbot_description/share/fishbot_description/cmake/fishbot_descriptionConfig-version.cmake
[0.468s] -- Up-to-date: /home/honhe/learn_ros/Chapter7/chapt7_ws/install/fishbot_description/share/fishbot_description/package.xml
[0.475s] Invoked command in '/home/honhe/learn_ros/Chapter7/chapt7_ws/build/fishbot_description' returned '0': CMAKE_PREFIX_PATH=${CMAKE_PREFIX_PATH}:/home/honhe/learn_ros/Chapter7/chapt7_ws/install/fishbot_application:/home/honhe/learn_ros/Chapter7/chapt7_ws/install/autopatrol_robot:/opt/ros/jazzy DEBUGINFOD_URLS=https://debuginfod.ubuntu.com VIRTUAL_ENV_PROMPT=(learn_ros_venv) /usr/bin/cmake --install /home/honhe/learn_ros/Chapter7/chapt7_ws/build/fishbot_description
