[0.429s] Invoking command in '/home/honhe/learn_ros/Chapter4/Chapter4_ws/src/demo_python_service': CMAKE_PREFIX_PATH=/home/honhe/learn_ros/Chapter4/Chapter4_ws/install/chapt4_interfaces:/home/honhe/learn_ros/Chapter4/Chapter4_ws/install/demo_cpp_service:/opt/ros/jazzy/opt/gz_math_vendor:/opt/ros/jazzy/opt/gz_utils_vendor:/opt/ros/jazzy/opt/gz_cmake_vendor DEBUGINFOD_URLS=https://debuginfod.ubuntu.com PYTHONPATH=/home/honhe/learn_ros/Chapter4/Chapter4_ws/build/demo_python_service/prefix_override:/usr/lib/python3/dist-packages/colcon_core/task/python/colcon_distutils_commands:/home/honhe/learn_ros/Chapter4/Chapter4_ws/install/demo_python_service/lib/python3.12/site-packages:/home/honhe/learn_ros/Chapter4/Chapter4_ws/install/chapt4_interfaces/lib/python3.12/site-packages:/home/honhe/learn_ros/Chapter4/Chapter4_ws/install/demo_python_service/lib/python3.12/site-packages:/opt/ros/jazzy/lib/python3.12/site-packages VIRTUAL_ENV_PROMPT=(learn_ros_venv) /usr/bin/python3 -W ignore:setup.py install is deprecated -W ignore:easy_install command is deprecated setup.py egg_info --egg-base ../../build/demo_python_service build --build-base /home/honhe/learn_ros/Chapter4/Chapter4_ws/build/demo_python_service/build install --record /home/honhe/learn_ros/Chapter4/Chapter4_ws/build/demo_python_service/install.log --single-version-externally-managed install_data
[0.565s] running egg_info
[0.574s] writing ../../build/demo_python_service/demo_python_service.egg-info/PKG-INFO
[0.574s] writing dependency_links to ../../build/demo_python_service/demo_python_service.egg-info/dependency_links.txt
[0.574s] writing entry points to ../../build/demo_python_service/demo_python_service.egg-info/entry_points.txt
[0.574s] writing requirements to ../../build/demo_python_service/demo_python_service.egg-info/requires.txt
[0.574s] writing top-level names to ../../build/demo_python_service/demo_python_service.egg-info/top_level.txt
[0.593s] reading manifest file '../../build/demo_python_service/demo_python_service.egg-info/SOURCES.txt'
[0.593s] adding license file 'LICENSE'
[0.593s] writing manifest file '../../build/demo_python_service/demo_python_service.egg-info/SOURCES.txt'
[0.593s] running build
[0.593s] running build_py
[0.593s] copying demo_python_service/face_detection_node.py -> /home/honhe/learn_ros/Chapter4/Chapter4_ws/build/demo_python_service/build/lib/demo_python_service
[0.593s] running install
[0.598s] running install_lib
[0.613s] copying /home/honhe/learn_ros/Chapter4/Chapter4_ws/build/demo_python_service/build/lib/demo_python_service/face_detection_node.py -> /home/honhe/learn_ros/Chapter4/Chapter4_ws/install/demo_python_service/lib/python3.12/site-packages/demo_python_service
[0.614s] byte-compiling /home/honhe/learn_ros/Chapter4/Chapter4_ws/install/demo_python_service/lib/python3.12/site-packages/demo_python_service/face_detection_node.py to face_detection_node.cpython-312.pyc
[0.615s] running install_data
[0.615s] running install_egg_info
[0.633s] removing '/home/honhe/learn_ros/Chapter4/Chapter4_ws/install/demo_python_service/lib/python3.12/site-packages/demo_python_service-0.0.0-py3.12.egg-info' (and everything under it)
[0.634s] Copying ../../build/demo_python_service/demo_python_service.egg-info to /home/honhe/learn_ros/Chapter4/Chapter4_ws/install/demo_python_service/lib/python3.12/site-packages/demo_python_service-0.0.0-py3.12.egg-info
[0.635s] running install_scripts
[0.710s] Installing face_detection_client_node script to /home/honhe/learn_ros/Chapter4/Chapter4_ws/install/demo_python_service/lib/demo_python_service
[0.710s] Installing face_detection_node script to /home/honhe/learn_ros/Chapter4/Chapter4_ws/install/demo_python_service/lib/demo_python_service
[0.710s] Installing learn_face_detection script to /home/honhe/learn_ros/Chapter4/Chapter4_ws/install/demo_python_service/lib/demo_python_service
[0.710s] writing list of installed files to '/home/honhe/learn_ros/Chapter4/Chapter4_ws/build/demo_python_service/install.log'
[0.728s] Invoked command in '/home/honhe/learn_ros/Chapter4/Chapter4_ws/src/demo_python_service' returned '0': CMAKE_PREFIX_PATH=/home/honhe/learn_ros/Chapter4/Chapter4_ws/install/chapt4_interfaces:/home/honhe/learn_ros/Chapter4/Chapter4_ws/install/demo_cpp_service:/opt/ros/jazzy/opt/gz_math_vendor:/opt/ros/jazzy/opt/gz_utils_vendor:/opt/ros/jazzy/opt/gz_cmake_vendor DEBUGINFOD_URLS=https://debuginfod.ubuntu.com PYTHONPATH=/home/honhe/learn_ros/Chapter4/Chapter4_ws/build/demo_python_service/prefix_override:/usr/lib/python3/dist-packages/colcon_core/task/python/colcon_distutils_commands:/home/honhe/learn_ros/Chapter4/Chapter4_ws/install/demo_python_service/lib/python3.12/site-packages:/home/honhe/learn_ros/Chapter4/Chapter4_ws/install/chapt4_interfaces/lib/python3.12/site-packages:/home/honhe/learn_ros/Chapter4/Chapter4_ws/install/demo_python_service/lib/python3.12/site-packages:/opt/ros/jazzy/lib/python3.12/site-packages VIRTUAL_ENV_PROMPT=(learn_ros_venv) /usr/bin/python3 -W ignore:setup.py install is deprecated -W ignore:easy_install command is deprecated setup.py egg_info --egg-base ../../build/demo_python_service build --build-base /home/honhe/learn_ros/Chapter4/Chapter4_ws/build/demo_python_service/build install --record /home/honhe/learn_ros/Chapter4/Chapter4_ws/build/demo_python_service/install.log --single-version-externally-managed install_data
