[0.044s] DEBUG:colcon:Command line arguments: ['/usr/bin/colcon', 'build']
[0.044s] DEBUG:colcon:Parsed command line arguments: Namespace(log_base=None, log_level=None, verb_name='build', build_base='build', install_base='install', merge_install=False, symlink_install=False, test_result_base=None, continue_on_error=False, executor='parallel', parallel_workers=32, event_handlers=None, ignore_user_meta=False, metas=['./colcon.meta'], base_paths=['.'], packages_ignore=None, packages_ignore_regex=None, paths=None, packages_up_to=None, packages_up_to_regex=None, packages_above=None, packages_above_and_dependencies=None, packages_above_depth=None, packages_select_by_dep=None, packages_skip_by_dep=None, packages_skip_up_to=None, packages_select_build_failed=False, packages_skip_build_finished=False, packages_select_test_failures=False, packages_skip_test_passed=False, packages_select=None, packages_skip=None, packages_select_regex=None, packages_skip_regex=None, packages_start=None, packages_end=None, allow_overriding=[], cmake_args=None, cmake_target=None, cmake_target_skip_unavailable=False, cmake_clean_cache=False, cmake_clean_first=False, cmake_force_configure=False, ament_cmake_args=None, catkin_cmake_args=None, catkin_skip_building_tests=False, verb_parser=<colcon_defaults.argument_parser.defaults.DefaultArgumentsDecorator object at 0x7c080c26d5b0>, verb_extension=<colcon_core.verb.build.BuildVerb object at 0x7c080c26d400>, main=<bound method BuildVerb.main of <colcon_core.verb.build.BuildVerb object at 0x7c080c26d400>>)
[0.061s] Level 1:colcon.colcon_core.package_discovery:discover_packages(colcon_meta) check parameters
[0.061s] Level 1:colcon.colcon_core.package_discovery:discover_packages(recursive) check parameters
[0.061s] Level 1:colcon.colcon_core.package_discovery:discover_packages(ignore) check parameters
[0.061s] Level 1:colcon.colcon_core.package_discovery:discover_packages(path) check parameters
[0.061s] Level 1:colcon.colcon_core.package_discovery:discover_packages(colcon_meta) discover
[0.061s] Level 1:colcon.colcon_core.package_discovery:discover_packages(recursive) discover
[0.061s] INFO:colcon.colcon_core.package_discovery:Crawling recursively for packages in '/home/honhe/learn_ros/Chapter3/topic_ws'
[0.061s] Level 1:colcon.colcon_core.package_identification:_identify(.) by extensions ['ignore', 'ignore_ament_install']
[0.061s] Level 1:colcon.colcon_core.package_identification:_identify(.) by extension 'ignore'
[0.061s] Level 1:colcon.colcon_core.package_identification:_identify(.) by extension 'ignore_ament_install'
[0.061s] Level 1:colcon.colcon_core.package_identification:_identify(.) by extensions ['colcon_pkg']
[0.061s] Level 1:colcon.colcon_core.package_identification:_identify(.) by extension 'colcon_pkg'
[0.061s] Level 1:colcon.colcon_core.package_identification:_identify(.) by extensions ['colcon_meta']
[0.061s] Level 1:colcon.colcon_core.package_identification:_identify(.) by extension 'colcon_meta'
[0.061s] Level 1:colcon.colcon_core.package_identification:_identify(.) by extensions ['ros']
[0.061s] Level 1:colcon.colcon_core.package_identification:_identify(.) by extension 'ros'
[0.073s] Level 1:colcon.colcon_core.package_identification:_identify(.) by extensions ['cmake', 'python']
[0.074s] Level 1:colcon.colcon_core.package_identification:_identify(.) by extension 'cmake'
[0.074s] Level 1:colcon.colcon_core.package_identification:_identify(.) by extension 'python'
[0.074s] Level 1:colcon.colcon_core.package_identification:_identify(.) by extensions ['python_setup_py']
[0.074s] Level 1:colcon.colcon_core.package_identification:_identify(.) by extension 'python_setup_py'
[0.074s] Level 1:colcon.colcon_core.package_identification:_identify(build) by extensions ['ignore', 'ignore_ament_install']
[0.074s] Level 1:colcon.colcon_core.package_identification:_identify(build) by extension 'ignore'
[0.074s] Level 1:colcon.colcon_core.package_identification:_identify(build) ignored
[0.074s] Level 1:colcon.colcon_core.package_identification:_identify(install) by extensions ['ignore', 'ignore_ament_install']
[0.074s] Level 1:colcon.colcon_core.package_identification:_identify(install) by extension 'ignore'
[0.074s] Level 1:colcon.colcon_core.package_identification:_identify(install) ignored
[0.074s] Level 1:colcon.colcon_core.package_identification:_identify(log) by extensions ['ignore', 'ignore_ament_install']
[0.074s] Level 1:colcon.colcon_core.package_identification:_identify(log) by extension 'ignore'
[0.074s] Level 1:colcon.colcon_core.package_identification:_identify(log) ignored
[0.074s] Level 1:colcon.colcon_core.package_identification:_identify(src) by extensions ['ignore', 'ignore_ament_install']
[0.074s] Level 1:colcon.colcon_core.package_identification:_identify(src) by extension 'ignore'
[0.074s] Level 1:colcon.colcon_core.package_identification:_identify(src) by extension 'ignore_ament_install'
[0.074s] Level 1:colcon.colcon_core.package_identification:_identify(src) by extensions ['colcon_pkg']
[0.074s] Level 1:colcon.colcon_core.package_identification:_identify(src) by extension 'colcon_pkg'
[0.074s] Level 1:colcon.colcon_core.package_identification:_identify(src) by extensions ['colcon_meta']
[0.074s] Level 1:colcon.colcon_core.package_identification:_identify(src) by extension 'colcon_meta'
[0.074s] Level 1:colcon.colcon_core.package_identification:_identify(src) by extensions ['ros']
[0.074s] Level 1:colcon.colcon_core.package_identification:_identify(src) by extension 'ros'
[0.074s] Level 1:colcon.colcon_core.package_identification:_identify(src) by extensions ['cmake', 'python']
[0.074s] Level 1:colcon.colcon_core.package_identification:_identify(src) by extension 'cmake'
[0.074s] Level 1:colcon.colcon_core.package_identification:_identify(src) by extension 'python'
[0.074s] Level 1:colcon.colcon_core.package_identification:_identify(src) by extensions ['python_setup_py']
[0.074s] Level 1:colcon.colcon_core.package_identification:_identify(src) by extension 'python_setup_py'
[0.074s] Level 1:colcon.colcon_core.package_identification:_identify(src/demo_python_topic) by extensions ['ignore', 'ignore_ament_install']
[0.074s] Level 1:colcon.colcon_core.package_identification:_identify(src/demo_python_topic) by extension 'ignore'
[0.074s] Level 1:colcon.colcon_core.package_identification:_identify(src/demo_python_topic) by extension 'ignore_ament_install'
[0.074s] Level 1:colcon.colcon_core.package_identification:_identify(src/demo_python_topic) by extensions ['colcon_pkg']
[0.074s] Level 1:colcon.colcon_core.package_identification:_identify(src/demo_python_topic) by extension 'colcon_pkg'
[0.074s] Level 1:colcon.colcon_core.package_identification:_identify(src/demo_python_topic) by extensions ['colcon_meta']
[0.074s] Level 1:colcon.colcon_core.package_identification:_identify(src/demo_python_topic) by extension 'colcon_meta'
[0.074s] Level 1:colcon.colcon_core.package_identification:_identify(src/demo_python_topic) by extensions ['ros']
[0.074s] Level 1:colcon.colcon_core.package_identification:_identify(src/demo_python_topic) by extension 'ros'
[0.076s] DEBUG:colcon.colcon_core.package_identification:Package 'src/demo_python_topic' with type 'ros.ament_python' and name 'demo_python_topic'
[0.076s] Level 1:colcon.colcon_core.package_identification:_identify(src/demo_python_topic_v2) by extensions ['ignore', 'ignore_ament_install']
[0.076s] Level 1:colcon.colcon_core.package_identification:_identify(src/demo_python_topic_v2) by extension 'ignore'
[0.076s] Level 1:colcon.colcon_core.package_identification:_identify(src/demo_python_topic_v2) by extension 'ignore_ament_install'
[0.076s] Level 1:colcon.colcon_core.package_identification:_identify(src/demo_python_topic_v2) by extensions ['colcon_pkg']
[0.076s] Level 1:colcon.colcon_core.package_identification:_identify(src/demo_python_topic_v2) by extension 'colcon_pkg'
[0.076s] Level 1:colcon.colcon_core.package_identification:_identify(src/demo_python_topic_v2) by extensions ['colcon_meta']
[0.076s] Level 1:colcon.colcon_core.package_identification:_identify(src/demo_python_topic_v2) by extension 'colcon_meta'
[0.076s] Level 1:colcon.colcon_core.package_identification:_identify(src/demo_python_topic_v2) by extensions ['ros']
[0.076s] Level 1:colcon.colcon_core.package_identification:_identify(src/demo_python_topic_v2) by extension 'ros'
[0.076s] DEBUG:colcon.colcon_core.package_identification:Package 'src/demo_python_topic_v2' with type 'ros.ament_python' and name 'demo_python_topic_v2'
[0.076s] Level 1:colcon.colcon_core.package_discovery:discover_packages(recursive) using defaults
[0.076s] Level 1:colcon.colcon_core.package_discovery:discover_packages(ignore) discover
[0.076s] Level 1:colcon.colcon_core.package_discovery:discover_packages(ignore) using defaults
[0.076s] Level 1:colcon.colcon_core.package_discovery:discover_packages(path) discover
[0.076s] Level 1:colcon.colcon_core.package_discovery:discover_packages(path) using defaults
[0.085s] Level 1:colcon.colcon_core.package_discovery:discover_packages(prefix_path) check parameters
[0.085s] Level 1:colcon.colcon_core.package_discovery:discover_packages(prefix_path) discover
[0.085s] DEBUG:colcon.colcon_installed_package_information.package_discovery:Found 2 installed packages in /home/honhe/learn_ros/Chapter3/topic_ws/install
[0.086s] DEBUG:colcon.colcon_installed_package_information.package_discovery:Found 285 installed packages in /opt/ros/jazzy
[0.086s] Level 1:colcon.colcon_core.package_discovery:discover_packages(prefix_path) using defaults
[0.103s] Level 5:colcon.colcon_core.verb:set package 'demo_python_topic' build argument 'cmake_args' from command line to 'None'
[0.103s] Level 5:colcon.colcon_core.verb:set package 'demo_python_topic' build argument 'cmake_target' from command line to 'None'
[0.103s] Level 5:colcon.colcon_core.verb:set package 'demo_python_topic' build argument 'cmake_target_skip_unavailable' from command line to 'False'
[0.103s] Level 5:colcon.colcon_core.verb:set package 'demo_python_topic' build argument 'cmake_clean_cache' from command line to 'False'
[0.103s] Level 5:colcon.colcon_core.verb:set package 'demo_python_topic' build argument 'cmake_clean_first' from command line to 'False'
[0.103s] Level 5:colcon.colcon_core.verb:set package 'demo_python_topic' build argument 'cmake_force_configure' from command line to 'False'
[0.103s] Level 5:colcon.colcon_core.verb:set package 'demo_python_topic' build argument 'ament_cmake_args' from command line to 'None'
[0.103s] Level 5:colcon.colcon_core.verb:set package 'demo_python_topic' build argument 'catkin_cmake_args' from command line to 'None'
[0.103s] Level 5:colcon.colcon_core.verb:set package 'demo_python_topic' build argument 'catkin_skip_building_tests' from command line to 'False'
[0.103s] DEBUG:colcon.colcon_core.verb:Building package 'demo_python_topic' with the following arguments: {'ament_cmake_args': None, 'build_base': '/home/honhe/learn_ros/Chapter3/topic_ws/build/demo_python_topic', 'catkin_cmake_args': None, 'catkin_skip_building_tests': False, 'cmake_args': None, 'cmake_clean_cache': False, 'cmake_clean_first': False, 'cmake_force_configure': False, 'cmake_target': None, 'cmake_target_skip_unavailable': False, 'install_base': '/home/honhe/learn_ros/Chapter3/topic_ws/install/demo_python_topic', 'merge_install': False, 'path': '/home/honhe/learn_ros/Chapter3/topic_ws/src/demo_python_topic', 'symlink_install': False, 'test_result_base': None}
[0.103s] Level 5:colcon.colcon_core.verb:set package 'demo_python_topic_v2' build argument 'cmake_args' from command line to 'None'
[0.103s] Level 5:colcon.colcon_core.verb:set package 'demo_python_topic_v2' build argument 'cmake_target' from command line to 'None'
[0.103s] Level 5:colcon.colcon_core.verb:set package 'demo_python_topic_v2' build argument 'cmake_target_skip_unavailable' from command line to 'False'
[0.103s] Level 5:colcon.colcon_core.verb:set package 'demo_python_topic_v2' build argument 'cmake_clean_cache' from command line to 'False'
[0.103s] Level 5:colcon.colcon_core.verb:set package 'demo_python_topic_v2' build argument 'cmake_clean_first' from command line to 'False'
[0.103s] Level 5:colcon.colcon_core.verb:set package 'demo_python_topic_v2' build argument 'cmake_force_configure' from command line to 'False'
[0.103s] Level 5:colcon.colcon_core.verb:set package 'demo_python_topic_v2' build argument 'ament_cmake_args' from command line to 'None'
[0.103s] Level 5:colcon.colcon_core.verb:set package 'demo_python_topic_v2' build argument 'catkin_cmake_args' from command line to 'None'
[0.103s] Level 5:colcon.colcon_core.verb:set package 'demo_python_topic_v2' build argument 'catkin_skip_building_tests' from command line to 'False'
[0.103s] DEBUG:colcon.colcon_core.verb:Building package 'demo_python_topic_v2' with the following arguments: {'ament_cmake_args': None, 'build_base': '/home/honhe/learn_ros/Chapter3/topic_ws/build/demo_python_topic_v2', 'catkin_cmake_args': None, 'catkin_skip_building_tests': False, 'cmake_args': None, 'cmake_clean_cache': False, 'cmake_clean_first': False, 'cmake_force_configure': False, 'cmake_target': None, 'cmake_target_skip_unavailable': False, 'install_base': '/home/honhe/learn_ros/Chapter3/topic_ws/install/demo_python_topic_v2', 'merge_install': False, 'path': '/home/honhe/learn_ros/Chapter3/topic_ws/src/demo_python_topic_v2', 'symlink_install': False, 'test_result_base': None}
[0.103s] INFO:colcon.colcon_core.executor:Executing jobs using 'parallel' executor
[0.104s] DEBUG:colcon.colcon_parallel_executor.executor.parallel:run_until_complete
[0.104s] INFO:colcon.colcon_ros.task.ament_python.build:Building ROS package in '/home/honhe/learn_ros/Chapter3/topic_ws/src/demo_python_topic' with build type 'ament_python'
[0.104s] Level 1:colcon.colcon_core.shell:create_environment_hook('demo_python_topic', 'ament_prefix_path')
[0.105s] INFO:colcon.colcon_core.plugin_system:Skipping extension 'colcon_core.shell.bat': Not used on non-Windows systems
[0.105s] INFO:colcon.colcon_core.shell:Creating environment hook '/home/honhe/learn_ros/Chapter3/topic_ws/install/demo_python_topic/share/demo_python_topic/hook/ament_prefix_path.ps1'
[0.105s] INFO:colcon.colcon_core.shell:Creating environment descriptor '/home/honhe/learn_ros/Chapter3/topic_ws/install/demo_python_topic/share/demo_python_topic/hook/ament_prefix_path.dsv'
[0.106s] INFO:colcon.colcon_core.shell:Creating environment hook '/home/honhe/learn_ros/Chapter3/topic_ws/install/demo_python_topic/share/demo_python_topic/hook/ament_prefix_path.sh'
[0.106s] INFO:colcon.colcon_core.shell:Skip shell extension 'powershell' for command environment: Not usable outside of PowerShell
[0.106s] DEBUG:colcon.colcon_core.shell:Skip shell extension 'dsv' for command environment
[0.107s] INFO:colcon.colcon_ros.task.ament_python.build:Building ROS package in '/home/honhe/learn_ros/Chapter3/topic_ws/src/demo_python_topic_v2' with build type 'ament_python'
[0.107s] Level 1:colcon.colcon_core.shell:create_environment_hook('demo_python_topic_v2', 'ament_prefix_path')
[0.108s] INFO:colcon.colcon_core.shell:Creating environment hook '/home/honhe/learn_ros/Chapter3/topic_ws/install/demo_python_topic_v2/share/demo_python_topic_v2/hook/ament_prefix_path.ps1'
[0.108s] INFO:colcon.colcon_core.shell:Creating environment descriptor '/home/honhe/learn_ros/Chapter3/topic_ws/install/demo_python_topic_v2/share/demo_python_topic_v2/hook/ament_prefix_path.dsv'
[0.108s] INFO:colcon.colcon_core.shell:Creating environment hook '/home/honhe/learn_ros/Chapter3/topic_ws/install/demo_python_topic_v2/share/demo_python_topic_v2/hook/ament_prefix_path.sh'
[0.108s] INFO:colcon.colcon_core.shell:Skip shell extension 'powershell' for command environment: Not usable outside of PowerShell
[0.108s] DEBUG:colcon.colcon_core.shell:Skip shell extension 'dsv' for command environment
[0.202s] INFO:colcon.colcon_core.task.python.build:Building Python package in '/home/honhe/learn_ros/Chapter3/topic_ws/src/demo_python_topic'
[0.202s] INFO:colcon.colcon_core.shell:Skip shell extension 'powershell' for command environment: Not usable outside of PowerShell
[0.202s] DEBUG:colcon.colcon_core.shell:Skip shell extension 'dsv' for command environment
[0.303s] INFO:colcon.colcon_core.task.python.build:Building Python package in '/home/honhe/learn_ros/Chapter3/topic_ws/src/demo_python_topic_v2'
[0.303s] INFO:colcon.colcon_core.shell:Skip shell extension 'powershell' for command environment: Not usable outside of PowerShell
[0.303s] DEBUG:colcon.colcon_core.shell:Skip shell extension 'dsv' for command environment
[0.556s] DEBUG:colcon.colcon_core.event_handler.log_command:Invoking command in '/home/honhe/learn_ros/Chapter3/topic_ws/src/demo_python_topic': DEBUGINFOD_URLS=https://debuginfod.ubuntu.com PYTHONPATH=/home/honhe/learn_ros/Chapter3/topic_ws/build/demo_python_topic/prefix_override:/usr/lib/python3/dist-packages/colcon_core/task/python/colcon_distutils_commands:/home/honhe/learn_ros/Chapter3/topic_ws/install/demo_python_topic/lib/python3.12/site-packages:${PYTHONPATH} VIRTUAL_ENV_PROMPT=(learn_ros_venv) /usr/bin/python3 -W ignore:setup.py install is deprecated -W ignore:easy_install command is deprecated setup.py egg_info --egg-base ../../build/demo_python_topic build --build-base /home/honhe/learn_ros/Chapter3/topic_ws/build/demo_python_topic/build install --record /home/honhe/learn_ros/Chapter3/topic_ws/build/demo_python_topic/install.log --single-version-externally-managed install_data
[0.558s] DEBUG:colcon.colcon_core.event_handler.log_command:Invoking command in '/home/honhe/learn_ros/Chapter3/topic_ws/src/demo_python_topic_v2': DEBUGINFOD_URLS=https://debuginfod.ubuntu.com PYTHONPATH=/home/honhe/learn_ros/Chapter3/topic_ws/build/demo_python_topic_v2/prefix_override:/usr/lib/python3/dist-packages/colcon_core/task/python/colcon_distutils_commands:/home/honhe/learn_ros/Chapter3/topic_ws/install/demo_python_topic_v2/lib/python3.12/site-packages:${PYTHONPATH} VIRTUAL_ENV_PROMPT=(learn_ros_venv) /usr/bin/python3 -W ignore:setup.py install is deprecated -W ignore:easy_install command is deprecated setup.py egg_info --egg-base ../../build/demo_python_topic_v2 build --build-base /home/honhe/learn_ros/Chapter3/topic_ws/build/demo_python_topic_v2/build install --record /home/honhe/learn_ros/Chapter3/topic_ws/build/demo_python_topic_v2/install.log --single-version-externally-managed install_data
[0.790s] DEBUG:colcon.colcon_core.event_handler.log_command:Invoked command in '/home/honhe/learn_ros/Chapter3/topic_ws/src/demo_python_topic_v2' returned '0': DEBUGINFOD_URLS=https://debuginfod.ubuntu.com PYTHONPATH=/home/honhe/learn_ros/Chapter3/topic_ws/build/demo_python_topic_v2/prefix_override:/usr/lib/python3/dist-packages/colcon_core/task/python/colcon_distutils_commands:/home/honhe/learn_ros/Chapter3/topic_ws/install/demo_python_topic_v2/lib/python3.12/site-packages:${PYTHONPATH} VIRTUAL_ENV_PROMPT=(learn_ros_venv) /usr/bin/python3 -W ignore:setup.py install is deprecated -W ignore:easy_install command is deprecated setup.py egg_info --egg-base ../../build/demo_python_topic_v2 build --build-base /home/honhe/learn_ros/Chapter3/topic_ws/build/demo_python_topic_v2/build install --record /home/honhe/learn_ros/Chapter3/topic_ws/build/demo_python_topic_v2/install.log --single-version-externally-managed install_data
[0.791s] Level 1:colcon.colcon_core.environment:checking '/home/honhe/learn_ros/Chapter3/topic_ws/install/demo_python_topic_v2' for CMake module files
[0.792s] Level 1:colcon.colcon_core.environment:checking '/home/honhe/learn_ros/Chapter3/topic_ws/install/demo_python_topic_v2' for CMake config files
[0.792s] Level 1:colcon.colcon_core.environment:checking '/home/honhe/learn_ros/Chapter3/topic_ws/install/demo_python_topic_v2/lib'
[0.792s] Level 1:colcon.colcon_core.environment:checking '/home/honhe/learn_ros/Chapter3/topic_ws/install/demo_python_topic_v2/bin'
[0.792s] Level 1:colcon.colcon_core.environment:checking '/home/honhe/learn_ros/Chapter3/topic_ws/install/demo_python_topic_v2/lib/pkgconfig/demo_python_topic_v2.pc'
[0.793s] Level 1:colcon.colcon_core.environment:checking '/home/honhe/learn_ros/Chapter3/topic_ws/install/demo_python_topic_v2/lib/python3.12/site-packages'
[0.793s] Level 1:colcon.colcon_core.shell:create_environment_hook('demo_python_topic_v2', 'pythonpath')
[0.793s] INFO:colcon.colcon_core.shell:Creating environment hook '/home/honhe/learn_ros/Chapter3/topic_ws/install/demo_python_topic_v2/share/demo_python_topic_v2/hook/pythonpath.ps1'
[0.793s] INFO:colcon.colcon_core.shell:Creating environment descriptor '/home/honhe/learn_ros/Chapter3/topic_ws/install/demo_python_topic_v2/share/demo_python_topic_v2/hook/pythonpath.dsv'
[0.793s] INFO:colcon.colcon_core.shell:Creating environment hook '/home/honhe/learn_ros/Chapter3/topic_ws/install/demo_python_topic_v2/share/demo_python_topic_v2/hook/pythonpath.sh'
[0.794s] Level 1:colcon.colcon_core.environment:checking '/home/honhe/learn_ros/Chapter3/topic_ws/install/demo_python_topic_v2/bin'
[0.794s] Level 1:colcon.colcon_core.environment:create_environment_scripts_only(demo_python_topic_v2)
[0.794s] INFO:colcon.colcon_core.shell:Creating package script '/home/honhe/learn_ros/Chapter3/topic_ws/install/demo_python_topic_v2/share/demo_python_topic_v2/package.ps1'
[0.795s] INFO:colcon.colcon_core.shell:Creating package descriptor '/home/honhe/learn_ros/Chapter3/topic_ws/install/demo_python_topic_v2/share/demo_python_topic_v2/package.dsv'
[0.795s] INFO:colcon.colcon_core.shell:Creating package script '/home/honhe/learn_ros/Chapter3/topic_ws/install/demo_python_topic_v2/share/demo_python_topic_v2/package.sh'
[0.795s] INFO:colcon.colcon_core.shell:Creating package script '/home/honhe/learn_ros/Chapter3/topic_ws/install/demo_python_topic_v2/share/demo_python_topic_v2/package.bash'
[0.796s] INFO:colcon.colcon_core.shell:Creating package script '/home/honhe/learn_ros/Chapter3/topic_ws/install/demo_python_topic_v2/share/demo_python_topic_v2/package.zsh'
[0.796s] Level 1:colcon.colcon_core.environment:create_file_with_runtime_dependencies(/home/honhe/learn_ros/Chapter3/topic_ws/install/demo_python_topic_v2/share/colcon-core/packages/demo_python_topic_v2)
[0.797s] Level 1:colcon.colcon_core.environment:checking '/home/honhe/learn_ros/Chapter3/topic_ws/install/demo_python_topic' for CMake module files
[0.797s] DEBUG:colcon.colcon_core.event_handler.log_command:Invoked command in '/home/honhe/learn_ros/Chapter3/topic_ws/src/demo_python_topic' returned '0': DEBUGINFOD_URLS=https://debuginfod.ubuntu.com PYTHONPATH=/home/honhe/learn_ros/Chapter3/topic_ws/build/demo_python_topic/prefix_override:/usr/lib/python3/dist-packages/colcon_core/task/python/colcon_distutils_commands:/home/honhe/learn_ros/Chapter3/topic_ws/install/demo_python_topic/lib/python3.12/site-packages:${PYTHONPATH} VIRTUAL_ENV_PROMPT=(learn_ros_venv) /usr/bin/python3 -W ignore:setup.py install is deprecated -W ignore:easy_install command is deprecated setup.py egg_info --egg-base ../../build/demo_python_topic build --build-base /home/honhe/learn_ros/Chapter3/topic_ws/build/demo_python_topic/build install --record /home/honhe/learn_ros/Chapter3/topic_ws/build/demo_python_topic/install.log --single-version-externally-managed install_data
[0.798s] Level 1:colcon.colcon_core.environment:checking '/home/honhe/learn_ros/Chapter3/topic_ws/install/demo_python_topic' for CMake config files
[0.798s] Level 1:colcon.colcon_core.environment:checking '/home/honhe/learn_ros/Chapter3/topic_ws/install/demo_python_topic/lib'
[0.798s] Level 1:colcon.colcon_core.environment:checking '/home/honhe/learn_ros/Chapter3/topic_ws/install/demo_python_topic/bin'
[0.798s] Level 1:colcon.colcon_core.environment:checking '/home/honhe/learn_ros/Chapter3/topic_ws/install/demo_python_topic/lib/pkgconfig/demo_python_topic.pc'
[0.798s] Level 1:colcon.colcon_core.environment:checking '/home/honhe/learn_ros/Chapter3/topic_ws/install/demo_python_topic/lib/python3.12/site-packages'
[0.798s] Level 1:colcon.colcon_core.shell:create_environment_hook('demo_python_topic', 'pythonpath')
[0.798s] INFO:colcon.colcon_core.shell:Creating environment hook '/home/honhe/learn_ros/Chapter3/topic_ws/install/demo_python_topic/share/demo_python_topic/hook/pythonpath.ps1'
[0.799s] INFO:colcon.colcon_core.shell:Creating environment descriptor '/home/honhe/learn_ros/Chapter3/topic_ws/install/demo_python_topic/share/demo_python_topic/hook/pythonpath.dsv'
[0.799s] INFO:colcon.colcon_core.shell:Creating environment hook '/home/honhe/learn_ros/Chapter3/topic_ws/install/demo_python_topic/share/demo_python_topic/hook/pythonpath.sh'
[0.799s] Level 1:colcon.colcon_core.environment:checking '/home/honhe/learn_ros/Chapter3/topic_ws/install/demo_python_topic/bin'
[0.799s] Level 1:colcon.colcon_core.environment:create_environment_scripts_only(demo_python_topic)
[0.800s] INFO:colcon.colcon_core.shell:Creating package script '/home/honhe/learn_ros/Chapter3/topic_ws/install/demo_python_topic/share/demo_python_topic/package.ps1'
[0.800s] INFO:colcon.colcon_core.shell:Creating package descriptor '/home/honhe/learn_ros/Chapter3/topic_ws/install/demo_python_topic/share/demo_python_topic/package.dsv'
[0.800s] INFO:colcon.colcon_core.shell:Creating package script '/home/honhe/learn_ros/Chapter3/topic_ws/install/demo_python_topic/share/demo_python_topic/package.sh'
[0.800s] INFO:colcon.colcon_core.shell:Creating package script '/home/honhe/learn_ros/Chapter3/topic_ws/install/demo_python_topic/share/demo_python_topic/package.bash'
[0.801s] INFO:colcon.colcon_core.shell:Creating package script '/home/honhe/learn_ros/Chapter3/topic_ws/install/demo_python_topic/share/demo_python_topic/package.zsh'
[0.801s] Level 1:colcon.colcon_core.environment:create_file_with_runtime_dependencies(/home/honhe/learn_ros/Chapter3/topic_ws/install/demo_python_topic/share/colcon-core/packages/demo_python_topic)
[0.801s] DEBUG:colcon.colcon_parallel_executor.executor.parallel:closing loop
[0.801s] DEBUG:colcon.colcon_parallel_executor.executor.parallel:loop closed
[0.801s] DEBUG:colcon.colcon_parallel_executor.executor.parallel:run_until_complete finished with '0'
[0.801s] DEBUG:colcon.colcon_core.event_reactor:joining thread
[0.804s] INFO:colcon.colcon_core.plugin_system:Skipping extension 'colcon_notification.desktop_notification.terminal_notifier': Not used on non-Darwin systems
[0.804s] INFO:colcon.colcon_core.plugin_system:Skipping extension 'colcon_notification.desktop_notification.win32': Not used on non-Windows systems
[0.804s] INFO:colcon.colcon_notification.desktop_notification:Sending desktop notification using 'notify2'
[0.815s] DEBUG:colcon.colcon_core.event_reactor:joined thread
[0.816s] INFO:colcon.colcon_core.shell:Creating prefix script '/home/honhe/learn_ros/Chapter3/topic_ws/install/local_setup.ps1'
[0.816s] INFO:colcon.colcon_core.shell:Creating prefix util module '/home/honhe/learn_ros/Chapter3/topic_ws/install/_local_setup_util_ps1.py'
[0.817s] INFO:colcon.colcon_core.shell:Creating prefix chain script '/home/honhe/learn_ros/Chapter3/topic_ws/install/setup.ps1'
[0.817s] INFO:colcon.colcon_core.shell:Creating prefix script '/home/honhe/learn_ros/Chapter3/topic_ws/install/local_setup.sh'
[0.818s] INFO:colcon.colcon_core.shell:Creating prefix util module '/home/honhe/learn_ros/Chapter3/topic_ws/install/_local_setup_util_sh.py'
[0.818s] INFO:colcon.colcon_core.shell:Creating prefix chain script '/home/honhe/learn_ros/Chapter3/topic_ws/install/setup.sh'
[0.819s] INFO:colcon.colcon_core.shell:Creating prefix script '/home/honhe/learn_ros/Chapter3/topic_ws/install/local_setup.bash'
[0.819s] INFO:colcon.colcon_core.shell:Creating prefix chain script '/home/honhe/learn_ros/Chapter3/topic_ws/install/setup.bash'
[0.819s] INFO:colcon.colcon_core.shell:Creating prefix script '/home/honhe/learn_ros/Chapter3/topic_ws/install/local_setup.zsh'
[0.819s] INFO:colcon.colcon_core.shell:Creating prefix chain script '/home/honhe/learn_ros/Chapter3/topic_ws/install/setup.zsh'
