[0.829s] Invoking command in '/home/honhe/learn_ros/Chapter7/chapt7_ws/src/fishbot_application': DEBUGINFOD_URLS=https://debuginfod.ubuntu.com PYTHONPATH=/home/honhe/learn_ros/Chapter7/chapt7_ws/build/fishbot_application/prefix_override:/usr/lib/python3/dist-packages/colcon_core/task/python/colcon_distutils_commands:/home/honhe/learn_ros/Chapter7/chapt7_ws/install/fishbot_application/lib/python3.12/site-packages:${PYTHONPATH} VIRTUAL_ENV_PROMPT=(learn_ros_venv) /usr/bin/python3 -W ignore:setup.py install is deprecated -W ignore:easy_install command is deprecated setup.py egg_info --egg-base ../../build/fishbot_application build --build-base /home/honhe/learn_ros/Chapter7/chapt7_ws/build/fishbot_application/build install --record /home/honhe/learn_ros/Chapter7/chapt7_ws/build/fishbot_application/install.log --single-version-externally-managed install_data
[0.997s] running egg_info
[1.010s] writing ../../build/fishbot_application/fishbot_application.egg-info/PKG-INFO
[1.010s] writing dependency_links to ../../build/fishbot_application/fishbot_application.egg-info/dependency_links.txt
[1.011s] writing entry points to ../../build/fishbot_application/fishbot_application.egg-info/entry_points.txt
[1.011s] writing requirements to ../../build/fishbot_application/fishbot_application.egg-info/requires.txt
[1.011s] writing top-level names to ../../build/fishbot_application/fishbot_application.egg-info/top_level.txt
[1.032s] reading manifest file '../../build/fishbot_application/fishbot_application.egg-info/SOURCES.txt'
[1.032s] adding license file 'LICENSE'
[1.032s] writing manifest file '../../build/fishbot_application/fishbot_application.egg-info/SOURCES.txt'
[1.032s] running build
[1.032s] running build_py
[1.033s] running install
[1.039s] running install_lib
[1.050s] running install_data
[1.050s] running install_egg_info
[1.065s] removing '/home/honhe/learn_ros/Chapter7/chapt7_ws/install/fishbot_application/lib/python3.12/site-packages/fishbot_application-0.0.0-py3.12.egg-info' (and everything under it)
[1.065s] Copying ../../build/fishbot_application/fishbot_application.egg-info to /home/honhe/learn_ros/Chapter7/chapt7_ws/install/fishbot_application/lib/python3.12/site-packages/fishbot_application-0.0.0-py3.12.egg-info
[1.066s] running install_scripts
[1.148s] Installing fishbot_get_pose script to /home/honhe/learn_ros/Chapter7/chapt7_ws/install/fishbot_application/lib/fishbot_application
[1.148s] Installing fishbot_init_pose script to /home/honhe/learn_ros/Chapter7/chapt7_ws/install/fishbot_application/lib/fishbot_application
[1.148s] Installing nav_to_pose script to /home/honhe/learn_ros/Chapter7/chapt7_ws/install/fishbot_application/lib/fishbot_application
[1.149s] Installing waypoint_follower script to /home/honhe/learn_ros/Chapter7/chapt7_ws/install/fishbot_application/lib/fishbot_application
[1.149s] writing list of installed files to '/home/honhe/learn_ros/Chapter7/chapt7_ws/build/fishbot_application/install.log'
[1.167s] Invoked command in '/home/honhe/learn_ros/Chapter7/chapt7_ws/src/fishbot_application' returned '0': DEBUGINFOD_URLS=https://debuginfod.ubuntu.com PYTHONPATH=/home/honhe/learn_ros/Chapter7/chapt7_ws/build/fishbot_application/prefix_override:/usr/lib/python3/dist-packages/colcon_core/task/python/colcon_distutils_commands:/home/honhe/learn_ros/Chapter7/chapt7_ws/install/fishbot_application/lib/python3.12/site-packages:${PYTHONPATH} VIRTUAL_ENV_PROMPT=(learn_ros_venv) /usr/bin/python3 -W ignore:setup.py install is deprecated -W ignore:easy_install command is deprecated setup.py egg_info --egg-base ../../build/fishbot_application build --build-base /home/honhe/learn_ros/Chapter7/chapt7_ws/build/fishbot_application/build install --record /home/honhe/learn_ros/Chapter7/chapt7_ws/build/fishbot_application/install.log --single-version-externally-managed install_data
