[0.047s] DEBUG:colcon:Command line arguments: ['/usr/bin/colcon', 'build']
[0.047s] DEBUG:colcon:Parsed command line arguments: Namespace(log_base=None, log_level=None, verb_name='build', build_base='build', install_base='install', merge_install=False, symlink_install=False, test_result_base=None, continue_on_error=False, executor='parallel', parallel_workers=32, event_handlers=None, ignore_user_meta=False, metas=['./colcon.meta'], base_paths=['.'], packages_ignore=None, packages_ignore_regex=None, paths=None, packages_up_to=None, packages_up_to_regex=None, packages_above=None, packages_above_and_dependencies=None, packages_above_depth=None, packages_select_by_dep=None, packages_skip_by_dep=None, packages_skip_up_to=None, packages_select_build_failed=False, packages_skip_build_finished=False, packages_select_test_failures=False, packages_skip_test_passed=False, packages_select=None, packages_skip=None, packages_select_regex=None, packages_skip_regex=None, packages_start=None, packages_end=None, allow_overriding=[], cmake_args=None, cmake_target=None, cmake_target_skip_unavailable=False, cmake_clean_cache=False, cmake_clean_first=False, cmake_force_configure=False, ament_cmake_args=None, catkin_cmake_args=None, catkin_skip_building_tests=False, verb_parser=<colcon_defaults.argument_parser.defaults.DefaultArgumentsDecorator object at 0x78e05ea7d460>, verb_extension=<colcon_core.verb.build.BuildVerb object at 0x78e05ea7d340>, main=<bound method BuildVerb.main of <colcon_core.verb.build.BuildVerb object at 0x78e05ea7d340>>)
[0.065s] Level 1:colcon.colcon_core.package_discovery:discover_packages(colcon_meta) check parameters
[0.065s] Level 1:colcon.colcon_core.package_discovery:discover_packages(recursive) check parameters
[0.065s] Level 1:colcon.colcon_core.package_discovery:discover_packages(ignore) check parameters
[0.065s] Level 1:colcon.colcon_core.package_discovery:discover_packages(path) check parameters
[0.065s] Level 1:colcon.colcon_core.package_discovery:discover_packages(colcon_meta) discover
[0.065s] Level 1:colcon.colcon_core.package_discovery:discover_packages(recursive) discover
[0.065s] INFO:colcon.colcon_core.package_discovery:Crawling recursively for packages in '/home/honhe/learn_ros/Chapter4/Chapter4_ws'
[0.065s] Level 1:colcon.colcon_core.package_identification:_identify(.) by extensions ['ignore', 'ignore_ament_install']
[0.065s] Level 1:colcon.colcon_core.package_identification:_identify(.) by extension 'ignore'
[0.065s] Level 1:colcon.colcon_core.package_identification:_identify(.) by extension 'ignore_ament_install'
[0.065s] Level 1:colcon.colcon_core.package_identification:_identify(.) by extensions ['colcon_pkg']
[0.065s] Level 1:colcon.colcon_core.package_identification:_identify(.) by extension 'colcon_pkg'
[0.065s] Level 1:colcon.colcon_core.package_identification:_identify(.) by extensions ['colcon_meta']
[0.065s] Level 1:colcon.colcon_core.package_identification:_identify(.) by extension 'colcon_meta'
[0.065s] Level 1:colcon.colcon_core.package_identification:_identify(.) by extensions ['ros']
[0.065s] Level 1:colcon.colcon_core.package_identification:_identify(.) by extension 'ros'
[0.078s] Level 1:colcon.colcon_core.package_identification:_identify(.) by extensions ['cmake', 'python']
[0.078s] Level 1:colcon.colcon_core.package_identification:_identify(.) by extension 'cmake'
[0.078s] Level 1:colcon.colcon_core.package_identification:_identify(.) by extension 'python'
[0.078s] Level 1:colcon.colcon_core.package_identification:_identify(.) by extensions ['python_setup_py']
[0.078s] Level 1:colcon.colcon_core.package_identification:_identify(.) by extension 'python_setup_py'
[0.078s] Level 1:colcon.colcon_core.package_identification:_identify(build) by extensions ['ignore', 'ignore_ament_install']
[0.078s] Level 1:colcon.colcon_core.package_identification:_identify(build) by extension 'ignore'
[0.078s] Level 1:colcon.colcon_core.package_identification:_identify(build) ignored
[0.078s] Level 1:colcon.colcon_core.package_identification:_identify(install) by extensions ['ignore', 'ignore_ament_install']
[0.078s] Level 1:colcon.colcon_core.package_identification:_identify(install) by extension 'ignore'
[0.078s] Level 1:colcon.colcon_core.package_identification:_identify(install) ignored
[0.078s] Level 1:colcon.colcon_core.package_identification:_identify(log) by extensions ['ignore', 'ignore_ament_install']
[0.078s] Level 1:colcon.colcon_core.package_identification:_identify(log) by extension 'ignore'
[0.078s] Level 1:colcon.colcon_core.package_identification:_identify(log) ignored
[0.078s] Level 1:colcon.colcon_core.package_identification:_identify(src) by extensions ['ignore', 'ignore_ament_install']
[0.078s] Level 1:colcon.colcon_core.package_identification:_identify(src) by extension 'ignore'
[0.078s] Level 1:colcon.colcon_core.package_identification:_identify(src) by extension 'ignore_ament_install'
[0.078s] Level 1:colcon.colcon_core.package_identification:_identify(src) by extensions ['colcon_pkg']
[0.078s] Level 1:colcon.colcon_core.package_identification:_identify(src) by extension 'colcon_pkg'
[0.079s] Level 1:colcon.colcon_core.package_identification:_identify(src) by extensions ['colcon_meta']
[0.079s] Level 1:colcon.colcon_core.package_identification:_identify(src) by extension 'colcon_meta'
[0.079s] Level 1:colcon.colcon_core.package_identification:_identify(src) by extensions ['ros']
[0.079s] Level 1:colcon.colcon_core.package_identification:_identify(src) by extension 'ros'
[0.079s] Level 1:colcon.colcon_core.package_identification:_identify(src) by extensions ['cmake', 'python']
[0.079s] Level 1:colcon.colcon_core.package_identification:_identify(src) by extension 'cmake'
[0.079s] Level 1:colcon.colcon_core.package_identification:_identify(src) by extension 'python'
[0.079s] Level 1:colcon.colcon_core.package_identification:_identify(src) by extensions ['python_setup_py']
[0.079s] Level 1:colcon.colcon_core.package_identification:_identify(src) by extension 'python_setup_py'
[0.079s] Level 1:colcon.colcon_core.package_identification:_identify(src/chapt4_interfaces) by extensions ['ignore', 'ignore_ament_install']
[0.079s] Level 1:colcon.colcon_core.package_identification:_identify(src/chapt4_interfaces) by extension 'ignore'
[0.079s] Level 1:colcon.colcon_core.package_identification:_identify(src/chapt4_interfaces) by extension 'ignore_ament_install'
[0.079s] Level 1:colcon.colcon_core.package_identification:_identify(src/chapt4_interfaces) by extensions ['colcon_pkg']
[0.079s] Level 1:colcon.colcon_core.package_identification:_identify(src/chapt4_interfaces) by extension 'colcon_pkg'
[0.079s] Level 1:colcon.colcon_core.package_identification:_identify(src/chapt4_interfaces) by extensions ['colcon_meta']
[0.079s] Level 1:colcon.colcon_core.package_identification:_identify(src/chapt4_interfaces) by extension 'colcon_meta'
[0.079s] Level 1:colcon.colcon_core.package_identification:_identify(src/chapt4_interfaces) by extensions ['ros']
[0.079s] Level 1:colcon.colcon_core.package_identification:_identify(src/chapt4_interfaces) by extension 'ros'
[0.080s] DEBUG:colcon.colcon_core.package_identification:Package 'src/chapt4_interfaces' with type 'ros.ament_cmake' and name 'chapt4_interfaces'
[0.080s] Level 1:colcon.colcon_core.package_identification:_identify(src/demo_python_service) by extensions ['ignore', 'ignore_ament_install']
[0.081s] Level 1:colcon.colcon_core.package_identification:_identify(src/demo_python_service) by extension 'ignore'
[0.081s] Level 1:colcon.colcon_core.package_identification:_identify(src/demo_python_service) by extension 'ignore_ament_install'
[0.081s] Level 1:colcon.colcon_core.package_identification:_identify(src/demo_python_service) by extensions ['colcon_pkg']
[0.081s] Level 1:colcon.colcon_core.package_identification:_identify(src/demo_python_service) by extension 'colcon_pkg'
[0.081s] Level 1:colcon.colcon_core.package_identification:_identify(src/demo_python_service) by extensions ['colcon_meta']
[0.081s] Level 1:colcon.colcon_core.package_identification:_identify(src/demo_python_service) by extension 'colcon_meta'
[0.081s] Level 1:colcon.colcon_core.package_identification:_identify(src/demo_python_service) by extensions ['ros']
[0.081s] Level 1:colcon.colcon_core.package_identification:_identify(src/demo_python_service) by extension 'ros'
[0.081s] DEBUG:colcon.colcon_core.package_identification:Package 'src/demo_python_service' with type 'ros.ament_python' and name 'demo_python_service'
[0.081s] Level 1:colcon.colcon_core.package_discovery:discover_packages(recursive) using defaults
[0.081s] Level 1:colcon.colcon_core.package_discovery:discover_packages(ignore) discover
[0.081s] Level 1:colcon.colcon_core.package_discovery:discover_packages(ignore) using defaults
[0.081s] Level 1:colcon.colcon_core.package_discovery:discover_packages(path) discover
[0.081s] Level 1:colcon.colcon_core.package_discovery:discover_packages(path) using defaults
[0.090s] Level 1:colcon.colcon_core.package_discovery:discover_packages(prefix_path) check parameters
[0.090s] Level 1:colcon.colcon_core.package_discovery:discover_packages(prefix_path) discover
[0.090s] DEBUG:colcon.colcon_installed_package_information.package_discovery:Found 2 installed packages in /home/honhe/learn_ros/Chapter4/Chapter4_ws/install
[0.091s] DEBUG:colcon.colcon_installed_package_information.package_discovery:Found 285 installed packages in /opt/ros/jazzy
[0.091s] Level 1:colcon.colcon_core.package_discovery:discover_packages(prefix_path) using defaults
[0.108s] Level 5:colcon.colcon_core.verb:set package 'chapt4_interfaces' build argument 'cmake_args' from command line to 'None'
[0.108s] Level 5:colcon.colcon_core.verb:set package 'chapt4_interfaces' build argument 'cmake_target' from command line to 'None'
[0.108s] Level 5:colcon.colcon_core.verb:set package 'chapt4_interfaces' build argument 'cmake_target_skip_unavailable' from command line to 'False'
[0.108s] Level 5:colcon.colcon_core.verb:set package 'chapt4_interfaces' build argument 'cmake_clean_cache' from command line to 'False'
[0.108s] Level 5:colcon.colcon_core.verb:set package 'chapt4_interfaces' build argument 'cmake_clean_first' from command line to 'False'
[0.108s] Level 5:colcon.colcon_core.verb:set package 'chapt4_interfaces' build argument 'cmake_force_configure' from command line to 'False'
[0.108s] Level 5:colcon.colcon_core.verb:set package 'chapt4_interfaces' build argument 'ament_cmake_args' from command line to 'None'
[0.108s] Level 5:colcon.colcon_core.verb:set package 'chapt4_interfaces' build argument 'catkin_cmake_args' from command line to 'None'
[0.108s] Level 5:colcon.colcon_core.verb:set package 'chapt4_interfaces' build argument 'catkin_skip_building_tests' from command line to 'False'
[0.108s] DEBUG:colcon.colcon_core.verb:Building package 'chapt4_interfaces' with the following arguments: {'ament_cmake_args': None, 'build_base': '/home/honhe/learn_ros/Chapter4/Chapter4_ws/build/chapt4_interfaces', 'catkin_cmake_args': None, 'catkin_skip_building_tests': False, 'cmake_args': None, 'cmake_clean_cache': False, 'cmake_clean_first': False, 'cmake_force_configure': False, 'cmake_target': None, 'cmake_target_skip_unavailable': False, 'install_base': '/home/honhe/learn_ros/Chapter4/Chapter4_ws/install/chapt4_interfaces', 'merge_install': False, 'path': '/home/honhe/learn_ros/Chapter4/Chapter4_ws/src/chapt4_interfaces', 'symlink_install': False, 'test_result_base': None}
[0.108s] Level 5:colcon.colcon_core.verb:set package 'demo_python_service' build argument 'cmake_args' from command line to 'None'
[0.108s] Level 5:colcon.colcon_core.verb:set package 'demo_python_service' build argument 'cmake_target' from command line to 'None'
[0.108s] Level 5:colcon.colcon_core.verb:set package 'demo_python_service' build argument 'cmake_target_skip_unavailable' from command line to 'False'
[0.108s] Level 5:colcon.colcon_core.verb:set package 'demo_python_service' build argument 'cmake_clean_cache' from command line to 'False'
[0.108s] Level 5:colcon.colcon_core.verb:set package 'demo_python_service' build argument 'cmake_clean_first' from command line to 'False'
[0.108s] Level 5:colcon.colcon_core.verb:set package 'demo_python_service' build argument 'cmake_force_configure' from command line to 'False'
[0.108s] Level 5:colcon.colcon_core.verb:set package 'demo_python_service' build argument 'ament_cmake_args' from command line to 'None'
[0.108s] Level 5:colcon.colcon_core.verb:set package 'demo_python_service' build argument 'catkin_cmake_args' from command line to 'None'
[0.108s] Level 5:colcon.colcon_core.verb:set package 'demo_python_service' build argument 'catkin_skip_building_tests' from command line to 'False'
[0.108s] DEBUG:colcon.colcon_core.verb:Building package 'demo_python_service' with the following arguments: {'ament_cmake_args': None, 'build_base': '/home/honhe/learn_ros/Chapter4/Chapter4_ws/build/demo_python_service', 'catkin_cmake_args': None, 'catkin_skip_building_tests': False, 'cmake_args': None, 'cmake_clean_cache': False, 'cmake_clean_first': False, 'cmake_force_configure': False, 'cmake_target': None, 'cmake_target_skip_unavailable': False, 'install_base': '/home/honhe/learn_ros/Chapter4/Chapter4_ws/install/demo_python_service', 'merge_install': False, 'path': '/home/honhe/learn_ros/Chapter4/Chapter4_ws/src/demo_python_service', 'symlink_install': False, 'test_result_base': None}
[0.108s] INFO:colcon.colcon_core.executor:Executing jobs using 'parallel' executor
[0.109s] DEBUG:colcon.colcon_parallel_executor.executor.parallel:run_until_complete
[0.109s] INFO:colcon.colcon_ros.task.ament_cmake.build:Building ROS package in '/home/honhe/learn_ros/Chapter4/Chapter4_ws/src/chapt4_interfaces' with build type 'ament_cmake'
[0.109s] INFO:colcon.colcon_cmake.task.cmake.build:Building CMake package in '/home/honhe/learn_ros/Chapter4/Chapter4_ws/src/chapt4_interfaces'
[0.110s] INFO:colcon.colcon_core.plugin_system:Skipping extension 'colcon_core.shell.bat': Not used on non-Windows systems
[0.110s] INFO:colcon.colcon_core.shell:Skip shell extension 'powershell' for command environment: Not usable outside of PowerShell
[0.110s] DEBUG:colcon.colcon_core.shell:Skip shell extension 'dsv' for command environment
[0.116s] DEBUG:colcon.colcon_core.event_handler.log_command:Invoking command in '/home/honhe/learn_ros/Chapter4/Chapter4_ws/build/chapt4_interfaces': CMAKE_PREFIX_PATH=${CMAKE_PREFIX_PATH}:/home/honhe/learn_ros/Chapter4/Chapter4_ws/install/demo_python_service:/opt/ros/jazzy DEBUGINFOD_URLS=https://debuginfod.ubuntu.com VIRTUAL_ENV_PROMPT=(learn_ros_venv) /usr/bin/cmake --build /home/honhe/learn_ros/Chapter4/Chapter4_ws/build/chapt4_interfaces -- -j32 -l32
[0.374s] DEBUG:colcon.colcon_core.event_handler.log_command:Invoked command in '/home/honhe/learn_ros/Chapter4/Chapter4_ws/build/chapt4_interfaces' returned '0': CMAKE_PREFIX_PATH=${CMAKE_PREFIX_PATH}:/home/honhe/learn_ros/Chapter4/Chapter4_ws/install/demo_python_service:/opt/ros/jazzy DEBUGINFOD_URLS=https://debuginfod.ubuntu.com VIRTUAL_ENV_PROMPT=(learn_ros_venv) /usr/bin/cmake --build /home/honhe/learn_ros/Chapter4/Chapter4_ws/build/chapt4_interfaces -- -j32 -l32
[0.381s] DEBUG:colcon.colcon_core.event_handler.log_command:Invoking command in '/home/honhe/learn_ros/Chapter4/Chapter4_ws/build/chapt4_interfaces': CMAKE_PREFIX_PATH=${CMAKE_PREFIX_PATH}:/home/honhe/learn_ros/Chapter4/Chapter4_ws/install/demo_python_service:/opt/ros/jazzy DEBUGINFOD_URLS=https://debuginfod.ubuntu.com VIRTUAL_ENV_PROMPT=(learn_ros_venv) /usr/bin/cmake --install /home/honhe/learn_ros/Chapter4/Chapter4_ws/build/chapt4_interfaces
[0.422s] Level 1:colcon.colcon_core.environment:create_environment_scripts_only(chapt4_interfaces)
[0.422s] DEBUG:colcon.colcon_core.event_handler.log_command:Invoked command in '/home/honhe/learn_ros/Chapter4/Chapter4_ws/build/chapt4_interfaces' returned '0': CMAKE_PREFIX_PATH=${CMAKE_PREFIX_PATH}:/home/honhe/learn_ros/Chapter4/Chapter4_ws/install/demo_python_service:/opt/ros/jazzy DEBUGINFOD_URLS=https://debuginfod.ubuntu.com VIRTUAL_ENV_PROMPT=(learn_ros_venv) /usr/bin/cmake --install /home/honhe/learn_ros/Chapter4/Chapter4_ws/build/chapt4_interfaces
[0.423s] Level 1:colcon.colcon_core.environment:checking '/home/honhe/learn_ros/Chapter4/Chapter4_ws/install/chapt4_interfaces' for CMake module files
[0.423s] Level 1:colcon.colcon_core.environment:checking '/home/honhe/learn_ros/Chapter4/Chapter4_ws/install/chapt4_interfaces' for CMake config files
[0.423s] Level 1:colcon.colcon_core.shell:create_environment_hook('chapt4_interfaces', 'cmake_prefix_path')
[0.423s] INFO:colcon.colcon_core.shell:Creating environment hook '/home/honhe/learn_ros/Chapter4/Chapter4_ws/install/chapt4_interfaces/share/chapt4_interfaces/hook/cmake_prefix_path.ps1'
[0.424s] INFO:colcon.colcon_core.shell:Creating environment descriptor '/home/honhe/learn_ros/Chapter4/Chapter4_ws/install/chapt4_interfaces/share/chapt4_interfaces/hook/cmake_prefix_path.dsv'
[0.424s] INFO:colcon.colcon_core.shell:Creating environment hook '/home/honhe/learn_ros/Chapter4/Chapter4_ws/install/chapt4_interfaces/share/chapt4_interfaces/hook/cmake_prefix_path.sh'
[0.424s] Level 1:colcon.colcon_core.environment:checking '/home/honhe/learn_ros/Chapter4/Chapter4_ws/install/chapt4_interfaces/lib'
[0.424s] Level 1:colcon.colcon_core.shell:create_environment_hook('chapt4_interfaces', 'ld_library_path_lib')
[0.425s] INFO:colcon.colcon_core.shell:Creating environment hook '/home/honhe/learn_ros/Chapter4/Chapter4_ws/install/chapt4_interfaces/share/chapt4_interfaces/hook/ld_library_path_lib.ps1'
[0.425s] INFO:colcon.colcon_core.shell:Creating environment descriptor '/home/honhe/learn_ros/Chapter4/Chapter4_ws/install/chapt4_interfaces/share/chapt4_interfaces/hook/ld_library_path_lib.dsv'
[0.425s] INFO:colcon.colcon_core.shell:Creating environment hook '/home/honhe/learn_ros/Chapter4/Chapter4_ws/install/chapt4_interfaces/share/chapt4_interfaces/hook/ld_library_path_lib.sh'
[0.425s] Level 1:colcon.colcon_core.environment:checking '/home/honhe/learn_ros/Chapter4/Chapter4_ws/install/chapt4_interfaces/bin'
[0.425s] Level 1:colcon.colcon_core.environment:checking '/home/honhe/learn_ros/Chapter4/Chapter4_ws/install/chapt4_interfaces/lib/pkgconfig/chapt4_interfaces.pc'
[0.425s] Level 1:colcon.colcon_core.environment:checking '/home/honhe/learn_ros/Chapter4/Chapter4_ws/install/chapt4_interfaces/lib/python3.12/site-packages'
[0.425s] Level 1:colcon.colcon_core.shell:create_environment_hook('chapt4_interfaces', 'pythonpath')
[0.426s] INFO:colcon.colcon_core.shell:Creating environment hook '/home/honhe/learn_ros/Chapter4/Chapter4_ws/install/chapt4_interfaces/share/chapt4_interfaces/hook/pythonpath.ps1'
[0.426s] INFO:colcon.colcon_core.shell:Creating environment descriptor '/home/honhe/learn_ros/Chapter4/Chapter4_ws/install/chapt4_interfaces/share/chapt4_interfaces/hook/pythonpath.dsv'
[0.426s] INFO:colcon.colcon_core.shell:Creating environment hook '/home/honhe/learn_ros/Chapter4/Chapter4_ws/install/chapt4_interfaces/share/chapt4_interfaces/hook/pythonpath.sh'
[0.426s] Level 1:colcon.colcon_core.environment:checking '/home/honhe/learn_ros/Chapter4/Chapter4_ws/install/chapt4_interfaces/bin'
[0.426s] INFO:colcon.colcon_core.shell:Creating package script '/home/honhe/learn_ros/Chapter4/Chapter4_ws/install/chapt4_interfaces/share/chapt4_interfaces/package.ps1'
[0.427s] INFO:colcon.colcon_core.shell:Creating package descriptor '/home/honhe/learn_ros/Chapter4/Chapter4_ws/install/chapt4_interfaces/share/chapt4_interfaces/package.dsv'
[0.427s] INFO:colcon.colcon_core.shell:Creating package script '/home/honhe/learn_ros/Chapter4/Chapter4_ws/install/chapt4_interfaces/share/chapt4_interfaces/package.sh'
[0.428s] INFO:colcon.colcon_core.shell:Creating package script '/home/honhe/learn_ros/Chapter4/Chapter4_ws/install/chapt4_interfaces/share/chapt4_interfaces/package.bash'
[0.428s] INFO:colcon.colcon_core.shell:Creating package script '/home/honhe/learn_ros/Chapter4/Chapter4_ws/install/chapt4_interfaces/share/chapt4_interfaces/package.zsh'
[0.429s] Level 1:colcon.colcon_core.environment:create_file_with_runtime_dependencies(/home/honhe/learn_ros/Chapter4/Chapter4_ws/install/chapt4_interfaces/share/colcon-core/packages/chapt4_interfaces)
[0.429s] Level 1:colcon.colcon_core.environment:create_environment_scripts_only(chapt4_interfaces)
[0.429s] Level 1:colcon.colcon_core.environment:checking '/home/honhe/learn_ros/Chapter4/Chapter4_ws/install/chapt4_interfaces' for CMake module files
[0.430s] Level 1:colcon.colcon_core.environment:checking '/home/honhe/learn_ros/Chapter4/Chapter4_ws/install/chapt4_interfaces' for CMake config files
[0.430s] Level 1:colcon.colcon_core.shell:create_environment_hook('chapt4_interfaces', 'cmake_prefix_path')
[0.430s] INFO:colcon.colcon_core.shell:Creating environment hook '/home/honhe/learn_ros/Chapter4/Chapter4_ws/install/chapt4_interfaces/share/chapt4_interfaces/hook/cmake_prefix_path.ps1'
[0.430s] INFO:colcon.colcon_core.shell:Creating environment descriptor '/home/honhe/learn_ros/Chapter4/Chapter4_ws/install/chapt4_interfaces/share/chapt4_interfaces/hook/cmake_prefix_path.dsv'
[0.431s] INFO:colcon.colcon_core.shell:Creating environment hook '/home/honhe/learn_ros/Chapter4/Chapter4_ws/install/chapt4_interfaces/share/chapt4_interfaces/hook/cmake_prefix_path.sh'
[0.431s] Level 1:colcon.colcon_core.environment:checking '/home/honhe/learn_ros/Chapter4/Chapter4_ws/install/chapt4_interfaces/lib'
[0.431s] Level 1:colcon.colcon_core.shell:create_environment_hook('chapt4_interfaces', 'ld_library_path_lib')
[0.431s] INFO:colcon.colcon_core.shell:Creating environment hook '/home/honhe/learn_ros/Chapter4/Chapter4_ws/install/chapt4_interfaces/share/chapt4_interfaces/hook/ld_library_path_lib.ps1'
[0.431s] INFO:colcon.colcon_core.shell:Creating environment descriptor '/home/honhe/learn_ros/Chapter4/Chapter4_ws/install/chapt4_interfaces/share/chapt4_interfaces/hook/ld_library_path_lib.dsv'
[0.432s] INFO:colcon.colcon_core.shell:Creating environment hook '/home/honhe/learn_ros/Chapter4/Chapter4_ws/install/chapt4_interfaces/share/chapt4_interfaces/hook/ld_library_path_lib.sh'
[0.432s] Level 1:colcon.colcon_core.environment:checking '/home/honhe/learn_ros/Chapter4/Chapter4_ws/install/chapt4_interfaces/bin'
[0.432s] Level 1:colcon.colcon_core.environment:checking '/home/honhe/learn_ros/Chapter4/Chapter4_ws/install/chapt4_interfaces/lib/pkgconfig/chapt4_interfaces.pc'
[0.432s] Level 1:colcon.colcon_core.environment:checking '/home/honhe/learn_ros/Chapter4/Chapter4_ws/install/chapt4_interfaces/lib/python3.12/site-packages'
[0.433s] Level 1:colcon.colcon_core.shell:create_environment_hook('chapt4_interfaces', 'pythonpath')
[0.433s] INFO:colcon.colcon_core.shell:Creating environment hook '/home/honhe/learn_ros/Chapter4/Chapter4_ws/install/chapt4_interfaces/share/chapt4_interfaces/hook/pythonpath.ps1'
[0.433s] INFO:colcon.colcon_core.shell:Creating environment descriptor '/home/honhe/learn_ros/Chapter4/Chapter4_ws/install/chapt4_interfaces/share/chapt4_interfaces/hook/pythonpath.dsv'
[0.433s] INFO:colcon.colcon_core.shell:Creating environment hook '/home/honhe/learn_ros/Chapter4/Chapter4_ws/install/chapt4_interfaces/share/chapt4_interfaces/hook/pythonpath.sh'
[0.434s] Level 1:colcon.colcon_core.environment:checking '/home/honhe/learn_ros/Chapter4/Chapter4_ws/install/chapt4_interfaces/bin'
[0.434s] INFO:colcon.colcon_core.shell:Creating package script '/home/honhe/learn_ros/Chapter4/Chapter4_ws/install/chapt4_interfaces/share/chapt4_interfaces/package.ps1'
[0.434s] INFO:colcon.colcon_core.shell:Creating package descriptor '/home/honhe/learn_ros/Chapter4/Chapter4_ws/install/chapt4_interfaces/share/chapt4_interfaces/package.dsv'
[0.435s] INFO:colcon.colcon_core.shell:Creating package script '/home/honhe/learn_ros/Chapter4/Chapter4_ws/install/chapt4_interfaces/share/chapt4_interfaces/package.sh'
[0.435s] INFO:colcon.colcon_core.shell:Creating package script '/home/honhe/learn_ros/Chapter4/Chapter4_ws/install/chapt4_interfaces/share/chapt4_interfaces/package.bash'
[0.435s] INFO:colcon.colcon_core.shell:Creating package script '/home/honhe/learn_ros/Chapter4/Chapter4_ws/install/chapt4_interfaces/share/chapt4_interfaces/package.zsh'
[0.435s] Level 1:colcon.colcon_core.environment:create_file_with_runtime_dependencies(/home/honhe/learn_ros/Chapter4/Chapter4_ws/install/chapt4_interfaces/share/colcon-core/packages/chapt4_interfaces)
[0.435s] INFO:colcon.colcon_ros.task.ament_python.build:Building ROS package in '/home/honhe/learn_ros/Chapter4/Chapter4_ws/src/demo_python_service' with build type 'ament_python'
[0.435s] Level 1:colcon.colcon_core.shell:create_environment_hook('demo_python_service', 'ament_prefix_path')
[0.436s] INFO:colcon.colcon_core.shell:Creating environment hook '/home/honhe/learn_ros/Chapter4/Chapter4_ws/install/demo_python_service/share/demo_python_service/hook/ament_prefix_path.ps1'
[0.436s] INFO:colcon.colcon_core.shell:Creating environment descriptor '/home/honhe/learn_ros/Chapter4/Chapter4_ws/install/demo_python_service/share/demo_python_service/hook/ament_prefix_path.dsv'
[0.436s] INFO:colcon.colcon_core.shell:Creating environment hook '/home/honhe/learn_ros/Chapter4/Chapter4_ws/install/demo_python_service/share/demo_python_service/hook/ament_prefix_path.sh'
[0.436s] INFO:colcon.colcon_core.shell:Skip shell extension 'powershell' for command environment: Not usable outside of PowerShell
[0.436s] DEBUG:colcon.colcon_core.shell:Skip shell extension 'dsv' for command environment
[0.584s] DEBUG:colcon.colcon_parallel_executor.executor.parallel:closing loop
[0.585s] DEBUG:colcon.colcon_parallel_executor.executor.parallel:loop closed
[0.585s] DEBUG:colcon.colcon_parallel_executor.executor.parallel:run_until_complete finished with 'Command '['/usr/bin/python3', '-c', 'import sys;from contextlib import suppress;exec("with suppress(ImportError):    from setuptools.extern.packaging.specifiers    import SpecifierSet");exec("with suppress(ImportError):    from packaging.specifiers import SpecifierSet");from distutils.core import run_setup;dist = run_setup(    \'setup.py\', script_args=(\'--dry-run\',), stop_after=\'config\');skip_keys = (\'cmdclass\', \'distclass\', \'ext_modules\', \'metadata\');data = {    key: value for key, value in dist.__dict__.items()     if (        not key.startswith(\'_\') and         not callable(value) and         key not in skip_keys and         key not in dist.display_option_names    )};data[\'metadata\'] = {    k: v for k, v in dist.metadata.__dict__.items()     if k not in (\'license_files\', \'provides_extras\')};sys.stdout.buffer.write(repr(data).encode(\'utf-8\'))']' returned non-zero exit status 1.'
[0.585s] DEBUG:colcon.colcon_core.event_reactor:joining thread
[0.587s] INFO:colcon.colcon_core.plugin_system:Skipping extension 'colcon_notification.desktop_notification.terminal_notifier': Not used on non-Darwin systems
[0.587s] INFO:colcon.colcon_core.plugin_system:Skipping extension 'colcon_notification.desktop_notification.win32': Not used on non-Windows systems
[0.587s] INFO:colcon.colcon_notification.desktop_notification:Sending desktop notification using 'notify2'
[0.596s] DEBUG:colcon.colcon_core.event_reactor:joined thread
[0.597s] INFO:colcon.colcon_core.shell:Creating prefix script '/home/honhe/learn_ros/Chapter4/Chapter4_ws/install/local_setup.ps1'
[0.597s] INFO:colcon.colcon_core.shell:Creating prefix util module '/home/honhe/learn_ros/Chapter4/Chapter4_ws/install/_local_setup_util_ps1.py'
[0.598s] INFO:colcon.colcon_core.shell:Creating prefix chain script '/home/honhe/learn_ros/Chapter4/Chapter4_ws/install/setup.ps1'
[0.598s] INFO:colcon.colcon_core.shell:Creating prefix script '/home/honhe/learn_ros/Chapter4/Chapter4_ws/install/local_setup.sh'
[0.599s] INFO:colcon.colcon_core.shell:Creating prefix util module '/home/honhe/learn_ros/Chapter4/Chapter4_ws/install/_local_setup_util_sh.py'
[0.599s] INFO:colcon.colcon_core.shell:Creating prefix chain script '/home/honhe/learn_ros/Chapter4/Chapter4_ws/install/setup.sh'
[0.600s] INFO:colcon.colcon_core.shell:Creating prefix script '/home/honhe/learn_ros/Chapter4/Chapter4_ws/install/local_setup.bash'
[0.600s] INFO:colcon.colcon_core.shell:Creating prefix chain script '/home/honhe/learn_ros/Chapter4/Chapter4_ws/install/setup.bash'
[0.601s] INFO:colcon.colcon_core.shell:Creating prefix script '/home/honhe/learn_ros/Chapter4/Chapter4_ws/install/local_setup.zsh'
[0.601s] INFO:colcon.colcon_core.shell:Creating prefix chain script '/home/honhe/learn_ros/Chapter4/Chapter4_ws/install/setup.zsh'
