[0.349s] Invoking command in '/home/honhe/learn_ros/Chapter4/Chapter4_ws/src/demo_python_service': DEBUGINFOD_URLS=https://debuginfod.ubuntu.com PYTHONPATH=/home/honhe/learn_ros/Chapter4/Chapter4_ws/build/demo_python_service/prefix_override:/usr/lib/python3/dist-packages/colcon_core/task/python/colcon_distutils_commands:/home/honhe/learn_ros/Chapter4/Chapter4_ws/install/demo_python_service/lib/python3.12/site-packages:/home/honhe/learn_ros/Chapter4/Chapter4_ws/install/chapt4_interfaces/lib/python3.12/site-packages:/home/honhe/learn_ros/Chapter4/Chapter4_ws/install/demo_python_service/lib/python3.12/site-packages:/opt/ros/jazzy/lib/python3.12/site-packages VIRTUAL_ENV_PROMPT=(learn_ros_venv) /usr/bin/python3 -W ignore:setup.py install is deprecated -W ignore:easy_install command is deprecated setup.py egg_info --egg-base ../../build/demo_python_service build --build-base /home/honhe/learn_ros/Chapter4/Chapter4_ws/build/demo_python_service/build install --record /home/honhe/learn_ros/Chapter4/Chapter4_ws/build/demo_python_service/install.log --single-version-externally-managed install_data
[0.460s] running egg_info
[0.467s] writing ../../build/demo_python_service/demo_python_service.egg-info/PKG-INFO
[0.467s] writing dependency_links to ../../build/demo_python_service/demo_python_service.egg-info/dependency_links.txt
[0.467s] writing entry points to ../../build/demo_python_service/demo_python_service.egg-info/entry_points.txt
[0.467s] writing requirements to ../../build/demo_python_service/demo_python_service.egg-info/requires.txt
[0.467s] writing top-level names to ../../build/demo_python_service/demo_python_service.egg-info/top_level.txt
[0.482s] reading manifest file '../../build/demo_python_service/demo_python_service.egg-info/SOURCES.txt'
[0.482s] adding license file 'LICENSE'
[0.482s] writing manifest file '../../build/demo_python_service/demo_python_service.egg-info/SOURCES.txt'
[0.482s] running build
[0.483s] running build_py
[0.483s] copying demo_python_service/face_detect_client_node.py -> /home/honhe/learn_ros/Chapter4/Chapter4_ws/build/demo_python_service/build/lib/demo_python_service
[0.483s] running install
[0.486s] running install_lib
[0.493s] copying /home/honhe/learn_ros/Chapter4/Chapter4_ws/build/demo_python_service/build/lib/demo_python_service/face_detect_client_node.py -> /home/honhe/learn_ros/Chapter4/Chapter4_ws/install/demo_python_service/lib/python3.12/site-packages/demo_python_service
[0.494s] byte-compiling /home/honhe/learn_ros/Chapter4/Chapter4_ws/install/demo_python_service/lib/python3.12/site-packages/demo_python_service/face_detect_client_node.py to face_detect_client_node.cpython-312.pyc
[0.494s] running install_data
[0.495s] running install_egg_info
[0.503s] removing '/home/honhe/learn_ros/Chapter4/Chapter4_ws/install/demo_python_service/lib/python3.12/site-packages/demo_python_service-0.0.0-py3.12.egg-info' (and everything under it)
[0.503s] Copying ../../build/demo_python_service/demo_python_service.egg-info to /home/honhe/learn_ros/Chapter4/Chapter4_ws/install/demo_python_service/lib/python3.12/site-packages/demo_python_service-0.0.0-py3.12.egg-info
[0.504s] running install_scripts
[0.555s] Installing face_detection_client_node script to /home/honhe/learn_ros/Chapter4/Chapter4_ws/install/demo_python_service/lib/demo_python_service
[0.555s] Installing face_detection_node script to /home/honhe/learn_ros/Chapter4/Chapter4_ws/install/demo_python_service/lib/demo_python_service
[0.555s] Installing learn_face_detection script to /home/honhe/learn_ros/Chapter4/Chapter4_ws/install/demo_python_service/lib/demo_python_service
[0.555s] writing list of installed files to '/home/honhe/learn_ros/Chapter4/Chapter4_ws/build/demo_python_service/install.log'
[0.569s] Invoked command in '/home/honhe/learn_ros/Chapter4/Chapter4_ws/src/demo_python_service' returned '0': DEBUGINFOD_URLS=https://debuginfod.ubuntu.com PYTHONPATH=/home/honhe/learn_ros/Chapter4/Chapter4_ws/build/demo_python_service/prefix_override:/usr/lib/python3/dist-packages/colcon_core/task/python/colcon_distutils_commands:/home/honhe/learn_ros/Chapter4/Chapter4_ws/install/demo_python_service/lib/python3.12/site-packages:/home/honhe/learn_ros/Chapter4/Chapter4_ws/install/chapt4_interfaces/lib/python3.12/site-packages:/home/honhe/learn_ros/Chapter4/Chapter4_ws/install/demo_python_service/lib/python3.12/site-packages:/opt/ros/jazzy/lib/python3.12/site-packages VIRTUAL_ENV_PROMPT=(learn_ros_venv) /usr/bin/python3 -W ignore:setup.py install is deprecated -W ignore:easy_install command is deprecated setup.py egg_info --egg-base ../../build/demo_python_service build --build-base /home/honhe/learn_ros/Chapter4/Chapter4_ws/build/demo_python_service/build install --record /home/honhe/learn_ros/Chapter4/Chapter4_ws/build/demo_python_service/install.log --single-version-externally-managed install_data
