[0.356s] Invoking command in '/home/honhe/learn_ros/Chapter4/Chapter4_ws/src/demo_python_service': DEBUGINFOD_URLS=https://debuginfod.ubuntu.com PYTHONPATH=/home/honhe/learn_ros/Chapter4/Chapter4_ws/build/demo_python_service/prefix_override:/usr/lib/python3/dist-packages/colcon_core/task/python/colcon_distutils_commands:/home/honhe/learn_ros/Chapter4/Chapter4_ws/install/demo_python_service/lib/python3.12/site-packages:${PYTHONPATH} VIRTUAL_ENV_PROMPT=(learn_ros_venv) /usr/bin/python3 -W ignore:setup.py install is deprecated -W ignore:easy_install command is deprecated setup.py egg_info --egg-base ../../build/demo_python_service build --build-base /home/honhe/learn_ros/Chapter4/Chapter4_ws/build/demo_python_service/build install --record /home/honhe/learn_ros/Chapter4/Chapter4_ws/build/demo_python_service/install.log --single-version-externally-managed install_data
[0.463s] running egg_info
[0.470s] writing ../../build/demo_python_service/demo_python_service.egg-info/PKG-INFO
[0.470s] writing dependency_links to ../../build/demo_python_service/demo_python_service.egg-info/dependency_links.txt
[0.470s] writing requirements to ../../build/demo_python_service/demo_python_service.egg-info/requires.txt
[0.470s] writing top-level names to ../../build/demo_python_service/demo_python_service.egg-info/top_level.txt
[0.484s] reading manifest file '../../build/demo_python_service/demo_python_service.egg-info/SOURCES.txt'
[0.484s] adding license file 'LICENSE'
[0.484s] writing manifest file '../../build/demo_python_service/demo_python_service.egg-info/SOURCES.txt'
[0.484s] running build
[0.484s] running build_py
[0.484s] running install
[0.487s] running install_lib
[0.494s] running install_data
[0.494s] copying resource/default.png -> /home/honhe/learn_ros/Chapter4/Chapter4_ws/install/demo_python_service/share/demo_python_service/resource
[0.495s] running install_egg_info
[0.503s] Copying ../../build/demo_python_service/demo_python_service.egg-info to /home/honhe/learn_ros/Chapter4/Chapter4_ws/install/demo_python_service/lib/python3.12/site-packages/demo_python_service-0.0.0-py3.12.egg-info
[0.503s] running install_scripts
[0.556s] writing list of installed files to '/home/honhe/learn_ros/Chapter4/Chapter4_ws/build/demo_python_service/install.log'
[0.569s] Invoked command in '/home/honhe/learn_ros/Chapter4/Chapter4_ws/src/demo_python_service' returned '0': DEBUGINFOD_URLS=https://debuginfod.ubuntu.com PYTHONPATH=/home/honhe/learn_ros/Chapter4/Chapter4_ws/build/demo_python_service/prefix_override:/usr/lib/python3/dist-packages/colcon_core/task/python/colcon_distutils_commands:/home/honhe/learn_ros/Chapter4/Chapter4_ws/install/demo_python_service/lib/python3.12/site-packages:${PYTHONPATH} VIRTUAL_ENV_PROMPT=(learn_ros_venv) /usr/bin/python3 -W ignore:setup.py install is deprecated -W ignore:easy_install command is deprecated setup.py egg_info --egg-base ../../build/demo_python_service build --build-base /home/honhe/learn_ros/Chapter4/Chapter4_ws/build/demo_python_service/build install --record /home/honhe/learn_ros/Chapter4/Chapter4_ws/build/demo_python_service/install.log --single-version-externally-managed install_data
