[0.063s] DEBUG:colcon:Command line arguments: ['/usr/bin/colcon', 'build']
[0.063s] DEBUG:colcon:Parsed command line arguments: Namespace(log_base=None, log_level=None, verb_name='build', build_base='build', install_base='install', merge_install=False, symlink_install=False, test_result_base=None, continue_on_error=False, executor='parallel', parallel_workers=32, event_handlers=None, ignore_user_meta=False, metas=['./colcon.meta'], base_paths=['.'], packages_ignore=None, packages_ignore_regex=None, paths=None, packages_up_to=None, packages_up_to_regex=None, packages_above=None, packages_above_and_dependencies=None, packages_above_depth=None, packages_select_by_dep=None, packages_skip_by_dep=None, packages_skip_up_to=None, packages_select_build_failed=False, packages_skip_build_finished=False, packages_select_test_failures=False, packages_skip_test_passed=False, packages_select=None, packages_skip=None, packages_select_regex=None, packages_skip_regex=None, packages_start=None, packages_end=None, allow_overriding=[], cmake_args=None, cmake_target=None, cmake_target_skip_unavailable=False, cmake_clean_cache=False, cmake_clean_first=False, cmake_force_configure=False, ament_cmake_args=None, catkin_cmake_args=None, catkin_skip_building_tests=False, verb_parser=<colcon_defaults.argument_parser.defaults.DefaultArgumentsDecorator object at 0x7eb12d781670>, verb_extension=<colcon_core.verb.build.BuildVerb object at 0x7eb12d781730>, main=<bound method BuildVerb.main of <colcon_core.verb.build.BuildVerb object at 0x7eb12d781730>>)
[0.082s] Level 1:colcon.colcon_core.package_discovery:discover_packages(colcon_meta) check parameters
[0.082s] Level 1:colcon.colcon_core.package_discovery:discover_packages(recursive) check parameters
[0.082s] Level 1:colcon.colcon_core.package_discovery:discover_packages(ignore) check parameters
[0.082s] Level 1:colcon.colcon_core.package_discovery:discover_packages(path) check parameters
[0.082s] Level 1:colcon.colcon_core.package_discovery:discover_packages(colcon_meta) discover
[0.082s] Level 1:colcon.colcon_core.package_discovery:discover_packages(recursive) discover
[0.082s] INFO:colcon.colcon_core.package_discovery:Crawling recursively for packages in '/home/honhe/learn_ros/Chapter4/Chapter4_ws'
[0.082s] Level 1:colcon.colcon_core.package_identification:_identify(.) by extensions ['ignore', 'ignore_ament_install']
[0.082s] Level 1:colcon.colcon_core.package_identification:_identify(.) by extension 'ignore'
[0.082s] Level 1:colcon.colcon_core.package_identification:_identify(.) by extension 'ignore_ament_install'
[0.082s] Level 1:colcon.colcon_core.package_identification:_identify(.) by extensions ['colcon_pkg']
[0.082s] Level 1:colcon.colcon_core.package_identification:_identify(.) by extension 'colcon_pkg'
[0.082s] Level 1:colcon.colcon_core.package_identification:_identify(.) by extensions ['colcon_meta']
[0.082s] Level 1:colcon.colcon_core.package_identification:_identify(.) by extension 'colcon_meta'
[0.082s] Level 1:colcon.colcon_core.package_identification:_identify(.) by extensions ['ros']
[0.082s] Level 1:colcon.colcon_core.package_identification:_identify(.) by extension 'ros'
[0.095s] Level 1:colcon.colcon_core.package_identification:_identify(.) by extensions ['cmake', 'python']
[0.095s] Level 1:colcon.colcon_core.package_identification:_identify(.) by extension 'cmake'
[0.095s] Level 1:colcon.colcon_core.package_identification:_identify(.) by extension 'python'
[0.095s] Level 1:colcon.colcon_core.package_identification:_identify(.) by extensions ['python_setup_py']
[0.095s] Level 1:colcon.colcon_core.package_identification:_identify(.) by extension 'python_setup_py'
[0.095s] Level 1:colcon.colcon_core.package_identification:_identify(build) by extensions ['ignore', 'ignore_ament_install']
[0.095s] Level 1:colcon.colcon_core.package_identification:_identify(build) by extension 'ignore'
[0.095s] Level 1:colcon.colcon_core.package_identification:_identify(build) ignored
[0.095s] Level 1:colcon.colcon_core.package_identification:_identify(install) by extensions ['ignore', 'ignore_ament_install']
[0.095s] Level 1:colcon.colcon_core.package_identification:_identify(install) by extension 'ignore'
[0.095s] Level 1:colcon.colcon_core.package_identification:_identify(install) ignored
[0.095s] Level 1:colcon.colcon_core.package_identification:_identify(log) by extensions ['ignore', 'ignore_ament_install']
[0.096s] Level 1:colcon.colcon_core.package_identification:_identify(log) by extension 'ignore'
[0.096s] Level 1:colcon.colcon_core.package_identification:_identify(log) ignored
[0.096s] Level 1:colcon.colcon_core.package_identification:_identify(src) by extensions ['ignore', 'ignore_ament_install']
[0.096s] Level 1:colcon.colcon_core.package_identification:_identify(src) by extension 'ignore'
[0.096s] Level 1:colcon.colcon_core.package_identification:_identify(src) by extension 'ignore_ament_install'
[0.096s] Level 1:colcon.colcon_core.package_identification:_identify(src) by extensions ['colcon_pkg']
[0.096s] Level 1:colcon.colcon_core.package_identification:_identify(src) by extension 'colcon_pkg'
[0.096s] Level 1:colcon.colcon_core.package_identification:_identify(src) by extensions ['colcon_meta']
[0.096s] Level 1:colcon.colcon_core.package_identification:_identify(src) by extension 'colcon_meta'
[0.096s] Level 1:colcon.colcon_core.package_identification:_identify(src) by extensions ['ros']
[0.096s] Level 1:colcon.colcon_core.package_identification:_identify(src) by extension 'ros'
[0.096s] Level 1:colcon.colcon_core.package_identification:_identify(src) by extensions ['cmake', 'python']
[0.096s] Level 1:colcon.colcon_core.package_identification:_identify(src) by extension 'cmake'
[0.096s] Level 1:colcon.colcon_core.package_identification:_identify(src) by extension 'python'
[0.096s] Level 1:colcon.colcon_core.package_identification:_identify(src) by extensions ['python_setup_py']
[0.096s] Level 1:colcon.colcon_core.package_identification:_identify(src) by extension 'python_setup_py'
[0.096s] Level 1:colcon.colcon_core.package_identification:_identify(src/chapt4_interfaces) by extensions ['ignore', 'ignore_ament_install']
[0.096s] Level 1:colcon.colcon_core.package_identification:_identify(src/chapt4_interfaces) by extension 'ignore'
[0.096s] Level 1:colcon.colcon_core.package_identification:_identify(src/chapt4_interfaces) by extension 'ignore_ament_install'
[0.096s] Level 1:colcon.colcon_core.package_identification:_identify(src/chapt4_interfaces) by extensions ['colcon_pkg']
[0.096s] Level 1:colcon.colcon_core.package_identification:_identify(src/chapt4_interfaces) by extension 'colcon_pkg'
[0.096s] Level 1:colcon.colcon_core.package_identification:_identify(src/chapt4_interfaces) by extensions ['colcon_meta']
[0.096s] Level 1:colcon.colcon_core.package_identification:_identify(src/chapt4_interfaces) by extension 'colcon_meta'
[0.096s] Level 1:colcon.colcon_core.package_identification:_identify(src/chapt4_interfaces) by extensions ['ros']
[0.096s] Level 1:colcon.colcon_core.package_identification:_identify(src/chapt4_interfaces) by extension 'ros'
[0.098s] DEBUG:colcon.colcon_core.package_identification:Package 'src/chapt4_interfaces' with type 'ros.ament_cmake' and name 'chapt4_interfaces'
[0.098s] Level 1:colcon.colcon_core.package_identification:_identify(src/demo_cpp_service) by extensions ['ignore', 'ignore_ament_install']
[0.098s] Level 1:colcon.colcon_core.package_identification:_identify(src/demo_cpp_service) by extension 'ignore'
[0.098s] Level 1:colcon.colcon_core.package_identification:_identify(src/demo_cpp_service) by extension 'ignore_ament_install'
[0.098s] Level 1:colcon.colcon_core.package_identification:_identify(src/demo_cpp_service) by extensions ['colcon_pkg']
[0.098s] Level 1:colcon.colcon_core.package_identification:_identify(src/demo_cpp_service) by extension 'colcon_pkg'
[0.098s] Level 1:colcon.colcon_core.package_identification:_identify(src/demo_cpp_service) by extensions ['colcon_meta']
[0.098s] Level 1:colcon.colcon_core.package_identification:_identify(src/demo_cpp_service) by extension 'colcon_meta'
[0.098s] Level 1:colcon.colcon_core.package_identification:_identify(src/demo_cpp_service) by extensions ['ros']
[0.098s] Level 1:colcon.colcon_core.package_identification:_identify(src/demo_cpp_service) by extension 'ros'
[0.098s] DEBUG:colcon.colcon_core.package_identification:Package 'src/demo_cpp_service' with type 'ros.ament_cmake' and name 'demo_cpp_service'
[0.098s] Level 1:colcon.colcon_core.package_identification:_identify(src/demo_python_service) by extensions ['ignore', 'ignore_ament_install']
[0.098s] Level 1:colcon.colcon_core.package_identification:_identify(src/demo_python_service) by extension 'ignore'
[0.098s] Level 1:colcon.colcon_core.package_identification:_identify(src/demo_python_service) by extension 'ignore_ament_install'
[0.098s] Level 1:colcon.colcon_core.package_identification:_identify(src/demo_python_service) by extensions ['colcon_pkg']
[0.098s] Level 1:colcon.colcon_core.package_identification:_identify(src/demo_python_service) by extension 'colcon_pkg'
[0.098s] Level 1:colcon.colcon_core.package_identification:_identify(src/demo_python_service) by extensions ['colcon_meta']
[0.098s] Level 1:colcon.colcon_core.package_identification:_identify(src/demo_python_service) by extension 'colcon_meta'
[0.098s] Level 1:colcon.colcon_core.package_identification:_identify(src/demo_python_service) by extensions ['ros']
[0.098s] Level 1:colcon.colcon_core.package_identification:_identify(src/demo_python_service) by extension 'ros'
[0.098s] DEBUG:colcon.colcon_core.package_identification:Package 'src/demo_python_service' with type 'ros.ament_python' and name 'demo_python_service'
[0.098s] Level 1:colcon.colcon_core.package_discovery:discover_packages(recursive) using defaults
[0.099s] Level 1:colcon.colcon_core.package_discovery:discover_packages(ignore) discover
[0.099s] Level 1:colcon.colcon_core.package_discovery:discover_packages(ignore) using defaults
[0.099s] Level 1:colcon.colcon_core.package_discovery:discover_packages(path) discover
[0.099s] Level 1:colcon.colcon_core.package_discovery:discover_packages(path) using defaults
[0.108s] Level 1:colcon.colcon_core.package_discovery:discover_packages(prefix_path) check parameters
[0.108s] Level 1:colcon.colcon_core.package_discovery:discover_packages(prefix_path) discover
[0.109s] DEBUG:colcon.colcon_installed_package_information.package_discovery:Found 3 installed packages in /home/honhe/learn_ros/Chapter4/Chapter4_ws/install
[0.109s] DEBUG:colcon.colcon_installed_package_information.package_discovery:Found 285 installed packages in /opt/ros/jazzy
[0.110s] Level 1:colcon.colcon_core.package_discovery:discover_packages(prefix_path) using defaults
[0.127s] Level 5:colcon.colcon_core.verb:set package 'chapt4_interfaces' build argument 'cmake_args' from command line to 'None'
[0.127s] Level 5:colcon.colcon_core.verb:set package 'chapt4_interfaces' build argument 'cmake_target' from command line to 'None'
[0.127s] Level 5:colcon.colcon_core.verb:set package 'chapt4_interfaces' build argument 'cmake_target_skip_unavailable' from command line to 'False'
[0.127s] Level 5:colcon.colcon_core.verb:set package 'chapt4_interfaces' build argument 'cmake_clean_cache' from command line to 'False'
[0.127s] Level 5:colcon.colcon_core.verb:set package 'chapt4_interfaces' build argument 'cmake_clean_first' from command line to 'False'
[0.127s] Level 5:colcon.colcon_core.verb:set package 'chapt4_interfaces' build argument 'cmake_force_configure' from command line to 'False'
[0.127s] Level 5:colcon.colcon_core.verb:set package 'chapt4_interfaces' build argument 'ament_cmake_args' from command line to 'None'
[0.127s] Level 5:colcon.colcon_core.verb:set package 'chapt4_interfaces' build argument 'catkin_cmake_args' from command line to 'None'
[0.127s] Level 5:colcon.colcon_core.verb:set package 'chapt4_interfaces' build argument 'catkin_skip_building_tests' from command line to 'False'
[0.127s] DEBUG:colcon.colcon_core.verb:Building package 'chapt4_interfaces' with the following arguments: {'ament_cmake_args': None, 'build_base': '/home/honhe/learn_ros/Chapter4/Chapter4_ws/build/chapt4_interfaces', 'catkin_cmake_args': None, 'catkin_skip_building_tests': False, 'cmake_args': None, 'cmake_clean_cache': False, 'cmake_clean_first': False, 'cmake_force_configure': False, 'cmake_target': None, 'cmake_target_skip_unavailable': False, 'install_base': '/home/honhe/learn_ros/Chapter4/Chapter4_ws/install/chapt4_interfaces', 'merge_install': False, 'path': '/home/honhe/learn_ros/Chapter4/Chapter4_ws/src/chapt4_interfaces', 'symlink_install': False, 'test_result_base': None}
[0.127s] Level 5:colcon.colcon_core.verb:set package 'demo_cpp_service' build argument 'cmake_args' from command line to 'None'
[0.127s] Level 5:colcon.colcon_core.verb:set package 'demo_cpp_service' build argument 'cmake_target' from command line to 'None'
[0.127s] Level 5:colcon.colcon_core.verb:set package 'demo_cpp_service' build argument 'cmake_target_skip_unavailable' from command line to 'False'
[0.127s] Level 5:colcon.colcon_core.verb:set package 'demo_cpp_service' build argument 'cmake_clean_cache' from command line to 'False'
[0.127s] Level 5:colcon.colcon_core.verb:set package 'demo_cpp_service' build argument 'cmake_clean_first' from command line to 'False'
[0.127s] Level 5:colcon.colcon_core.verb:set package 'demo_cpp_service' build argument 'cmake_force_configure' from command line to 'False'
[0.127s] Level 5:colcon.colcon_core.verb:set package 'demo_cpp_service' build argument 'ament_cmake_args' from command line to 'None'
[0.127s] Level 5:colcon.colcon_core.verb:set package 'demo_cpp_service' build argument 'catkin_cmake_args' from command line to 'None'
[0.127s] Level 5:colcon.colcon_core.verb:set package 'demo_cpp_service' build argument 'catkin_skip_building_tests' from command line to 'False'
[0.127s] DEBUG:colcon.colcon_core.verb:Building package 'demo_cpp_service' with the following arguments: {'ament_cmake_args': None, 'build_base': '/home/honhe/learn_ros/Chapter4/Chapter4_ws/build/demo_cpp_service', 'catkin_cmake_args': None, 'catkin_skip_building_tests': False, 'cmake_args': None, 'cmake_clean_cache': False, 'cmake_clean_first': False, 'cmake_force_configure': False, 'cmake_target': None, 'cmake_target_skip_unavailable': False, 'install_base': '/home/honhe/learn_ros/Chapter4/Chapter4_ws/install/demo_cpp_service', 'merge_install': False, 'path': '/home/honhe/learn_ros/Chapter4/Chapter4_ws/src/demo_cpp_service', 'symlink_install': False, 'test_result_base': None}
[0.127s] Level 5:colcon.colcon_core.verb:set package 'demo_python_service' build argument 'cmake_args' from command line to 'None'
[0.127s] Level 5:colcon.colcon_core.verb:set package 'demo_python_service' build argument 'cmake_target' from command line to 'None'
[0.127s] Level 5:colcon.colcon_core.verb:set package 'demo_python_service' build argument 'cmake_target_skip_unavailable' from command line to 'False'
[0.127s] Level 5:colcon.colcon_core.verb:set package 'demo_python_service' build argument 'cmake_clean_cache' from command line to 'False'
[0.127s] Level 5:colcon.colcon_core.verb:set package 'demo_python_service' build argument 'cmake_clean_first' from command line to 'False'
[0.127s] Level 5:colcon.colcon_core.verb:set package 'demo_python_service' build argument 'cmake_force_configure' from command line to 'False'
[0.127s] Level 5:colcon.colcon_core.verb:set package 'demo_python_service' build argument 'ament_cmake_args' from command line to 'None'
[0.127s] Level 5:colcon.colcon_core.verb:set package 'demo_python_service' build argument 'catkin_cmake_args' from command line to 'None'
[0.127s] Level 5:colcon.colcon_core.verb:set package 'demo_python_service' build argument 'catkin_skip_building_tests' from command line to 'False'
[0.127s] DEBUG:colcon.colcon_core.verb:Building package 'demo_python_service' with the following arguments: {'ament_cmake_args': None, 'build_base': '/home/honhe/learn_ros/Chapter4/Chapter4_ws/build/demo_python_service', 'catkin_cmake_args': None, 'catkin_skip_building_tests': False, 'cmake_args': None, 'cmake_clean_cache': False, 'cmake_clean_first': False, 'cmake_force_configure': False, 'cmake_target': None, 'cmake_target_skip_unavailable': False, 'install_base': '/home/honhe/learn_ros/Chapter4/Chapter4_ws/install/demo_python_service', 'merge_install': False, 'path': '/home/honhe/learn_ros/Chapter4/Chapter4_ws/src/demo_python_service', 'symlink_install': False, 'test_result_base': None}
[0.127s] INFO:colcon.colcon_core.executor:Executing jobs using 'parallel' executor
[0.128s] DEBUG:colcon.colcon_parallel_executor.executor.parallel:run_until_complete
[0.128s] INFO:colcon.colcon_ros.task.ament_cmake.build:Building ROS package in '/home/honhe/learn_ros/Chapter4/Chapter4_ws/src/chapt4_interfaces' with build type 'ament_cmake'
[0.128s] INFO:colcon.colcon_cmake.task.cmake.build:Building CMake package in '/home/honhe/learn_ros/Chapter4/Chapter4_ws/src/chapt4_interfaces'
[0.129s] INFO:colcon.colcon_core.plugin_system:Skipping extension 'colcon_core.shell.bat': Not used on non-Windows systems
[0.129s] INFO:colcon.colcon_core.shell:Skip shell extension 'powershell' for command environment: Not usable outside of PowerShell
[0.129s] DEBUG:colcon.colcon_core.shell:Skip shell extension 'dsv' for command environment
[0.136s] DEBUG:colcon.colcon_core.event_handler.log_command:Invoking command in '/home/honhe/learn_ros/Chapter4/Chapter4_ws/build/chapt4_interfaces': CMAKE_PREFIX_PATH=${CMAKE_PREFIX_PATH}:/home/honhe/learn_ros/Chapter4/Chapter4_ws/install/demo_python_service:/opt/ros/jazzy DEBUGINFOD_URLS=https://debuginfod.ubuntu.com VIRTUAL_ENV_PROMPT=(learn_ros_venv) /usr/bin/cmake --build /home/honhe/learn_ros/Chapter4/Chapter4_ws/build/chapt4_interfaces -- -j32 -l32
[0.354s] DEBUG:colcon.colcon_core.event_handler.log_command:Invoked command in '/home/honhe/learn_ros/Chapter4/Chapter4_ws/build/chapt4_interfaces' returned '0': CMAKE_PREFIX_PATH=${CMAKE_PREFIX_PATH}:/home/honhe/learn_ros/Chapter4/Chapter4_ws/install/demo_python_service:/opt/ros/jazzy DEBUGINFOD_URLS=https://debuginfod.ubuntu.com VIRTUAL_ENV_PROMPT=(learn_ros_venv) /usr/bin/cmake --build /home/honhe/learn_ros/Chapter4/Chapter4_ws/build/chapt4_interfaces -- -j32 -l32
[0.362s] DEBUG:colcon.colcon_core.event_handler.log_command:Invoking command in '/home/honhe/learn_ros/Chapter4/Chapter4_ws/build/chapt4_interfaces': CMAKE_PREFIX_PATH=${CMAKE_PREFIX_PATH}:/home/honhe/learn_ros/Chapter4/Chapter4_ws/install/demo_python_service:/opt/ros/jazzy DEBUGINFOD_URLS=https://debuginfod.ubuntu.com VIRTUAL_ENV_PROMPT=(learn_ros_venv) /usr/bin/cmake --install /home/honhe/learn_ros/Chapter4/Chapter4_ws/build/chapt4_interfaces
[0.400s] Level 1:colcon.colcon_core.environment:create_environment_scripts_only(chapt4_interfaces)
[0.401s] DEBUG:colcon.colcon_core.event_handler.log_command:Invoked command in '/home/honhe/learn_ros/Chapter4/Chapter4_ws/build/chapt4_interfaces' returned '0': CMAKE_PREFIX_PATH=${CMAKE_PREFIX_PATH}:/home/honhe/learn_ros/Chapter4/Chapter4_ws/install/demo_python_service:/opt/ros/jazzy DEBUGINFOD_URLS=https://debuginfod.ubuntu.com VIRTUAL_ENV_PROMPT=(learn_ros_venv) /usr/bin/cmake --install /home/honhe/learn_ros/Chapter4/Chapter4_ws/build/chapt4_interfaces
[0.402s] Level 1:colcon.colcon_core.environment:checking '/home/honhe/learn_ros/Chapter4/Chapter4_ws/install/chapt4_interfaces' for CMake module files
[0.402s] Level 1:colcon.colcon_core.environment:checking '/home/honhe/learn_ros/Chapter4/Chapter4_ws/install/chapt4_interfaces' for CMake config files
[0.402s] Level 1:colcon.colcon_core.shell:create_environment_hook('chapt4_interfaces', 'cmake_prefix_path')
[0.402s] INFO:colcon.colcon_core.shell:Creating environment hook '/home/honhe/learn_ros/Chapter4/Chapter4_ws/install/chapt4_interfaces/share/chapt4_interfaces/hook/cmake_prefix_path.ps1'
[0.402s] INFO:colcon.colcon_core.shell:Creating environment descriptor '/home/honhe/learn_ros/Chapter4/Chapter4_ws/install/chapt4_interfaces/share/chapt4_interfaces/hook/cmake_prefix_path.dsv'
[0.403s] INFO:colcon.colcon_core.shell:Creating environment hook '/home/honhe/learn_ros/Chapter4/Chapter4_ws/install/chapt4_interfaces/share/chapt4_interfaces/hook/cmake_prefix_path.sh'
[0.403s] Level 1:colcon.colcon_core.environment:checking '/home/honhe/learn_ros/Chapter4/Chapter4_ws/install/chapt4_interfaces/lib'
[0.403s] Level 1:colcon.colcon_core.shell:create_environment_hook('chapt4_interfaces', 'ld_library_path_lib')
[0.403s] INFO:colcon.colcon_core.shell:Creating environment hook '/home/honhe/learn_ros/Chapter4/Chapter4_ws/install/chapt4_interfaces/share/chapt4_interfaces/hook/ld_library_path_lib.ps1'
[0.403s] INFO:colcon.colcon_core.shell:Creating environment descriptor '/home/honhe/learn_ros/Chapter4/Chapter4_ws/install/chapt4_interfaces/share/chapt4_interfaces/hook/ld_library_path_lib.dsv'
[0.403s] INFO:colcon.colcon_core.shell:Creating environment hook '/home/honhe/learn_ros/Chapter4/Chapter4_ws/install/chapt4_interfaces/share/chapt4_interfaces/hook/ld_library_path_lib.sh'
[0.404s] Level 1:colcon.colcon_core.environment:checking '/home/honhe/learn_ros/Chapter4/Chapter4_ws/install/chapt4_interfaces/bin'
[0.404s] Level 1:colcon.colcon_core.environment:checking '/home/honhe/learn_ros/Chapter4/Chapter4_ws/install/chapt4_interfaces/lib/pkgconfig/chapt4_interfaces.pc'
[0.404s] Level 1:colcon.colcon_core.environment:checking '/home/honhe/learn_ros/Chapter4/Chapter4_ws/install/chapt4_interfaces/lib/python3.12/site-packages'
[0.404s] Level 1:colcon.colcon_core.shell:create_environment_hook('chapt4_interfaces', 'pythonpath')
[0.404s] INFO:colcon.colcon_core.shell:Creating environment hook '/home/honhe/learn_ros/Chapter4/Chapter4_ws/install/chapt4_interfaces/share/chapt4_interfaces/hook/pythonpath.ps1'
[0.404s] INFO:colcon.colcon_core.shell:Creating environment descriptor '/home/honhe/learn_ros/Chapter4/Chapter4_ws/install/chapt4_interfaces/share/chapt4_interfaces/hook/pythonpath.dsv'
[0.404s] INFO:colcon.colcon_core.shell:Creating environment hook '/home/honhe/learn_ros/Chapter4/Chapter4_ws/install/chapt4_interfaces/share/chapt4_interfaces/hook/pythonpath.sh'
[0.404s] Level 1:colcon.colcon_core.environment:checking '/home/honhe/learn_ros/Chapter4/Chapter4_ws/install/chapt4_interfaces/bin'
[0.404s] INFO:colcon.colcon_core.shell:Creating package script '/home/honhe/learn_ros/Chapter4/Chapter4_ws/install/chapt4_interfaces/share/chapt4_interfaces/package.ps1'
[0.405s] INFO:colcon.colcon_core.shell:Creating package descriptor '/home/honhe/learn_ros/Chapter4/Chapter4_ws/install/chapt4_interfaces/share/chapt4_interfaces/package.dsv'
[0.405s] INFO:colcon.colcon_core.shell:Creating package script '/home/honhe/learn_ros/Chapter4/Chapter4_ws/install/chapt4_interfaces/share/chapt4_interfaces/package.sh'
[0.405s] INFO:colcon.colcon_core.shell:Creating package script '/home/honhe/learn_ros/Chapter4/Chapter4_ws/install/chapt4_interfaces/share/chapt4_interfaces/package.bash'
[0.405s] INFO:colcon.colcon_core.shell:Creating package script '/home/honhe/learn_ros/Chapter4/Chapter4_ws/install/chapt4_interfaces/share/chapt4_interfaces/package.zsh'
[0.406s] Level 1:colcon.colcon_core.environment:create_file_with_runtime_dependencies(/home/honhe/learn_ros/Chapter4/Chapter4_ws/install/chapt4_interfaces/share/colcon-core/packages/chapt4_interfaces)
[0.406s] Level 1:colcon.colcon_core.environment:create_environment_scripts_only(chapt4_interfaces)
[0.406s] Level 1:colcon.colcon_core.environment:checking '/home/honhe/learn_ros/Chapter4/Chapter4_ws/install/chapt4_interfaces' for CMake module files
[0.406s] Level 1:colcon.colcon_core.environment:checking '/home/honhe/learn_ros/Chapter4/Chapter4_ws/install/chapt4_interfaces' for CMake config files
[0.406s] Level 1:colcon.colcon_core.shell:create_environment_hook('chapt4_interfaces', 'cmake_prefix_path')
[0.406s] INFO:colcon.colcon_core.shell:Creating environment hook '/home/honhe/learn_ros/Chapter4/Chapter4_ws/install/chapt4_interfaces/share/chapt4_interfaces/hook/cmake_prefix_path.ps1'
[0.407s] INFO:colcon.colcon_core.shell:Creating environment descriptor '/home/honhe/learn_ros/Chapter4/Chapter4_ws/install/chapt4_interfaces/share/chapt4_interfaces/hook/cmake_prefix_path.dsv'
[0.407s] INFO:colcon.colcon_core.shell:Creating environment hook '/home/honhe/learn_ros/Chapter4/Chapter4_ws/install/chapt4_interfaces/share/chapt4_interfaces/hook/cmake_prefix_path.sh'
[0.407s] Level 1:colcon.colcon_core.environment:checking '/home/honhe/learn_ros/Chapter4/Chapter4_ws/install/chapt4_interfaces/lib'
[0.407s] Level 1:colcon.colcon_core.shell:create_environment_hook('chapt4_interfaces', 'ld_library_path_lib')
[0.407s] INFO:colcon.colcon_core.shell:Creating environment hook '/home/honhe/learn_ros/Chapter4/Chapter4_ws/install/chapt4_interfaces/share/chapt4_interfaces/hook/ld_library_path_lib.ps1'
[0.407s] INFO:colcon.colcon_core.shell:Creating environment descriptor '/home/honhe/learn_ros/Chapter4/Chapter4_ws/install/chapt4_interfaces/share/chapt4_interfaces/hook/ld_library_path_lib.dsv'
[0.407s] INFO:colcon.colcon_core.shell:Creating environment hook '/home/honhe/learn_ros/Chapter4/Chapter4_ws/install/chapt4_interfaces/share/chapt4_interfaces/hook/ld_library_path_lib.sh'
[0.408s] Level 1:colcon.colcon_core.environment:checking '/home/honhe/learn_ros/Chapter4/Chapter4_ws/install/chapt4_interfaces/bin'
[0.408s] Level 1:colcon.colcon_core.environment:checking '/home/honhe/learn_ros/Chapter4/Chapter4_ws/install/chapt4_interfaces/lib/pkgconfig/chapt4_interfaces.pc'
[0.408s] Level 1:colcon.colcon_core.environment:checking '/home/honhe/learn_ros/Chapter4/Chapter4_ws/install/chapt4_interfaces/lib/python3.12/site-packages'
[0.408s] Level 1:colcon.colcon_core.shell:create_environment_hook('chapt4_interfaces', 'pythonpath')
[0.408s] INFO:colcon.colcon_core.shell:Creating environment hook '/home/honhe/learn_ros/Chapter4/Chapter4_ws/install/chapt4_interfaces/share/chapt4_interfaces/hook/pythonpath.ps1'
[0.408s] INFO:colcon.colcon_core.shell:Creating environment descriptor '/home/honhe/learn_ros/Chapter4/Chapter4_ws/install/chapt4_interfaces/share/chapt4_interfaces/hook/pythonpath.dsv'
[0.408s] INFO:colcon.colcon_core.shell:Creating environment hook '/home/honhe/learn_ros/Chapter4/Chapter4_ws/install/chapt4_interfaces/share/chapt4_interfaces/hook/pythonpath.sh'
[0.408s] Level 1:colcon.colcon_core.environment:checking '/home/honhe/learn_ros/Chapter4/Chapter4_ws/install/chapt4_interfaces/bin'
[0.408s] INFO:colcon.colcon_core.shell:Creating package script '/home/honhe/learn_ros/Chapter4/Chapter4_ws/install/chapt4_interfaces/share/chapt4_interfaces/package.ps1'
[0.409s] INFO:colcon.colcon_core.shell:Creating package descriptor '/home/honhe/learn_ros/Chapter4/Chapter4_ws/install/chapt4_interfaces/share/chapt4_interfaces/package.dsv'
[0.409s] INFO:colcon.colcon_core.shell:Creating package script '/home/honhe/learn_ros/Chapter4/Chapter4_ws/install/chapt4_interfaces/share/chapt4_interfaces/package.sh'
[0.409s] INFO:colcon.colcon_core.shell:Creating package script '/home/honhe/learn_ros/Chapter4/Chapter4_ws/install/chapt4_interfaces/share/chapt4_interfaces/package.bash'
[0.409s] INFO:colcon.colcon_core.shell:Creating package script '/home/honhe/learn_ros/Chapter4/Chapter4_ws/install/chapt4_interfaces/share/chapt4_interfaces/package.zsh'
[0.409s] Level 1:colcon.colcon_core.environment:create_file_with_runtime_dependencies(/home/honhe/learn_ros/Chapter4/Chapter4_ws/install/chapt4_interfaces/share/colcon-core/packages/chapt4_interfaces)
[0.409s] INFO:colcon.colcon_ros.task.ament_cmake.build:Building ROS package in '/home/honhe/learn_ros/Chapter4/Chapter4_ws/src/demo_cpp_service' with build type 'ament_cmake'
[0.409s] INFO:colcon.colcon_cmake.task.cmake.build:Building CMake package in '/home/honhe/learn_ros/Chapter4/Chapter4_ws/src/demo_cpp_service'
[0.410s] INFO:colcon.colcon_core.shell:Skip shell extension 'powershell' for command environment: Not usable outside of PowerShell
[0.410s] DEBUG:colcon.colcon_core.shell:Skip shell extension 'dsv' for command environment
[0.412s] INFO:colcon.colcon_ros.task.ament_python.build:Building ROS package in '/home/honhe/learn_ros/Chapter4/Chapter4_ws/src/demo_python_service' with build type 'ament_python'
[0.412s] Level 1:colcon.colcon_core.shell:create_environment_hook('demo_python_service', 'ament_prefix_path')
[0.412s] INFO:colcon.colcon_core.shell:Creating environment hook '/home/honhe/learn_ros/Chapter4/Chapter4_ws/install/demo_python_service/share/demo_python_service/hook/ament_prefix_path.ps1'
[0.412s] INFO:colcon.colcon_core.shell:Creating environment descriptor '/home/honhe/learn_ros/Chapter4/Chapter4_ws/install/demo_python_service/share/demo_python_service/hook/ament_prefix_path.dsv'
[0.412s] INFO:colcon.colcon_core.shell:Creating environment hook '/home/honhe/learn_ros/Chapter4/Chapter4_ws/install/demo_python_service/share/demo_python_service/hook/ament_prefix_path.sh'
[0.412s] INFO:colcon.colcon_core.shell:Skip shell extension 'powershell' for command environment: Not usable outside of PowerShell
[0.412s] DEBUG:colcon.colcon_core.shell:Skip shell extension 'dsv' for command environment
[0.417s] DEBUG:colcon.colcon_core.event_handler.log_command:Invoking command in '/home/honhe/learn_ros/Chapter4/Chapter4_ws/build/demo_cpp_service': CMAKE_PREFIX_PATH=/home/honhe/learn_ros/Chapter4/Chapter4_ws/install/chapt4_interfaces:/home/honhe/learn_ros/Chapter4/Chapter4_ws/install/demo_cpp_service:/opt/ros/jazzy/opt/gz_math_vendor:/opt/ros/jazzy/opt/gz_utils_vendor:/opt/ros/jazzy/opt/gz_cmake_vendor:/home/honhe/learn_ros/Chapter4/Chapter4_ws/install/demo_python_service:/opt/ros/jazzy DEBUGINFOD_URLS=https://debuginfod.ubuntu.com PYTHONPATH=/home/honhe/learn_ros/Chapter4/Chapter4_ws/install/chapt4_interfaces/lib/python3.12/site-packages:/home/honhe/learn_ros/Chapter4/Chapter4_ws/install/demo_python_service/lib/python3.12/site-packages:/opt/ros/jazzy/lib/python3.12/site-packages VIRTUAL_ENV_PROMPT=(learn_ros_venv) /usr/bin/cmake --build /home/honhe/learn_ros/Chapter4/Chapter4_ws/build/demo_cpp_service -- -j32 -l32
[0.530s] INFO:colcon.colcon_core.task.python.build:Building Python package in '/home/honhe/learn_ros/Chapter4/Chapter4_ws/src/demo_python_service'
[0.530s] INFO:colcon.colcon_core.shell:Skip shell extension 'powershell' for command environment: Not usable outside of PowerShell
[0.530s] DEBUG:colcon.colcon_core.shell:Skip shell extension 'dsv' for command environment
[0.532s] DEBUG:colcon.colcon_core.event_handler.log_command:Invoked command in '/home/honhe/learn_ros/Chapter4/Chapter4_ws/build/demo_cpp_service' returned '0': CMAKE_PREFIX_PATH=/home/honhe/learn_ros/Chapter4/Chapter4_ws/install/chapt4_interfaces:/home/honhe/learn_ros/Chapter4/Chapter4_ws/install/demo_cpp_service:/opt/ros/jazzy/opt/gz_math_vendor:/opt/ros/jazzy/opt/gz_utils_vendor:/opt/ros/jazzy/opt/gz_cmake_vendor:/home/honhe/learn_ros/Chapter4/Chapter4_ws/install/demo_python_service:/opt/ros/jazzy DEBUGINFOD_URLS=https://debuginfod.ubuntu.com PYTHONPATH=/home/honhe/learn_ros/Chapter4/Chapter4_ws/install/chapt4_interfaces/lib/python3.12/site-packages:/home/honhe/learn_ros/Chapter4/Chapter4_ws/install/demo_python_service/lib/python3.12/site-packages:/opt/ros/jazzy/lib/python3.12/site-packages VIRTUAL_ENV_PROMPT=(learn_ros_venv) /usr/bin/cmake --build /home/honhe/learn_ros/Chapter4/Chapter4_ws/build/demo_cpp_service -- -j32 -l32
[0.533s] DEBUG:colcon.colcon_core.event_handler.log_command:Invoking command in '/home/honhe/learn_ros/Chapter4/Chapter4_ws/build/demo_cpp_service': CMAKE_PREFIX_PATH=/home/honhe/learn_ros/Chapter4/Chapter4_ws/install/chapt4_interfaces:/home/honhe/learn_ros/Chapter4/Chapter4_ws/install/demo_cpp_service:/opt/ros/jazzy/opt/gz_math_vendor:/opt/ros/jazzy/opt/gz_utils_vendor:/opt/ros/jazzy/opt/gz_cmake_vendor:/home/honhe/learn_ros/Chapter4/Chapter4_ws/install/demo_python_service:/opt/ros/jazzy DEBUGINFOD_URLS=https://debuginfod.ubuntu.com PYTHONPATH=/home/honhe/learn_ros/Chapter4/Chapter4_ws/install/chapt4_interfaces/lib/python3.12/site-packages:/home/honhe/learn_ros/Chapter4/Chapter4_ws/install/demo_python_service/lib/python3.12/site-packages:/opt/ros/jazzy/lib/python3.12/site-packages VIRTUAL_ENV_PROMPT=(learn_ros_venv) /usr/bin/cmake --install /home/honhe/learn_ros/Chapter4/Chapter4_ws/build/demo_cpp_service
[0.539s] Level 1:colcon.colcon_core.environment:create_environment_scripts_only(demo_cpp_service)
[0.539s] Level 1:colcon.colcon_core.environment:checking '/home/honhe/learn_ros/Chapter4/Chapter4_ws/install/demo_cpp_service' for CMake module files
[0.540s] DEBUG:colcon.colcon_core.event_handler.log_command:Invoked command in '/home/honhe/learn_ros/Chapter4/Chapter4_ws/build/demo_cpp_service' returned '0': CMAKE_PREFIX_PATH=/home/honhe/learn_ros/Chapter4/Chapter4_ws/install/chapt4_interfaces:/home/honhe/learn_ros/Chapter4/Chapter4_ws/install/demo_cpp_service:/opt/ros/jazzy/opt/gz_math_vendor:/opt/ros/jazzy/opt/gz_utils_vendor:/opt/ros/jazzy/opt/gz_cmake_vendor:/home/honhe/learn_ros/Chapter4/Chapter4_ws/install/demo_python_service:/opt/ros/jazzy DEBUGINFOD_URLS=https://debuginfod.ubuntu.com PYTHONPATH=/home/honhe/learn_ros/Chapter4/Chapter4_ws/install/chapt4_interfaces/lib/python3.12/site-packages:/home/honhe/learn_ros/Chapter4/Chapter4_ws/install/demo_python_service/lib/python3.12/site-packages:/opt/ros/jazzy/lib/python3.12/site-packages VIRTUAL_ENV_PROMPT=(learn_ros_venv) /usr/bin/cmake --install /home/honhe/learn_ros/Chapter4/Chapter4_ws/build/demo_cpp_service
[0.540s] Level 1:colcon.colcon_core.environment:checking '/home/honhe/learn_ros/Chapter4/Chapter4_ws/install/demo_cpp_service' for CMake config files
[0.540s] Level 1:colcon.colcon_core.shell:create_environment_hook('demo_cpp_service', 'cmake_prefix_path')
[0.540s] INFO:colcon.colcon_core.shell:Creating environment hook '/home/honhe/learn_ros/Chapter4/Chapter4_ws/install/demo_cpp_service/share/demo_cpp_service/hook/cmake_prefix_path.ps1'
[0.540s] INFO:colcon.colcon_core.shell:Creating environment descriptor '/home/honhe/learn_ros/Chapter4/Chapter4_ws/install/demo_cpp_service/share/demo_cpp_service/hook/cmake_prefix_path.dsv'
[0.541s] INFO:colcon.colcon_core.shell:Creating environment hook '/home/honhe/learn_ros/Chapter4/Chapter4_ws/install/demo_cpp_service/share/demo_cpp_service/hook/cmake_prefix_path.sh'
[0.541s] Level 1:colcon.colcon_core.environment:checking '/home/honhe/learn_ros/Chapter4/Chapter4_ws/install/demo_cpp_service/lib'
[0.541s] Level 1:colcon.colcon_core.environment:checking '/home/honhe/learn_ros/Chapter4/Chapter4_ws/install/demo_cpp_service/bin'
[0.541s] Level 1:colcon.colcon_core.environment:checking '/home/honhe/learn_ros/Chapter4/Chapter4_ws/install/demo_cpp_service/lib/pkgconfig/demo_cpp_service.pc'
[0.541s] Level 1:colcon.colcon_core.environment:checking '/home/honhe/learn_ros/Chapter4/Chapter4_ws/install/demo_cpp_service/lib/python3.12/site-packages'
[0.542s] Level 1:colcon.colcon_core.environment:checking '/home/honhe/learn_ros/Chapter4/Chapter4_ws/install/demo_cpp_service/bin'
[0.542s] INFO:colcon.colcon_core.shell:Creating package script '/home/honhe/learn_ros/Chapter4/Chapter4_ws/install/demo_cpp_service/share/demo_cpp_service/package.ps1'
[0.542s] INFO:colcon.colcon_core.shell:Creating package descriptor '/home/honhe/learn_ros/Chapter4/Chapter4_ws/install/demo_cpp_service/share/demo_cpp_service/package.dsv'
[0.542s] INFO:colcon.colcon_core.shell:Creating package script '/home/honhe/learn_ros/Chapter4/Chapter4_ws/install/demo_cpp_service/share/demo_cpp_service/package.sh'
[0.543s] INFO:colcon.colcon_core.shell:Creating package script '/home/honhe/learn_ros/Chapter4/Chapter4_ws/install/demo_cpp_service/share/demo_cpp_service/package.bash'
[0.543s] INFO:colcon.colcon_core.shell:Creating package script '/home/honhe/learn_ros/Chapter4/Chapter4_ws/install/demo_cpp_service/share/demo_cpp_service/package.zsh'
[0.543s] Level 1:colcon.colcon_core.environment:create_file_with_runtime_dependencies(/home/honhe/learn_ros/Chapter4/Chapter4_ws/install/demo_cpp_service/share/colcon-core/packages/demo_cpp_service)
[0.543s] Level 1:colcon.colcon_core.environment:create_environment_scripts_only(demo_cpp_service)
[0.543s] Level 1:colcon.colcon_core.environment:checking '/home/honhe/learn_ros/Chapter4/Chapter4_ws/install/demo_cpp_service' for CMake module files
[0.543s] Level 1:colcon.colcon_core.environment:checking '/home/honhe/learn_ros/Chapter4/Chapter4_ws/install/demo_cpp_service' for CMake config files
[0.543s] Level 1:colcon.colcon_core.shell:create_environment_hook('demo_cpp_service', 'cmake_prefix_path')
[0.543s] INFO:colcon.colcon_core.shell:Creating environment hook '/home/honhe/learn_ros/Chapter4/Chapter4_ws/install/demo_cpp_service/share/demo_cpp_service/hook/cmake_prefix_path.ps1'
[0.544s] INFO:colcon.colcon_core.shell:Creating environment descriptor '/home/honhe/learn_ros/Chapter4/Chapter4_ws/install/demo_cpp_service/share/demo_cpp_service/hook/cmake_prefix_path.dsv'
[0.544s] INFO:colcon.colcon_core.shell:Creating environment hook '/home/honhe/learn_ros/Chapter4/Chapter4_ws/install/demo_cpp_service/share/demo_cpp_service/hook/cmake_prefix_path.sh'
[0.544s] Level 1:colcon.colcon_core.environment:checking '/home/honhe/learn_ros/Chapter4/Chapter4_ws/install/demo_cpp_service/lib'
[0.544s] Level 1:colcon.colcon_core.environment:checking '/home/honhe/learn_ros/Chapter4/Chapter4_ws/install/demo_cpp_service/bin'
[0.544s] Level 1:colcon.colcon_core.environment:checking '/home/honhe/learn_ros/Chapter4/Chapter4_ws/install/demo_cpp_service/lib/pkgconfig/demo_cpp_service.pc'
[0.544s] Level 1:colcon.colcon_core.environment:checking '/home/honhe/learn_ros/Chapter4/Chapter4_ws/install/demo_cpp_service/lib/python3.12/site-packages'
[0.544s] Level 1:colcon.colcon_core.environment:checking '/home/honhe/learn_ros/Chapter4/Chapter4_ws/install/demo_cpp_service/bin'
[0.544s] INFO:colcon.colcon_core.shell:Creating package script '/home/honhe/learn_ros/Chapter4/Chapter4_ws/install/demo_cpp_service/share/demo_cpp_service/package.ps1'
[0.544s] INFO:colcon.colcon_core.shell:Creating package descriptor '/home/honhe/learn_ros/Chapter4/Chapter4_ws/install/demo_cpp_service/share/demo_cpp_service/package.dsv'
[0.545s] INFO:colcon.colcon_core.shell:Creating package script '/home/honhe/learn_ros/Chapter4/Chapter4_ws/install/demo_cpp_service/share/demo_cpp_service/package.sh'
[0.545s] INFO:colcon.colcon_core.shell:Creating package script '/home/honhe/learn_ros/Chapter4/Chapter4_ws/install/demo_cpp_service/share/demo_cpp_service/package.bash'
[0.545s] INFO:colcon.colcon_core.shell:Creating package script '/home/honhe/learn_ros/Chapter4/Chapter4_ws/install/demo_cpp_service/share/demo_cpp_service/package.zsh'
[0.545s] Level 1:colcon.colcon_core.environment:create_file_with_runtime_dependencies(/home/honhe/learn_ros/Chapter4/Chapter4_ws/install/demo_cpp_service/share/colcon-core/packages/demo_cpp_service)
[0.804s] DEBUG:colcon.colcon_core.event_handler.log_command:Invoking command in '/home/honhe/learn_ros/Chapter4/Chapter4_ws/src/demo_python_service': CMAKE_PREFIX_PATH=/home/honhe/learn_ros/Chapter4/Chapter4_ws/install/chapt4_interfaces:/home/honhe/learn_ros/Chapter4/Chapter4_ws/install/demo_cpp_service:/opt/ros/jazzy/opt/gz_math_vendor:/opt/ros/jazzy/opt/gz_utils_vendor:/opt/ros/jazzy/opt/gz_cmake_vendor DEBUGINFOD_URLS=https://debuginfod.ubuntu.com PYTHONPATH=/home/honhe/learn_ros/Chapter4/Chapter4_ws/build/demo_python_service/prefix_override:/usr/lib/python3/dist-packages/colcon_core/task/python/colcon_distutils_commands:/home/honhe/learn_ros/Chapter4/Chapter4_ws/install/demo_python_service/lib/python3.12/site-packages:/home/honhe/learn_ros/Chapter4/Chapter4_ws/install/chapt4_interfaces/lib/python3.12/site-packages:/home/honhe/learn_ros/Chapter4/Chapter4_ws/install/demo_python_service/lib/python3.12/site-packages:/opt/ros/jazzy/lib/python3.12/site-packages VIRTUAL_ENV_PROMPT=(learn_ros_venv) /usr/bin/python3 -W ignore:setup.py install is deprecated -W ignore:easy_install command is deprecated setup.py egg_info --egg-base ../../build/demo_python_service build --build-base /home/honhe/learn_ros/Chapter4/Chapter4_ws/build/demo_python_service/build install --record /home/honhe/learn_ros/Chapter4/Chapter4_ws/build/demo_python_service/install.log --single-version-externally-managed install_data
[1.049s] Level 1:colcon.colcon_core.environment:checking '/home/honhe/learn_ros/Chapter4/Chapter4_ws/install/demo_python_service' for CMake module files
[1.049s] DEBUG:colcon.colcon_core.event_handler.log_command:Invoked command in '/home/honhe/learn_ros/Chapter4/Chapter4_ws/src/demo_python_service' returned '0': CMAKE_PREFIX_PATH=/home/honhe/learn_ros/Chapter4/Chapter4_ws/install/chapt4_interfaces:/home/honhe/learn_ros/Chapter4/Chapter4_ws/install/demo_cpp_service:/opt/ros/jazzy/opt/gz_math_vendor:/opt/ros/jazzy/opt/gz_utils_vendor:/opt/ros/jazzy/opt/gz_cmake_vendor DEBUGINFOD_URLS=https://debuginfod.ubuntu.com PYTHONPATH=/home/honhe/learn_ros/Chapter4/Chapter4_ws/build/demo_python_service/prefix_override:/usr/lib/python3/dist-packages/colcon_core/task/python/colcon_distutils_commands:/home/honhe/learn_ros/Chapter4/Chapter4_ws/install/demo_python_service/lib/python3.12/site-packages:/home/honhe/learn_ros/Chapter4/Chapter4_ws/install/chapt4_interfaces/lib/python3.12/site-packages:/home/honhe/learn_ros/Chapter4/Chapter4_ws/install/demo_python_service/lib/python3.12/site-packages:/opt/ros/jazzy/lib/python3.12/site-packages VIRTUAL_ENV_PROMPT=(learn_ros_venv) /usr/bin/python3 -W ignore:setup.py install is deprecated -W ignore:easy_install command is deprecated setup.py egg_info --egg-base ../../build/demo_python_service build --build-base /home/honhe/learn_ros/Chapter4/Chapter4_ws/build/demo_python_service/build install --record /home/honhe/learn_ros/Chapter4/Chapter4_ws/build/demo_python_service/install.log --single-version-externally-managed install_data
[1.050s] Level 1:colcon.colcon_core.environment:checking '/home/honhe/learn_ros/Chapter4/Chapter4_ws/install/demo_python_service' for CMake config files
[1.050s] Level 1:colcon.colcon_core.environment:checking '/home/honhe/learn_ros/Chapter4/Chapter4_ws/install/demo_python_service/lib'
[1.050s] Level 1:colcon.colcon_core.environment:checking '/home/honhe/learn_ros/Chapter4/Chapter4_ws/install/demo_python_service/bin'
[1.050s] Level 1:colcon.colcon_core.environment:checking '/home/honhe/learn_ros/Chapter4/Chapter4_ws/install/demo_python_service/lib/pkgconfig/demo_python_service.pc'
[1.050s] Level 1:colcon.colcon_core.environment:checking '/home/honhe/learn_ros/Chapter4/Chapter4_ws/install/demo_python_service/lib/python3.12/site-packages'
[1.050s] Level 1:colcon.colcon_core.shell:create_environment_hook('demo_python_service', 'pythonpath')
[1.051s] INFO:colcon.colcon_core.shell:Creating environment hook '/home/honhe/learn_ros/Chapter4/Chapter4_ws/install/demo_python_service/share/demo_python_service/hook/pythonpath.ps1'
[1.051s] INFO:colcon.colcon_core.shell:Creating environment descriptor '/home/honhe/learn_ros/Chapter4/Chapter4_ws/install/demo_python_service/share/demo_python_service/hook/pythonpath.dsv'
[1.051s] INFO:colcon.colcon_core.shell:Creating environment hook '/home/honhe/learn_ros/Chapter4/Chapter4_ws/install/demo_python_service/share/demo_python_service/hook/pythonpath.sh'
[1.052s] Level 1:colcon.colcon_core.environment:checking '/home/honhe/learn_ros/Chapter4/Chapter4_ws/install/demo_python_service/bin'
[1.052s] Level 1:colcon.colcon_core.environment:create_environment_scripts_only(demo_python_service)
[1.052s] INFO:colcon.colcon_core.shell:Creating package script '/home/honhe/learn_ros/Chapter4/Chapter4_ws/install/demo_python_service/share/demo_python_service/package.ps1'
[1.052s] INFO:colcon.colcon_core.shell:Creating package descriptor '/home/honhe/learn_ros/Chapter4/Chapter4_ws/install/demo_python_service/share/demo_python_service/package.dsv'
[1.052s] INFO:colcon.colcon_core.shell:Creating package script '/home/honhe/learn_ros/Chapter4/Chapter4_ws/install/demo_python_service/share/demo_python_service/package.sh'
[1.052s] INFO:colcon.colcon_core.shell:Creating package script '/home/honhe/learn_ros/Chapter4/Chapter4_ws/install/demo_python_service/share/demo_python_service/package.bash'
[1.052s] INFO:colcon.colcon_core.shell:Creating package script '/home/honhe/learn_ros/Chapter4/Chapter4_ws/install/demo_python_service/share/demo_python_service/package.zsh'
[1.053s] Level 1:colcon.colcon_core.environment:create_file_with_runtime_dependencies(/home/honhe/learn_ros/Chapter4/Chapter4_ws/install/demo_python_service/share/colcon-core/packages/demo_python_service)
[1.053s] DEBUG:colcon.colcon_parallel_executor.executor.parallel:closing loop
[1.053s] DEBUG:colcon.colcon_parallel_executor.executor.parallel:loop closed
[1.053s] DEBUG:colcon.colcon_parallel_executor.executor.parallel:run_until_complete finished with '0'
[1.053s] DEBUG:colcon.colcon_core.event_reactor:joining thread
[1.056s] INFO:colcon.colcon_core.plugin_system:Skipping extension 'colcon_notification.desktop_notification.terminal_notifier': Not used on non-Darwin systems
[1.056s] INFO:colcon.colcon_core.plugin_system:Skipping extension 'colcon_notification.desktop_notification.win32': Not used on non-Windows systems
[1.056s] INFO:colcon.colcon_notification.desktop_notification:Sending desktop notification using 'notify2'
[1.068s] DEBUG:colcon.colcon_core.event_reactor:joined thread
[1.068s] INFO:colcon.colcon_core.shell:Creating prefix script '/home/honhe/learn_ros/Chapter4/Chapter4_ws/install/local_setup.ps1'
[1.068s] INFO:colcon.colcon_core.shell:Creating prefix util module '/home/honhe/learn_ros/Chapter4/Chapter4_ws/install/_local_setup_util_ps1.py'
[1.069s] INFO:colcon.colcon_core.shell:Creating prefix chain script '/home/honhe/learn_ros/Chapter4/Chapter4_ws/install/setup.ps1'
[1.069s] INFO:colcon.colcon_core.shell:Creating prefix script '/home/honhe/learn_ros/Chapter4/Chapter4_ws/install/local_setup.sh'
[1.069s] INFO:colcon.colcon_core.shell:Creating prefix util module '/home/honhe/learn_ros/Chapter4/Chapter4_ws/install/_local_setup_util_sh.py'
[1.070s] INFO:colcon.colcon_core.shell:Creating prefix chain script '/home/honhe/learn_ros/Chapter4/Chapter4_ws/install/setup.sh'
[1.070s] INFO:colcon.colcon_core.shell:Creating prefix script '/home/honhe/learn_ros/Chapter4/Chapter4_ws/install/local_setup.bash'
[1.070s] INFO:colcon.colcon_core.shell:Creating prefix chain script '/home/honhe/learn_ros/Chapter4/Chapter4_ws/install/setup.bash'
[1.071s] INFO:colcon.colcon_core.shell:Creating prefix script '/home/honhe/learn_ros/Chapter4/Chapter4_ws/install/local_setup.zsh'
[1.071s] INFO:colcon.colcon_core.shell:Creating prefix chain script '/home/honhe/learn_ros/Chapter4/Chapter4_ws/install/setup.zsh'
