[0.006s] Invoking command in '/home/honhe/learn_ros/Chapter2/chapt2_ws/build/demo_cpp_pkg': CMAKE_PREFIX_PATH=${CMAKE_PREFIX_PATH}:/home/honhe/learn_ros/Chapter2/chapt2_ws/install/demo_python_pkg:/home/honhe/learn_ros/Chapter2/install/demo_python_pkg:/opt/ros/jazzy DEBUGINFOD_URLS=https://debuginfod.ubuntu.com /usr/bin/cmake --build /home/honhe/learn_ros/Chapter2/chapt2_ws/build/demo_cpp_pkg -- -j32 -l32
[0.048s] [ 16%] [32mBuilding CXX object CMakeFiles/learn_auto.dir/src/learn_auto.cpp.o[0m
[0.048s] [ 50%] Built target cpp_node
[0.049s] [ 83%] Built target person_node
[0.187s] [100%] [32m[1mLinking CXX executable learn_auto[0m
[0.231s] [100%] Built target learn_auto
[0.239s] Invoked command in '/home/honhe/learn_ros/Chapter2/chapt2_ws/build/demo_cpp_pkg' returned '0': CMAKE_PREFIX_PATH=${CMAKE_PREFIX_PATH}:/home/honhe/learn_ros/Chapter2/chapt2_ws/install/demo_python_pkg:/home/honhe/learn_ros/Chapter2/install/demo_python_pkg:/opt/ros/jazzy DEBUGINFOD_URLS=https://debuginfod.ubuntu.com /usr/bin/cmake --build /home/honhe/learn_ros/Chapter2/chapt2_ws/build/demo_cpp_pkg -- -j32 -l32
[0.251s] Invoking command in '/home/honhe/learn_ros/Chapter2/chapt2_ws/build/demo_cpp_pkg': CMAKE_PREFIX_PATH=${CMAKE_PREFIX_PATH}:/home/honhe/learn_ros/Chapter2/chapt2_ws/install/demo_python_pkg:/home/honhe/learn_ros/Chapter2/install/demo_python_pkg:/opt/ros/jazzy DEBUGINFOD_URLS=https://debuginfod.ubuntu.com /usr/bin/cmake --install /home/honhe/learn_ros/Chapter2/chapt2_ws/build/demo_cpp_pkg
[0.267s] -- Install configuration: ""
[0.267s] -- Up-to-date: /home/honhe/learn_ros/Chapter2/chapt2_ws/install/demo_cpp_pkg/lib/demo_cpp_pkg/cpp_node
[0.268s] -- Up-to-date: /home/honhe/learn_ros/Chapter2/chapt2_ws/install/demo_cpp_pkg/lib/demo_cpp_pkg/person_node
[0.268s] -- Installing: /home/honhe/learn_ros/Chapter2/chapt2_ws/install/demo_cpp_pkg/lib/demo_cpp_pkg/learn_auto
[0.268s] -- Up-to-date: /home/honhe/learn_ros/Chapter2/chapt2_ws/install/demo_cpp_pkg/share/ament_index/resource_index/package_run_dependencies/demo_cpp_pkg
[0.268s] -- Up-to-date: /home/honhe/learn_ros/Chapter2/chapt2_ws/install/demo_cpp_pkg/share/ament_index/resource_index/parent_prefix_path/demo_cpp_pkg
[0.268s] -- Up-to-date: /home/honhe/learn_ros/Chapter2/chapt2_ws/install/demo_cpp_pkg/share/demo_cpp_pkg/environment/ament_prefix_path.sh
[0.268s] -- Up-to-date: /home/honhe/learn_ros/Chapter2/chapt2_ws/install/demo_cpp_pkg/share/demo_cpp_pkg/environment/ament_prefix_path.dsv
[0.268s] -- Up-to-date: /home/honhe/learn_ros/Chapter2/chapt2_ws/install/demo_cpp_pkg/share/demo_cpp_pkg/environment/path.sh
[0.269s] -- Up-to-date: /home/honhe/learn_ros/Chapter2/chapt2_ws/install/demo_cpp_pkg/share/demo_cpp_pkg/environment/path.dsv
[0.269s] -- Up-to-date: /home/honhe/learn_ros/Chapter2/chapt2_ws/install/demo_cpp_pkg/share/demo_cpp_pkg/local_setup.bash
[0.269s] -- Up-to-date: /home/honhe/learn_ros/Chapter2/chapt2_ws/install/demo_cpp_pkg/share/demo_cpp_pkg/local_setup.sh
[0.269s] -- Up-to-date: /home/honhe/learn_ros/Chapter2/chapt2_ws/install/demo_cpp_pkg/share/demo_cpp_pkg/local_setup.zsh
[0.269s] -- Up-to-date: /home/honhe/learn_ros/Chapter2/chapt2_ws/install/demo_cpp_pkg/share/demo_cpp_pkg/local_setup.dsv
[0.269s] -- Installing: /home/honhe/learn_ros/Chapter2/chapt2_ws/install/demo_cpp_pkg/share/demo_cpp_pkg/package.dsv
[0.269s] -- Up-to-date: /home/honhe/learn_ros/Chapter2/chapt2_ws/install/demo_cpp_pkg/share/ament_index/resource_index/packages/demo_cpp_pkg
[0.269s] -- Up-to-date: /home/honhe/learn_ros/Chapter2/chapt2_ws/install/demo_cpp_pkg/share/demo_cpp_pkg/cmake/demo_cpp_pkgConfig.cmake
[0.269s] -- Up-to-date: /home/honhe/learn_ros/Chapter2/chapt2_ws/install/demo_cpp_pkg/share/demo_cpp_pkg/cmake/demo_cpp_pkgConfig-version.cmake
[0.270s] -- Up-to-date: /home/honhe/learn_ros/Chapter2/chapt2_ws/install/demo_cpp_pkg/share/demo_cpp_pkg/package.xml
[0.271s] Invoked command in '/home/honhe/learn_ros/Chapter2/chapt2_ws/build/demo_cpp_pkg' returned '0': CMAKE_PREFIX_PATH=${CMAKE_PREFIX_PATH}:/home/honhe/learn_ros/Chapter2/chapt2_ws/install/demo_python_pkg:/home/honhe/learn_ros/Chapter2/install/demo_python_pkg:/opt/ros/jazzy DEBUGINFOD_URLS=https://debuginfod.ubuntu.com /usr/bin/cmake --install /home/honhe/learn_ros/Chapter2/chapt2_ws/build/demo_cpp_pkg
