[0.007s] Invoking command in '/home/honhe/learn_ros/Chapter6/chapt6_ws/build/fishbot_description': CMAKE_PREFIX_PATH=${CMAKE_PREFIX_PATH}:/opt/ros/jazzy DEBUGINFOD_URLS=https://debuginfod.ubuntu.com /usr/bin/cmake --build /home/honhe/learn_ros/Chapter6/chapt6_ws/build/fishbot_description -- -j32 -l32
[0.026s] -- Found ament_cmake: 2.5.3 (/opt/ros/jazzy/share/ament_cmake/cmake)
[0.198s] -- Found ament_lint_auto: 0.17.1 (/opt/ros/jazzy/share/ament_lint_auto/cmake)
[0.261s] -- Added test 'flake8' to check Python code syntax and style conventions
[0.261s] -- Configured 'flake8' exclude dirs and/or files: 
[0.261s] -- Added test 'lint_cmake' to check CMake code style
[0.261s] -- Added test 'pep257' to check Python code against some of the docstring style conventions in PEP 257
[0.262s] -- Added test 'xmllint' to check XML markup files
[0.263s] -- Configuring done (0.2s)
[0.266s] -- Generating done (0.0s)
[0.268s] -- Build files have been written to: /home/honhe/learn_ros/Chapter6/chapt6_ws/build/fishbot_description
[0.289s] Invoked command in '/home/honhe/learn_ros/Chapter6/chapt6_ws/build/fishbot_description' returned '0': CMAKE_PREFIX_PATH=${CMAKE_PREFIX_PATH}:/opt/ros/jazzy DEBUGINFOD_URLS=https://debuginfod.ubuntu.com /usr/bin/cmake --build /home/honhe/learn_ros/Chapter6/chapt6_ws/build/fishbot_description -- -j32 -l32
[0.305s] Invoking command in '/home/honhe/learn_ros/Chapter6/chapt6_ws/build/fishbot_description': CMAKE_PREFIX_PATH=${CMAKE_PREFIX_PATH}:/opt/ros/jazzy DEBUGINFOD_URLS=https://debuginfod.ubuntu.com /usr/bin/cmake --install /home/honhe/learn_ros/Chapter6/chapt6_ws/build/fishbot_description
[0.319s] -- Install configuration: ""
[0.320s] -- Up-to-date: /home/honhe/learn_ros/Chapter6/chapt6_ws/install/fishbot_description/share/fishbot_description/launch
[0.320s] -- Installing: /home/honhe/learn_ros/Chapter6/chapt6_ws/install/fishbot_description/share/fishbot_description/launch/gazebo_sim.launch.py
[0.321s] -- Up-to-date: /home/honhe/learn_ros/Chapter6/chapt6_ws/install/fishbot_description/share/fishbot_description/launch/display_robot_by_xacro.launch.py
[0.321s] -- Up-to-date: /home/honhe/learn_ros/Chapter6/chapt6_ws/install/fishbot_description/share/fishbot_description/launch/display_robot.launch.py
[0.321s] -- Up-to-date: /home/honhe/learn_ros/Chapter6/chapt6_ws/install/fishbot_description/share/fishbot_description/launch/__pycache__
[0.321s] -- Up-to-date: /home/honhe/learn_ros/Chapter6/chapt6_ws/install/fishbot_description/share/fishbot_description/launch/__pycache__/display_robot.launch.cpython-312.pyc
[0.322s] -- Up-to-date: /home/honhe/learn_ros/Chapter6/chapt6_ws/install/fishbot_description/share/fishbot_description/urdf
[0.322s] -- Up-to-date: /home/honhe/learn_ros/Chapter6/chapt6_ws/install/fishbot_description/share/fishbot_description/urdf/fishbot
[0.322s] -- Up-to-date: /home/honhe/learn_ros/Chapter6/chapt6_ws/install/fishbot_description/share/fishbot_description/urdf/fishbot/actuator
[0.322s] -- Up-to-date: /home/honhe/learn_ros/Chapter6/chapt6_ws/install/fishbot_description/share/fishbot_description/urdf/fishbot/actuator/caster.urdf.xacro
[0.323s] -- Up-to-date: /home/honhe/learn_ros/Chapter6/chapt6_ws/install/fishbot_description/share/fishbot_description/urdf/fishbot/actuator/wheel.urdf.xacro
[0.323s] -- Up-to-date: /home/honhe/learn_ros/Chapter6/chapt6_ws/install/fishbot_description/share/fishbot_description/urdf/fishbot/base.urdf.xacro
[0.323s] -- Up-to-date: /home/honhe/learn_ros/Chapter6/chapt6_ws/install/fishbot_description/share/fishbot_description/urdf/fishbot/common_inertia.xacro
[0.324s] -- Up-to-date: /home/honhe/learn_ros/Chapter6/chapt6_ws/install/fishbot_description/share/fishbot_description/urdf/fishbot/sensor
[0.324s] -- Up-to-date: /home/honhe/learn_ros/Chapter6/chapt6_ws/install/fishbot_description/share/fishbot_description/urdf/fishbot/sensor/laser.urdf.xacro
[0.324s] -- Up-to-date: /home/honhe/learn_ros/Chapter6/chapt6_ws/install/fishbot_description/share/fishbot_description/urdf/fishbot/sensor/camera.urdf.xacro
[0.324s] -- Up-to-date: /home/honhe/learn_ros/Chapter6/chapt6_ws/install/fishbot_description/share/fishbot_description/urdf/fishbot/sensor/imu.urdf.xacro
[0.324s] -- Up-to-date: /home/honhe/learn_ros/Chapter6/chapt6_ws/install/fishbot_description/share/fishbot_description/urdf/fishbot/fishbot.urdf.xacro
[0.324s] -- Up-to-date: /home/honhe/learn_ros/Chapter6/chapt6_ws/install/fishbot_description/share/fishbot_description/urdf/first_robot.pdf
[0.324s] -- Up-to-date: /home/honhe/learn_ros/Chapter6/chapt6_ws/install/fishbot_description/share/fishbot_description/urdf/first_robot.gv
[0.324s] -- Up-to-date: /home/honhe/learn_ros/Chapter6/chapt6_ws/install/fishbot_description/share/fishbot_description/urdf/first_robot.xacro
[0.324s] -- Up-to-date: /home/honhe/learn_ros/Chapter6/chapt6_ws/install/fishbot_description/share/fishbot_description/urdf/first_robot.urdf
[0.325s] -- Up-to-date: /home/honhe/learn_ros/Chapter6/chapt6_ws/install/fishbot_description/share/fishbot_description/config
[0.325s] -- Up-to-date: /home/honhe/learn_ros/Chapter6/chapt6_ws/install/fishbot_description/share/fishbot_description/config/display_robot_model.rviz
[0.325s] -- Installing: /home/honhe/learn_ros/Chapter6/chapt6_ws/install/fishbot_description/share/fishbot_description/world
[0.325s] -- Installing: /home/honhe/learn_ros/Chapter6/chapt6_ws/install/fishbot_description/share/fishbot_description/world/room
[0.325s] -- Installing: /home/honhe/learn_ros/Chapter6/chapt6_ws/install/fishbot_description/share/fishbot_description/world/room/model.sdf
[0.325s] -- Installing: /home/honhe/learn_ros/Chapter6/chapt6_ws/install/fishbot_description/share/fishbot_description/world/room/model.config
[0.325s] -- Installing: /home/honhe/learn_ros/Chapter6/chapt6_ws/install/fishbot_description/share/fishbot_description/world/custom_room.world
[0.326s] -- Up-to-date: /home/honhe/learn_ros/Chapter6/chapt6_ws/install/fishbot_description/share/ament_index/resource_index/package_run_dependencies/fishbot_description
[0.326s] -- Up-to-date: /home/honhe/learn_ros/Chapter6/chapt6_ws/install/fishbot_description/share/ament_index/resource_index/parent_prefix_path/fishbot_description
[0.326s] -- Up-to-date: /home/honhe/learn_ros/Chapter6/chapt6_ws/install/fishbot_description/share/fishbot_description/environment/ament_prefix_path.sh
[0.326s] -- Up-to-date: /home/honhe/learn_ros/Chapter6/chapt6_ws/install/fishbot_description/share/fishbot_description/environment/ament_prefix_path.dsv
[0.326s] -- Up-to-date: /home/honhe/learn_ros/Chapter6/chapt6_ws/install/fishbot_description/share/fishbot_description/environment/path.sh
[0.326s] -- Up-to-date: /home/honhe/learn_ros/Chapter6/chapt6_ws/install/fishbot_description/share/fishbot_description/environment/path.dsv
[0.326s] -- Up-to-date: /home/honhe/learn_ros/Chapter6/chapt6_ws/install/fishbot_description/share/fishbot_description/local_setup.bash
[0.326s] -- Up-to-date: /home/honhe/learn_ros/Chapter6/chapt6_ws/install/fishbot_description/share/fishbot_description/local_setup.sh
[0.326s] -- Up-to-date: /home/honhe/learn_ros/Chapter6/chapt6_ws/install/fishbot_description/share/fishbot_description/local_setup.zsh
[0.327s] -- Up-to-date: /home/honhe/learn_ros/Chapter6/chapt6_ws/install/fishbot_description/share/fishbot_description/local_setup.dsv
[0.327s] -- Installing: /home/honhe/learn_ros/Chapter6/chapt6_ws/install/fishbot_description/share/fishbot_description/package.dsv
[0.327s] -- Up-to-date: /home/honhe/learn_ros/Chapter6/chapt6_ws/install/fishbot_description/share/ament_index/resource_index/packages/fishbot_description
[0.327s] -- Up-to-date: /home/honhe/learn_ros/Chapter6/chapt6_ws/install/fishbot_description/share/fishbot_description/cmake/fishbot_descriptionConfig.cmake
[0.327s] -- Up-to-date: /home/honhe/learn_ros/Chapter6/chapt6_ws/install/fishbot_description/share/fishbot_description/cmake/fishbot_descriptionConfig-version.cmake
[0.327s] -- Up-to-date: /home/honhe/learn_ros/Chapter6/chapt6_ws/install/fishbot_description/share/fishbot_description/package.xml
[0.328s] Invoked command in '/home/honhe/learn_ros/Chapter6/chapt6_ws/build/fishbot_description' returned '0': CMAKE_PREFIX_PATH=${CMAKE_PREFIX_PATH}:/opt/ros/jazzy DEBUGINFOD_URLS=https://debuginfod.ubuntu.com /usr/bin/cmake --install /home/honhe/learn_ros/Chapter6/chapt6_ws/build/fishbot_description
