[0.007s] Invoking command in '/home/honhe/learn_ros/Chapter5/chapt5_ws/build/demo_cpp_tf': CMAKE_PREFIX_PATH=${CMAKE_PREFIX_PATH}:/home/honhe/learn_ros/Chapter5/chapt5_ws/install/demo_python_tf:/opt/ros/jazzy DEBUGINFOD_URLS=https://debuginfod.ubuntu.com VIRTUAL_ENV_PROMPT=(learn_ros_venv) /usr/bin/cmake --build /home/honhe/learn_ros/Chapter5/chapt5_ws/build/demo_cpp_tf -- -j32 -l32
[0.023s] -- Found ament_cmake: 2.5.3 (/opt/ros/jazzy/share/ament_cmake/cmake)
[0.150s] -- Found rclcpp: 28.1.6 (/opt/ros/jazzy/share/rclcpp/cmake)
[0.171s] -- Found rosidl_generator_c: 4.6.5 (/opt/ros/jazzy/share/rosidl_generator_c/cmake)
[0.179s] -- Found rosidl_generator_cpp: 4.6.5 (/opt/ros/jazzy/share/rosidl_generator_cpp/cmake)
[0.185s] -- Using all available rosidl_typesupport_c: rosidl_typesupport_fastrtps_c;rosidl_typesupport_introspection_c
[0.193s] -- Using all available rosidl_typesupport_cpp: rosidl_typesupport_fastrtps_cpp;rosidl_typesupport_introspection_cpp
[0.227s] -- Found rmw_implementation_cmake: 7.3.1 (/opt/ros/jazzy/share/rmw_implementation_cmake/cmake)
[0.228s] -- Found rmw_fastrtps_cpp: 8.4.1 (/opt/ros/jazzy/share/rmw_fastrtps_cpp/cmake)
[0.272s] -- Using RMW implementation 'rmw_fastrtps_cpp' as default
[0.307s] -- Found tf2_ros: 0.36.8 (/opt/ros/jazzy/share/tf2_ros/cmake)
[0.389s] -- Found tf2_geometry_msgs: 0.36.8 (/opt/ros/jazzy/share/tf2_geometry_msgs/cmake)
[0.391s] -- Found eigen3_cmake_module: 0.3.0 (/opt/ros/jazzy/share/eigen3_cmake_module/cmake)
[0.392s] -- Ensuring Eigen3 include directory is part of orocos-kdl CMake target
[0.394s] -- Found ament_lint_auto: 0.17.1 (/opt/ros/jazzy/share/ament_lint_auto/cmake)
[0.449s] -- Added test 'cppcheck' to perform static code analysis on C / C++ code
[0.449s] -- Configured cppcheck include dirs: 
[0.449s] -- Configured cppcheck exclude dirs and/or files: 
[0.449s] -- Added test 'lint_cmake' to check CMake code style
[0.449s] -- Added test 'uncrustify' to check C / C++ code style
[0.449s] -- Configured uncrustify additional arguments: 
[0.449s] -- Added test 'xmllint' to check XML markup files
[0.450s] -- Configuring done (0.4s)
[0.459s] -- Generating done (0.0s)
[0.463s] -- Build files have been written to: /home/honhe/learn_ros/Chapter5/chapt5_ws/build/demo_cpp_tf
[0.491s] [ 25%] [32mBuilding CXX object CMakeFiles/dynamic_tf_broadcaster.dir/src/dynamic_tf_broadcaster.cpp.o[0m
[0.497s] [ 75%] Built target static_tf_broadcaster
[2.542s] [100%] [32m[1mLinking CXX executable dynamic_tf_broadcaster[0m
[2.653s] [100%] Built target dynamic_tf_broadcaster
[2.663s] Invoked command in '/home/honhe/learn_ros/Chapter5/chapt5_ws/build/demo_cpp_tf' returned '0': CMAKE_PREFIX_PATH=${CMAKE_PREFIX_PATH}:/home/honhe/learn_ros/Chapter5/chapt5_ws/install/demo_python_tf:/opt/ros/jazzy DEBUGINFOD_URLS=https://debuginfod.ubuntu.com VIRTUAL_ENV_PROMPT=(learn_ros_venv) /usr/bin/cmake --build /home/honhe/learn_ros/Chapter5/chapt5_ws/build/demo_cpp_tf -- -j32 -l32
[2.670s] Invoking command in '/home/honhe/learn_ros/Chapter5/chapt5_ws/build/demo_cpp_tf': CMAKE_PREFIX_PATH=${CMAKE_PREFIX_PATH}:/home/honhe/learn_ros/Chapter5/chapt5_ws/install/demo_python_tf:/opt/ros/jazzy DEBUGINFOD_URLS=https://debuginfod.ubuntu.com VIRTUAL_ENV_PROMPT=(learn_ros_venv) /usr/bin/cmake --install /home/honhe/learn_ros/Chapter5/chapt5_ws/build/demo_cpp_tf
[2.677s] -- Install configuration: ""
[2.677s] -- Up-to-date: /home/honhe/learn_ros/Chapter5/chapt5_ws/install/demo_cpp_tf/lib/demo_cpp_tf/static_tf_broadcaster
[2.677s] -- Up-to-date: /home/honhe/learn_ros/Chapter5/chapt5_ws/install/demo_cpp_tf/share/ament_index/resource_index/package_run_dependencies/demo_cpp_tf
[2.678s] -- Installing: /home/honhe/learn_ros/Chapter5/chapt5_ws/install/demo_cpp_tf/share/ament_index/resource_index/parent_prefix_path/demo_cpp_tf
[2.678s] -- Up-to-date: /home/honhe/learn_ros/Chapter5/chapt5_ws/install/demo_cpp_tf/share/demo_cpp_tf/environment/ament_prefix_path.sh
[2.678s] -- Up-to-date: /home/honhe/learn_ros/Chapter5/chapt5_ws/install/demo_cpp_tf/share/demo_cpp_tf/environment/ament_prefix_path.dsv
[2.678s] -- Up-to-date: /home/honhe/learn_ros/Chapter5/chapt5_ws/install/demo_cpp_tf/share/demo_cpp_tf/environment/path.sh
[2.679s] -- Up-to-date: /home/honhe/learn_ros/Chapter5/chapt5_ws/install/demo_cpp_tf/share/demo_cpp_tf/environment/path.dsv
[2.679s] -- Up-to-date: /home/honhe/learn_ros/Chapter5/chapt5_ws/install/demo_cpp_tf/share/demo_cpp_tf/local_setup.bash
[2.679s] -- Up-to-date: /home/honhe/learn_ros/Chapter5/chapt5_ws/install/demo_cpp_tf/share/demo_cpp_tf/local_setup.sh
[2.679s] -- Up-to-date: /home/honhe/learn_ros/Chapter5/chapt5_ws/install/demo_cpp_tf/share/demo_cpp_tf/local_setup.zsh
[2.679s] -- Up-to-date: /home/honhe/learn_ros/Chapter5/chapt5_ws/install/demo_cpp_tf/share/demo_cpp_tf/local_setup.dsv
[2.680s] -- Installing: /home/honhe/learn_ros/Chapter5/chapt5_ws/install/demo_cpp_tf/share/demo_cpp_tf/package.dsv
[2.680s] -- Up-to-date: /home/honhe/learn_ros/Chapter5/chapt5_ws/install/demo_cpp_tf/share/ament_index/resource_index/packages/demo_cpp_tf
[2.680s] -- Up-to-date: /home/honhe/learn_ros/Chapter5/chapt5_ws/install/demo_cpp_tf/share/demo_cpp_tf/cmake/demo_cpp_tfConfig.cmake
[2.680s] -- Up-to-date: /home/honhe/learn_ros/Chapter5/chapt5_ws/install/demo_cpp_tf/share/demo_cpp_tf/cmake/demo_cpp_tfConfig-version.cmake
[2.680s] -- Up-to-date: /home/honhe/learn_ros/Chapter5/chapt5_ws/install/demo_cpp_tf/share/demo_cpp_tf/package.xml
[2.681s] Invoked command in '/home/honhe/learn_ros/Chapter5/chapt5_ws/build/demo_cpp_tf' returned '0': CMAKE_PREFIX_PATH=${CMAKE_PREFIX_PATH}:/home/honhe/learn_ros/Chapter5/chapt5_ws/install/demo_python_tf:/opt/ros/jazzy DEBUGINFOD_URLS=https://debuginfod.ubuntu.com VIRTUAL_ENV_PROMPT=(learn_ros_venv) /usr/bin/cmake --install /home/honhe/learn_ros/Chapter5/chapt5_ws/build/demo_cpp_tf
