-- The C compiler identification is GNU 13.3.0
-- The CXX compiler identification is GNU 13.3.0
-- Detecting C compiler ABI info
-- Detecting C compiler ABI info - done
-- Check for working C compiler: /usr/bin/cc - skipped
-- Detecting C compile features
-- Detecting C compile features - done
-- Detecting CXX compiler ABI info
-- Detecting CXX compiler ABI info - done
-- Check for working CXX compiler: /usr/bin/c++ - skipped
-- Detecting CXX compile features
-- Detecting CXX compile features - done
-- Found ament_cmake: 2.5.3 (/opt/ros/jazzy/share/ament_cmake/cmake)
-- Found Python3: /usr/bin/python3 (found version "3.12.3") found components: Interpreter 
-- Found pluginlib: 5.4.2 (/opt/ros/jazzy/share/pluginlib/cmake)
-- Found TinyXML2 via Config file: /usr/lib/x86_64-linux-gnu/cmake/tinyxml2
-- Found nav2_core: 1.3.6 (/opt/ros/jazzy/share/nav2_core/cmake)
-- Found rosidl_generator_c: 4.6.5 (/opt/ros/jazzy/share/rosidl_generator_c/cmake)
-- Found rosidl_generator_cpp: 4.6.5 (/opt/ros/jazzy/share/rosidl_generator_cpp/cmake)
-- Using all available rosidl_typesupport_c: rosidl_typesupport_fastrtps_c;rosidl_typesupport_introspection_c
-- Using all available rosidl_typesupport_cpp: rosidl_typesupport_fastrtps_cpp;rosidl_typesupport_introspection_cpp
-- Found rmw_implementation_cmake: 7.3.1 (/opt/ros/jazzy/share/rmw_implementation_cmake/cmake)
-- Found rmw_fastrtps_cpp: 8.4.1 (/opt/ros/jazzy/share/rmw_fastrtps_cpp/cmake)
-- Found TinyXML2 via Config file: /usr/lib/x86_64-linux-gnu/cmake/tinyxml2
-- Found OpenSSL: /usr/lib/x86_64-linux-gnu/libcrypto.so (found version "3.0.13")  
-- Found TinyXML2 via Config file: /usr/lib/x86_64-linux-gnu/cmake/tinyxml2
-- Found FastRTPS: /opt/ros/jazzy/include (Required is at least version "2.13") 
-- Found TinyXML2 via Config file: /usr/lib/x86_64-linux-gnu/cmake/tinyxml2
-- Found TinyXML2 via Config file: /usr/lib/x86_64-linux-gnu/cmake/tinyxml2
-- Using RMW implementation 'rmw_fastrtps_cpp' as default
-- Found eigen3_cmake_module: 0.3.0 (/opt/ros/jazzy/share/eigen3_cmake_module/cmake)
-- Found Eigen3: TRUE (found version "3.4.0") 
-- Ensuring Eigen3 include directory is part of orocos-kdl CMake target
-- Found ament_lint_auto: 0.17.1 (/opt/ros/jazzy/share/ament_lint_auto/cmake)
-- Added test 'cppcheck' to perform static code analysis on C / C++ code
-- Configured cppcheck include dirs: /home/honhe/learn_ros/Chapter8/chapt8_ws/src/nav2_custom_controller/include
-- Configured cppcheck exclude dirs and/or files: 
-- Added test 'lint_cmake' to check CMake code style
-- Added test 'uncrustify' to check C / C++ code style
-- Configured uncrustify additional arguments: 
-- Added test 'xmllint' to check XML markup files
-- Configuring done (1.3s)
-- Generating done (0.0s)
-- Build files have been written to: /home/honhe/learn_ros/Chapter8/chapt8_ws/build/nav2_custom_controller
[ 50%] [32mBuilding CXX object CMakeFiles/nav2_custom_controller_plugin.dir/src/custom_controller.cpp.o[0m
[100%] [32m[1mLinking CXX shared library libnav2_custom_controller_plugin.so[0m
[100%] Built target nav2_custom_controller_plugin
-- Install configuration: ""
-- Installing: /home/honhe/learn_ros/Chapter8/chapt8_ws/install/nav2_custom_controller/lib/libnav2_custom_controller_plugin.so
-- Set non-toolchain portion of runtime path of "/home/honhe/learn_ros/Chapter8/chapt8_ws/install/nav2_custom_controller/lib/libnav2_custom_controller_plugin.so" to ""
-- Installing: /home/honhe/learn_ros/Chapter8/chapt8_ws/install/nav2_custom_controller/include/
-- Installing: /home/honhe/learn_ros/Chapter8/chapt8_ws/install/nav2_custom_controller/include//nav2_custom_controller
-- Installing: /home/honhe/learn_ros/Chapter8/chapt8_ws/install/nav2_custom_controller/include//nav2_custom_controller/custom_controller.hpp
-- Installing: /home/honhe/learn_ros/Chapter8/chapt8_ws/install/nav2_custom_controller/share/nav2_custom_controller/nav2_custom_controller.xml
-- Installing: /home/honhe/learn_ros/Chapter8/chapt8_ws/install/nav2_custom_controller/share/ament_index/resource_index/package_run_dependencies/nav2_custom_controller
-- Installing: /home/honhe/learn_ros/Chapter8/chapt8_ws/install/nav2_custom_controller/share/ament_index/resource_index/parent_prefix_path/nav2_custom_controller
-- Installing: /home/honhe/learn_ros/Chapter8/chapt8_ws/install/nav2_custom_controller/share/nav2_custom_controller/environment/ament_prefix_path.sh
-- Installing: /home/honhe/learn_ros/Chapter8/chapt8_ws/install/nav2_custom_controller/share/nav2_custom_controller/environment/ament_prefix_path.dsv
-- Installing: /home/honhe/learn_ros/Chapter8/chapt8_ws/install/nav2_custom_controller/share/nav2_custom_controller/environment/path.sh
-- Installing: /home/honhe/learn_ros/Chapter8/chapt8_ws/install/nav2_custom_controller/share/nav2_custom_controller/environment/path.dsv
-- Installing: /home/honhe/learn_ros/Chapter8/chapt8_ws/install/nav2_custom_controller/share/nav2_custom_controller/local_setup.bash
-- Installing: /home/honhe/learn_ros/Chapter8/chapt8_ws/install/nav2_custom_controller/share/nav2_custom_controller/local_setup.sh
-- Installing: /home/honhe/learn_ros/Chapter8/chapt8_ws/install/nav2_custom_controller/share/nav2_custom_controller/local_setup.zsh
-- Installing: /home/honhe/learn_ros/Chapter8/chapt8_ws/install/nav2_custom_controller/share/nav2_custom_controller/local_setup.dsv
-- Installing: /home/honhe/learn_ros/Chapter8/chapt8_ws/install/nav2_custom_controller/share/nav2_custom_controller/package.dsv
-- Installing: /home/honhe/learn_ros/Chapter8/chapt8_ws/install/nav2_custom_controller/share/ament_index/resource_index/packages/nav2_custom_controller
-- Installing: /home/honhe/learn_ros/Chapter8/chapt8_ws/install/nav2_custom_controller/share/ament_index/resource_index/nav2_core__pluginlib__plugin/nav2_custom_controller
-- Installing: /home/honhe/learn_ros/Chapter8/chapt8_ws/install/nav2_custom_controller/share/nav2_custom_controller/cmake/nav2_custom_controllerConfig.cmake
-- Installing: /home/honhe/learn_ros/Chapter8/chapt8_ws/install/nav2_custom_controller/share/nav2_custom_controller/cmake/nav2_custom_controllerConfig-version.cmake
-- Installing: /home/honhe/learn_ros/Chapter8/chapt8_ws/install/nav2_custom_controller/share/nav2_custom_controller/package.xml
