running egg_info
writing ../../build/demo_python_topic_v2/demo_python_topic_v2.egg-info/PKG-INFO
writing dependency_links to ../../build/demo_python_topic_v2/demo_python_topic_v2.egg-info/dependency_links.txt
writing entry points to ../../build/demo_python_topic_v2/demo_python_topic_v2.egg-info/entry_points.txt
writing requirements to ../../build/demo_python_topic_v2/demo_python_topic_v2.egg-info/requires.txt
writing top-level names to ../../build/demo_python_topic_v2/demo_python_topic_v2.egg-info/top_level.txt
reading manifest file '../../build/demo_python_topic_v2/demo_python_topic_v2.egg-info/SOURCES.txt'
adding license file 'LICENSE'
writing manifest file '../../build/demo_python_topic_v2/demo_python_topic_v2.egg-info/SOURCES.txt'
running build
running build_py
copying demo_python_topic_v2/novel_sub_node.py -> /home/honhe/learn_ros/Chapter3/topic_ws/build/demo_python_topic_v2/build/lib/demo_python_topic_v2
copying demo_python_topic_v2/novel_pub_node.py -> /home/honhe/learn_ros/Chapter3/topic_ws/build/demo_python_topic_v2/build/lib/demo_python_topic_v2
running install
running install_lib
copying /home/honhe/learn_ros/Chapter3/topic_ws/build/demo_python_topic_v2/build/lib/demo_python_topic_v2/novel_sub_node.py -> /home/honhe/learn_ros/Chapter3/topic_ws/install/demo_python_topic_v2/lib/python3.12/site-packages/demo_python_topic_v2
copying /home/honhe/learn_ros/Chapter3/topic_ws/build/demo_python_topic_v2/build/lib/demo_python_topic_v2/novel_pub_node.py -> /home/honhe/learn_ros/Chapter3/topic_ws/install/demo_python_topic_v2/lib/python3.12/site-packages/demo_python_topic_v2
byte-compiling /home/honhe/learn_ros/Chapter3/topic_ws/install/demo_python_topic_v2/lib/python3.12/site-packages/demo_python_topic_v2/novel_sub_node.py to novel_sub_node.cpython-312.pyc
byte-compiling /home/honhe/learn_ros/Chapter3/topic_ws/install/demo_python_topic_v2/lib/python3.12/site-packages/demo_python_topic_v2/novel_pub_node.py to novel_pub_node.cpython-312.pyc
running install_data
running install_egg_info
removing '/home/honhe/learn_ros/Chapter3/topic_ws/install/demo_python_topic_v2/lib/python3.12/site-packages/demo_python_topic_v2-0.0.0-py3.12.egg-info' (and everything under it)
Copying ../../build/demo_python_topic_v2/demo_python_topic_v2.egg-info to /home/honhe/learn_ros/Chapter3/topic_ws/install/demo_python_topic_v2/lib/python3.12/site-packages/demo_python_topic_v2-0.0.0-py3.12.egg-info
running install_scripts
Installing novel_pub_node script to /home/honhe/learn_ros/Chapter3/topic_ws/install/demo_python_topic_v2/lib/demo_python_topic_v2
Installing novel_sub_node script to /home/honhe/learn_ros/Chapter3/topic_ws/install/demo_python_topic_v2/lib/demo_python_topic_v2
writing list of installed files to '/home/honhe/learn_ros/Chapter3/topic_ws/build/demo_python_topic_v2/install.log'
