[0.447s] Invoking command in '/home/honhe/learn_ros/Chapter3/topic_ws/src/demo_python_topic_v2': DEBUGINFOD_URLS=https://debuginfod.ubuntu.com PYTHONPATH=/home/honhe/learn_ros/Chapter3/topic_ws/build/demo_python_topic_v2/prefix_override:/usr/lib/python3/dist-packages/colcon_core/task/python/colcon_distutils_commands:/home/honhe/learn_ros/Chapter3/topic_ws/install/demo_python_topic_v2/lib/python3.12/site-packages:${PYTHONPATH} VIRTUAL_ENV_PROMPT=(learn_ros_venv) /usr/bin/python3 -W ignore:setup.py install is deprecated -W ignore:easy_install command is deprecated setup.py egg_info --egg-base ../../build/demo_python_topic_v2 build --build-base /home/honhe/learn_ros/Chapter3/topic_ws/build/demo_python_topic_v2/build install --record /home/honhe/learn_ros/Chapter3/topic_ws/build/demo_python_topic_v2/install.log --single-version-externally-managed install_data
[0.566s] running egg_info
[0.574s] writing ../../build/demo_python_topic_v2/demo_python_topic_v2.egg-info/PKG-INFO
[0.575s] writing dependency_links to ../../build/demo_python_topic_v2/demo_python_topic_v2.egg-info/dependency_links.txt
[0.575s] writing entry points to ../../build/demo_python_topic_v2/demo_python_topic_v2.egg-info/entry_points.txt
[0.575s] writing requirements to ../../build/demo_python_topic_v2/demo_python_topic_v2.egg-info/requires.txt
[0.575s] writing top-level names to ../../build/demo_python_topic_v2/demo_python_topic_v2.egg-info/top_level.txt
[0.591s] reading manifest file '../../build/demo_python_topic_v2/demo_python_topic_v2.egg-info/SOURCES.txt'
[0.591s] adding license file 'LICENSE'
[0.592s] writing manifest file '../../build/demo_python_topic_v2/demo_python_topic_v2.egg-info/SOURCES.txt'
[0.592s] running build
[0.592s] running build_py
[0.592s] copying demo_python_topic_v2/novel_sub_node.py -> /home/honhe/learn_ros/Chapter3/topic_ws/build/demo_python_topic_v2/build/lib/demo_python_topic_v2
[0.592s] copying demo_python_topic_v2/novel_pub_node.py -> /home/honhe/learn_ros/Chapter3/topic_ws/build/demo_python_topic_v2/build/lib/demo_python_topic_v2
[0.592s] running install
[0.595s] running install_lib
[0.604s] copying /home/honhe/learn_ros/Chapter3/topic_ws/build/demo_python_topic_v2/build/lib/demo_python_topic_v2/novel_sub_node.py -> /home/honhe/learn_ros/Chapter3/topic_ws/install/demo_python_topic_v2/lib/python3.12/site-packages/demo_python_topic_v2
[0.604s] copying /home/honhe/learn_ros/Chapter3/topic_ws/build/demo_python_topic_v2/build/lib/demo_python_topic_v2/novel_pub_node.py -> /home/honhe/learn_ros/Chapter3/topic_ws/install/demo_python_topic_v2/lib/python3.12/site-packages/demo_python_topic_v2
[0.604s] byte-compiling /home/honhe/learn_ros/Chapter3/topic_ws/install/demo_python_topic_v2/lib/python3.12/site-packages/demo_python_topic_v2/novel_sub_node.py to novel_sub_node.cpython-312.pyc
[0.604s] byte-compiling /home/honhe/learn_ros/Chapter3/topic_ws/install/demo_python_topic_v2/lib/python3.12/site-packages/demo_python_topic_v2/novel_pub_node.py to novel_pub_node.cpython-312.pyc
[0.605s] running install_data
[0.605s] running install_egg_info
[0.614s] removing '/home/honhe/learn_ros/Chapter3/topic_ws/install/demo_python_topic_v2/lib/python3.12/site-packages/demo_python_topic_v2-0.0.0-py3.12.egg-info' (and everything under it)
[0.614s] Copying ../../build/demo_python_topic_v2/demo_python_topic_v2.egg-info to /home/honhe/learn_ros/Chapter3/topic_ws/install/demo_python_topic_v2/lib/python3.12/site-packages/demo_python_topic_v2-0.0.0-py3.12.egg-info
[0.614s] running install_scripts
[0.673s] Installing novel_pub_node script to /home/honhe/learn_ros/Chapter3/topic_ws/install/demo_python_topic_v2/lib/demo_python_topic_v2
[0.673s] Installing novel_sub_node script to /home/honhe/learn_ros/Chapter3/topic_ws/install/demo_python_topic_v2/lib/demo_python_topic_v2
[0.673s] writing list of installed files to '/home/honhe/learn_ros/Chapter3/topic_ws/build/demo_python_topic_v2/install.log'
[0.687s] Invoked command in '/home/honhe/learn_ros/Chapter3/topic_ws/src/demo_python_topic_v2' returned '0': DEBUGINFOD_URLS=https://debuginfod.ubuntu.com PYTHONPATH=/home/honhe/learn_ros/Chapter3/topic_ws/build/demo_python_topic_v2/prefix_override:/usr/lib/python3/dist-packages/colcon_core/task/python/colcon_distutils_commands:/home/honhe/learn_ros/Chapter3/topic_ws/install/demo_python_topic_v2/lib/python3.12/site-packages:${PYTHONPATH} VIRTUAL_ENV_PROMPT=(learn_ros_venv) /usr/bin/python3 -W ignore:setup.py install is deprecated -W ignore:easy_install command is deprecated setup.py egg_info --egg-base ../../build/demo_python_topic_v2 build --build-base /home/honhe/learn_ros/Chapter3/topic_ws/build/demo_python_topic_v2/build install --record /home/honhe/learn_ros/Chapter3/topic_ws/build/demo_python_topic_v2/install.log --single-version-externally-managed install_data
