[0.440s] Invoking command in '/home/honhe/learn_ros/Chapter3/topic_ws/src/demo_python_topic_v2': DEBUGINFOD_URLS=https://debuginfod.ubuntu.com PYTHONPATH=/home/honhe/learn_ros/Chapter3/topic_ws/build/demo_python_topic_v2/prefix_override:/usr/lib/python3/dist-packages/colcon_core/task/python/colcon_distutils_commands:/home/honhe/learn_ros/Chapter3/topic_ws/install/demo_python_topic_v2/lib/python3.12/site-packages:${PYTHONPATH} VIRTUAL_ENV_PROMPT=(learn_ros_venv) /usr/bin/python3 -W ignore:setup.py install is deprecated -W ignore:easy_install command is deprecated setup.py egg_info --egg-base ../../build/demo_python_topic_v2 build --build-base /home/honhe/learn_ros/Chapter3/topic_ws/build/demo_python_topic_v2/build install --record /home/honhe/learn_ros/Chapter3/topic_ws/build/demo_python_topic_v2/install.log --single-version-externally-managed install_data
[0.558s] running egg_info
[0.566s] writing ../../build/demo_python_topic_v2/demo_python_topic_v2.egg-info/PKG-INFO
[0.566s] writing dependency_links to ../../build/demo_python_topic_v2/demo_python_topic_v2.egg-info/dependency_links.txt
[0.566s] writing entry points to ../../build/demo_python_topic_v2/demo_python_topic_v2.egg-info/entry_points.txt
[0.566s] writing requirements to ../../build/demo_python_topic_v2/demo_python_topic_v2.egg-info/requires.txt
[0.566s] writing top-level names to ../../build/demo_python_topic_v2/demo_python_topic_v2.egg-info/top_level.txt
[0.582s] reading manifest file '../../build/demo_python_topic_v2/demo_python_topic_v2.egg-info/SOURCES.txt'
[0.582s] adding license file 'LICENSE'
[0.582s] writing manifest file '../../build/demo_python_topic_v2/demo_python_topic_v2.egg-info/SOURCES.txt'
[0.582s] running build
[0.582s] running build_py
[0.582s] running install
[0.585s] running install_lib
[0.593s] running install_data
[0.593s] copying package.xml -> /home/honhe/learn_ros/Chapter3/topic_ws/install/demo_python_topic_v2/share/demo_python_topic_v2
[0.593s] running install_egg_info
[0.602s] removing '/home/honhe/learn_ros/Chapter3/topic_ws/install/demo_python_topic_v2/lib/python3.12/site-packages/demo_python_topic_v2-0.0.0-py3.12.egg-info' (and everything under it)
[0.602s] Copying ../../build/demo_python_topic_v2/demo_python_topic_v2.egg-info to /home/honhe/learn_ros/Chapter3/topic_ws/install/demo_python_topic_v2/lib/python3.12/site-packages/demo_python_topic_v2-0.0.0-py3.12.egg-info
[0.602s] running install_scripts
[0.657s] Installing novel_pub_node script to /home/honhe/learn_ros/Chapter3/topic_ws/install/demo_python_topic_v2/lib/demo_python_topic_v2
[0.658s] Installing novel_sub_node script to /home/honhe/learn_ros/Chapter3/topic_ws/install/demo_python_topic_v2/lib/demo_python_topic_v2
[0.658s] writing list of installed files to '/home/honhe/learn_ros/Chapter3/topic_ws/build/demo_python_topic_v2/install.log'
[0.671s] Invoked command in '/home/honhe/learn_ros/Chapter3/topic_ws/src/demo_python_topic_v2' returned '0': DEBUGINFOD_URLS=https://debuginfod.ubuntu.com PYTHONPATH=/home/honhe/learn_ros/Chapter3/topic_ws/build/demo_python_topic_v2/prefix_override:/usr/lib/python3/dist-packages/colcon_core/task/python/colcon_distutils_commands:/home/honhe/learn_ros/Chapter3/topic_ws/install/demo_python_topic_v2/lib/python3.12/site-packages:${PYTHONPATH} VIRTUAL_ENV_PROMPT=(learn_ros_venv) /usr/bin/python3 -W ignore:setup.py install is deprecated -W ignore:easy_install command is deprecated setup.py egg_info --egg-base ../../build/demo_python_topic_v2 build --build-base /home/honhe/learn_ros/Chapter3/topic_ws/build/demo_python_topic_v2/build install --record /home/honhe/learn_ros/Chapter3/topic_ws/build/demo_python_topic_v2/install.log --single-version-externally-managed install_data
