/home/honhe/learn_ros/Chapter7/chapt7_ws/install/fishbot_application/lib/python3.12/site-packages/fishbot_application/init_pose.py
/home/honhe/learn_ros/Chapter7/chapt7_ws/install/fishbot_application/lib/python3.12/site-packages/fishbot_application/waypoint_follow.py
/home/honhe/learn_ros/Chapter7/chapt7_ws/install/fishbot_application/lib/python3.12/site-packages/fishbot_application/get_robot_pose.py
/home/honhe/learn_ros/Chapter7/chapt7_ws/install/fishbot_application/lib/python3.12/site-packages/fishbot_application/__init__.py
/home/honhe/learn_ros/Chapter7/chapt7_ws/install/fishbot_application/lib/python3.12/site-packages/fishbot_application/nav_to_pose.py
/home/honhe/learn_ros/Chapter7/chapt7_ws/install/fishbot_application/lib/python3.12/site-packages/fishbot_application/__pycache__/init_pose.cpython-312.pyc
/home/honhe/learn_ros/Chapter7/chapt7_ws/install/fishbot_application/lib/python3.12/site-packages/fishbot_application/__pycache__/waypoint_follow.cpython-312.pyc
/home/honhe/learn_ros/Chapter7/chapt7_ws/install/fishbot_application/lib/python3.12/site-packages/fishbot_application/__pycache__/get_robot_pose.cpython-312.pyc
/home/honhe/learn_ros/Chapter7/chapt7_ws/install/fishbot_application/lib/python3.12/site-packages/fishbot_application/__pycache__/__init__.cpython-312.pyc
/home/honhe/learn_ros/Chapter7/chapt7_ws/install/fishbot_application/lib/python3.12/site-packages/fishbot_application/__pycache__/nav_to_pose.cpython-312.pyc
/home/honhe/learn_ros/Chapter7/chapt7_ws/install/fishbot_application/share/ament_index/resource_index/packages/fishbot_application
/home/honhe/learn_ros/Chapter7/chapt7_ws/install/fishbot_application/share/fishbot_application/package.xml
/home/honhe/learn_ros/Chapter7/chapt7_ws/install/fishbot_application/lib/python3.12/site-packages/fishbot_application-0.0.0-py3.12.egg-info/entry_points.txt
/home/honhe/learn_ros/Chapter7/chapt7_ws/install/fishbot_application/lib/python3.12/site-packages/fishbot_application-0.0.0-py3.12.egg-info/dependency_links.txt
/home/honhe/learn_ros/Chapter7/chapt7_ws/install/fishbot_application/lib/python3.12/site-packages/fishbot_application-0.0.0-py3.12.egg-info/zip-safe
/home/honhe/learn_ros/Chapter7/chapt7_ws/install/fishbot_application/lib/python3.12/site-packages/fishbot_application-0.0.0-py3.12.egg-info/PKG-INFO
/home/honhe/learn_ros/Chapter7/chapt7_ws/install/fishbot_application/lib/python3.12/site-packages/fishbot_application-0.0.0-py3.12.egg-info/requires.txt
/home/honhe/learn_ros/Chapter7/chapt7_ws/install/fishbot_application/lib/python3.12/site-packages/fishbot_application-0.0.0-py3.12.egg-info/SOURCES.txt
/home/honhe/learn_ros/Chapter7/chapt7_ws/install/fishbot_application/lib/python3.12/site-packages/fishbot_application-0.0.0-py3.12.egg-info/top_level.txt
/home/honhe/learn_ros/Chapter7/chapt7_ws/install/fishbot_application/lib/fishbot_application/fishbot_get_pose
/home/honhe/learn_ros/Chapter7/chapt7_ws/install/fishbot_application/lib/fishbot_application/fishbot_init_pose
/home/honhe/learn_ros/Chapter7/chapt7_ws/install/fishbot_application/lib/fishbot_application/nav_to_pose
/home/honhe/learn_ros/Chapter7/chapt7_ws/install/fishbot_application/lib/fishbot_application/waypoint_follower
