[0.217s] Invoking command in '/home/honhe/learn_ros/Chapter8/chapt8_ws/build/fishbot_description': CMAKE_PREFIX_PATH=${CMAKE_PREFIX_PATH}:/opt/ros/jazzy DEBUGINFOD_URLS=https://debuginfod.ubuntu.com /usr/bin/cmake /home/honhe/learn_ros/Chapter8/chapt8_ws/src/fishbot_description -DCMAKE_INSTALL_PREFIX=/home/honhe/learn_ros/Chapter8/chapt8_ws/install/fishbot_description
[0.262s] -- The C compiler identification is GNU 13.3.0
[0.308s] -- The CXX compiler identification is GNU 13.3.0
[0.322s] -- Detecting C compiler ABI info
[0.404s] -- Detecting C compiler ABI info - done
[0.412s] -- Check for working C compiler: /usr/bin/cc - skipped
[0.412s] -- Detecting C compile features
[0.412s] -- Detecting C compile features - done
[0.420s] -- Detecting CXX compiler ABI info
[0.501s] -- Detecting CXX compiler ABI info - done
[0.511s] -- Check for working CXX compiler: /usr/bin/c++ - skipped
[0.512s] -- Detecting CXX compile features
[0.512s] -- Detecting CXX compile features - done
[0.515s] -- Found ament_cmake: 2.5.3 (/opt/ros/jazzy/share/ament_cmake/cmake)
[0.646s] -- Found Python3: /usr/bin/python3 (found version "3.12.3") found components: Interpreter 
[0.738s] -- Found ament_lint_auto: 0.17.1 (/opt/ros/jazzy/share/ament_lint_auto/cmake)
[0.817s] -- Added test 'flake8' to check Python code syntax and style conventions
[0.817s] -- Configured 'flake8' exclude dirs and/or files: 
[0.818s] -- Added test 'lint_cmake' to check CMake code style
[0.818s] -- Added test 'pep257' to check Python code against some of the docstring style conventions in PEP 257
[0.820s] -- Added test 'xmllint' to check XML markup files
[0.821s] -- Configuring done (0.6s)
[0.823s] -- Generating done (0.0s)
[0.824s] -- Build files have been written to: /home/honhe/learn_ros/Chapter8/chapt8_ws/build/fishbot_description
[0.827s] Invoked command in '/home/honhe/learn_ros/Chapter8/chapt8_ws/build/fishbot_description' returned '0': CMAKE_PREFIX_PATH=${CMAKE_PREFIX_PATH}:/opt/ros/jazzy DEBUGINFOD_URLS=https://debuginfod.ubuntu.com /usr/bin/cmake /home/honhe/learn_ros/Chapter8/chapt8_ws/src/fishbot_description -DCMAKE_INSTALL_PREFIX=/home/honhe/learn_ros/Chapter8/chapt8_ws/install/fishbot_description
[0.828s] Invoking command in '/home/honhe/learn_ros/Chapter8/chapt8_ws/build/fishbot_description': CMAKE_PREFIX_PATH=${CMAKE_PREFIX_PATH}:/opt/ros/jazzy DEBUGINFOD_URLS=https://debuginfod.ubuntu.com /usr/bin/cmake --build /home/honhe/learn_ros/Chapter8/chapt8_ws/build/fishbot_description -- -j32 -l32
[0.863s] Invoked command in '/home/honhe/learn_ros/Chapter8/chapt8_ws/build/fishbot_description' returned '0': CMAKE_PREFIX_PATH=${CMAKE_PREFIX_PATH}:/opt/ros/jazzy DEBUGINFOD_URLS=https://debuginfod.ubuntu.com /usr/bin/cmake --build /home/honhe/learn_ros/Chapter8/chapt8_ws/build/fishbot_description -- -j32 -l32
[0.872s] Invoking command in '/home/honhe/learn_ros/Chapter8/chapt8_ws/build/fishbot_description': CMAKE_PREFIX_PATH=${CMAKE_PREFIX_PATH}:/opt/ros/jazzy DEBUGINFOD_URLS=https://debuginfod.ubuntu.com /usr/bin/cmake --install /home/honhe/learn_ros/Chapter8/chapt8_ws/build/fishbot_description
[0.878s] -- Install configuration: ""
[0.878s] -- Installing: /home/honhe/learn_ros/Chapter8/chapt8_ws/install/fishbot_description/share/fishbot_description/launch
[0.878s] -- Installing: /home/honhe/learn_ros/Chapter8/chapt8_ws/install/fishbot_description/share/fishbot_description/launch/gazebo_sim.launch.py
[0.878s] -- Installing: /home/honhe/learn_ros/Chapter8/chapt8_ws/install/fishbot_description/share/fishbot_description/launch/gazebo_sim_temp.launch.py
[0.878s] -- Installing: /home/honhe/learn_ros/Chapter8/chapt8_ws/install/fishbot_description/share/fishbot_description/launch/gazebo_sim_rc.launch.py
[0.878s] -- Installing: /home/honhe/learn_ros/Chapter8/chapt8_ws/install/fishbot_description/share/fishbot_description/launch/display_robot_by_xacro.launch.py
[0.878s] -- Installing: /home/honhe/learn_ros/Chapter8/chapt8_ws/install/fishbot_description/share/fishbot_description/launch/display_robot.launch.py
[0.878s] -- Installing: /home/honhe/learn_ros/Chapter8/chapt8_ws/install/fishbot_description/share/fishbot_description/launch/__pycache__
[0.878s] -- Installing: /home/honhe/learn_ros/Chapter8/chapt8_ws/install/fishbot_description/share/fishbot_description/launch/__pycache__/display_robot.launch.cpython-312.pyc
[0.878s] -- Installing: /home/honhe/learn_ros/Chapter8/chapt8_ws/install/fishbot_description/share/fishbot_description/urdf
[0.878s] -- Installing: /home/honhe/learn_ros/Chapter8/chapt8_ws/install/fishbot_description/share/fishbot_description/urdf/fishbot
[0.878s] -- Installing: /home/honhe/learn_ros/Chapter8/chapt8_ws/install/fishbot_description/share/fishbot_description/urdf/fishbot/actuator
[0.878s] -- Installing: /home/honhe/learn_ros/Chapter8/chapt8_ws/install/fishbot_description/share/fishbot_description/urdf/fishbot/actuator/caster.urdf.xacro
[0.878s] -- Installing: /home/honhe/learn_ros/Chapter8/chapt8_ws/install/fishbot_description/share/fishbot_description/urdf/fishbot/actuator/wheel.urdf.xacro
[0.878s] -- Installing: /home/honhe/learn_ros/Chapter8/chapt8_ws/install/fishbot_description/share/fishbot_description/urdf/fishbot/base.urdf.xacro
[0.878s] -- Installing: /home/honhe/learn_ros/Chapter8/chapt8_ws/install/fishbot_description/share/fishbot_description/urdf/fishbot/fishbot.ros2control.xacro
[0.878s] -- Installing: /home/honhe/learn_ros/Chapter8/chapt8_ws/install/fishbot_description/share/fishbot_description/urdf/fishbot/common_inertia.xacro
[0.878s] -- Installing: /home/honhe/learn_ros/Chapter8/chapt8_ws/install/fishbot_description/share/fishbot_description/urdf/fishbot/plugins
[0.878s] -- Installing: /home/honhe/learn_ros/Chapter8/chapt8_ws/install/fishbot_description/share/fishbot_description/urdf/fishbot/plugins/gazebo_sensor_plugin.xacro
[0.879s] -- Installing: /home/honhe/learn_ros/Chapter8/chapt8_ws/install/fishbot_description/share/fishbot_description/urdf/fishbot/plugins/gazebo_control_plugin.xacro
[0.879s] -- Installing: /home/honhe/learn_ros/Chapter8/chapt8_ws/install/fishbot_description/share/fishbot_description/urdf/fishbot/sensor
[0.879s] -- Installing: /home/honhe/learn_ros/Chapter8/chapt8_ws/install/fishbot_description/share/fishbot_description/urdf/fishbot/sensor/laser.urdf.xacro
[0.879s] -- Installing: /home/honhe/learn_ros/Chapter8/chapt8_ws/install/fishbot_description/share/fishbot_description/urdf/fishbot/sensor/camera.urdf.xacro
[0.879s] -- Installing: /home/honhe/learn_ros/Chapter8/chapt8_ws/install/fishbot_description/share/fishbot_description/urdf/fishbot/sensor/imu.urdf.xacro
[0.879s] -- Installing: /home/honhe/learn_ros/Chapter8/chapt8_ws/install/fishbot_description/share/fishbot_description/urdf/fishbot/fishbot.urdf.xacro
[0.879s] -- Installing: /home/honhe/learn_ros/Chapter8/chapt8_ws/install/fishbot_description/share/fishbot_description/urdf/fishbot/fishbot.rc.urdf.xacro
[0.879s] -- Installing: /home/honhe/learn_ros/Chapter8/chapt8_ws/install/fishbot_description/share/fishbot_description/urdf/first_robot.pdf
[0.879s] -- Installing: /home/honhe/learn_ros/Chapter8/chapt8_ws/install/fishbot_description/share/fishbot_description/urdf/first_robot.gv
[0.879s] -- Installing: /home/honhe/learn_ros/Chapter8/chapt8_ws/install/fishbot_description/share/fishbot_description/urdf/first_robot.xacro
[0.879s] -- Installing: /home/honhe/learn_ros/Chapter8/chapt8_ws/install/fishbot_description/share/fishbot_description/urdf/first_robot.urdf
[0.879s] -- Installing: /home/honhe/learn_ros/Chapter8/chapt8_ws/install/fishbot_description/share/fishbot_description/config
[0.879s] -- Installing: /home/honhe/learn_ros/Chapter8/chapt8_ws/install/fishbot_description/share/fishbot_description/config/display_robot_model.rviz
[0.879s] -- Installing: /home/honhe/learn_ros/Chapter8/chapt8_ws/install/fishbot_description/share/fishbot_description/config/fishbot_ros2_controller.yaml
[0.879s] -- Installing: /home/honhe/learn_ros/Chapter8/chapt8_ws/install/fishbot_description/share/fishbot_description/config/ros_gz_bridge.yaml
[0.879s] -- Installing: /home/honhe/learn_ros/Chapter8/chapt8_ws/install/fishbot_description/share/fishbot_description/world
[0.879s] -- Installing: /home/honhe/learn_ros/Chapter8/chapt8_ws/install/fishbot_description/share/fishbot_description/world/room
[0.879s] -- Installing: /home/honhe/learn_ros/Chapter8/chapt8_ws/install/fishbot_description/share/fishbot_description/world/room/model.sdf
[0.879s] -- Installing: /home/honhe/learn_ros/Chapter8/chapt8_ws/install/fishbot_description/share/fishbot_description/world/room/model.config
[0.879s] -- Installing: /home/honhe/learn_ros/Chapter8/chapt8_ws/install/fishbot_description/share/fishbot_description/world/room1
[0.879s] -- Installing: /home/honhe/learn_ros/Chapter8/chapt8_ws/install/fishbot_description/share/fishbot_description/world/room1/room1.sdf
[0.879s] -- Installing: /home/honhe/learn_ros/Chapter8/chapt8_ws/install/fishbot_description/share/fishbot_description/world/custom_room.world
[0.879s] -- Installing: /home/honhe/learn_ros/Chapter8/chapt8_ws/install/fishbot_description/share/ament_index/resource_index/package_run_dependencies/fishbot_description
[0.879s] -- Installing: /home/honhe/learn_ros/Chapter8/chapt8_ws/install/fishbot_description/share/ament_index/resource_index/parent_prefix_path/fishbot_description
[0.879s] -- Installing: /home/honhe/learn_ros/Chapter8/chapt8_ws/install/fishbot_description/share/fishbot_description/environment/ament_prefix_path.sh
[0.880s] -- Installing: /home/honhe/learn_ros/Chapter8/chapt8_ws/install/fishbot_description/share/fishbot_description/environment/ament_prefix_path.dsv
[0.880s] -- Installing: /home/honhe/learn_ros/Chapter8/chapt8_ws/install/fishbot_description/share/fishbot_description/environment/path.sh
[0.880s] -- Installing: /home/honhe/learn_ros/Chapter8/chapt8_ws/install/fishbot_description/share/fishbot_description/environment/path.dsv
[0.880s] -- Installing: /home/honhe/learn_ros/Chapter8/chapt8_ws/install/fishbot_description/share/fishbot_description/local_setup.bash
[0.880s] -- Installing: /home/honhe/learn_ros/Chapter8/chapt8_ws/install/fishbot_description/share/fishbot_description/local_setup.sh
[0.880s] -- Installing: /home/honhe/learn_ros/Chapter8/chapt8_ws/install/fishbot_description/share/fishbot_description/local_setup.zsh
[0.880s] -- Installing: /home/honhe/learn_ros/Chapter8/chapt8_ws/install/fishbot_description/share/fishbot_description/local_setup.dsv
[0.880s] -- Installing: /home/honhe/learn_ros/Chapter8/chapt8_ws/install/fishbot_description/share/fishbot_description/package.dsv
[0.880s] -- Installing: /home/honhe/learn_ros/Chapter8/chapt8_ws/install/fishbot_description/share/ament_index/resource_index/packages/fishbot_description
[0.880s] -- Installing: /home/honhe/learn_ros/Chapter8/chapt8_ws/install/fishbot_description/share/fishbot_description/cmake/fishbot_descriptionConfig.cmake
[0.880s] -- Installing: /home/honhe/learn_ros/Chapter8/chapt8_ws/install/fishbot_description/share/fishbot_description/cmake/fishbot_descriptionConfig-version.cmake
[0.880s] -- Installing: /home/honhe/learn_ros/Chapter8/chapt8_ws/install/fishbot_description/share/fishbot_description/package.xml
[0.881s] Invoked command in '/home/honhe/learn_ros/Chapter8/chapt8_ws/build/fishbot_description' returned '0': CMAKE_PREFIX_PATH=${CMAKE_PREFIX_PATH}:/opt/ros/jazzy DEBUGINFOD_URLS=https://debuginfod.ubuntu.com /usr/bin/cmake --install /home/honhe/learn_ros/Chapter8/chapt8_ws/build/fishbot_description
