[0.005s] Invoking command in '/home/honhe/learn_ros/Chapter4/Chapter4_ws/build/chapt4_interfaces': CMAKE_PREFIX_PATH=${CMAKE_PREFIX_PATH}:/opt/ros/jazzy DEBUGINFOD_URLS=https://debuginfod.ubuntu.com VIRTUAL_ENV_PROMPT=(learn_ros_venv) /usr/bin/cmake --build /home/honhe/learn_ros/Chapter4/Chapter4_ws/build/chapt4_interfaces -- -j32 -l32
[0.050s] [  2%] Built target chapt4_interfaces__rosidl_generator_type_description
[0.057s] [  2%] Built target ament_cmake_python_copy_chapt4_interfaces
[0.067s] [  5%] Built target chapt4_interfaces__cpp
[0.069s] [ 20%] Built target chapt4_interfaces__rosidl_generator_c
[0.085s] [ 29%] Built target chapt4_interfaces__rosidl_typesupport_introspection_c
[0.087s] [ 38%] Built target chapt4_interfaces__rosidl_typesupport_fastrtps_c
[0.088s] [ 52%] Built target chapt4_interfaces__rosidl_typesupport_fastrtps_cpp
[0.088s] [ 64%] Built target chapt4_interfaces__rosidl_typesupport_cpp
[0.088s] [ 64%] Built target chapt4_interfaces__rosidl_typesupport_c
[0.088s] [ 73%] Built target chapt4_interfaces__rosidl_typesupport_introspection_cpp
[0.100s] [ 73%] Built target chapt4_interfaces
[0.115s] [ 76%] Built target chapt4_interfaces__py
[0.133s] [ 82%] Built target chapt4_interfaces__rosidl_generator_py
[0.148s] [ 88%] Built target chapt4_interfaces_s__rosidl_typesupport_fastrtps_c
[0.149s] [ 94%] Built target chapt4_interfaces_s__rosidl_typesupport_introspection_c
[0.150s] [100%] Built target chapt4_interfaces_s__rosidl_typesupport_c
[0.155s] running egg_info
[0.163s] writing chapt4_interfaces.egg-info/PKG-INFO
[0.163s] writing dependency_links to chapt4_interfaces.egg-info/dependency_links.txt
[0.163s] writing top-level names to chapt4_interfaces.egg-info/top_level.txt
[0.183s] reading manifest file 'chapt4_interfaces.egg-info/SOURCES.txt'
[0.183s] writing manifest file 'chapt4_interfaces.egg-info/SOURCES.txt'
[0.198s] [100%] Built target ament_cmake_python_build_chapt4_interfaces_egg
[0.205s] Invoked command in '/home/honhe/learn_ros/Chapter4/Chapter4_ws/build/chapt4_interfaces' returned '0': CMAKE_PREFIX_PATH=${CMAKE_PREFIX_PATH}:/opt/ros/jazzy DEBUGINFOD_URLS=https://debuginfod.ubuntu.com VIRTUAL_ENV_PROMPT=(learn_ros_venv) /usr/bin/cmake --build /home/honhe/learn_ros/Chapter4/Chapter4_ws/build/chapt4_interfaces -- -j32 -l32
[0.212s] Invoking command in '/home/honhe/learn_ros/Chapter4/Chapter4_ws/build/chapt4_interfaces': CMAKE_PREFIX_PATH=${CMAKE_PREFIX_PATH}:/opt/ros/jazzy DEBUGINFOD_URLS=https://debuginfod.ubuntu.com VIRTUAL_ENV_PROMPT=(learn_ros_venv) /usr/bin/cmake --install /home/honhe/learn_ros/Chapter4/Chapter4_ws/build/chapt4_interfaces
[0.221s] -- Install configuration: ""
[0.221s] -- Up-to-date: /home/honhe/learn_ros/Chapter4/Chapter4_ws/install/chapt4_interfaces/share/ament_index/resource_index/rosidl_interfaces/chapt4_interfaces
[0.221s] -- Up-to-date: /home/honhe/learn_ros/Chapter4/Chapter4_ws/install/chapt4_interfaces/share/chapt4_interfaces/srv/FaceDetector.json
[0.221s] -- Up-to-date: /home/honhe/learn_ros/Chapter4/Chapter4_ws/install/chapt4_interfaces/include/chapt4_interfaces/chapt4_interfaces
[0.221s] -- Up-to-date: /home/honhe/learn_ros/Chapter4/Chapter4_ws/install/chapt4_interfaces/include/chapt4_interfaces/chapt4_interfaces/msg
[0.221s] -- Up-to-date: /home/honhe/learn_ros/Chapter4/Chapter4_ws/install/chapt4_interfaces/include/chapt4_interfaces/chapt4_interfaces/msg/rosidl_generator_c__visibility_control.h
[0.221s] -- Up-to-date: /home/honhe/learn_ros/Chapter4/Chapter4_ws/install/chapt4_interfaces/include/chapt4_interfaces/chapt4_interfaces/srv
[0.221s] -- Up-to-date: /home/honhe/learn_ros/Chapter4/Chapter4_ws/install/chapt4_interfaces/include/chapt4_interfaces/chapt4_interfaces/srv/detail
[0.221s] -- Up-to-date: /home/honhe/learn_ros/Chapter4/Chapter4_ws/install/chapt4_interfaces/include/chapt4_interfaces/chapt4_interfaces/srv/detail/face_detector__description.c
[0.221s] -- Up-to-date: /home/honhe/learn_ros/Chapter4/Chapter4_ws/install/chapt4_interfaces/include/chapt4_interfaces/chapt4_interfaces/srv/detail/face_detector__type_support.c
[0.221s] -- Up-to-date: /home/honhe/learn_ros/Chapter4/Chapter4_ws/install/chapt4_interfaces/include/chapt4_interfaces/chapt4_interfaces/srv/detail/face_detector__functions.c
[0.221s] -- Up-to-date: /home/honhe/learn_ros/Chapter4/Chapter4_ws/install/chapt4_interfaces/include/chapt4_interfaces/chapt4_interfaces/srv/detail/face_detector__type_support.h
[0.221s] -- Up-to-date: /home/honhe/learn_ros/Chapter4/Chapter4_ws/install/chapt4_interfaces/include/chapt4_interfaces/chapt4_interfaces/srv/detail/face_detector__functions.h
[0.221s] -- Up-to-date: /home/honhe/learn_ros/Chapter4/Chapter4_ws/install/chapt4_interfaces/include/chapt4_interfaces/chapt4_interfaces/srv/detail/face_detector__struct.h
[0.221s] -- Up-to-date: /home/honhe/learn_ros/Chapter4/Chapter4_ws/install/chapt4_interfaces/include/chapt4_interfaces/chapt4_interfaces/srv/face_detector.h
[0.221s] -- Up-to-date: /home/honhe/learn_ros/Chapter4/Chapter4_ws/install/chapt4_interfaces/share/chapt4_interfaces/environment/library_path.sh
[0.221s] -- Up-to-date: /home/honhe/learn_ros/Chapter4/Chapter4_ws/install/chapt4_interfaces/share/chapt4_interfaces/environment/library_path.dsv
[0.222s] -- Up-to-date: /home/honhe/learn_ros/Chapter4/Chapter4_ws/install/chapt4_interfaces/lib/libchapt4_interfaces__rosidl_generator_c.so
[0.222s] -- Up-to-date: /home/honhe/learn_ros/Chapter4/Chapter4_ws/install/chapt4_interfaces/include/chapt4_interfaces/chapt4_interfaces
[0.222s] -- Up-to-date: /home/honhe/learn_ros/Chapter4/Chapter4_ws/install/chapt4_interfaces/include/chapt4_interfaces/chapt4_interfaces/msg
[0.222s] -- Up-to-date: /home/honhe/learn_ros/Chapter4/Chapter4_ws/install/chapt4_interfaces/include/chapt4_interfaces/chapt4_interfaces/msg/rosidl_typesupport_fastrtps_c__visibility_control.h
[0.222s] -- Up-to-date: /home/honhe/learn_ros/Chapter4/Chapter4_ws/install/chapt4_interfaces/include/chapt4_interfaces/chapt4_interfaces/srv
[0.222s] -- Up-to-date: /home/honhe/learn_ros/Chapter4/Chapter4_ws/install/chapt4_interfaces/include/chapt4_interfaces/chapt4_interfaces/srv/detail
[0.222s] -- Up-to-date: /home/honhe/learn_ros/Chapter4/Chapter4_ws/install/chapt4_interfaces/include/chapt4_interfaces/chapt4_interfaces/srv/detail/face_detector__rosidl_typesupport_fastrtps_c.h
[0.222s] -- Up-to-date: /home/honhe/learn_ros/Chapter4/Chapter4_ws/install/chapt4_interfaces/lib/libchapt4_interfaces__rosidl_typesupport_fastrtps_c.so
[0.222s] -- Up-to-date: /home/honhe/learn_ros/Chapter4/Chapter4_ws/install/chapt4_interfaces/include/chapt4_interfaces/chapt4_interfaces
[0.222s] -- Up-to-date: /home/honhe/learn_ros/Chapter4/Chapter4_ws/install/chapt4_interfaces/include/chapt4_interfaces/chapt4_interfaces/msg
[0.222s] -- Up-to-date: /home/honhe/learn_ros/Chapter4/Chapter4_ws/install/chapt4_interfaces/include/chapt4_interfaces/chapt4_interfaces/msg/rosidl_generator_cpp__visibility_control.hpp
[0.222s] -- Up-to-date: /home/honhe/learn_ros/Chapter4/Chapter4_ws/install/chapt4_interfaces/include/chapt4_interfaces/chapt4_interfaces/srv
[0.222s] -- Up-to-date: /home/honhe/learn_ros/Chapter4/Chapter4_ws/install/chapt4_interfaces/include/chapt4_interfaces/chapt4_interfaces/srv/face_detector.hpp
[0.222s] -- Up-to-date: /home/honhe/learn_ros/Chapter4/Chapter4_ws/install/chapt4_interfaces/include/chapt4_interfaces/chapt4_interfaces/srv/detail
[0.222s] -- Up-to-date: /home/honhe/learn_ros/Chapter4/Chapter4_ws/install/chapt4_interfaces/include/chapt4_interfaces/chapt4_interfaces/srv/detail/face_detector__type_support.hpp
[0.222s] -- Up-to-date: /home/honhe/learn_ros/Chapter4/Chapter4_ws/install/chapt4_interfaces/include/chapt4_interfaces/chapt4_interfaces/srv/detail/face_detector__struct.hpp
[0.222s] -- Up-to-date: /home/honhe/learn_ros/Chapter4/Chapter4_ws/install/chapt4_interfaces/include/chapt4_interfaces/chapt4_interfaces/srv/detail/face_detector__builder.hpp
[0.223s] -- Up-to-date: /home/honhe/learn_ros/Chapter4/Chapter4_ws/install/chapt4_interfaces/include/chapt4_interfaces/chapt4_interfaces/srv/detail/face_detector__traits.hpp
[0.223s] -- Up-to-date: /home/honhe/learn_ros/Chapter4/Chapter4_ws/install/chapt4_interfaces/include/chapt4_interfaces/chapt4_interfaces
[0.223s] -- Up-to-date: /home/honhe/learn_ros/Chapter4/Chapter4_ws/install/chapt4_interfaces/include/chapt4_interfaces/chapt4_interfaces/msg
[0.223s] -- Up-to-date: /home/honhe/learn_ros/Chapter4/Chapter4_ws/install/chapt4_interfaces/include/chapt4_interfaces/chapt4_interfaces/msg/rosidl_typesupport_fastrtps_cpp__visibility_control.h
[0.223s] -- Up-to-date: /home/honhe/learn_ros/Chapter4/Chapter4_ws/install/chapt4_interfaces/include/chapt4_interfaces/chapt4_interfaces/srv
[0.223s] -- Up-to-date: /home/honhe/learn_ros/Chapter4/Chapter4_ws/install/chapt4_interfaces/include/chapt4_interfaces/chapt4_interfaces/srv/detail
[0.223s] -- Up-to-date: /home/honhe/learn_ros/Chapter4/Chapter4_ws/install/chapt4_interfaces/include/chapt4_interfaces/chapt4_interfaces/srv/detail/dds_fastrtps
[0.223s] -- Up-to-date: /home/honhe/learn_ros/Chapter4/Chapter4_ws/install/chapt4_interfaces/include/chapt4_interfaces/chapt4_interfaces/srv/detail/face_detector__rosidl_typesupport_fastrtps_cpp.hpp
[0.223s] -- Up-to-date: /home/honhe/learn_ros/Chapter4/Chapter4_ws/install/chapt4_interfaces/lib/libchapt4_interfaces__rosidl_typesupport_fastrtps_cpp.so
[0.223s] -- Up-to-date: /home/honhe/learn_ros/Chapter4/Chapter4_ws/install/chapt4_interfaces/include/chapt4_interfaces/chapt4_interfaces
[0.223s] -- Up-to-date: /home/honhe/learn_ros/Chapter4/Chapter4_ws/install/chapt4_interfaces/include/chapt4_interfaces/chapt4_interfaces/msg
[0.223s] -- Up-to-date: /home/honhe/learn_ros/Chapter4/Chapter4_ws/install/chapt4_interfaces/include/chapt4_interfaces/chapt4_interfaces/msg/rosidl_typesupport_introspection_c__visibility_control.h
[0.223s] -- Up-to-date: /home/honhe/learn_ros/Chapter4/Chapter4_ws/install/chapt4_interfaces/include/chapt4_interfaces/chapt4_interfaces/srv
[0.223s] -- Up-to-date: /home/honhe/learn_ros/Chapter4/Chapter4_ws/install/chapt4_interfaces/include/chapt4_interfaces/chapt4_interfaces/srv/detail
[0.223s] -- Up-to-date: /home/honhe/learn_ros/Chapter4/Chapter4_ws/install/chapt4_interfaces/include/chapt4_interfaces/chapt4_interfaces/srv/detail/face_detector__type_support.c
[0.223s] -- Up-to-date: /home/honhe/learn_ros/Chapter4/Chapter4_ws/install/chapt4_interfaces/include/chapt4_interfaces/chapt4_interfaces/srv/detail/face_detector__rosidl_typesupport_introspection_c.h
[0.223s] -- Up-to-date: /home/honhe/learn_ros/Chapter4/Chapter4_ws/install/chapt4_interfaces/lib/libchapt4_interfaces__rosidl_typesupport_introspection_c.so
[0.223s] -- Up-to-date: /home/honhe/learn_ros/Chapter4/Chapter4_ws/install/chapt4_interfaces/lib/libchapt4_interfaces__rosidl_typesupport_c.so
[0.223s] -- Up-to-date: /home/honhe/learn_ros/Chapter4/Chapter4_ws/install/chapt4_interfaces/include/chapt4_interfaces/chapt4_interfaces
[0.223s] -- Up-to-date: /home/honhe/learn_ros/Chapter4/Chapter4_ws/install/chapt4_interfaces/include/chapt4_interfaces/chapt4_interfaces/srv
[0.224s] -- Up-to-date: /home/honhe/learn_ros/Chapter4/Chapter4_ws/install/chapt4_interfaces/include/chapt4_interfaces/chapt4_interfaces/srv/detail
[0.224s] -- Up-to-date: /home/honhe/learn_ros/Chapter4/Chapter4_ws/install/chapt4_interfaces/include/chapt4_interfaces/chapt4_interfaces/srv/detail/face_detector__rosidl_typesupport_introspection_cpp.hpp
[0.224s] -- Up-to-date: /home/honhe/learn_ros/Chapter4/Chapter4_ws/install/chapt4_interfaces/include/chapt4_interfaces/chapt4_interfaces/srv/detail/face_detector__type_support.cpp
[0.224s] -- Up-to-date: /home/honhe/learn_ros/Chapter4/Chapter4_ws/install/chapt4_interfaces/lib/libchapt4_interfaces__rosidl_typesupport_introspection_cpp.so
[0.224s] -- Up-to-date: /home/honhe/learn_ros/Chapter4/Chapter4_ws/install/chapt4_interfaces/lib/libchapt4_interfaces__rosidl_typesupport_cpp.so
[0.224s] -- Up-to-date: /home/honhe/learn_ros/Chapter4/Chapter4_ws/install/chapt4_interfaces/share/chapt4_interfaces/environment/pythonpath.sh
[0.224s] -- Up-to-date: /home/honhe/learn_ros/Chapter4/Chapter4_ws/install/chapt4_interfaces/share/chapt4_interfaces/environment/pythonpath.dsv
[0.224s] -- Up-to-date: /home/honhe/learn_ros/Chapter4/Chapter4_ws/install/chapt4_interfaces/lib/python3.12/site-packages/chapt4_interfaces-0.0.0-py3.12.egg-info
[0.224s] -- Installing: /home/honhe/learn_ros/Chapter4/Chapter4_ws/install/chapt4_interfaces/lib/python3.12/site-packages/chapt4_interfaces-0.0.0-py3.12.egg-info/dependency_links.txt
[0.224s] -- Installing: /home/honhe/learn_ros/Chapter4/Chapter4_ws/install/chapt4_interfaces/lib/python3.12/site-packages/chapt4_interfaces-0.0.0-py3.12.egg-info/PKG-INFO
[0.224s] -- Installing: /home/honhe/learn_ros/Chapter4/Chapter4_ws/install/chapt4_interfaces/lib/python3.12/site-packages/chapt4_interfaces-0.0.0-py3.12.egg-info/SOURCES.txt
[0.224s] -- Installing: /home/honhe/learn_ros/Chapter4/Chapter4_ws/install/chapt4_interfaces/lib/python3.12/site-packages/chapt4_interfaces-0.0.0-py3.12.egg-info/top_level.txt
[0.224s] -- Up-to-date: /home/honhe/learn_ros/Chapter4/Chapter4_ws/install/chapt4_interfaces/lib/python3.12/site-packages/chapt4_interfaces
[0.224s] -- Up-to-date: /home/honhe/learn_ros/Chapter4/Chapter4_ws/install/chapt4_interfaces/lib/python3.12/site-packages/chapt4_interfaces/chapt4_interfaces_s__rosidl_typesupport_introspection_c.so
[0.224s] -- Up-to-date: /home/honhe/learn_ros/Chapter4/Chapter4_ws/install/chapt4_interfaces/lib/python3.12/site-packages/chapt4_interfaces/chapt4_interfaces_s__rosidl_typesupport_fastrtps_c.so
[0.224s] -- Up-to-date: /home/honhe/learn_ros/Chapter4/Chapter4_ws/install/chapt4_interfaces/lib/python3.12/site-packages/chapt4_interfaces/srv
[0.224s] -- Up-to-date: /home/honhe/learn_ros/Chapter4/Chapter4_ws/install/chapt4_interfaces/lib/python3.12/site-packages/chapt4_interfaces/srv/_face_detector.py
[0.224s] -- Up-to-date: /home/honhe/learn_ros/Chapter4/Chapter4_ws/install/chapt4_interfaces/lib/python3.12/site-packages/chapt4_interfaces/srv/_face_detector_s.c
[0.224s] -- Up-to-date: /home/honhe/learn_ros/Chapter4/Chapter4_ws/install/chapt4_interfaces/lib/python3.12/site-packages/chapt4_interfaces/srv/__init__.py
[0.224s] -- Up-to-date: /home/honhe/learn_ros/Chapter4/Chapter4_ws/install/chapt4_interfaces/lib/python3.12/site-packages/chapt4_interfaces/_chapt4_interfaces_s.ep.rosidl_typesupport_c.c
[0.224s] -- Up-to-date: /home/honhe/learn_ros/Chapter4/Chapter4_ws/install/chapt4_interfaces/lib/python3.12/site-packages/chapt4_interfaces/_chapt4_interfaces_s.ep.rosidl_typesupport_fastrtps_c.c
[0.224s] -- Up-to-date: /home/honhe/learn_ros/Chapter4/Chapter4_ws/install/chapt4_interfaces/lib/python3.12/site-packages/chapt4_interfaces/__init__.py
[0.224s] -- Up-to-date: /home/honhe/learn_ros/Chapter4/Chapter4_ws/install/chapt4_interfaces/lib/python3.12/site-packages/chapt4_interfaces/chapt4_interfaces_s__rosidl_typesupport_c.so
[0.224s] -- Up-to-date: /home/honhe/learn_ros/Chapter4/Chapter4_ws/install/chapt4_interfaces/lib/python3.12/site-packages/chapt4_interfaces/_chapt4_interfaces_s.ep.rosidl_typesupport_introspection_c.c
[0.256s] Listing '/home/honhe/learn_ros/Chapter4/Chapter4_ws/install/chapt4_interfaces/lib/python3.12/site-packages/chapt4_interfaces'...
[0.256s] Listing '/home/honhe/learn_ros/Chapter4/Chapter4_ws/install/chapt4_interfaces/lib/python3.12/site-packages/chapt4_interfaces/srv'...
[0.260s] -- Up-to-date: /home/honhe/learn_ros/Chapter4/Chapter4_ws/install/chapt4_interfaces/lib/python3.12/site-packages/chapt4_interfaces/chapt4_interfaces_s__rosidl_typesupport_fastrtps_c.so
[0.260s] -- Up-to-date: /home/honhe/learn_ros/Chapter4/Chapter4_ws/install/chapt4_interfaces/lib/python3.12/site-packages/chapt4_interfaces/chapt4_interfaces_s__rosidl_typesupport_introspection_c.so
[0.260s] -- Up-to-date: /home/honhe/learn_ros/Chapter4/Chapter4_ws/install/chapt4_interfaces/lib/python3.12/site-packages/chapt4_interfaces/chapt4_interfaces_s__rosidl_typesupport_c.so
[0.260s] -- Up-to-date: /home/honhe/learn_ros/Chapter4/Chapter4_ws/install/chapt4_interfaces/lib/libchapt4_interfaces__rosidl_generator_py.so
[0.260s] -- Up-to-date: /home/honhe/learn_ros/Chapter4/Chapter4_ws/install/chapt4_interfaces/share/chapt4_interfaces/srv/FaceDetector.idl
[0.260s] -- Up-to-date: /home/honhe/learn_ros/Chapter4/Chapter4_ws/install/chapt4_interfaces/share/chapt4_interfaces/srv/FaceDetector.srv
[0.260s] -- Up-to-date: /home/honhe/learn_ros/Chapter4/Chapter4_ws/install/chapt4_interfaces/share/ament_index/resource_index/package_run_dependencies/chapt4_interfaces
[0.260s] -- Up-to-date: /home/honhe/learn_ros/Chapter4/Chapter4_ws/install/chapt4_interfaces/share/ament_index/resource_index/parent_prefix_path/chapt4_interfaces
[0.260s] -- Up-to-date: /home/honhe/learn_ros/Chapter4/Chapter4_ws/install/chapt4_interfaces/share/chapt4_interfaces/environment/ament_prefix_path.sh
[0.260s] -- Up-to-date: /home/honhe/learn_ros/Chapter4/Chapter4_ws/install/chapt4_interfaces/share/chapt4_interfaces/environment/ament_prefix_path.dsv
[0.260s] -- Up-to-date: /home/honhe/learn_ros/Chapter4/Chapter4_ws/install/chapt4_interfaces/share/chapt4_interfaces/environment/path.sh
[0.260s] -- Up-to-date: /home/honhe/learn_ros/Chapter4/Chapter4_ws/install/chapt4_interfaces/share/chapt4_interfaces/environment/path.dsv
[0.260s] -- Up-to-date: /home/honhe/learn_ros/Chapter4/Chapter4_ws/install/chapt4_interfaces/share/chapt4_interfaces/local_setup.bash
[0.260s] -- Up-to-date: /home/honhe/learn_ros/Chapter4/Chapter4_ws/install/chapt4_interfaces/share/chapt4_interfaces/local_setup.sh
[0.260s] -- Up-to-date: /home/honhe/learn_ros/Chapter4/Chapter4_ws/install/chapt4_interfaces/share/chapt4_interfaces/local_setup.zsh
[0.261s] -- Up-to-date: /home/honhe/learn_ros/Chapter4/Chapter4_ws/install/chapt4_interfaces/share/chapt4_interfaces/local_setup.dsv
[0.261s] -- Installing: /home/honhe/learn_ros/Chapter4/Chapter4_ws/install/chapt4_interfaces/share/chapt4_interfaces/package.dsv
[0.261s] -- Up-to-date: /home/honhe/learn_ros/Chapter4/Chapter4_ws/install/chapt4_interfaces/share/ament_index/resource_index/packages/chapt4_interfaces
[0.261s] -- Up-to-date: /home/honhe/learn_ros/Chapter4/Chapter4_ws/install/chapt4_interfaces/share/chapt4_interfaces/cmake/export_chapt4_interfaces__rosidl_generator_cExport.cmake
[0.261s] -- Up-to-date: /home/honhe/learn_ros/Chapter4/Chapter4_ws/install/chapt4_interfaces/share/chapt4_interfaces/cmake/export_chapt4_interfaces__rosidl_generator_cExport-noconfig.cmake
[0.261s] -- Up-to-date: /home/honhe/learn_ros/Chapter4/Chapter4_ws/install/chapt4_interfaces/share/chapt4_interfaces/cmake/export_chapt4_interfaces__rosidl_typesupport_fastrtps_cExport.cmake
[0.261s] -- Up-to-date: /home/honhe/learn_ros/Chapter4/Chapter4_ws/install/chapt4_interfaces/share/chapt4_interfaces/cmake/export_chapt4_interfaces__rosidl_typesupport_fastrtps_cExport-noconfig.cmake
[0.261s] -- Up-to-date: /home/honhe/learn_ros/Chapter4/Chapter4_ws/install/chapt4_interfaces/share/chapt4_interfaces/cmake/export_chapt4_interfaces__rosidl_generator_cppExport.cmake
[0.261s] -- Up-to-date: /home/honhe/learn_ros/Chapter4/Chapter4_ws/install/chapt4_interfaces/share/chapt4_interfaces/cmake/export_chapt4_interfaces__rosidl_typesupport_fastrtps_cppExport.cmake
[0.261s] -- Up-to-date: /home/honhe/learn_ros/Chapter4/Chapter4_ws/install/chapt4_interfaces/share/chapt4_interfaces/cmake/export_chapt4_interfaces__rosidl_typesupport_fastrtps_cppExport-noconfig.cmake
[0.261s] -- Up-to-date: /home/honhe/learn_ros/Chapter4/Chapter4_ws/install/chapt4_interfaces/share/chapt4_interfaces/cmake/chapt4_interfaces__rosidl_typesupport_introspection_cExport.cmake
[0.261s] -- Up-to-date: /home/honhe/learn_ros/Chapter4/Chapter4_ws/install/chapt4_interfaces/share/chapt4_interfaces/cmake/chapt4_interfaces__rosidl_typesupport_introspection_cExport-noconfig.cmake
[0.261s] -- Up-to-date: /home/honhe/learn_ros/Chapter4/Chapter4_ws/install/chapt4_interfaces/share/chapt4_interfaces/cmake/chapt4_interfaces__rosidl_typesupport_cExport.cmake
[0.261s] -- Up-to-date: /home/honhe/learn_ros/Chapter4/Chapter4_ws/install/chapt4_interfaces/share/chapt4_interfaces/cmake/chapt4_interfaces__rosidl_typesupport_cExport-noconfig.cmake
[0.261s] -- Up-to-date: /home/honhe/learn_ros/Chapter4/Chapter4_ws/install/chapt4_interfaces/share/chapt4_interfaces/cmake/chapt4_interfaces__rosidl_typesupport_introspection_cppExport.cmake
[0.261s] -- Up-to-date: /home/honhe/learn_ros/Chapter4/Chapter4_ws/install/chapt4_interfaces/share/chapt4_interfaces/cmake/chapt4_interfaces__rosidl_typesupport_introspection_cppExport-noconfig.cmake
[0.261s] -- Up-to-date: /home/honhe/learn_ros/Chapter4/Chapter4_ws/install/chapt4_interfaces/share/chapt4_interfaces/cmake/chapt4_interfaces__rosidl_typesupport_cppExport.cmake
[0.261s] -- Up-to-date: /home/honhe/learn_ros/Chapter4/Chapter4_ws/install/chapt4_interfaces/share/chapt4_interfaces/cmake/chapt4_interfaces__rosidl_typesupport_cppExport-noconfig.cmake
[0.262s] -- Up-to-date: /home/honhe/learn_ros/Chapter4/Chapter4_ws/install/chapt4_interfaces/share/chapt4_interfaces/cmake/export_chapt4_interfaces__rosidl_generator_pyExport.cmake
[0.262s] -- Up-to-date: /home/honhe/learn_ros/Chapter4/Chapter4_ws/install/chapt4_interfaces/share/chapt4_interfaces/cmake/export_chapt4_interfaces__rosidl_generator_pyExport-noconfig.cmake
[0.262s] -- Up-to-date: /home/honhe/learn_ros/Chapter4/Chapter4_ws/install/chapt4_interfaces/share/chapt4_interfaces/cmake/rosidl_cmake-extras.cmake
[0.262s] -- Up-to-date: /home/honhe/learn_ros/Chapter4/Chapter4_ws/install/chapt4_interfaces/share/chapt4_interfaces/cmake/ament_cmake_export_dependencies-extras.cmake
[0.262s] -- Up-to-date: /home/honhe/learn_ros/Chapter4/Chapter4_ws/install/chapt4_interfaces/share/chapt4_interfaces/cmake/ament_cmake_export_include_directories-extras.cmake
[0.262s] -- Up-to-date: /home/honhe/learn_ros/Chapter4/Chapter4_ws/install/chapt4_interfaces/share/chapt4_interfaces/cmake/ament_cmake_export_libraries-extras.cmake
[0.262s] -- Up-to-date: /home/honhe/learn_ros/Chapter4/Chapter4_ws/install/chapt4_interfaces/share/chapt4_interfaces/cmake/ament_cmake_export_targets-extras.cmake
[0.262s] -- Up-to-date: /home/honhe/learn_ros/Chapter4/Chapter4_ws/install/chapt4_interfaces/share/chapt4_interfaces/cmake/rosidl_cmake_export_typesupport_targets-extras.cmake
[0.262s] -- Up-to-date: /home/honhe/learn_ros/Chapter4/Chapter4_ws/install/chapt4_interfaces/share/chapt4_interfaces/cmake/rosidl_cmake_export_typesupport_libraries-extras.cmake
[0.262s] -- Up-to-date: /home/honhe/learn_ros/Chapter4/Chapter4_ws/install/chapt4_interfaces/share/chapt4_interfaces/cmake/chapt4_interfacesConfig.cmake
[0.262s] -- Up-to-date: /home/honhe/learn_ros/Chapter4/Chapter4_ws/install/chapt4_interfaces/share/chapt4_interfaces/cmake/chapt4_interfacesConfig-version.cmake
[0.262s] -- Up-to-date: /home/honhe/learn_ros/Chapter4/Chapter4_ws/install/chapt4_interfaces/share/chapt4_interfaces/package.xml
[0.262s] Invoked command in '/home/honhe/learn_ros/Chapter4/Chapter4_ws/build/chapt4_interfaces' returned '0': CMAKE_PREFIX_PATH=${CMAKE_PREFIX_PATH}:/opt/ros/jazzy DEBUGINFOD_URLS=https://debuginfod.ubuntu.com VIRTUAL_ENV_PROMPT=(learn_ros_venv) /usr/bin/cmake --install /home/honhe/learn_ros/Chapter4/Chapter4_ws/build/chapt4_interfaces
