[0.007s] Invoking command in '/home/honhe/learn_ros/Chapter7/chapt7_ws/build/fishbot_description': CMAKE_PREFIX_PATH=${CMAKE_PREFIX_PATH}:/opt/ros/jazzy DEBUGINFOD_URLS=https://debuginfod.ubuntu.com /usr/bin/cmake /home/honhe/learn_ros/Chapter7/chapt7_ws/src/fishbot_description -DCMAKE_INSTALL_PREFIX=/home/honhe/learn_ros/Chapter7/chapt7_ws/install/fishbot_description
[0.123s] -- The C compiler identification is GNU 13.3.0
[0.230s] -- The CXX compiler identification is GNU 13.3.0
[0.262s] -- Detecting C compiler ABI info
[0.417s] -- Detecting C compiler ABI info - done
[0.430s] -- Check for working C compiler: /usr/bin/cc - skipped
[0.432s] -- Detecting C compile features
[0.433s] -- Detecting C compile features - done
[0.450s] -- Detecting CXX compiler ABI info
[0.597s] -- Detecting CXX compiler ABI info - done
[0.602s] -- Check for working CXX compiler: /usr/bin/c++ - skipped
[0.602s] -- Detecting CXX compile features
[0.603s] -- Detecting CXX compile features - done
[0.609s] -- Found ament_cmake: 2.5.3 (/opt/ros/jazzy/share/ament_cmake/cmake)
[0.734s] -- Found Python3: /usr/bin/python3 (found version "3.12.3") found components: Interpreter 
[0.828s] -- Found ament_lint_auto: 0.17.1 (/opt/ros/jazzy/share/ament_lint_auto/cmake)
[0.920s] -- Added test 'flake8' to check Python code syntax and style conventions
[0.920s] -- Configured 'flake8' exclude dirs and/or files: 
[0.921s] -- Added test 'lint_cmake' to check CMake code style
[0.922s] -- Added test 'pep257' to check Python code against some of the docstring style conventions in PEP 257
[0.926s] -- Added test 'xmllint' to check XML markup files
[0.928s] -- Configuring done (0.9s)
[0.931s] -- Generating done (0.0s)
[0.933s] -- Build files have been written to: /home/honhe/learn_ros/Chapter7/chapt7_ws/build/fishbot_description
[0.938s] Invoked command in '/home/honhe/learn_ros/Chapter7/chapt7_ws/build/fishbot_description' returned '0': CMAKE_PREFIX_PATH=${CMAKE_PREFIX_PATH}:/opt/ros/jazzy DEBUGINFOD_URLS=https://debuginfod.ubuntu.com /usr/bin/cmake /home/honhe/learn_ros/Chapter7/chapt7_ws/src/fishbot_description -DCMAKE_INSTALL_PREFIX=/home/honhe/learn_ros/Chapter7/chapt7_ws/install/fishbot_description
[0.939s] Invoking command in '/home/honhe/learn_ros/Chapter7/chapt7_ws/build/fishbot_description': CMAKE_PREFIX_PATH=${CMAKE_PREFIX_PATH}:/opt/ros/jazzy DEBUGINFOD_URLS=https://debuginfod.ubuntu.com /usr/bin/cmake --build /home/honhe/learn_ros/Chapter7/chapt7_ws/build/fishbot_description -- -j32 -l32
[0.978s] Invoked command in '/home/honhe/learn_ros/Chapter7/chapt7_ws/build/fishbot_description' returned '0': CMAKE_PREFIX_PATH=${CMAKE_PREFIX_PATH}:/opt/ros/jazzy DEBUGINFOD_URLS=https://debuginfod.ubuntu.com /usr/bin/cmake --build /home/honhe/learn_ros/Chapter7/chapt7_ws/build/fishbot_description -- -j32 -l32
[0.991s] Invoking command in '/home/honhe/learn_ros/Chapter7/chapt7_ws/build/fishbot_description': CMAKE_PREFIX_PATH=${CMAKE_PREFIX_PATH}:/opt/ros/jazzy DEBUGINFOD_URLS=https://debuginfod.ubuntu.com /usr/bin/cmake --install /home/honhe/learn_ros/Chapter7/chapt7_ws/build/fishbot_description
[1.004s] -- Install configuration: ""
[1.004s] -- Installing: /home/honhe/learn_ros/Chapter7/chapt7_ws/install/fishbot_description/share/fishbot_description/launch
[1.004s] -- Installing: /home/honhe/learn_ros/Chapter7/chapt7_ws/install/fishbot_description/share/fishbot_description/launch/gazebo_sim.launch.py
[1.004s] -- Installing: /home/honhe/learn_ros/Chapter7/chapt7_ws/install/fishbot_description/share/fishbot_description/launch/gazebo_sim_temp.launch.py
[1.004s] -- Installing: /home/honhe/learn_ros/Chapter7/chapt7_ws/install/fishbot_description/share/fishbot_description/launch/gazebo_sim_rc.launch.py
[1.005s] -- Installing: /home/honhe/learn_ros/Chapter7/chapt7_ws/install/fishbot_description/share/fishbot_description/launch/display_robot_by_xacro.launch.py
[1.005s] -- Installing: /home/honhe/learn_ros/Chapter7/chapt7_ws/install/fishbot_description/share/fishbot_description/launch/display_robot.launch.py
[1.005s] -- Installing: /home/honhe/learn_ros/Chapter7/chapt7_ws/install/fishbot_description/share/fishbot_description/launch/__pycache__
[1.005s] -- Installing: /home/honhe/learn_ros/Chapter7/chapt7_ws/install/fishbot_description/share/fishbot_description/launch/__pycache__/display_robot.launch.cpython-312.pyc
[1.005s] -- Installing: /home/honhe/learn_ros/Chapter7/chapt7_ws/install/fishbot_description/share/fishbot_description/urdf
[1.005s] -- Installing: /home/honhe/learn_ros/Chapter7/chapt7_ws/install/fishbot_description/share/fishbot_description/urdf/fishbot
[1.005s] -- Installing: /home/honhe/learn_ros/Chapter7/chapt7_ws/install/fishbot_description/share/fishbot_description/urdf/fishbot/actuator
[1.006s] -- Installing: /home/honhe/learn_ros/Chapter7/chapt7_ws/install/fishbot_description/share/fishbot_description/urdf/fishbot/actuator/caster.urdf.xacro
[1.006s] -- Installing: /home/honhe/learn_ros/Chapter7/chapt7_ws/install/fishbot_description/share/fishbot_description/urdf/fishbot/actuator/wheel.urdf.xacro
[1.006s] -- Installing: /home/honhe/learn_ros/Chapter7/chapt7_ws/install/fishbot_description/share/fishbot_description/urdf/fishbot/base.urdf.xacro
[1.006s] -- Installing: /home/honhe/learn_ros/Chapter7/chapt7_ws/install/fishbot_description/share/fishbot_description/urdf/fishbot/fishbot.ros2control.xacro
[1.006s] -- Installing: /home/honhe/learn_ros/Chapter7/chapt7_ws/install/fishbot_description/share/fishbot_description/urdf/fishbot/common_inertia.xacro
[1.007s] -- Installing: /home/honhe/learn_ros/Chapter7/chapt7_ws/install/fishbot_description/share/fishbot_description/urdf/fishbot/plugins
[1.007s] -- Installing: /home/honhe/learn_ros/Chapter7/chapt7_ws/install/fishbot_description/share/fishbot_description/urdf/fishbot/plugins/gazebo_sensor_plugin.xacro
[1.007s] -- Installing: /home/honhe/learn_ros/Chapter7/chapt7_ws/install/fishbot_description/share/fishbot_description/urdf/fishbot/plugins/gazebo_control_plugin.xacro
[1.007s] -- Installing: /home/honhe/learn_ros/Chapter7/chapt7_ws/install/fishbot_description/share/fishbot_description/urdf/fishbot/sensor
[1.008s] -- Installing: /home/honhe/learn_ros/Chapter7/chapt7_ws/install/fishbot_description/share/fishbot_description/urdf/fishbot/sensor/laser.urdf.xacro
[1.008s] -- Installing: /home/honhe/learn_ros/Chapter7/chapt7_ws/install/fishbot_description/share/fishbot_description/urdf/fishbot/sensor/camera.urdf.xacro
[1.008s] -- Installing: /home/honhe/learn_ros/Chapter7/chapt7_ws/install/fishbot_description/share/fishbot_description/urdf/fishbot/sensor/imu.urdf.xacro
[1.008s] -- Installing: /home/honhe/learn_ros/Chapter7/chapt7_ws/install/fishbot_description/share/fishbot_description/urdf/fishbot/fishbot.urdf.xacro
[1.008s] -- Installing: /home/honhe/learn_ros/Chapter7/chapt7_ws/install/fishbot_description/share/fishbot_description/urdf/fishbot/fishbot.rc.urdf.xacro
[1.008s] -- Installing: /home/honhe/learn_ros/Chapter7/chapt7_ws/install/fishbot_description/share/fishbot_description/urdf/first_robot.pdf
[1.009s] -- Installing: /home/honhe/learn_ros/Chapter7/chapt7_ws/install/fishbot_description/share/fishbot_description/urdf/first_robot.gv
[1.009s] -- Installing: /home/honhe/learn_ros/Chapter7/chapt7_ws/install/fishbot_description/share/fishbot_description/urdf/first_robot.xacro
[1.009s] -- Installing: /home/honhe/learn_ros/Chapter7/chapt7_ws/install/fishbot_description/share/fishbot_description/urdf/first_robot.urdf
[1.009s] -- Installing: /home/honhe/learn_ros/Chapter7/chapt7_ws/install/fishbot_description/share/fishbot_description/config
[1.009s] -- Installing: /home/honhe/learn_ros/Chapter7/chapt7_ws/install/fishbot_description/share/fishbot_description/config/display_robot_model.rviz
[1.009s] -- Installing: /home/honhe/learn_ros/Chapter7/chapt7_ws/install/fishbot_description/share/fishbot_description/config/fishbot_ros2_controller.yaml
[1.009s] -- Installing: /home/honhe/learn_ros/Chapter7/chapt7_ws/install/fishbot_description/share/fishbot_description/config/ros_gz_bridge.yaml
[1.009s] -- Installing: /home/honhe/learn_ros/Chapter7/chapt7_ws/install/fishbot_description/share/fishbot_description/world
[1.009s] -- Installing: /home/honhe/learn_ros/Chapter7/chapt7_ws/install/fishbot_description/share/fishbot_description/world/room
[1.009s] -- Installing: /home/honhe/learn_ros/Chapter7/chapt7_ws/install/fishbot_description/share/fishbot_description/world/room/model.sdf
[1.010s] -- Installing: /home/honhe/learn_ros/Chapter7/chapt7_ws/install/fishbot_description/share/fishbot_description/world/room/model.config
[1.010s] -- Installing: /home/honhe/learn_ros/Chapter7/chapt7_ws/install/fishbot_description/share/fishbot_description/world/room1
[1.010s] -- Installing: /home/honhe/learn_ros/Chapter7/chapt7_ws/install/fishbot_description/share/fishbot_description/world/room1/room1.sdf
[1.010s] -- Installing: /home/honhe/learn_ros/Chapter7/chapt7_ws/install/fishbot_description/share/fishbot_description/world/custom_room.world
[1.010s] -- Installing: /home/honhe/learn_ros/Chapter7/chapt7_ws/install/fishbot_description/share/ament_index/resource_index/package_run_dependencies/fishbot_description
[1.010s] -- Installing: /home/honhe/learn_ros/Chapter7/chapt7_ws/install/fishbot_description/share/ament_index/resource_index/parent_prefix_path/fishbot_description
[1.010s] -- Installing: /home/honhe/learn_ros/Chapter7/chapt7_ws/install/fishbot_description/share/fishbot_description/environment/ament_prefix_path.sh
[1.011s] -- Installing: /home/honhe/learn_ros/Chapter7/chapt7_ws/install/fishbot_description/share/fishbot_description/environment/ament_prefix_path.dsv
[1.011s] -- Installing: /home/honhe/learn_ros/Chapter7/chapt7_ws/install/fishbot_description/share/fishbot_description/environment/path.sh
[1.011s] -- Installing: /home/honhe/learn_ros/Chapter7/chapt7_ws/install/fishbot_description/share/fishbot_description/environment/path.dsv
[1.011s] -- Installing: /home/honhe/learn_ros/Chapter7/chapt7_ws/install/fishbot_description/share/fishbot_description/local_setup.bash
[1.011s] -- Installing: /home/honhe/learn_ros/Chapter7/chapt7_ws/install/fishbot_description/share/fishbot_description/local_setup.sh
[1.011s] -- Installing: /home/honhe/learn_ros/Chapter7/chapt7_ws/install/fishbot_description/share/fishbot_description/local_setup.zsh
[1.011s] -- Installing: /home/honhe/learn_ros/Chapter7/chapt7_ws/install/fishbot_description/share/fishbot_description/local_setup.dsv
[1.011s] -- Installing: /home/honhe/learn_ros/Chapter7/chapt7_ws/install/fishbot_description/share/fishbot_description/package.dsv
[1.011s] -- Installing: /home/honhe/learn_ros/Chapter7/chapt7_ws/install/fishbot_description/share/ament_index/resource_index/packages/fishbot_description
[1.011s] -- Installing: /home/honhe/learn_ros/Chapter7/chapt7_ws/install/fishbot_description/share/fishbot_description/cmake/fishbot_descriptionConfig.cmake
[1.011s] -- Installing: /home/honhe/learn_ros/Chapter7/chapt7_ws/install/fishbot_description/share/fishbot_description/cmake/fishbot_descriptionConfig-version.cmake
[1.011s] -- Installing: /home/honhe/learn_ros/Chapter7/chapt7_ws/install/fishbot_description/share/fishbot_description/package.xml
[1.013s] Invoked command in '/home/honhe/learn_ros/Chapter7/chapt7_ws/build/fishbot_description' returned '0': CMAKE_PREFIX_PATH=${CMAKE_PREFIX_PATH}:/opt/ros/jazzy DEBUGINFOD_URLS=https://debuginfod.ubuntu.com /usr/bin/cmake --install /home/honhe/learn_ros/Chapter7/chapt7_ws/build/fishbot_description
