[0.480s] Invoking command in '/home/honhe/learn_ros/Chapter7/chapt7_ws/src/fishbot_application': DEBUGINFOD_URLS=https://debuginfod.ubuntu.com PYTHONPATH=/home/honhe/learn_ros/Chapter7/chapt7_ws/build/fishbot_application/prefix_override:/usr/lib/python3/dist-packages/colcon_core/task/python/colcon_distutils_commands:/home/honhe/learn_ros/Chapter7/chapt7_ws/install/fishbot_application/lib/python3.12/site-packages:${PYTHONPATH} /usr/bin/python3 -W ignore:setup.py install is deprecated -W ignore:easy_install command is deprecated setup.py egg_info --egg-base ../../build/fishbot_application build --build-base /home/honhe/learn_ros/Chapter7/chapt7_ws/build/fishbot_application/build install --record /home/honhe/learn_ros/Chapter7/chapt7_ws/build/fishbot_application/install.log --single-version-externally-managed install_data
[0.601s] running egg_info
[0.601s] creating ../../build/fishbot_application/fishbot_application.egg-info
[0.609s] writing ../../build/fishbot_application/fishbot_application.egg-info/PKG-INFO
[0.610s] writing dependency_links to ../../build/fishbot_application/fishbot_application.egg-info/dependency_links.txt
[0.610s] writing entry points to ../../build/fishbot_application/fishbot_application.egg-info/entry_points.txt
[0.610s] writing requirements to ../../build/fishbot_application/fishbot_application.egg-info/requires.txt
[0.610s] writing top-level names to ../../build/fishbot_application/fishbot_application.egg-info/top_level.txt
[0.610s] writing manifest file '../../build/fishbot_application/fishbot_application.egg-info/SOURCES.txt'
[0.627s] reading manifest file '../../build/fishbot_application/fishbot_application.egg-info/SOURCES.txt'
[0.627s] adding license file 'LICENSE'
[0.627s] writing manifest file '../../build/fishbot_application/fishbot_application.egg-info/SOURCES.txt'
[0.627s] running build
[0.627s] running build_py
[0.627s] creating /home/honhe/learn_ros/Chapter7/chapt7_ws/build/fishbot_application/build
[0.627s] creating /home/honhe/learn_ros/Chapter7/chapt7_ws/build/fishbot_application/build/lib
[0.627s] creating /home/honhe/learn_ros/Chapter7/chapt7_ws/build/fishbot_application/build/lib/fishbot_application
[0.627s] copying fishbot_application/init_pose.py -> /home/honhe/learn_ros/Chapter7/chapt7_ws/build/fishbot_application/build/lib/fishbot_application
[0.627s] copying fishbot_application/__init__.py -> /home/honhe/learn_ros/Chapter7/chapt7_ws/build/fishbot_application/build/lib/fishbot_application
[0.627s] running install
[0.631s] running install_lib
[0.640s] creating /home/honhe/learn_ros/Chapter7/chapt7_ws/install/fishbot_application/lib/python3.12/site-packages/fishbot_application
[0.640s] copying /home/honhe/learn_ros/Chapter7/chapt7_ws/build/fishbot_application/build/lib/fishbot_application/init_pose.py -> /home/honhe/learn_ros/Chapter7/chapt7_ws/install/fishbot_application/lib/python3.12/site-packages/fishbot_application
[0.640s] copying /home/honhe/learn_ros/Chapter7/chapt7_ws/build/fishbot_application/build/lib/fishbot_application/__init__.py -> /home/honhe/learn_ros/Chapter7/chapt7_ws/install/fishbot_application/lib/python3.12/site-packages/fishbot_application
[0.640s] byte-compiling /home/honhe/learn_ros/Chapter7/chapt7_ws/install/fishbot_application/lib/python3.12/site-packages/fishbot_application/init_pose.py to init_pose.cpython-312.pyc
[0.640s] byte-compiling /home/honhe/learn_ros/Chapter7/chapt7_ws/install/fishbot_application/lib/python3.12/site-packages/fishbot_application/__init__.py to __init__.cpython-312.pyc
[0.640s] running install_data
[0.640s] creating /home/honhe/learn_ros/Chapter7/chapt7_ws/install/fishbot_application/share/ament_index
[0.640s] creating /home/honhe/learn_ros/Chapter7/chapt7_ws/install/fishbot_application/share/ament_index/resource_index
[0.640s] creating /home/honhe/learn_ros/Chapter7/chapt7_ws/install/fishbot_application/share/ament_index/resource_index/packages
[0.640s] copying resource/fishbot_application -> /home/honhe/learn_ros/Chapter7/chapt7_ws/install/fishbot_application/share/ament_index/resource_index/packages
[0.640s] copying package.xml -> /home/honhe/learn_ros/Chapter7/chapt7_ws/install/fishbot_application/share/fishbot_application
[0.640s] running install_egg_info
[0.650s] Copying ../../build/fishbot_application/fishbot_application.egg-info to /home/honhe/learn_ros/Chapter7/chapt7_ws/install/fishbot_application/lib/python3.12/site-packages/fishbot_application-0.0.0-py3.12.egg-info
[0.650s] running install_scripts
[0.709s] Installing fishbot_init_pose script to /home/honhe/learn_ros/Chapter7/chapt7_ws/install/fishbot_application/lib/fishbot_application
[0.709s] writing list of installed files to '/home/honhe/learn_ros/Chapter7/chapt7_ws/build/fishbot_application/install.log'
[0.725s] Invoked command in '/home/honhe/learn_ros/Chapter7/chapt7_ws/src/fishbot_application' returned '0': DEBUGINFOD_URLS=https://debuginfod.ubuntu.com PYTHONPATH=/home/honhe/learn_ros/Chapter7/chapt7_ws/build/fishbot_application/prefix_override:/usr/lib/python3/dist-packages/colcon_core/task/python/colcon_distutils_commands:/home/honhe/learn_ros/Chapter7/chapt7_ws/install/fishbot_application/lib/python3.12/site-packages:${PYTHONPATH} /usr/bin/python3 -W ignore:setup.py install is deprecated -W ignore:easy_install command is deprecated setup.py egg_info --egg-base ../../build/fishbot_application build --build-base /home/honhe/learn_ros/Chapter7/chapt7_ws/build/fishbot_application/build install --record /home/honhe/learn_ros/Chapter7/chapt7_ws/build/fishbot_application/install.log --single-version-externally-managed install_data
