[0.335s] Invoking command in '/home/honhe/learn_ros/Chapter3/topic_ws/src/demo_python_topic': DEBUGINFOD_URLS=https://debuginfod.ubuntu.com PYTHONPATH=/home/honhe/learn_ros/Chapter3/topic_ws/build/demo_python_topic/prefix_override:/usr/lib/python3/dist-packages/colcon_core/task/python/colcon_distutils_commands:/home/honhe/learn_ros/Chapter3/topic_ws/install/demo_python_topic/lib/python3.12/site-packages:${PYTHONPATH} VIRTUAL_ENV_PROMPT=(learn_ros_venv) /usr/bin/python3 -W ignore:setup.py install is deprecated -W ignore:easy_install command is deprecated setup.py egg_info --egg-base ../../build/demo_python_topic build --build-base /home/honhe/learn_ros/Chapter3/topic_ws/build/demo_python_topic/build install --record /home/honhe/learn_ros/Chapter3/topic_ws/build/demo_python_topic/install.log --single-version-externally-managed install_data
[0.445s] running egg_info
[0.445s] creating ../../build/demo_python_topic/demo_python_topic.egg-info
[0.451s] writing ../../build/demo_python_topic/demo_python_topic.egg-info/PKG-INFO
[0.451s] writing dependency_links to ../../build/demo_python_topic/demo_python_topic.egg-info/dependency_links.txt
[0.451s] writing entry points to ../../build/demo_python_topic/demo_python_topic.egg-info/entry_points.txt
[0.451s] writing requirements to ../../build/demo_python_topic/demo_python_topic.egg-info/requires.txt
[0.451s] writing top-level names to ../../build/demo_python_topic/demo_python_topic.egg-info/top_level.txt
[0.451s] writing manifest file '../../build/demo_python_topic/demo_python_topic.egg-info/SOURCES.txt'
[0.464s] reading manifest file '../../build/demo_python_topic/demo_python_topic.egg-info/SOURCES.txt'
[0.465s] adding license file 'LICENSE'
[0.465s] writing manifest file '../../build/demo_python_topic/demo_python_topic.egg-info/SOURCES.txt'
[0.465s] running build
[0.465s] running build_py
[0.465s] creating /home/honhe/learn_ros/Chapter3/topic_ws/build/demo_python_topic/build
[0.465s] creating /home/honhe/learn_ros/Chapter3/topic_ws/build/demo_python_topic/build/lib
[0.465s] creating /home/honhe/learn_ros/Chapter3/topic_ws/build/demo_python_topic/build/lib/demo_python_topic
[0.465s] copying demo_python_topic/novel_sub_node.py -> /home/honhe/learn_ros/Chapter3/topic_ws/build/demo_python_topic/build/lib/demo_python_topic
[0.465s] copying demo_python_topic/novel_pub_node.py -> /home/honhe/learn_ros/Chapter3/topic_ws/build/demo_python_topic/build/lib/demo_python_topic
[0.465s] copying demo_python_topic/__init__.py -> /home/honhe/learn_ros/Chapter3/topic_ws/build/demo_python_topic/build/lib/demo_python_topic
[0.465s] running install
[0.468s] running install_lib
[0.475s] creating /home/honhe/learn_ros/Chapter3/topic_ws/install/demo_python_topic/lib/python3.12/site-packages/demo_python_topic
[0.475s] copying /home/honhe/learn_ros/Chapter3/topic_ws/build/demo_python_topic/build/lib/demo_python_topic/novel_sub_node.py -> /home/honhe/learn_ros/Chapter3/topic_ws/install/demo_python_topic/lib/python3.12/site-packages/demo_python_topic
[0.475s] copying /home/honhe/learn_ros/Chapter3/topic_ws/build/demo_python_topic/build/lib/demo_python_topic/novel_pub_node.py -> /home/honhe/learn_ros/Chapter3/topic_ws/install/demo_python_topic/lib/python3.12/site-packages/demo_python_topic
[0.475s] copying /home/honhe/learn_ros/Chapter3/topic_ws/build/demo_python_topic/build/lib/demo_python_topic/__init__.py -> /home/honhe/learn_ros/Chapter3/topic_ws/install/demo_python_topic/lib/python3.12/site-packages/demo_python_topic
[0.475s] byte-compiling /home/honhe/learn_ros/Chapter3/topic_ws/install/demo_python_topic/lib/python3.12/site-packages/demo_python_topic/novel_sub_node.py to novel_sub_node.cpython-312.pyc
[0.475s] byte-compiling /home/honhe/learn_ros/Chapter3/topic_ws/install/demo_python_topic/lib/python3.12/site-packages/demo_python_topic/novel_pub_node.py to novel_pub_node.cpython-312.pyc
[0.476s] byte-compiling /home/honhe/learn_ros/Chapter3/topic_ws/install/demo_python_topic/lib/python3.12/site-packages/demo_python_topic/__init__.py to __init__.cpython-312.pyc
[0.476s] running install_data
[0.476s] creating /home/honhe/learn_ros/Chapter3/topic_ws/install/demo_python_topic/share/ament_index
[0.476s] creating /home/honhe/learn_ros/Chapter3/topic_ws/install/demo_python_topic/share/ament_index/resource_index
[0.476s] creating /home/honhe/learn_ros/Chapter3/topic_ws/install/demo_python_topic/share/ament_index/resource_index/packages
[0.476s] copying resource/demo_python_topic -> /home/honhe/learn_ros/Chapter3/topic_ws/install/demo_python_topic/share/ament_index/resource_index/packages
[0.476s] copying package.xml -> /home/honhe/learn_ros/Chapter3/topic_ws/install/demo_python_topic/share/demo_python_topic
[0.476s] running install_egg_info
[0.483s] Copying ../../build/demo_python_topic/demo_python_topic.egg-info to /home/honhe/learn_ros/Chapter3/topic_ws/install/demo_python_topic/lib/python3.12/site-packages/demo_python_topic-0.0.0-py3.12.egg-info
[0.484s] running install_scripts
[0.534s] Installing novel_pub_node script to /home/honhe/learn_ros/Chapter3/topic_ws/install/demo_python_topic/lib/demo_python_topic
[0.534s] Installing novel_sub_node script to /home/honhe/learn_ros/Chapter3/topic_ws/install/demo_python_topic/lib/demo_python_topic
[0.534s] writing list of installed files to '/home/honhe/learn_ros/Chapter3/topic_ws/build/demo_python_topic/install.log'
[0.547s] Invoked command in '/home/honhe/learn_ros/Chapter3/topic_ws/src/demo_python_topic' returned '0': DEBUGINFOD_URLS=https://debuginfod.ubuntu.com PYTHONPATH=/home/honhe/learn_ros/Chapter3/topic_ws/build/demo_python_topic/prefix_override:/usr/lib/python3/dist-packages/colcon_core/task/python/colcon_distutils_commands:/home/honhe/learn_ros/Chapter3/topic_ws/install/demo_python_topic/lib/python3.12/site-packages:${PYTHONPATH} VIRTUAL_ENV_PROMPT=(learn_ros_venv) /usr/bin/python3 -W ignore:setup.py install is deprecated -W ignore:easy_install command is deprecated setup.py egg_info --egg-base ../../build/demo_python_topic build --build-base /home/honhe/learn_ros/Chapter3/topic_ws/build/demo_python_topic/build install --record /home/honhe/learn_ros/Chapter3/topic_ws/build/demo_python_topic/install.log --single-version-externally-managed install_data
