[0.008s] Invoking command in '/home/honhe/learn_ros/Chapter3/topic_ws/build/demo_cpp_topic': CMAKE_PREFIX_PATH=${CMAKE_PREFIX_PATH}:/home/honhe/learn_ros/Chapter3/topic_ws/install/demo_python_topic_v2:/home/honhe/learn_ros/Chapter3/topic_ws/install/demo_python_topic:/opt/ros/jazzy DEBUGINFOD_URLS=https://debuginfod.ubuntu.com VIRTUAL_ENV_PROMPT=(learn_ros_venv) /usr/bin/cmake --build /home/honhe/learn_ros/Chapter3/topic_ws/build/demo_cpp_topic -- -j32 -l32
[0.119s] -- Found ament_cmake: 2.5.3 (/opt/ros/jazzy/share/ament_cmake/cmake)
[0.159s] -- Found rclcpp: 28.1.6 (/opt/ros/jazzy/share/rclcpp/cmake)
[0.174s] -- Found rosidl_generator_c: 4.6.5 (/opt/ros/jazzy/share/rosidl_generator_c/cmake)
[0.179s] -- Found rosidl_generator_cpp: 4.6.5 (/opt/ros/jazzy/share/rosidl_generator_cpp/cmake)
[0.186s] -- Using all available rosidl_typesupport_c: rosidl_typesupport_fastrtps_c;rosidl_typesupport_introspection_c
[0.193s] -- Using all available rosidl_typesupport_cpp: rosidl_typesupport_fastrtps_cpp;rosidl_typesupport_introspection_cpp
[0.230s] -- Found rmw_implementation_cmake: 7.3.1 (/opt/ros/jazzy/share/rmw_implementation_cmake/cmake)
[0.230s] -- Found rmw_fastrtps_cpp: 8.4.1 (/opt/ros/jazzy/share/rmw_fastrtps_cpp/cmake)
[0.274s] -- Using RMW implementation 'rmw_fastrtps_cpp' as default
[0.311s] -- Found geometry_msgs: 5.3.5 (/opt/ros/jazzy/share/geometry_msgs/cmake)
[0.330s] -- Found turtlesim: 1.8.3 (/opt/ros/jazzy/share/turtlesim/cmake)
[0.364s] -- Found ament_lint_auto: 0.17.1 (/opt/ros/jazzy/share/ament_lint_auto/cmake)
[0.421s] -- Added test 'cppcheck' to perform static code analysis on C / C++ code
[0.421s] -- Configured cppcheck include dirs: 
[0.421s] -- Configured cppcheck exclude dirs and/or files: 
[0.421s] -- Added test 'lint_cmake' to check CMake code style
[0.421s] -- Added test 'uncrustify' to check C / C++ code style
[0.421s] -- Configured uncrustify additional arguments: 
[0.422s] -- Added test 'xmllint' to check XML markup files
[0.422s] -- Configuring done (0.4s)
[0.431s] -- Generating done (0.0s)
[0.434s] -- Build files have been written to: /home/honhe/learn_ros/Chapter3/topic_ws/build/demo_cpp_topic
[0.461s] [ 25%] [32mBuilding CXX object CMakeFiles/turtle_control.dir/src/turtle_control.cpp.o[0m
[0.466s] [ 75%] Built target turtle_circle
[4.366s] [100%] [32m[1mLinking CXX executable turtle_control[0m
[4.526s] [100%] Built target turtle_control
[4.533s] Invoked command in '/home/honhe/learn_ros/Chapter3/topic_ws/build/demo_cpp_topic' returned '0': CMAKE_PREFIX_PATH=${CMAKE_PREFIX_PATH}:/home/honhe/learn_ros/Chapter3/topic_ws/install/demo_python_topic_v2:/home/honhe/learn_ros/Chapter3/topic_ws/install/demo_python_topic:/opt/ros/jazzy DEBUGINFOD_URLS=https://debuginfod.ubuntu.com VIRTUAL_ENV_PROMPT=(learn_ros_venv) /usr/bin/cmake --build /home/honhe/learn_ros/Chapter3/topic_ws/build/demo_cpp_topic -- -j32 -l32
[4.542s] Invoking command in '/home/honhe/learn_ros/Chapter3/topic_ws/build/demo_cpp_topic': CMAKE_PREFIX_PATH=${CMAKE_PREFIX_PATH}:/home/honhe/learn_ros/Chapter3/topic_ws/install/demo_python_topic_v2:/home/honhe/learn_ros/Chapter3/topic_ws/install/demo_python_topic:/opt/ros/jazzy DEBUGINFOD_URLS=https://debuginfod.ubuntu.com VIRTUAL_ENV_PROMPT=(learn_ros_venv) /usr/bin/cmake --install /home/honhe/learn_ros/Chapter3/topic_ws/build/demo_cpp_topic
[4.552s] -- Install configuration: ""
[4.552s] -- Up-to-date: /home/honhe/learn_ros/Chapter3/topic_ws/install/demo_cpp_topic/lib/demo_cpp_topic/turtle_circle
[4.552s] -- Installing: /home/honhe/learn_ros/Chapter3/topic_ws/install/demo_cpp_topic/lib/demo_cpp_topic/turtle_control
[4.556s] -- Set non-toolchain portion of runtime path of "/home/honhe/learn_ros/Chapter3/topic_ws/install/demo_cpp_topic/lib/demo_cpp_topic/turtle_control" to ""
[4.556s] -- Up-to-date: /home/honhe/learn_ros/Chapter3/topic_ws/install/demo_cpp_topic/share/ament_index/resource_index/package_run_dependencies/demo_cpp_topic
[4.556s] -- Installing: /home/honhe/learn_ros/Chapter3/topic_ws/install/demo_cpp_topic/share/ament_index/resource_index/parent_prefix_path/demo_cpp_topic
[4.556s] -- Up-to-date: /home/honhe/learn_ros/Chapter3/topic_ws/install/demo_cpp_topic/share/demo_cpp_topic/environment/ament_prefix_path.sh
[4.556s] -- Up-to-date: /home/honhe/learn_ros/Chapter3/topic_ws/install/demo_cpp_topic/share/demo_cpp_topic/environment/ament_prefix_path.dsv
[4.556s] -- Up-to-date: /home/honhe/learn_ros/Chapter3/topic_ws/install/demo_cpp_topic/share/demo_cpp_topic/environment/path.sh
[4.556s] -- Up-to-date: /home/honhe/learn_ros/Chapter3/topic_ws/install/demo_cpp_topic/share/demo_cpp_topic/environment/path.dsv
[4.556s] -- Up-to-date: /home/honhe/learn_ros/Chapter3/topic_ws/install/demo_cpp_topic/share/demo_cpp_topic/local_setup.bash
[4.556s] -- Up-to-date: /home/honhe/learn_ros/Chapter3/topic_ws/install/demo_cpp_topic/share/demo_cpp_topic/local_setup.sh
[4.556s] -- Up-to-date: /home/honhe/learn_ros/Chapter3/topic_ws/install/demo_cpp_topic/share/demo_cpp_topic/local_setup.zsh
[4.556s] -- Up-to-date: /home/honhe/learn_ros/Chapter3/topic_ws/install/demo_cpp_topic/share/demo_cpp_topic/local_setup.dsv
[4.556s] -- Installing: /home/honhe/learn_ros/Chapter3/topic_ws/install/demo_cpp_topic/share/demo_cpp_topic/package.dsv
[4.556s] -- Up-to-date: /home/honhe/learn_ros/Chapter3/topic_ws/install/demo_cpp_topic/share/ament_index/resource_index/packages/demo_cpp_topic
[4.556s] -- Up-to-date: /home/honhe/learn_ros/Chapter3/topic_ws/install/demo_cpp_topic/share/demo_cpp_topic/cmake/demo_cpp_topicConfig.cmake
[4.557s] -- Up-to-date: /home/honhe/learn_ros/Chapter3/topic_ws/install/demo_cpp_topic/share/demo_cpp_topic/cmake/demo_cpp_topicConfig-version.cmake
[4.557s] -- Up-to-date: /home/honhe/learn_ros/Chapter3/topic_ws/install/demo_cpp_topic/share/demo_cpp_topic/package.xml
[4.558s] Invoked command in '/home/honhe/learn_ros/Chapter3/topic_ws/build/demo_cpp_topic' returned '0': CMAKE_PREFIX_PATH=${CMAKE_PREFIX_PATH}:/home/honhe/learn_ros/Chapter3/topic_ws/install/demo_python_topic_v2:/home/honhe/learn_ros/Chapter3/topic_ws/install/demo_python_topic:/opt/ros/jazzy DEBUGINFOD_URLS=https://debuginfod.ubuntu.com VIRTUAL_ENV_PROMPT=(learn_ros_venv) /usr/bin/cmake --install /home/honhe/learn_ros/Chapter3/topic_ws/build/demo_cpp_topic
