[0.006s] Invoking command in '/home/honhe/learn_ros/Chapter2/chapt2_ws/build/demo_cpp_pkg': CMAKE_PREFIX_PATH=${CMAKE_PREFIX_PATH}:/home/honhe/learn_ros/Chapter2/chapt2_ws/install/demo_python_pkg:/home/honhe/learn_ros/Chapter2/install/demo_python_pkg:/opt/ros/jazzy DEBUGINFOD_URLS=https://debuginfod.ubuntu.com /usr/bin/cmake --build /home/honhe/learn_ros/Chapter2/chapt2_ws/build/demo_cpp_pkg -- -j32 -l32
[0.030s] -- Found ament_cmake: 2.5.3 (/opt/ros/jazzy/share/ament_cmake/cmake)
[0.196s] -- Found rclcpp: 28.1.6 (/opt/ros/jazzy/share/rclcpp/cmake)
[0.208s] -- Found rosidl_generator_c: 4.6.5 (/opt/ros/jazzy/share/rosidl_generator_c/cmake)
[0.213s] -- Found rosidl_generator_cpp: 4.6.5 (/opt/ros/jazzy/share/rosidl_generator_cpp/cmake)
[0.218s] -- Using all available rosidl_typesupport_c: rosidl_typesupport_fastrtps_c;rosidl_typesupport_introspection_c
[0.225s] -- Using all available rosidl_typesupport_cpp: rosidl_typesupport_fastrtps_cpp;rosidl_typesupport_introspection_cpp
[0.255s] -- Found rmw_implementation_cmake: 7.3.1 (/opt/ros/jazzy/share/rmw_implementation_cmake/cmake)
[0.256s] -- Found rmw_fastrtps_cpp: 8.4.1 (/opt/ros/jazzy/share/rmw_fastrtps_cpp/cmake)
[0.302s] -- Using RMW implementation 'rmw_fastrtps_cpp' as default
[0.338s] -- Found ament_lint_auto: 0.17.1 (/opt/ros/jazzy/share/ament_lint_auto/cmake)
[0.383s] -- Added test 'cppcheck' to perform static code analysis on C / C++ code
[0.383s] -- Configured cppcheck include dirs: 
[0.383s] -- Configured cppcheck exclude dirs and/or files: 
[0.383s] -- Added test 'lint_cmake' to check CMake code style
[0.383s] -- Added test 'uncrustify' to check C / C++ code style
[0.383s] -- Configured uncrustify additional arguments: 
[0.383s] -- Added test 'xmllint' to check XML markup files
[0.384s] -- Configuring done (0.4s)
[0.389s] -- Generating done (0.0s)
[0.391s] -- Build files have been written to: /home/honhe/learn_ros/Chapter2/chapt2_ws/build/demo_cpp_pkg
[0.419s] [ 25%] [32mBuilding CXX object CMakeFiles/person_node.dir/src/person_node.cpp.o[0m
[0.423s] [ 75%] Built target cpp_node
[1.366s] [01m[K/home/honhe/learn_ros/Chapter2/chapt2_ws/src/demo_cpp_pkg/src/person_node.cpp:[m[K In function ‘[01m[Kint[01;32m[K main[m[K(int, char**)[m[K’:
[1.366s] [01m[K/home/honhe/learn_ros/Chapter2/chapt2_ws/src/demo_cpp_pkg/src/person_node.cpp:28:14:[m[K [01;31m[Kerror: [m[Kno matching function for call to ‘[01m[KPersonNode::eat(const char [9], const char [10], int)[m[K’
[1.366s]    28 |     [01;31m[Knode->eat("fish ROS", "Zhang San", 18)[m[K;
[1.366s]       |     [01;31m[K~~~~~~~~~^~~~~~~~~~~~~~~~~~~~~~~~~~~~~[m[K
[1.366s] [01m[K/home/honhe/learn_ros/Chapter2/chapt2_ws/src/demo_cpp_pkg/src/person_node.cpp:16:14:[m[K [01;36m[Knote: [m[Kcandidate: ‘[01m[Kvoid PersonNode::[01;32m[Keat[m[K(std::string&)[m[K’
[1.366s]    16 |         void [01;36m[Keat[m[K(std::string & food_name)
[1.366s]       |              [01;36m[K^~~[m[K
[1.366s] [01m[K/home/honhe/learn_ros/Chapter2/chapt2_ws/src/demo_cpp_pkg/src/person_node.cpp:16:14:[m[K [01;36m[Knote: [m[K  candidate expects 1 argument, 3 provided
[1.605s] In file included from [01m[K/usr/include/c++/13/bits/stl_tempbuf.h:61[m[K,
[1.605s]                  from [01m[K/usr/include/c++/13/memory:66[m[K,
[1.605s]                  from [01m[K/opt/ros/jazzy/include/rclcpp/rclcpp/rclcpp.hpp:169[m[K,
[1.605s]                  from [01m[K/home/honhe/learn_ros/Chapter2/chapt2_ws/src/demo_cpp_pkg/src/person_node.cpp:1[m[K:
[1.605s] /usr/include/c++/13/bits/stl_construct.h: In instantiation of ‘[01m[Kvoid std::[01;32m[K_Construct[m[K(_Tp*, _Args&& ...) [35m[K[with _Tp = PersonNode; _Args = {const char (&)[9]}][m[K[m[K’:
[1.605s] [01m[K/usr/include/c++/13/bits/alloc_traits.h:661:19:[m[K   required from ‘[01m[Kstatic void std::allocator_traits<std::allocator<void> >::[01;32m[Kconstruct[m[K(allocator_type&, _Up*, _Args&& ...) [35m[K[with _Up = PersonNode; _Args = {const char (&)[9]}; allocator_type = std::allocator<void>][m[K[m[K’
[1.605s] [01m[K/usr/include/c++/13/bits/shared_ptr_base.h:604:39:[m[K   required from ‘[01m[Kstd::_Sp_counted_ptr_inplace<_Tp, _Alloc, _Lp>::[01;32m[K_Sp_counted_ptr_inplace[m[K(_Alloc, _Args&& ...) [35m[K[with _Args = {const char (&)[9]}; _Tp = PersonNode; _Alloc = std::allocator<void>; __gnu_cxx::_Lock_policy _Lp = __gnu_cxx::_S_atomic][m[K[m[K’
[1.605s] [01m[K/usr/include/c++/13/bits/shared_ptr_base.h:971:16:[m[K   required from ‘[01m[Kstd::__shared_count<_Lp>::[01;32m[K__shared_count[m[K(_Tp*&, std::_Sp_alloc_shared_tag<_Alloc>, _Args&& ...) [35m[K[with _Tp = PersonNode; _Alloc = std::allocator<void>; _Args = {const char (&)[9]}; __gnu_cxx::_Lock_policy _Lp = __gnu_cxx::_S_atomic][m[K[m[K’
[1.605s] [01m[K/usr/include/c++/13/bits/shared_ptr_base.h:1712:14:[m[K   required from ‘[01m[Kstd::__shared_ptr<_Tp, _Lp>::[01;32m[K__shared_ptr[m[K(std::_Sp_alloc_shared_tag<_Tp>, _Args&& ...) [35m[K[with _Alloc = std::allocator<void>; _Args = {const char (&)[9]}; _Tp = PersonNode; __gnu_cxx::_Lock_policy _Lp = __gnu_cxx::_S_atomic][m[K[m[K’
[1.605s] [01m[K/usr/include/c++/13/bits/shared_ptr.h:464:59:[m[K   required from ‘[01m[Kstd::shared_ptr<_Tp>::[01;32m[Kshared_ptr[m[K(std::_Sp_alloc_shared_tag<_Tp>, _Args&& ...) [35m[K[with _Alloc = std::allocator<void>; _Args = {const char (&)[9]}; _Tp = PersonNode][m[K[m[K’
[1.605s] [01m[K/usr/include/c++/13/bits/shared_ptr.h:1009:14:[m[K   required from ‘[01m[Kstd::shared_ptr<typename std::enable_if<(! std::is_array< <template-parameter-1-1> >::value), _Tp>::type> std::[01;32m[Kmake_shared[m[K(_Args&& ...) [35m[K[with _Tp = PersonNode; _Args = {const char (&)[9]}; typename enable_if<(! is_array< <template-parameter-1-1> >::value), _Tp>::type = PersonNode][m[K[m[K’
[1.605s] [01m[K/home/honhe/learn_ros/Chapter2/chapt2_ws/src/demo_cpp_pkg/src/person_node.cpp:26:45:[m[K   required from here
[1.606s] [01m[K/usr/include/c++/13/bits/stl_construct.h:119:7:[m[K [01;31m[Kerror: [m[Kno matching function for call to ‘[01m[KPersonNode::PersonNode(const char [9])[m[K’
[1.606s]   119 |       [01;31m[K::new((void*)__p) _Tp(std::forward<_Args>(__args)...)[m[K;
[1.606s]       |       [01;31m[K^~~~~~~~~~~~~~~~~~~~~~~~~~~~~~~~~~~~~~~~~~~~~~~~~~~~~[m[K
[1.606s] [01m[K/home/honhe/learn_ros/Chapter2/chapt2_ws/src/demo_cpp_pkg/src/person_node.cpp:9:9:[m[K [01;36m[Knote: [m[Kcandidate: ‘[01m[KPersonNode::[01;32m[KPersonNode[m[K(const std::string&, const std::string&, const int&)[m[K’
[1.606s]     9 |         [01;36m[KPersonNode[m[K(const std::string & node_name,const std::string & name,
[1.606s]       |         [01;36m[K^~~~~~~~~~[m[K
[1.606s] [01m[K/home/honhe/learn_ros/Chapter2/chapt2_ws/src/demo_cpp_pkg/src/person_node.cpp:9:9:[m[K [01;36m[Knote: [m[K  candidate expects 3 arguments, 1 provided
[1.651s] gmake[2]: *** [CMakeFiles/person_node.dir/build.make:76: CMakeFiles/person_node.dir/src/person_node.cpp.o] Error 1
[1.651s] gmake[1]: *** [CMakeFiles/Makefile2:165: CMakeFiles/person_node.dir/all] Error 2
[1.651s] gmake: *** [Makefile:146: all] Error 2
[1.654s] Invoked command in '/home/honhe/learn_ros/Chapter2/chapt2_ws/build/demo_cpp_pkg' returned '2': CMAKE_PREFIX_PATH=${CMAKE_PREFIX_PATH}:/home/honhe/learn_ros/Chapter2/chapt2_ws/install/demo_python_pkg:/home/honhe/learn_ros/Chapter2/install/demo_python_pkg:/opt/ros/jazzy DEBUGINFOD_URLS=https://debuginfod.ubuntu.com /usr/bin/cmake --build /home/honhe/learn_ros/Chapter2/chapt2_ws/build/demo_cpp_pkg -- -j32 -l32
