-- The C compiler identification is GNU 13.3.0
-- The CXX compiler identification is GNU 13.3.0
-- Detecting C compiler ABI info
-- Detecting C compiler ABI info - done
-- Check for working C compiler: /usr/bin/cc - skipped
-- Detecting C compile features
-- Detecting C compile features - done
-- Detecting CXX compiler ABI info
-- Detecting CXX compiler ABI info - done
-- Check for working CXX compiler: /usr/bin/c++ - skipped
-- Detecting CXX compile features
-- Detecting CXX compile features - done
-- Found ament_cmake: 2.5.3 (/opt/ros/jazzy/share/ament_cmake/cmake)
-- Found Python3: /usr/bin/python3 (found version "3.12.3") found components: Interpreter 
-- Found pluginlib: 5.4.2 (/opt/ros/jazzy/share/pluginlib/cmake)
-- Found TinyXML2 via Config file: /usr/lib/x86_64-linux-gnu/cmake/tinyxml2
-- Found ament_lint_auto: 0.17.1 (/opt/ros/jazzy/share/ament_lint_auto/cmake)
-- Added test 'cppcheck' to perform static code analysis on C / C++ code
-- Configured cppcheck include dirs: /home/honhe/learn_ros/Chapter8/learn_pluginlib/src/motion_control_system/include
-- Configured cppcheck exclude dirs and/or files: 
-- Added test 'lint_cmake' to check CMake code style
-- Added test 'uncrustify' to check C / C++ code style
-- Configured uncrustify additional arguments: 
-- Added test 'xmllint' to check XML markup files
-- Configuring done (0.8s)
-- Generating done (0.0s)
-- Build files have been written to: /home/honhe/learn_ros/Chapter8/learn_pluginlib/build/motion_control_system
[ 50%] [32mBuilding CXX object CMakeFiles/spin_motion_controller.dir/src/spin_motion_controller.cpp.o[0m
[100%] [32m[1mLinking CXX shared library libspin_motion_controller.so[0m
[100%] Built target spin_motion_controller
-- Install configuration: ""
-- Installing: /home/honhe/learn_ros/Chapter8/learn_pluginlib/install/motion_control_system/lib/libspin_motion_controller.so
-- Set non-toolchain portion of runtime path of "/home/honhe/learn_ros/Chapter8/learn_pluginlib/install/motion_control_system/lib/libspin_motion_controller.so" to ""
-- Installing: /home/honhe/learn_ros/Chapter8/learn_pluginlib/install/motion_control_system/include/
-- Installing: /home/honhe/learn_ros/Chapter8/learn_pluginlib/install/motion_control_system/include//motion_control_system
-- Installing: /home/honhe/learn_ros/Chapter8/learn_pluginlib/install/motion_control_system/include//motion_control_system/spin_motion_controller.hpp
-- Installing: /home/honhe/learn_ros/Chapter8/learn_pluginlib/install/motion_control_system/include//motion_control_system/motion_control_interface.hpp
-- Installing: /home/honhe/learn_ros/Chapter8/learn_pluginlib/install/motion_control_system/share/motion_control_system/spin_motion_plugins.xml
-- Installing: /home/honhe/learn_ros/Chapter8/learn_pluginlib/install/motion_control_system/share/ament_index/resource_index/package_run_dependencies/motion_control_system
-- Installing: /home/honhe/learn_ros/Chapter8/learn_pluginlib/install/motion_control_system/share/ament_index/resource_index/parent_prefix_path/motion_control_system
-- Installing: /home/honhe/learn_ros/Chapter8/learn_pluginlib/install/motion_control_system/share/motion_control_system/environment/ament_prefix_path.sh
-- Installing: /home/honhe/learn_ros/Chapter8/learn_pluginlib/install/motion_control_system/share/motion_control_system/environment/ament_prefix_path.dsv
-- Installing: /home/honhe/learn_ros/Chapter8/learn_pluginlib/install/motion_control_system/share/motion_control_system/environment/path.sh
-- Installing: /home/honhe/learn_ros/Chapter8/learn_pluginlib/install/motion_control_system/share/motion_control_system/environment/path.dsv
-- Installing: /home/honhe/learn_ros/Chapter8/learn_pluginlib/install/motion_control_system/share/motion_control_system/local_setup.bash
-- Installing: /home/honhe/learn_ros/Chapter8/learn_pluginlib/install/motion_control_system/share/motion_control_system/local_setup.sh
-- Installing: /home/honhe/learn_ros/Chapter8/learn_pluginlib/install/motion_control_system/share/motion_control_system/local_setup.zsh
-- Installing: /home/honhe/learn_ros/Chapter8/learn_pluginlib/install/motion_control_system/share/motion_control_system/local_setup.dsv
-- Installing: /home/honhe/learn_ros/Chapter8/learn_pluginlib/install/motion_control_system/share/motion_control_system/package.dsv
-- Installing: /home/honhe/learn_ros/Chapter8/learn_pluginlib/install/motion_control_system/share/ament_index/resource_index/packages/motion_control_system
-- Installing: /home/honhe/learn_ros/Chapter8/learn_pluginlib/install/motion_control_system/share/ament_index/resource_index/motion_control_system__pluginlib__plugin/motion_control_system
-- Installing: /home/honhe/learn_ros/Chapter8/learn_pluginlib/install/motion_control_system/share/motion_control_system/cmake/motion_control_systemConfig.cmake
-- Installing: /home/honhe/learn_ros/Chapter8/learn_pluginlib/install/motion_control_system/share/motion_control_system/cmake/motion_control_systemConfig-version.cmake
-- Installing: /home/honhe/learn_ros/Chapter8/learn_pluginlib/install/motion_control_system/share/motion_control_system/package.xml
