[0.006s] Invoking command in '/home/honhe/learn_ros/Chapter8/learn_pluginlib/build/motion_control_system': CMAKE_PREFIX_PATH=${CMAKE_PREFIX_PATH}:/opt/ros/jazzy DEBUGINFOD_URLS=https://debuginfod.ubuntu.com /usr/bin/cmake /home/honhe/learn_ros/Chapter8/learn_pluginlib/src/motion_control_system -DCMAKE_INSTALL_PREFIX=/home/honhe/learn_ros/Chapter8/learn_pluginlib/install/motion_control_system
[0.059s] -- The C compiler identification is GNU 13.3.0
[0.114s] -- The CXX compiler identification is GNU 13.3.0
[0.150s] -- Detecting C compiler ABI info
[0.320s] -- Detecting C compiler ABI info - done
[0.329s] -- Check for working C compiler: /usr/bin/cc - skipped
[0.329s] -- Detecting C compile features
[0.330s] -- Detecting C compile features - done
[0.345s] -- Detecting CXX compiler ABI info
[0.504s] -- Detecting CXX compiler ABI info - done
[0.514s] -- Check for working CXX compiler: /usr/bin/c++ - skipped
[0.514s] -- Detecting CXX compile features
[0.515s] -- Detecting CXX compile features - done
[0.517s] -- Found ament_cmake: 2.5.3 (/opt/ros/jazzy/share/ament_cmake/cmake)
[0.626s] -- Found Python3: /usr/bin/python3 (found version "3.12.3") found components: Interpreter 
[0.697s] -- Found pluginlib: 5.4.2 (/opt/ros/jazzy/share/pluginlib/cmake)
[0.744s] -- Found TinyXML2 via Config file: /usr/lib/x86_64-linux-gnu/cmake/tinyxml2
[0.746s] -- Found ament_lint_auto: 0.17.1 (/opt/ros/jazzy/share/ament_lint_auto/cmake)
[0.812s] -- Added test 'cppcheck' to perform static code analysis on C / C++ code
[0.812s] -- Configured cppcheck include dirs: /home/honhe/learn_ros/Chapter8/learn_pluginlib/src/motion_control_system/include
[0.813s] -- Configured cppcheck exclude dirs and/or files: 
[0.813s] -- Added test 'lint_cmake' to check CMake code style
[0.813s] -- Added test 'uncrustify' to check C / C++ code style
[0.813s] -- Configured uncrustify additional arguments: 
[0.813s] -- Added test 'xmllint' to check XML markup files
[0.814s] -- Configuring done (0.8s)
[0.818s] -- Generating done (0.0s)
[0.819s] -- Build files have been written to: /home/honhe/learn_ros/Chapter8/learn_pluginlib/build/motion_control_system
[0.824s] Invoked command in '/home/honhe/learn_ros/Chapter8/learn_pluginlib/build/motion_control_system' returned '0': CMAKE_PREFIX_PATH=${CMAKE_PREFIX_PATH}:/opt/ros/jazzy DEBUGINFOD_URLS=https://debuginfod.ubuntu.com /usr/bin/cmake /home/honhe/learn_ros/Chapter8/learn_pluginlib/src/motion_control_system -DCMAKE_INSTALL_PREFIX=/home/honhe/learn_ros/Chapter8/learn_pluginlib/install/motion_control_system
[0.824s] Invoking command in '/home/honhe/learn_ros/Chapter8/learn_pluginlib/build/motion_control_system': CMAKE_PREFIX_PATH=${CMAKE_PREFIX_PATH}:/opt/ros/jazzy DEBUGINFOD_URLS=https://debuginfod.ubuntu.com /usr/bin/cmake --build /home/honhe/learn_ros/Chapter8/learn_pluginlib/build/motion_control_system -- -j32 -l32
[0.866s] [ 50%] [32mBuilding CXX object CMakeFiles/spin_motion_controller.dir/src/spin_motion_controller.cpp.o[0m
[1.202s] [100%] [32m[1mLinking CXX shared library libspin_motion_controller.so[0m
[1.253s] [100%] Built target spin_motion_controller
[1.262s] Invoked command in '/home/honhe/learn_ros/Chapter8/learn_pluginlib/build/motion_control_system' returned '0': CMAKE_PREFIX_PATH=${CMAKE_PREFIX_PATH}:/opt/ros/jazzy DEBUGINFOD_URLS=https://debuginfod.ubuntu.com /usr/bin/cmake --build /home/honhe/learn_ros/Chapter8/learn_pluginlib/build/motion_control_system -- -j32 -l32
[1.272s] Invoking command in '/home/honhe/learn_ros/Chapter8/learn_pluginlib/build/motion_control_system': CMAKE_PREFIX_PATH=${CMAKE_PREFIX_PATH}:/opt/ros/jazzy DEBUGINFOD_URLS=https://debuginfod.ubuntu.com /usr/bin/cmake --install /home/honhe/learn_ros/Chapter8/learn_pluginlib/build/motion_control_system
[1.281s] -- Install configuration: ""
[1.281s] -- Installing: /home/honhe/learn_ros/Chapter8/learn_pluginlib/install/motion_control_system/lib/libspin_motion_controller.so
[1.281s] -- Set non-toolchain portion of runtime path of "/home/honhe/learn_ros/Chapter8/learn_pluginlib/install/motion_control_system/lib/libspin_motion_controller.so" to ""
[1.281s] -- Installing: /home/honhe/learn_ros/Chapter8/learn_pluginlib/install/motion_control_system/include/
[1.281s] -- Installing: /home/honhe/learn_ros/Chapter8/learn_pluginlib/install/motion_control_system/include//motion_control_system
[1.281s] -- Installing: /home/honhe/learn_ros/Chapter8/learn_pluginlib/install/motion_control_system/include//motion_control_system/spin_motion_controller.hpp
[1.282s] -- Installing: /home/honhe/learn_ros/Chapter8/learn_pluginlib/install/motion_control_system/include//motion_control_system/motion_control_interface.hpp
[1.282s] -- Installing: /home/honhe/learn_ros/Chapter8/learn_pluginlib/install/motion_control_system/share/motion_control_system/spin_motion_plugins.xml
[1.282s] -- Installing: /home/honhe/learn_ros/Chapter8/learn_pluginlib/install/motion_control_system/share/ament_index/resource_index/package_run_dependencies/motion_control_system
[1.282s] -- Installing: /home/honhe/learn_ros/Chapter8/learn_pluginlib/install/motion_control_system/share/ament_index/resource_index/parent_prefix_path/motion_control_system
[1.282s] -- Installing: /home/honhe/learn_ros/Chapter8/learn_pluginlib/install/motion_control_system/share/motion_control_system/environment/ament_prefix_path.sh
[1.282s] -- Installing: /home/honhe/learn_ros/Chapter8/learn_pluginlib/install/motion_control_system/share/motion_control_system/environment/ament_prefix_path.dsv
[1.282s] -- Installing: /home/honhe/learn_ros/Chapter8/learn_pluginlib/install/motion_control_system/share/motion_control_system/environment/path.sh
[1.282s] -- Installing: /home/honhe/learn_ros/Chapter8/learn_pluginlib/install/motion_control_system/share/motion_control_system/environment/path.dsv
[1.282s] -- Installing: /home/honhe/learn_ros/Chapter8/learn_pluginlib/install/motion_control_system/share/motion_control_system/local_setup.bash
[1.282s] -- Installing: /home/honhe/learn_ros/Chapter8/learn_pluginlib/install/motion_control_system/share/motion_control_system/local_setup.sh
[1.283s] -- Installing: /home/honhe/learn_ros/Chapter8/learn_pluginlib/install/motion_control_system/share/motion_control_system/local_setup.zsh
[1.283s] -- Installing: /home/honhe/learn_ros/Chapter8/learn_pluginlib/install/motion_control_system/share/motion_control_system/local_setup.dsv
[1.283s] -- Installing: /home/honhe/learn_ros/Chapter8/learn_pluginlib/install/motion_control_system/share/motion_control_system/package.dsv
[1.283s] -- Installing: /home/honhe/learn_ros/Chapter8/learn_pluginlib/install/motion_control_system/share/ament_index/resource_index/packages/motion_control_system
[1.283s] -- Installing: /home/honhe/learn_ros/Chapter8/learn_pluginlib/install/motion_control_system/share/ament_index/resource_index/motion_control_system__pluginlib__plugin/motion_control_system
[1.283s] -- Installing: /home/honhe/learn_ros/Chapter8/learn_pluginlib/install/motion_control_system/share/motion_control_system/cmake/motion_control_systemConfig.cmake
[1.283s] -- Installing: /home/honhe/learn_ros/Chapter8/learn_pluginlib/install/motion_control_system/share/motion_control_system/cmake/motion_control_systemConfig-version.cmake
[1.283s] -- Installing: /home/honhe/learn_ros/Chapter8/learn_pluginlib/install/motion_control_system/share/motion_control_system/package.xml
[1.284s] Invoked command in '/home/honhe/learn_ros/Chapter8/learn_pluginlib/build/motion_control_system' returned '0': CMAKE_PREFIX_PATH=${CMAKE_PREFIX_PATH}:/opt/ros/jazzy DEBUGINFOD_URLS=https://debuginfod.ubuntu.com /usr/bin/cmake --install /home/honhe/learn_ros/Chapter8/learn_pluginlib/build/motion_control_system
