[0.008s] Invoking command in '/home/honhe/learn_ros/Chapter3/topic_ws/build/demo_cpp_topic': CMAKE_PREFIX_PATH=${CMAKE_PREFIX_PATH}:/opt/ros/jazzy DEBUGINFOD_URLS=https://debuginfod.ubuntu.com VIRTUAL_ENV_PROMPT=(learn_ros_venv) /usr/bin/cmake /home/honhe/learn_ros/Chapter3/topic_ws/src/demo_cpp_topic -DCMAKE_INSTALL_PREFIX=/home/honhe/learn_ros/Chapter3/topic_ws/install/demo_cpp_topic
[0.108s] -- The C compiler identification is GNU 13.3.0
[0.108s] -- The CXX compiler identification is GNU 13.3.0
[0.108s] -- Detecting C compiler ABI info
[0.163s] -- Detecting C compiler ABI info - done
[0.172s] -- Check for working C compiler: /usr/bin/cc - skipped
[0.172s] -- Detecting C compile features
[0.172s] -- Detecting C compile features - done
[0.179s] -- Detecting CXX compiler ABI info
[0.250s] -- Detecting CXX compiler ABI info - done
[0.260s] -- Check for working CXX compiler: /usr/bin/c++ - skipped
[0.260s] -- Detecting CXX compile features
[0.260s] -- Detecting CXX compile features - done
[0.261s] -- Found ament_cmake: 2.5.3 (/opt/ros/jazzy/share/ament_cmake/cmake)
[0.364s] -- Found Python3: /home/honhe/learn_ros/learn_ros_venv/bin/python3 (found version "3.12.3") found components: Interpreter 
[0.434s] -- Found rclcpp: 28.1.6 (/opt/ros/jazzy/share/rclcpp/cmake)
[0.463s] -- Found rosidl_generator_c: 4.6.5 (/opt/ros/jazzy/share/rosidl_generator_c/cmake)
[0.470s] -- Found rosidl_generator_cpp: 4.6.5 (/opt/ros/jazzy/share/rosidl_generator_cpp/cmake)
[0.479s] -- Using all available rosidl_typesupport_c: rosidl_typesupport_fastrtps_c;rosidl_typesupport_introspection_c
[0.490s] -- Using all available rosidl_typesupport_cpp: rosidl_typesupport_fastrtps_cpp;rosidl_typesupport_introspection_cpp
[0.534s] -- Found rmw_implementation_cmake: 7.3.1 (/opt/ros/jazzy/share/rmw_implementation_cmake/cmake)
[0.536s] -- Found rmw_fastrtps_cpp: 8.4.1 (/opt/ros/jazzy/share/rmw_fastrtps_cpp/cmake)
[0.593s] -- Found OpenSSL: /usr/lib/x86_64-linux-gnu/libcrypto.so (found version "3.0.13")  
[0.612s] -- Found FastRTPS: /opt/ros/jazzy/include (Required is at least version "2.13") 
[0.630s] -- Using RMW implementation 'rmw_fastrtps_cpp' as default
[0.674s] -- Found geometry_msgs: 5.3.5 (/opt/ros/jazzy/share/geometry_msgs/cmake)
[0.695s] -- Found turtlesim: 1.8.3 (/opt/ros/jazzy/share/turtlesim/cmake)
[0.731s] -- Found ament_lint_auto: 0.17.1 (/opt/ros/jazzy/share/ament_lint_auto/cmake)
[0.795s] -- Added test 'cppcheck' to perform static code analysis on C / C++ code
[0.795s] -- Configured cppcheck include dirs: 
[0.795s] -- Configured cppcheck exclude dirs and/or files: 
[0.795s] -- Added test 'lint_cmake' to check CMake code style
[0.796s] -- Added test 'uncrustify' to check C / C++ code style
[0.796s] -- Configured uncrustify additional arguments: 
[0.796s] -- Added test 'xmllint' to check XML markup files
[0.797s] -- Configuring done (0.8s)
[0.803s] -- Generating done (0.0s)
[0.805s] -- Build files have been written to: /home/honhe/learn_ros/Chapter3/topic_ws/build/demo_cpp_topic
[0.813s] Invoked command in '/home/honhe/learn_ros/Chapter3/topic_ws/build/demo_cpp_topic' returned '0': CMAKE_PREFIX_PATH=${CMAKE_PREFIX_PATH}:/opt/ros/jazzy DEBUGINFOD_URLS=https://debuginfod.ubuntu.com VIRTUAL_ENV_PROMPT=(learn_ros_venv) /usr/bin/cmake /home/honhe/learn_ros/Chapter3/topic_ws/src/demo_cpp_topic -DCMAKE_INSTALL_PREFIX=/home/honhe/learn_ros/Chapter3/topic_ws/install/demo_cpp_topic
[0.814s] Invoking command in '/home/honhe/learn_ros/Chapter3/topic_ws/build/demo_cpp_topic': CMAKE_PREFIX_PATH=${CMAKE_PREFIX_PATH}:/opt/ros/jazzy DEBUGINFOD_URLS=https://debuginfod.ubuntu.com VIRTUAL_ENV_PROMPT=(learn_ros_venv) /usr/bin/cmake --build /home/honhe/learn_ros/Chapter3/topic_ws/build/demo_cpp_topic -- -j32 -l32
[0.854s] [ 50%] [32mBuilding CXX object CMakeFiles/turtle_circle.dir/src/turtle_circle.cpp.o[0m
[2.882s] [100%] [32m[1mLinking CXX executable turtle_circle[0m
[2.968s] [100%] Built target turtle_circle
[2.978s] Invoked command in '/home/honhe/learn_ros/Chapter3/topic_ws/build/demo_cpp_topic' returned '0': CMAKE_PREFIX_PATH=${CMAKE_PREFIX_PATH}:/opt/ros/jazzy DEBUGINFOD_URLS=https://debuginfod.ubuntu.com VIRTUAL_ENV_PROMPT=(learn_ros_venv) /usr/bin/cmake --build /home/honhe/learn_ros/Chapter3/topic_ws/build/demo_cpp_topic -- -j32 -l32
[2.986s] Invoking command in '/home/honhe/learn_ros/Chapter3/topic_ws/build/demo_cpp_topic': CMAKE_PREFIX_PATH=${CMAKE_PREFIX_PATH}:/opt/ros/jazzy DEBUGINFOD_URLS=https://debuginfod.ubuntu.com VIRTUAL_ENV_PROMPT=(learn_ros_venv) /usr/bin/cmake --install /home/honhe/learn_ros/Chapter3/topic_ws/build/demo_cpp_topic
[2.997s] -- Install configuration: ""
[2.997s] -- Installing: /home/honhe/learn_ros/Chapter3/topic_ws/install/demo_cpp_topic/lib/demo_cpp_topic/turtle_circle
[2.999s] -- Set non-toolchain portion of runtime path of "/home/honhe/learn_ros/Chapter3/topic_ws/install/demo_cpp_topic/lib/demo_cpp_topic/turtle_circle" to ""
[2.999s] -- Installing: /home/honhe/learn_ros/Chapter3/topic_ws/install/demo_cpp_topic/share/ament_index/resource_index/package_run_dependencies/demo_cpp_topic
[2.999s] -- Installing: /home/honhe/learn_ros/Chapter3/topic_ws/install/demo_cpp_topic/share/ament_index/resource_index/parent_prefix_path/demo_cpp_topic
[2.999s] -- Installing: /home/honhe/learn_ros/Chapter3/topic_ws/install/demo_cpp_topic/share/demo_cpp_topic/environment/ament_prefix_path.sh
[2.999s] -- Installing: /home/honhe/learn_ros/Chapter3/topic_ws/install/demo_cpp_topic/share/demo_cpp_topic/environment/ament_prefix_path.dsv
[2.999s] -- Installing: /home/honhe/learn_ros/Chapter3/topic_ws/install/demo_cpp_topic/share/demo_cpp_topic/environment/path.sh
[2.999s] -- Installing: /home/honhe/learn_ros/Chapter3/topic_ws/install/demo_cpp_topic/share/demo_cpp_topic/environment/path.dsv
[2.999s] -- Installing: /home/honhe/learn_ros/Chapter3/topic_ws/install/demo_cpp_topic/share/demo_cpp_topic/local_setup.bash
[2.999s] -- Installing: /home/honhe/learn_ros/Chapter3/topic_ws/install/demo_cpp_topic/share/demo_cpp_topic/local_setup.sh
[2.999s] -- Installing: /home/honhe/learn_ros/Chapter3/topic_ws/install/demo_cpp_topic/share/demo_cpp_topic/local_setup.zsh
[3.000s] -- Installing: /home/honhe/learn_ros/Chapter3/topic_ws/install/demo_cpp_topic/share/demo_cpp_topic/local_setup.dsv
[3.000s] -- Installing: /home/honhe/learn_ros/Chapter3/topic_ws/install/demo_cpp_topic/share/demo_cpp_topic/package.dsv
[3.000s] -- Installing: /home/honhe/learn_ros/Chapter3/topic_ws/install/demo_cpp_topic/share/ament_index/resource_index/packages/demo_cpp_topic
[3.000s] -- Installing: /home/honhe/learn_ros/Chapter3/topic_ws/install/demo_cpp_topic/share/demo_cpp_topic/cmake/demo_cpp_topicConfig.cmake
[3.000s] -- Installing: /home/honhe/learn_ros/Chapter3/topic_ws/install/demo_cpp_topic/share/demo_cpp_topic/cmake/demo_cpp_topicConfig-version.cmake
[3.000s] -- Installing: /home/honhe/learn_ros/Chapter3/topic_ws/install/demo_cpp_topic/share/demo_cpp_topic/package.xml
[3.001s] Invoked command in '/home/honhe/learn_ros/Chapter3/topic_ws/build/demo_cpp_topic' returned '0': CMAKE_PREFIX_PATH=${CMAKE_PREFIX_PATH}:/opt/ros/jazzy DEBUGINFOD_URLS=https://debuginfod.ubuntu.com VIRTUAL_ENV_PROMPT=(learn_ros_venv) /usr/bin/cmake --install /home/honhe/learn_ros/Chapter3/topic_ws/build/demo_cpp_topic
