-- Found ament_cmake: 2.5.3 (/opt/ros/jazzy/share/ament_cmake/cmake)
-- Found chapt4_interfaces: 0.0.0 (/home/honhe/learn_ros/Chapter4/Chapter4_ws/install/chapt4_interfaces/share/chapt4_interfaces/cmake)
-- Found rosidl_generator_c: 4.6.5 (/opt/ros/jazzy/share/rosidl_generator_c/cmake)
-- Found rosidl_generator_cpp: 4.6.5 (/opt/ros/jazzy/share/rosidl_generator_cpp/cmake)
-- Using all available rosidl_typesupport_c: rosidl_typesupport_fastrtps_c;rosidl_typesupport_introspection_c
-- Using all available rosidl_typesupport_cpp: rosidl_typesupport_fastrtps_cpp;rosidl_typesupport_introspection_cpp
-- Found rclcpp: 28.1.6 (/opt/ros/jazzy/share/rclcpp/cmake)
-- Found rmw_implementation_cmake: 7.3.1 (/opt/ros/jazzy/share/rmw_implementation_cmake/cmake)
-- Found rmw_fastrtps_cpp: 8.4.1 (/opt/ros/jazzy/share/rmw_fastrtps_cpp/cmake)
-- Using RMW implementation 'rmw_fastrtps_cpp' as default
-- Found turtlesim: 1.8.3 (/opt/ros/jazzy/share/turtlesim/cmake)
-- Found ament_lint_auto: 0.17.1 (/opt/ros/jazzy/share/ament_lint_auto/cmake)
-- Added test 'cppcheck' to perform static code analysis on C / C++ code
-- Configured cppcheck include dirs: 
-- Configured cppcheck exclude dirs and/or files: 
-- Added test 'lint_cmake' to check CMake code style
-- Added test 'uncrustify' to check C / C++ code style
-- Configured uncrustify additional arguments: 
-- Added test 'xmllint' to check XML markup files
-- Configuring done (0.5s)
-- Generating done (0.0s)
-- Build files have been written to: /home/honhe/learn_ros/Chapter4/Chapter4_ws/build/demo_cpp_service
[ 25%] [32mBuilding CXX object CMakeFiles/patrol_client.dir/src/patrol_client.cpp.o[0m
[ 75%] Built target turtle_control
[100%] [32m[1mLinking CXX executable patrol_client[0m
[100%] Built target patrol_client
-- Install configuration: ""
-- Up-to-date: /home/honhe/learn_ros/Chapter4/Chapter4_ws/install/demo_cpp_service/lib/demo_cpp_service/turtle_control
-- Installing: /home/honhe/learn_ros/Chapter4/Chapter4_ws/install/demo_cpp_service/lib/demo_cpp_service/patrol_client
-- Set non-toolchain portion of runtime path of "/home/honhe/learn_ros/Chapter4/Chapter4_ws/install/demo_cpp_service/lib/demo_cpp_service/patrol_client" to ""
-- Up-to-date: /home/honhe/learn_ros/Chapter4/Chapter4_ws/install/demo_cpp_service/share/ament_index/resource_index/package_run_dependencies/demo_cpp_service
-- Installing: /home/honhe/learn_ros/Chapter4/Chapter4_ws/install/demo_cpp_service/share/ament_index/resource_index/parent_prefix_path/demo_cpp_service
-- Up-to-date: /home/honhe/learn_ros/Chapter4/Chapter4_ws/install/demo_cpp_service/share/demo_cpp_service/environment/ament_prefix_path.sh
-- Up-to-date: /home/honhe/learn_ros/Chapter4/Chapter4_ws/install/demo_cpp_service/share/demo_cpp_service/environment/ament_prefix_path.dsv
-- Up-to-date: /home/honhe/learn_ros/Chapter4/Chapter4_ws/install/demo_cpp_service/share/demo_cpp_service/environment/path.sh
-- Up-to-date: /home/honhe/learn_ros/Chapter4/Chapter4_ws/install/demo_cpp_service/share/demo_cpp_service/environment/path.dsv
-- Up-to-date: /home/honhe/learn_ros/Chapter4/Chapter4_ws/install/demo_cpp_service/share/demo_cpp_service/local_setup.bash
-- Up-to-date: /home/honhe/learn_ros/Chapter4/Chapter4_ws/install/demo_cpp_service/share/demo_cpp_service/local_setup.sh
-- Up-to-date: /home/honhe/learn_ros/Chapter4/Chapter4_ws/install/demo_cpp_service/share/demo_cpp_service/local_setup.zsh
-- Up-to-date: /home/honhe/learn_ros/Chapter4/Chapter4_ws/install/demo_cpp_service/share/demo_cpp_service/local_setup.dsv
-- Installing: /home/honhe/learn_ros/Chapter4/Chapter4_ws/install/demo_cpp_service/share/demo_cpp_service/package.dsv
-- Up-to-date: /home/honhe/learn_ros/Chapter4/Chapter4_ws/install/demo_cpp_service/share/ament_index/resource_index/packages/demo_cpp_service
-- Up-to-date: /home/honhe/learn_ros/Chapter4/Chapter4_ws/install/demo_cpp_service/share/demo_cpp_service/cmake/demo_cpp_serviceConfig.cmake
-- Up-to-date: /home/honhe/learn_ros/Chapter4/Chapter4_ws/install/demo_cpp_service/share/demo_cpp_service/cmake/demo_cpp_serviceConfig-version.cmake
-- Up-to-date: /home/honhe/learn_ros/Chapter4/Chapter4_ws/install/demo_cpp_service/share/demo_cpp_service/package.xml
