[0.008s] Invoking command in '/home/honhe/learn_ros/Chapter4/Chapter4_ws/build/demo_cpp_service': CMAKE_PREFIX_PATH=/home/honhe/learn_ros/Chapter4/Chapter4_ws/install/chapt4_interfaces:/home/honhe/learn_ros/Chapter4/Chapter4_ws/install/demo_cpp_service:/opt/ros/jazzy/opt/gz_math_vendor:/opt/ros/jazzy/opt/gz_utils_vendor:/opt/ros/jazzy/opt/gz_cmake_vendor:/home/honhe/learn_ros/Chapter4/Chapter4_ws/install/demo_python_service:/opt/ros/jazzy DEBUGINFOD_URLS=https://debuginfod.ubuntu.com PYTHONPATH=/home/honhe/learn_ros/Chapter4/Chapter4_ws/install/chapt4_interfaces/lib/python3.12/site-packages:/home/honhe/learn_ros/Chapter4/Chapter4_ws/install/demo_python_service/lib/python3.12/site-packages:/opt/ros/jazzy/lib/python3.12/site-packages VIRTUAL_ENV_PROMPT=(learn_ros_venv) /usr/bin/cmake --build /home/honhe/learn_ros/Chapter4/Chapter4_ws/build/demo_cpp_service -- -j32 -l32
[0.026s] -- Found ament_cmake: 2.5.3 (/opt/ros/jazzy/share/ament_cmake/cmake)
[0.174s] -- Found chapt4_interfaces: 0.0.0 (/home/honhe/learn_ros/Chapter4/Chapter4_ws/install/chapt4_interfaces/share/chapt4_interfaces/cmake)
[0.189s] -- Found rosidl_generator_c: 4.6.5 (/opt/ros/jazzy/share/rosidl_generator_c/cmake)
[0.194s] -- Found rosidl_generator_cpp: 4.6.5 (/opt/ros/jazzy/share/rosidl_generator_cpp/cmake)
[0.201s] -- Using all available rosidl_typesupport_c: rosidl_typesupport_fastrtps_c;rosidl_typesupport_introspection_c
[0.209s] -- Using all available rosidl_typesupport_cpp: rosidl_typesupport_fastrtps_cpp;rosidl_typesupport_introspection_cpp
[0.273s] -- Found rclcpp: 28.1.6 (/opt/ros/jazzy/share/rclcpp/cmake)
[0.297s] -- Found rmw_implementation_cmake: 7.3.1 (/opt/ros/jazzy/share/rmw_implementation_cmake/cmake)
[0.298s] -- Found rmw_fastrtps_cpp: 8.4.1 (/opt/ros/jazzy/share/rmw_fastrtps_cpp/cmake)
[0.347s] -- Using RMW implementation 'rmw_fastrtps_cpp' as default
[0.386s] -- Found turtlesim: 1.8.3 (/opt/ros/jazzy/share/turtlesim/cmake)
[0.421s] -- Found ament_lint_auto: 0.17.1 (/opt/ros/jazzy/share/ament_lint_auto/cmake)
[0.497s] -- Added test 'cppcheck' to perform static code analysis on C / C++ code
[0.497s] -- Configured cppcheck include dirs: 
[0.497s] -- Configured cppcheck exclude dirs and/or files: 
[0.497s] -- Added test 'lint_cmake' to check CMake code style
[0.498s] -- Added test 'uncrustify' to check C / C++ code style
[0.498s] -- Configured uncrustify additional arguments: 
[0.498s] -- Added test 'xmllint' to check XML markup files
[0.498s] -- Configuring done (0.5s)
[0.510s] -- Generating done (0.0s)
[0.514s] -- Build files have been written to: /home/honhe/learn_ros/Chapter4/Chapter4_ws/build/demo_cpp_service
[0.552s] [ 25%] [32mBuilding CXX object CMakeFiles/patrol_client.dir/src/patrol_client.cpp.o[0m
[0.557s] [ 75%] Built target turtle_control
[3.013s] [100%] [32m[1mLinking CXX executable patrol_client[0m
[3.115s] [100%] Built target patrol_client
[3.124s] Invoked command in '/home/honhe/learn_ros/Chapter4/Chapter4_ws/build/demo_cpp_service' returned '0': CMAKE_PREFIX_PATH=/home/honhe/learn_ros/Chapter4/Chapter4_ws/install/chapt4_interfaces:/home/honhe/learn_ros/Chapter4/Chapter4_ws/install/demo_cpp_service:/opt/ros/jazzy/opt/gz_math_vendor:/opt/ros/jazzy/opt/gz_utils_vendor:/opt/ros/jazzy/opt/gz_cmake_vendor:/home/honhe/learn_ros/Chapter4/Chapter4_ws/install/demo_python_service:/opt/ros/jazzy DEBUGINFOD_URLS=https://debuginfod.ubuntu.com PYTHONPATH=/home/honhe/learn_ros/Chapter4/Chapter4_ws/install/chapt4_interfaces/lib/python3.12/site-packages:/home/honhe/learn_ros/Chapter4/Chapter4_ws/install/demo_python_service/lib/python3.12/site-packages:/opt/ros/jazzy/lib/python3.12/site-packages VIRTUAL_ENV_PROMPT=(learn_ros_venv) /usr/bin/cmake --build /home/honhe/learn_ros/Chapter4/Chapter4_ws/build/demo_cpp_service -- -j32 -l32
[3.125s] Invoking command in '/home/honhe/learn_ros/Chapter4/Chapter4_ws/build/demo_cpp_service': CMAKE_PREFIX_PATH=/home/honhe/learn_ros/Chapter4/Chapter4_ws/install/chapt4_interfaces:/home/honhe/learn_ros/Chapter4/Chapter4_ws/install/demo_cpp_service:/opt/ros/jazzy/opt/gz_math_vendor:/opt/ros/jazzy/opt/gz_utils_vendor:/opt/ros/jazzy/opt/gz_cmake_vendor:/home/honhe/learn_ros/Chapter4/Chapter4_ws/install/demo_python_service:/opt/ros/jazzy DEBUGINFOD_URLS=https://debuginfod.ubuntu.com PYTHONPATH=/home/honhe/learn_ros/Chapter4/Chapter4_ws/install/chapt4_interfaces/lib/python3.12/site-packages:/home/honhe/learn_ros/Chapter4/Chapter4_ws/install/demo_python_service/lib/python3.12/site-packages:/opt/ros/jazzy/lib/python3.12/site-packages VIRTUAL_ENV_PROMPT=(learn_ros_venv) /usr/bin/cmake --install /home/honhe/learn_ros/Chapter4/Chapter4_ws/build/demo_cpp_service
[3.134s] -- Install configuration: ""
[3.134s] -- Up-to-date: /home/honhe/learn_ros/Chapter4/Chapter4_ws/install/demo_cpp_service/lib/demo_cpp_service/turtle_control
[3.134s] -- Installing: /home/honhe/learn_ros/Chapter4/Chapter4_ws/install/demo_cpp_service/lib/demo_cpp_service/patrol_client
[3.135s] -- Set non-toolchain portion of runtime path of "/home/honhe/learn_ros/Chapter4/Chapter4_ws/install/demo_cpp_service/lib/demo_cpp_service/patrol_client" to ""
[3.135s] -- Up-to-date: /home/honhe/learn_ros/Chapter4/Chapter4_ws/install/demo_cpp_service/share/ament_index/resource_index/package_run_dependencies/demo_cpp_service
[3.135s] -- Installing: /home/honhe/learn_ros/Chapter4/Chapter4_ws/install/demo_cpp_service/share/ament_index/resource_index/parent_prefix_path/demo_cpp_service
[3.135s] -- Up-to-date: /home/honhe/learn_ros/Chapter4/Chapter4_ws/install/demo_cpp_service/share/demo_cpp_service/environment/ament_prefix_path.sh
[3.135s] -- Up-to-date: /home/honhe/learn_ros/Chapter4/Chapter4_ws/install/demo_cpp_service/share/demo_cpp_service/environment/ament_prefix_path.dsv
[3.135s] -- Up-to-date: /home/honhe/learn_ros/Chapter4/Chapter4_ws/install/demo_cpp_service/share/demo_cpp_service/environment/path.sh
[3.135s] -- Up-to-date: /home/honhe/learn_ros/Chapter4/Chapter4_ws/install/demo_cpp_service/share/demo_cpp_service/environment/path.dsv
[3.135s] -- Up-to-date: /home/honhe/learn_ros/Chapter4/Chapter4_ws/install/demo_cpp_service/share/demo_cpp_service/local_setup.bash
[3.135s] -- Up-to-date: /home/honhe/learn_ros/Chapter4/Chapter4_ws/install/demo_cpp_service/share/demo_cpp_service/local_setup.sh
[3.135s] -- Up-to-date: /home/honhe/learn_ros/Chapter4/Chapter4_ws/install/demo_cpp_service/share/demo_cpp_service/local_setup.zsh
[3.135s] -- Up-to-date: /home/honhe/learn_ros/Chapter4/Chapter4_ws/install/demo_cpp_service/share/demo_cpp_service/local_setup.dsv
[3.135s] -- Installing: /home/honhe/learn_ros/Chapter4/Chapter4_ws/install/demo_cpp_service/share/demo_cpp_service/package.dsv
[3.135s] -- Up-to-date: /home/honhe/learn_ros/Chapter4/Chapter4_ws/install/demo_cpp_service/share/ament_index/resource_index/packages/demo_cpp_service
[3.135s] -- Up-to-date: /home/honhe/learn_ros/Chapter4/Chapter4_ws/install/demo_cpp_service/share/demo_cpp_service/cmake/demo_cpp_serviceConfig.cmake
[3.135s] -- Up-to-date: /home/honhe/learn_ros/Chapter4/Chapter4_ws/install/demo_cpp_service/share/demo_cpp_service/cmake/demo_cpp_serviceConfig-version.cmake
[3.135s] -- Up-to-date: /home/honhe/learn_ros/Chapter4/Chapter4_ws/install/demo_cpp_service/share/demo_cpp_service/package.xml
[3.136s] Invoked command in '/home/honhe/learn_ros/Chapter4/Chapter4_ws/build/demo_cpp_service' returned '0': CMAKE_PREFIX_PATH=/home/honhe/learn_ros/Chapter4/Chapter4_ws/install/chapt4_interfaces:/home/honhe/learn_ros/Chapter4/Chapter4_ws/install/demo_cpp_service:/opt/ros/jazzy/opt/gz_math_vendor:/opt/ros/jazzy/opt/gz_utils_vendor:/opt/ros/jazzy/opt/gz_cmake_vendor:/home/honhe/learn_ros/Chapter4/Chapter4_ws/install/demo_python_service:/opt/ros/jazzy DEBUGINFOD_URLS=https://debuginfod.ubuntu.com PYTHONPATH=/home/honhe/learn_ros/Chapter4/Chapter4_ws/install/chapt4_interfaces/lib/python3.12/site-packages:/home/honhe/learn_ros/Chapter4/Chapter4_ws/install/demo_python_service/lib/python3.12/site-packages:/opt/ros/jazzy/lib/python3.12/site-packages VIRTUAL_ENV_PROMPT=(learn_ros_venv) /usr/bin/cmake --install /home/honhe/learn_ros/Chapter4/Chapter4_ws/build/demo_cpp_service
