[0.572s] Invoking command in '/home/honhe/learn_ros/Chapter8/chapt8_ws/src/fishbot_application': DEBUGINFOD_URLS=https://debuginfod.ubuntu.com PYTHONPATH=/home/honhe/learn_ros/Chapter8/chapt8_ws/build/fishbot_application/prefix_override:/usr/lib/python3/dist-packages/colcon_core/task/python/colcon_distutils_commands:/home/honhe/learn_ros/Chapter8/chapt8_ws/install/fishbot_application/lib/python3.12/site-packages:${PYTHONPATH} /usr/bin/python3 -W ignore:setup.py install is deprecated -W ignore:easy_install command is deprecated setup.py egg_info --egg-base ../../build/fishbot_application build --build-base /home/honhe/learn_ros/Chapter8/chapt8_ws/build/fishbot_application/build install --record /home/honhe/learn_ros/Chapter8/chapt8_ws/build/fishbot_application/install.log --single-version-externally-managed install_data
[0.749s] running egg_info
[0.759s] writing ../../build/fishbot_application/fishbot_application.egg-info/PKG-INFO
[0.759s] writing dependency_links to ../../build/fishbot_application/fishbot_application.egg-info/dependency_links.txt
[0.760s] writing entry points to ../../build/fishbot_application/fishbot_application.egg-info/entry_points.txt
[0.760s] writing requirements to ../../build/fishbot_application/fishbot_application.egg-info/requires.txt
[0.760s] writing top-level names to ../../build/fishbot_application/fishbot_application.egg-info/top_level.txt
[0.778s] reading manifest file '../../build/fishbot_application/fishbot_application.egg-info/SOURCES.txt'
[0.778s] adding license file 'LICENSE'
[0.778s] writing manifest file '../../build/fishbot_application/fishbot_application.egg-info/SOURCES.txt'
[0.778s] running build
[0.778s] running build_py
[0.778s] running install
[0.782s] running install_lib
[0.791s] running install_data
[0.791s] running install_egg_info
[0.801s] removing '/home/honhe/learn_ros/Chapter8/chapt8_ws/install/fishbot_application/lib/python3.12/site-packages/fishbot_application-0.0.0-py3.12.egg-info' (and everything under it)
[0.801s] Copying ../../build/fishbot_application/fishbot_application.egg-info to /home/honhe/learn_ros/Chapter8/chapt8_ws/install/fishbot_application/lib/python3.12/site-packages/fishbot_application-0.0.0-py3.12.egg-info
[0.801s] running install_scripts
[0.863s] Installing fishbot_get_pose script to /home/honhe/learn_ros/Chapter8/chapt8_ws/install/fishbot_application/lib/fishbot_application
[0.863s] Installing fishbot_init_pose script to /home/honhe/learn_ros/Chapter8/chapt8_ws/install/fishbot_application/lib/fishbot_application
[0.863s] Installing nav_to_pose script to /home/honhe/learn_ros/Chapter8/chapt8_ws/install/fishbot_application/lib/fishbot_application
[0.863s] Installing waypoint_follower script to /home/honhe/learn_ros/Chapter8/chapt8_ws/install/fishbot_application/lib/fishbot_application
[0.863s] writing list of installed files to '/home/honhe/learn_ros/Chapter8/chapt8_ws/build/fishbot_application/install.log'
[0.878s] Invoked command in '/home/honhe/learn_ros/Chapter8/chapt8_ws/src/fishbot_application' returned '0': DEBUGINFOD_URLS=https://debuginfod.ubuntu.com PYTHONPATH=/home/honhe/learn_ros/Chapter8/chapt8_ws/build/fishbot_application/prefix_override:/usr/lib/python3/dist-packages/colcon_core/task/python/colcon_distutils_commands:/home/honhe/learn_ros/Chapter8/chapt8_ws/install/fishbot_application/lib/python3.12/site-packages:${PYTHONPATH} /usr/bin/python3 -W ignore:setup.py install is deprecated -W ignore:easy_install command is deprecated setup.py egg_info --egg-base ../../build/fishbot_application build --build-base /home/honhe/learn_ros/Chapter8/chapt8_ws/build/fishbot_application/build install --record /home/honhe/learn_ros/Chapter8/chapt8_ws/build/fishbot_application/install.log --single-version-externally-managed install_data
