[0.600s] Invoking command in '/home/honhe/learn_ros/Chapter7/chapt7_ws/src/autopatrol_robot': DEBUGINFOD_URLS=https://debuginfod.ubuntu.com PYTHONPATH=/home/honhe/learn_ros/Chapter7/chapt7_ws/build/autopatrol_robot/prefix_override:/usr/lib/python3/dist-packages/colcon_core/task/python/colcon_distutils_commands:/home/honhe/learn_ros/Chapter7/chapt7_ws/install/autopatrol_robot/lib/python3.12/site-packages:${PYTHONPATH} /usr/bin/python3 -W ignore:setup.py install is deprecated -W ignore:easy_install command is deprecated setup.py egg_info --egg-base ../../build/autopatrol_robot build --build-base /home/honhe/learn_ros/Chapter7/chapt7_ws/build/autopatrol_robot/build install --record /home/honhe/learn_ros/Chapter7/chapt7_ws/build/autopatrol_robot/install.log --single-version-externally-managed install_data
[0.728s] running egg_info
[0.728s] creating ../../build/autopatrol_robot/autopatrol_robot.egg-info
[0.736s] writing ../../build/autopatrol_robot/autopatrol_robot.egg-info/PKG-INFO
[0.736s] writing dependency_links to ../../build/autopatrol_robot/autopatrol_robot.egg-info/dependency_links.txt
[0.737s] writing entry points to ../../build/autopatrol_robot/autopatrol_robot.egg-info/entry_points.txt
[0.737s] writing requirements to ../../build/autopatrol_robot/autopatrol_robot.egg-info/requires.txt
[0.737s] writing top-level names to ../../build/autopatrol_robot/autopatrol_robot.egg-info/top_level.txt
[0.737s] writing manifest file '../../build/autopatrol_robot/autopatrol_robot.egg-info/SOURCES.txt'
[0.754s] reading manifest file '../../build/autopatrol_robot/autopatrol_robot.egg-info/SOURCES.txt'
[0.754s] adding license file 'LICENSE'
[0.755s] writing manifest file '../../build/autopatrol_robot/autopatrol_robot.egg-info/SOURCES.txt'
[0.755s] running build
[0.755s] running build_py
[0.755s] creating /home/honhe/learn_ros/Chapter7/chapt7_ws/build/autopatrol_robot/build
[0.755s] creating /home/honhe/learn_ros/Chapter7/chapt7_ws/build/autopatrol_robot/build/lib
[0.755s] creating /home/honhe/learn_ros/Chapter7/chapt7_ws/build/autopatrol_robot/build/lib/autopatrol_robot
[0.755s] copying autopatrol_robot/patrol_node.py -> /home/honhe/learn_ros/Chapter7/chapt7_ws/build/autopatrol_robot/build/lib/autopatrol_robot
[0.755s] copying autopatrol_robot/__init__.py -> /home/honhe/learn_ros/Chapter7/chapt7_ws/build/autopatrol_robot/build/lib/autopatrol_robot
[0.755s] running install
[0.758s] running install_lib
[0.767s] creating /home/honhe/learn_ros/Chapter7/chapt7_ws/install/autopatrol_robot/lib/python3.12/site-packages/autopatrol_robot
[0.767s] copying /home/honhe/learn_ros/Chapter7/chapt7_ws/build/autopatrol_robot/build/lib/autopatrol_robot/patrol_node.py -> /home/honhe/learn_ros/Chapter7/chapt7_ws/install/autopatrol_robot/lib/python3.12/site-packages/autopatrol_robot
[0.767s] copying /home/honhe/learn_ros/Chapter7/chapt7_ws/build/autopatrol_robot/build/lib/autopatrol_robot/__init__.py -> /home/honhe/learn_ros/Chapter7/chapt7_ws/install/autopatrol_robot/lib/python3.12/site-packages/autopatrol_robot
[0.767s] byte-compiling /home/honhe/learn_ros/Chapter7/chapt7_ws/install/autopatrol_robot/lib/python3.12/site-packages/autopatrol_robot/patrol_node.py to patrol_node.cpython-312.pyc
[0.768s] byte-compiling /home/honhe/learn_ros/Chapter7/chapt7_ws/install/autopatrol_robot/lib/python3.12/site-packages/autopatrol_robot/__init__.py to __init__.cpython-312.pyc
[0.768s] running install_data
[0.768s] creating /home/honhe/learn_ros/Chapter7/chapt7_ws/install/autopatrol_robot/share/ament_index
[0.769s] creating /home/honhe/learn_ros/Chapter7/chapt7_ws/install/autopatrol_robot/share/ament_index/resource_index
[0.769s] creating /home/honhe/learn_ros/Chapter7/chapt7_ws/install/autopatrol_robot/share/ament_index/resource_index/packages
[0.769s] copying resource/autopatrol_robot -> /home/honhe/learn_ros/Chapter7/chapt7_ws/install/autopatrol_robot/share/ament_index/resource_index/packages
[0.769s] copying package.xml -> /home/honhe/learn_ros/Chapter7/chapt7_ws/install/autopatrol_robot/share/autopatrol_robot
[0.769s] running install_egg_info
[0.779s] Copying ../../build/autopatrol_robot/autopatrol_robot.egg-info to /home/honhe/learn_ros/Chapter7/chapt7_ws/install/autopatrol_robot/lib/python3.12/site-packages/autopatrol_robot-0.0.0-py3.12.egg-info
[0.779s] running install_scripts
[0.843s] Installing patrol_node script to /home/honhe/learn_ros/Chapter7/chapt7_ws/install/autopatrol_robot/lib/autopatrol_robot
[0.843s] writing list of installed files to '/home/honhe/learn_ros/Chapter7/chapt7_ws/build/autopatrol_robot/install.log'
[0.858s] Invoked command in '/home/honhe/learn_ros/Chapter7/chapt7_ws/src/autopatrol_robot' returned '0': DEBUGINFOD_URLS=https://debuginfod.ubuntu.com PYTHONPATH=/home/honhe/learn_ros/Chapter7/chapt7_ws/build/autopatrol_robot/prefix_override:/usr/lib/python3/dist-packages/colcon_core/task/python/colcon_distutils_commands:/home/honhe/learn_ros/Chapter7/chapt7_ws/install/autopatrol_robot/lib/python3.12/site-packages:${PYTHONPATH} /usr/bin/python3 -W ignore:setup.py install is deprecated -W ignore:easy_install command is deprecated setup.py egg_info --egg-base ../../build/autopatrol_robot build --build-base /home/honhe/learn_ros/Chapter7/chapt7_ws/build/autopatrol_robot/build install --record /home/honhe/learn_ros/Chapter7/chapt7_ws/build/autopatrol_robot/install.log --single-version-externally-managed install_data
