[0.441s] Invoking command in '/home/honhe/learn_ros/Chapter2/chapt2_ws/src/demo_python_pkg': AMENT_PREFIX_PATH=/home/honhe/learn_ros/Chapter2/chapt2_ws/install/demo_cpp_pkg:${AMENT_PREFIX_PATH} CMAKE_PREFIX_PATH=/home/honhe/learn_ros/Chapter2/chapt2_ws/install/demo_cpp_pkg:${CMAKE_PREFIX_PATH} DEBUGINFOD_URLS=https://debuginfod.ubuntu.com PYTHONPATH=/home/honhe/learn_ros/Chapter2/chapt2_ws/build/demo_python_pkg/prefix_override:/usr/lib/python3/dist-packages/colcon_core/task/python/colcon_distutils_commands:/home/honhe/learn_ros/Chapter2/chapt2_ws/install/demo_python_pkg/lib/python3.12/site-packages:${PYTHONPATH} /usr/bin/python3 -W ignore:setup.py install is deprecated -W ignore:easy_install command is deprecated setup.py egg_info --egg-base ../../build/demo_python_pkg build --build-base /home/honhe/learn_ros/Chapter2/chapt2_ws/build/demo_python_pkg/build install --record /home/honhe/learn_ros/Chapter2/chapt2_ws/build/demo_python_pkg/install.log --single-version-externally-managed install_data
[0.550s] running egg_info
[0.557s] writing ../../build/demo_python_pkg/demo_python_pkg.egg-info/PKG-INFO
[0.557s] writing dependency_links to ../../build/demo_python_pkg/demo_python_pkg.egg-info/dependency_links.txt
[0.557s] writing entry points to ../../build/demo_python_pkg/demo_python_pkg.egg-info/entry_points.txt
[0.557s] writing requirements to ../../build/demo_python_pkg/demo_python_pkg.egg-info/requires.txt
[0.557s] writing top-level names to ../../build/demo_python_pkg/demo_python_pkg.egg-info/top_level.txt
[0.571s] reading manifest file '../../build/demo_python_pkg/demo_python_pkg.egg-info/SOURCES.txt'
[0.571s] adding license file 'LICENSE'
[0.571s] writing manifest file '../../build/demo_python_pkg/demo_python_pkg.egg-info/SOURCES.txt'
[0.571s] running build
[0.571s] running build_py
[0.572s] running install
[0.575s] running install_lib
[0.582s] running install_data
[0.582s] running install_egg_info
[0.590s] removing '/home/honhe/learn_ros/Chapter2/chapt2_ws/install/demo_python_pkg/lib/python3.12/site-packages/demo_python_pkg-0.0.0-py3.12.egg-info' (and everything under it)
[0.590s] Copying ../../build/demo_python_pkg/demo_python_pkg.egg-info to /home/honhe/learn_ros/Chapter2/chapt2_ws/install/demo_python_pkg/lib/python3.12/site-packages/demo_python_pkg-0.0.0-py3.12.egg-info
[0.590s] running install_scripts
[0.642s] Installing learn_thread script to /home/honhe/learn_ros/Chapter2/chapt2_ws/install/demo_python_pkg/lib/demo_python_pkg
[0.643s] Installing person_node script to /home/honhe/learn_ros/Chapter2/chapt2_ws/install/demo_python_pkg/lib/demo_python_pkg
[0.643s] Installing python_node script to /home/honhe/learn_ros/Chapter2/chapt2_ws/install/demo_python_pkg/lib/demo_python_pkg
[0.643s] Installing writer_node script to /home/honhe/learn_ros/Chapter2/chapt2_ws/install/demo_python_pkg/lib/demo_python_pkg
[0.643s] writing list of installed files to '/home/honhe/learn_ros/Chapter2/chapt2_ws/build/demo_python_pkg/install.log'
[0.657s] Invoked command in '/home/honhe/learn_ros/Chapter2/chapt2_ws/src/demo_python_pkg' returned '0': AMENT_PREFIX_PATH=/home/honhe/learn_ros/Chapter2/chapt2_ws/install/demo_cpp_pkg:${AMENT_PREFIX_PATH} CMAKE_PREFIX_PATH=/home/honhe/learn_ros/Chapter2/chapt2_ws/install/demo_cpp_pkg:${CMAKE_PREFIX_PATH} DEBUGINFOD_URLS=https://debuginfod.ubuntu.com PYTHONPATH=/home/honhe/learn_ros/Chapter2/chapt2_ws/build/demo_python_pkg/prefix_override:/usr/lib/python3/dist-packages/colcon_core/task/python/colcon_distutils_commands:/home/honhe/learn_ros/Chapter2/chapt2_ws/install/demo_python_pkg/lib/python3.12/site-packages:${PYTHONPATH} /usr/bin/python3 -W ignore:setup.py install is deprecated -W ignore:easy_install command is deprecated setup.py egg_info --egg-base ../../build/demo_python_pkg build --build-base /home/honhe/learn_ros/Chapter2/chapt2_ws/build/demo_python_pkg/build install --record /home/honhe/learn_ros/Chapter2/chapt2_ws/build/demo_python_pkg/install.log --single-version-externally-managed install_data
