[0.046s] DEBUG:colcon:Command line arguments: ['/usr/bin/colcon', 'build']
[0.047s] DEBUG:colcon:Parsed command line arguments: Namespace(log_base=None, log_level=None, verb_name='build', build_base='build', install_base='install', merge_install=False, symlink_install=False, test_result_base=None, continue_on_error=False, executor='parallel', parallel_workers=32, event_handlers=None, ignore_user_meta=False, metas=['./colcon.meta'], base_paths=['.'], packages_ignore=None, packages_ignore_regex=None, paths=None, packages_up_to=None, packages_up_to_regex=None, packages_above=None, packages_above_and_dependencies=None, packages_above_depth=None, packages_select_by_dep=None, packages_skip_by_dep=None, packages_skip_up_to=None, packages_select_build_failed=False, packages_skip_build_finished=False, packages_select_test_failures=False, packages_skip_test_passed=False, packages_select=None, packages_skip=None, packages_select_regex=None, packages_skip_regex=None, packages_start=None, packages_end=None, allow_overriding=[], cmake_args=None, cmake_target=None, cmake_target_skip_unavailable=False, cmake_clean_cache=False, cmake_clean_first=False, cmake_force_configure=False, ament_cmake_args=None, catkin_cmake_args=None, catkin_skip_building_tests=False, verb_parser=<colcon_defaults.argument_parser.defaults.DefaultArgumentsDecorator object at 0x7c800d67a2d0>, verb_extension=<colcon_core.verb.build.BuildVerb object at 0x7c800d67a1e0>, main=<bound method BuildVerb.main of <colcon_core.verb.build.BuildVerb object at 0x7c800d67a1e0>>)
[0.064s] Level 1:colcon.colcon_core.package_discovery:discover_packages(colcon_meta) check parameters
[0.064s] Level 1:colcon.colcon_core.package_discovery:discover_packages(recursive) check parameters
[0.064s] Level 1:colcon.colcon_core.package_discovery:discover_packages(ignore) check parameters
[0.064s] Level 1:colcon.colcon_core.package_discovery:discover_packages(path) check parameters
[0.064s] Level 1:colcon.colcon_core.package_discovery:discover_packages(colcon_meta) discover
[0.064s] Level 1:colcon.colcon_core.package_discovery:discover_packages(recursive) discover
[0.064s] INFO:colcon.colcon_core.package_discovery:Crawling recursively for packages in '/home/honhe/learn_ros/Chapter8/chapt8_ws'
[0.064s] Level 1:colcon.colcon_core.package_identification:_identify(.) by extensions ['ignore', 'ignore_ament_install']
[0.064s] Level 1:colcon.colcon_core.package_identification:_identify(.) by extension 'ignore'
[0.064s] Level 1:colcon.colcon_core.package_identification:_identify(.) by extension 'ignore_ament_install'
[0.064s] Level 1:colcon.colcon_core.package_identification:_identify(.) by extensions ['colcon_pkg']
[0.064s] Level 1:colcon.colcon_core.package_identification:_identify(.) by extension 'colcon_pkg'
[0.064s] Level 1:colcon.colcon_core.package_identification:_identify(.) by extensions ['colcon_meta']
[0.064s] Level 1:colcon.colcon_core.package_identification:_identify(.) by extension 'colcon_meta'
[0.064s] Level 1:colcon.colcon_core.package_identification:_identify(.) by extensions ['ros']
[0.064s] Level 1:colcon.colcon_core.package_identification:_identify(.) by extension 'ros'
[0.077s] Level 1:colcon.colcon_core.package_identification:_identify(.) by extensions ['cmake', 'python']
[0.077s] Level 1:colcon.colcon_core.package_identification:_identify(.) by extension 'cmake'
[0.077s] Level 1:colcon.colcon_core.package_identification:_identify(.) by extension 'python'
[0.077s] Level 1:colcon.colcon_core.package_identification:_identify(.) by extensions ['python_setup_py']
[0.077s] Level 1:colcon.colcon_core.package_identification:_identify(.) by extension 'python_setup_py'
[0.077s] Level 1:colcon.colcon_core.package_identification:_identify(build) by extensions ['ignore', 'ignore_ament_install']
[0.077s] Level 1:colcon.colcon_core.package_identification:_identify(build) by extension 'ignore'
[0.077s] Level 1:colcon.colcon_core.package_identification:_identify(build) ignored
[0.077s] Level 1:colcon.colcon_core.package_identification:_identify(install) by extensions ['ignore', 'ignore_ament_install']
[0.077s] Level 1:colcon.colcon_core.package_identification:_identify(install) by extension 'ignore'
[0.077s] Level 1:colcon.colcon_core.package_identification:_identify(install) ignored
[0.077s] Level 1:colcon.colcon_core.package_identification:_identify(log) by extensions ['ignore', 'ignore_ament_install']
[0.077s] Level 1:colcon.colcon_core.package_identification:_identify(log) by extension 'ignore'
[0.077s] Level 1:colcon.colcon_core.package_identification:_identify(log) ignored
[0.077s] Level 1:colcon.colcon_core.package_identification:_identify(src) by extensions ['ignore', 'ignore_ament_install']
[0.077s] Level 1:colcon.colcon_core.package_identification:_identify(src) by extension 'ignore'
[0.077s] Level 1:colcon.colcon_core.package_identification:_identify(src) by extension 'ignore_ament_install'
[0.077s] Level 1:colcon.colcon_core.package_identification:_identify(src) by extensions ['colcon_pkg']
[0.077s] Level 1:colcon.colcon_core.package_identification:_identify(src) by extension 'colcon_pkg'
[0.077s] Level 1:colcon.colcon_core.package_identification:_identify(src) by extensions ['colcon_meta']
[0.077s] Level 1:colcon.colcon_core.package_identification:_identify(src) by extension 'colcon_meta'
[0.077s] Level 1:colcon.colcon_core.package_identification:_identify(src) by extensions ['ros']
[0.077s] Level 1:colcon.colcon_core.package_identification:_identify(src) by extension 'ros'
[0.077s] Level 1:colcon.colcon_core.package_identification:_identify(src) by extensions ['cmake', 'python']
[0.077s] Level 1:colcon.colcon_core.package_identification:_identify(src) by extension 'cmake'
[0.077s] Level 1:colcon.colcon_core.package_identification:_identify(src) by extension 'python'
[0.077s] Level 1:colcon.colcon_core.package_identification:_identify(src) by extensions ['python_setup_py']
[0.077s] Level 1:colcon.colcon_core.package_identification:_identify(src) by extension 'python_setup_py'
[0.077s] Level 1:colcon.colcon_core.package_identification:_identify(src/autopatrol_interfaces) by extensions ['ignore', 'ignore_ament_install']
[0.077s] Level 1:colcon.colcon_core.package_identification:_identify(src/autopatrol_interfaces) by extension 'ignore'
[0.077s] Level 1:colcon.colcon_core.package_identification:_identify(src/autopatrol_interfaces) by extension 'ignore_ament_install'
[0.077s] Level 1:colcon.colcon_core.package_identification:_identify(src/autopatrol_interfaces) by extensions ['colcon_pkg']
[0.077s] Level 1:colcon.colcon_core.package_identification:_identify(src/autopatrol_interfaces) by extension 'colcon_pkg'
[0.077s] Level 1:colcon.colcon_core.package_identification:_identify(src/autopatrol_interfaces) by extensions ['colcon_meta']
[0.077s] Level 1:colcon.colcon_core.package_identification:_identify(src/autopatrol_interfaces) by extension 'colcon_meta'
[0.077s] Level 1:colcon.colcon_core.package_identification:_identify(src/autopatrol_interfaces) by extensions ['ros']
[0.077s] Level 1:colcon.colcon_core.package_identification:_identify(src/autopatrol_interfaces) by extension 'ros'
[0.079s] DEBUG:colcon.colcon_core.package_identification:Package 'src/autopatrol_interfaces' with type 'ros.ament_cmake' and name 'autopatrol_interfaces'
[0.079s] Level 1:colcon.colcon_core.package_identification:_identify(src/autopatrol_robot) by extensions ['ignore', 'ignore_ament_install']
[0.079s] Level 1:colcon.colcon_core.package_identification:_identify(src/autopatrol_robot) by extension 'ignore'
[0.079s] Level 1:colcon.colcon_core.package_identification:_identify(src/autopatrol_robot) by extension 'ignore_ament_install'
[0.079s] Level 1:colcon.colcon_core.package_identification:_identify(src/autopatrol_robot) by extensions ['colcon_pkg']
[0.079s] Level 1:colcon.colcon_core.package_identification:_identify(src/autopatrol_robot) by extension 'colcon_pkg'
[0.079s] Level 1:colcon.colcon_core.package_identification:_identify(src/autopatrol_robot) by extensions ['colcon_meta']
[0.079s] Level 1:colcon.colcon_core.package_identification:_identify(src/autopatrol_robot) by extension 'colcon_meta'
[0.079s] Level 1:colcon.colcon_core.package_identification:_identify(src/autopatrol_robot) by extensions ['ros']
[0.079s] Level 1:colcon.colcon_core.package_identification:_identify(src/autopatrol_robot) by extension 'ros'
[0.079s] DEBUG:colcon.colcon_core.package_identification:Package 'src/autopatrol_robot' with type 'ros.ament_python' and name 'autopatrol_robot'
[0.079s] Level 1:colcon.colcon_core.package_identification:_identify(src/fishbot_application) by extensions ['ignore', 'ignore_ament_install']
[0.079s] Level 1:colcon.colcon_core.package_identification:_identify(src/fishbot_application) by extension 'ignore'
[0.079s] Level 1:colcon.colcon_core.package_identification:_identify(src/fishbot_application) by extension 'ignore_ament_install'
[0.079s] Level 1:colcon.colcon_core.package_identification:_identify(src/fishbot_application) by extensions ['colcon_pkg']
[0.079s] Level 1:colcon.colcon_core.package_identification:_identify(src/fishbot_application) by extension 'colcon_pkg'
[0.079s] Level 1:colcon.colcon_core.package_identification:_identify(src/fishbot_application) by extensions ['colcon_meta']
[0.079s] Level 1:colcon.colcon_core.package_identification:_identify(src/fishbot_application) by extension 'colcon_meta'
[0.079s] Level 1:colcon.colcon_core.package_identification:_identify(src/fishbot_application) by extensions ['ros']
[0.079s] Level 1:colcon.colcon_core.package_identification:_identify(src/fishbot_application) by extension 'ros'
[0.080s] DEBUG:colcon.colcon_core.package_identification:Package 'src/fishbot_application' with type 'ros.ament_python' and name 'fishbot_application'
[0.080s] Level 1:colcon.colcon_core.package_identification:_identify(src/fishbot_description) by extensions ['ignore', 'ignore_ament_install']
[0.080s] Level 1:colcon.colcon_core.package_identification:_identify(src/fishbot_description) by extension 'ignore'
[0.080s] Level 1:colcon.colcon_core.package_identification:_identify(src/fishbot_description) by extension 'ignore_ament_install'
[0.080s] Level 1:colcon.colcon_core.package_identification:_identify(src/fishbot_description) by extensions ['colcon_pkg']
[0.080s] Level 1:colcon.colcon_core.package_identification:_identify(src/fishbot_description) by extension 'colcon_pkg'
[0.080s] Level 1:colcon.colcon_core.package_identification:_identify(src/fishbot_description) by extensions ['colcon_meta']
[0.080s] Level 1:colcon.colcon_core.package_identification:_identify(src/fishbot_description) by extension 'colcon_meta'
[0.080s] Level 1:colcon.colcon_core.package_identification:_identify(src/fishbot_description) by extensions ['ros']
[0.080s] Level 1:colcon.colcon_core.package_identification:_identify(src/fishbot_description) by extension 'ros'
[0.080s] DEBUG:colcon.colcon_core.package_identification:Package 'src/fishbot_description' with type 'ros.ament_cmake' and name 'fishbot_description'
[0.080s] Level 1:colcon.colcon_core.package_identification:_identify(src/fishbot_navigation2) by extensions ['ignore', 'ignore_ament_install']
[0.080s] Level 1:colcon.colcon_core.package_identification:_identify(src/fishbot_navigation2) by extension 'ignore'
[0.080s] Level 1:colcon.colcon_core.package_identification:_identify(src/fishbot_navigation2) by extension 'ignore_ament_install'
[0.080s] Level 1:colcon.colcon_core.package_identification:_identify(src/fishbot_navigation2) by extensions ['colcon_pkg']
[0.080s] Level 1:colcon.colcon_core.package_identification:_identify(src/fishbot_navigation2) by extension 'colcon_pkg'
[0.080s] Level 1:colcon.colcon_core.package_identification:_identify(src/fishbot_navigation2) by extensions ['colcon_meta']
[0.080s] Level 1:colcon.colcon_core.package_identification:_identify(src/fishbot_navigation2) by extension 'colcon_meta'
[0.080s] Level 1:colcon.colcon_core.package_identification:_identify(src/fishbot_navigation2) by extensions ['ros']
[0.080s] Level 1:colcon.colcon_core.package_identification:_identify(src/fishbot_navigation2) by extension 'ros'
[0.080s] DEBUG:colcon.colcon_core.package_identification:Package 'src/fishbot_navigation2' with type 'ros.ament_cmake' and name 'fishbot_navigation2'
[0.080s] Level 1:colcon.colcon_core.package_identification:_identify(src/nav2_custom_controller) by extensions ['ignore', 'ignore_ament_install']
[0.080s] Level 1:colcon.colcon_core.package_identification:_identify(src/nav2_custom_controller) by extension 'ignore'
[0.080s] Level 1:colcon.colcon_core.package_identification:_identify(src/nav2_custom_controller) by extension 'ignore_ament_install'
[0.080s] Level 1:colcon.colcon_core.package_identification:_identify(src/nav2_custom_controller) by extensions ['colcon_pkg']
[0.080s] Level 1:colcon.colcon_core.package_identification:_identify(src/nav2_custom_controller) by extension 'colcon_pkg'
[0.080s] Level 1:colcon.colcon_core.package_identification:_identify(src/nav2_custom_controller) by extensions ['colcon_meta']
[0.080s] Level 1:colcon.colcon_core.package_identification:_identify(src/nav2_custom_controller) by extension 'colcon_meta'
[0.080s] Level 1:colcon.colcon_core.package_identification:_identify(src/nav2_custom_controller) by extensions ['ros']
[0.080s] Level 1:colcon.colcon_core.package_identification:_identify(src/nav2_custom_controller) by extension 'ros'
[0.081s] DEBUG:colcon.colcon_core.package_identification:Package 'src/nav2_custom_controller' with type 'ros.ament_cmake' and name 'nav2_custom_controller'
[0.081s] Level 1:colcon.colcon_core.package_identification:_identify(src/nav2_custom_planner) by extensions ['ignore', 'ignore_ament_install']
[0.081s] Level 1:colcon.colcon_core.package_identification:_identify(src/nav2_custom_planner) by extension 'ignore'
[0.081s] Level 1:colcon.colcon_core.package_identification:_identify(src/nav2_custom_planner) by extension 'ignore_ament_install'
[0.081s] Level 1:colcon.colcon_core.package_identification:_identify(src/nav2_custom_planner) by extensions ['colcon_pkg']
[0.081s] Level 1:colcon.colcon_core.package_identification:_identify(src/nav2_custom_planner) by extension 'colcon_pkg'
[0.081s] Level 1:colcon.colcon_core.package_identification:_identify(src/nav2_custom_planner) by extensions ['colcon_meta']
[0.081s] Level 1:colcon.colcon_core.package_identification:_identify(src/nav2_custom_planner) by extension 'colcon_meta'
[0.081s] Level 1:colcon.colcon_core.package_identification:_identify(src/nav2_custom_planner) by extensions ['ros']
[0.081s] Level 1:colcon.colcon_core.package_identification:_identify(src/nav2_custom_planner) by extension 'ros'
[0.081s] DEBUG:colcon.colcon_core.package_identification:Package 'src/nav2_custom_planner' with type 'ros.ament_cmake' and name 'nav2_custom_planner'
[0.081s] Level 1:colcon.colcon_core.package_discovery:discover_packages(recursive) using defaults
[0.081s] Level 1:colcon.colcon_core.package_discovery:discover_packages(ignore) discover
[0.081s] Level 1:colcon.colcon_core.package_discovery:discover_packages(ignore) using defaults
[0.081s] Level 1:colcon.colcon_core.package_discovery:discover_packages(path) discover
[0.081s] Level 1:colcon.colcon_core.package_discovery:discover_packages(path) using defaults
[0.090s] Level 1:colcon.colcon_core.package_discovery:discover_packages(prefix_path) check parameters
[0.090s] Level 1:colcon.colcon_core.package_discovery:discover_packages(prefix_path) discover
[0.091s] DEBUG:colcon.colcon_installed_package_information.package_discovery:Found 6 installed packages in /home/honhe/learn_ros/Chapter8/chapt8_ws/install
[0.092s] DEBUG:colcon.colcon_installed_package_information.package_discovery:Found 418 installed packages in /opt/ros/jazzy
[0.092s] Level 1:colcon.colcon_core.package_discovery:discover_packages(prefix_path) using defaults
[0.115s] Level 5:colcon.colcon_core.verb:set package 'autopatrol_interfaces' build argument 'cmake_args' from command line to 'None'
[0.115s] Level 5:colcon.colcon_core.verb:set package 'autopatrol_interfaces' build argument 'cmake_target' from command line to 'None'
[0.115s] Level 5:colcon.colcon_core.verb:set package 'autopatrol_interfaces' build argument 'cmake_target_skip_unavailable' from command line to 'False'
[0.115s] Level 5:colcon.colcon_core.verb:set package 'autopatrol_interfaces' build argument 'cmake_clean_cache' from command line to 'False'
[0.115s] Level 5:colcon.colcon_core.verb:set package 'autopatrol_interfaces' build argument 'cmake_clean_first' from command line to 'False'
[0.115s] Level 5:colcon.colcon_core.verb:set package 'autopatrol_interfaces' build argument 'cmake_force_configure' from command line to 'False'
[0.115s] Level 5:colcon.colcon_core.verb:set package 'autopatrol_interfaces' build argument 'ament_cmake_args' from command line to 'None'
[0.115s] Level 5:colcon.colcon_core.verb:set package 'autopatrol_interfaces' build argument 'catkin_cmake_args' from command line to 'None'
[0.115s] Level 5:colcon.colcon_core.verb:set package 'autopatrol_interfaces' build argument 'catkin_skip_building_tests' from command line to 'False'
[0.115s] DEBUG:colcon.colcon_core.verb:Building package 'autopatrol_interfaces' with the following arguments: {'ament_cmake_args': None, 'build_base': '/home/honhe/learn_ros/Chapter8/chapt8_ws/build/autopatrol_interfaces', 'catkin_cmake_args': None, 'catkin_skip_building_tests': False, 'cmake_args': None, 'cmake_clean_cache': False, 'cmake_clean_first': False, 'cmake_force_configure': False, 'cmake_target': None, 'cmake_target_skip_unavailable': False, 'install_base': '/home/honhe/learn_ros/Chapter8/chapt8_ws/install/autopatrol_interfaces', 'merge_install': False, 'path': '/home/honhe/learn_ros/Chapter8/chapt8_ws/src/autopatrol_interfaces', 'symlink_install': False, 'test_result_base': None}
[0.115s] Level 5:colcon.colcon_core.verb:set package 'autopatrol_robot' build argument 'cmake_args' from command line to 'None'
[0.115s] Level 5:colcon.colcon_core.verb:set package 'autopatrol_robot' build argument 'cmake_target' from command line to 'None'
[0.115s] Level 5:colcon.colcon_core.verb:set package 'autopatrol_robot' build argument 'cmake_target_skip_unavailable' from command line to 'False'
[0.115s] Level 5:colcon.colcon_core.verb:set package 'autopatrol_robot' build argument 'cmake_clean_cache' from command line to 'False'
[0.115s] Level 5:colcon.colcon_core.verb:set package 'autopatrol_robot' build argument 'cmake_clean_first' from command line to 'False'
[0.115s] Level 5:colcon.colcon_core.verb:set package 'autopatrol_robot' build argument 'cmake_force_configure' from command line to 'False'
[0.115s] Level 5:colcon.colcon_core.verb:set package 'autopatrol_robot' build argument 'ament_cmake_args' from command line to 'None'
[0.115s] Level 5:colcon.colcon_core.verb:set package 'autopatrol_robot' build argument 'catkin_cmake_args' from command line to 'None'
[0.115s] Level 5:colcon.colcon_core.verb:set package 'autopatrol_robot' build argument 'catkin_skip_building_tests' from command line to 'False'
[0.115s] DEBUG:colcon.colcon_core.verb:Building package 'autopatrol_robot' with the following arguments: {'ament_cmake_args': None, 'build_base': '/home/honhe/learn_ros/Chapter8/chapt8_ws/build/autopatrol_robot', 'catkin_cmake_args': None, 'catkin_skip_building_tests': False, 'cmake_args': None, 'cmake_clean_cache': False, 'cmake_clean_first': False, 'cmake_force_configure': False, 'cmake_target': None, 'cmake_target_skip_unavailable': False, 'install_base': '/home/honhe/learn_ros/Chapter8/chapt8_ws/install/autopatrol_robot', 'merge_install': False, 'path': '/home/honhe/learn_ros/Chapter8/chapt8_ws/src/autopatrol_robot', 'symlink_install': False, 'test_result_base': None}
[0.115s] Level 5:colcon.colcon_core.verb:set package 'fishbot_application' build argument 'cmake_args' from command line to 'None'
[0.115s] Level 5:colcon.colcon_core.verb:set package 'fishbot_application' build argument 'cmake_target' from command line to 'None'
[0.115s] Level 5:colcon.colcon_core.verb:set package 'fishbot_application' build argument 'cmake_target_skip_unavailable' from command line to 'False'
[0.115s] Level 5:colcon.colcon_core.verb:set package 'fishbot_application' build argument 'cmake_clean_cache' from command line to 'False'
[0.115s] Level 5:colcon.colcon_core.verb:set package 'fishbot_application' build argument 'cmake_clean_first' from command line to 'False'
[0.115s] Level 5:colcon.colcon_core.verb:set package 'fishbot_application' build argument 'cmake_force_configure' from command line to 'False'
[0.115s] Level 5:colcon.colcon_core.verb:set package 'fishbot_application' build argument 'ament_cmake_args' from command line to 'None'
[0.115s] Level 5:colcon.colcon_core.verb:set package 'fishbot_application' build argument 'catkin_cmake_args' from command line to 'None'
[0.115s] Level 5:colcon.colcon_core.verb:set package 'fishbot_application' build argument 'catkin_skip_building_tests' from command line to 'False'
[0.115s] DEBUG:colcon.colcon_core.verb:Building package 'fishbot_application' with the following arguments: {'ament_cmake_args': None, 'build_base': '/home/honhe/learn_ros/Chapter8/chapt8_ws/build/fishbot_application', 'catkin_cmake_args': None, 'catkin_skip_building_tests': False, 'cmake_args': None, 'cmake_clean_cache': False, 'cmake_clean_first': False, 'cmake_force_configure': False, 'cmake_target': None, 'cmake_target_skip_unavailable': False, 'install_base': '/home/honhe/learn_ros/Chapter8/chapt8_ws/install/fishbot_application', 'merge_install': False, 'path': '/home/honhe/learn_ros/Chapter8/chapt8_ws/src/fishbot_application', 'symlink_install': False, 'test_result_base': None}
[0.116s] Level 5:colcon.colcon_core.verb:set package 'fishbot_description' build argument 'cmake_args' from command line to 'None'
[0.116s] Level 5:colcon.colcon_core.verb:set package 'fishbot_description' build argument 'cmake_target' from command line to 'None'
[0.116s] Level 5:colcon.colcon_core.verb:set package 'fishbot_description' build argument 'cmake_target_skip_unavailable' from command line to 'False'
[0.116s] Level 5:colcon.colcon_core.verb:set package 'fishbot_description' build argument 'cmake_clean_cache' from command line to 'False'
[0.116s] Level 5:colcon.colcon_core.verb:set package 'fishbot_description' build argument 'cmake_clean_first' from command line to 'False'
[0.116s] Level 5:colcon.colcon_core.verb:set package 'fishbot_description' build argument 'cmake_force_configure' from command line to 'False'
[0.116s] Level 5:colcon.colcon_core.verb:set package 'fishbot_description' build argument 'ament_cmake_args' from command line to 'None'
[0.116s] Level 5:colcon.colcon_core.verb:set package 'fishbot_description' build argument 'catkin_cmake_args' from command line to 'None'
[0.116s] Level 5:colcon.colcon_core.verb:set package 'fishbot_description' build argument 'catkin_skip_building_tests' from command line to 'False'
[0.116s] DEBUG:colcon.colcon_core.verb:Building package 'fishbot_description' with the following arguments: {'ament_cmake_args': None, 'build_base': '/home/honhe/learn_ros/Chapter8/chapt8_ws/build/fishbot_description', 'catkin_cmake_args': None, 'catkin_skip_building_tests': False, 'cmake_args': None, 'cmake_clean_cache': False, 'cmake_clean_first': False, 'cmake_force_configure': False, 'cmake_target': None, 'cmake_target_skip_unavailable': False, 'install_base': '/home/honhe/learn_ros/Chapter8/chapt8_ws/install/fishbot_description', 'merge_install': False, 'path': '/home/honhe/learn_ros/Chapter8/chapt8_ws/src/fishbot_description', 'symlink_install': False, 'test_result_base': None}
[0.116s] Level 5:colcon.colcon_core.verb:set package 'fishbot_navigation2' build argument 'cmake_args' from command line to 'None'
[0.116s] Level 5:colcon.colcon_core.verb:set package 'fishbot_navigation2' build argument 'cmake_target' from command line to 'None'
[0.116s] Level 5:colcon.colcon_core.verb:set package 'fishbot_navigation2' build argument 'cmake_target_skip_unavailable' from command line to 'False'
[0.116s] Level 5:colcon.colcon_core.verb:set package 'fishbot_navigation2' build argument 'cmake_clean_cache' from command line to 'False'
[0.116s] Level 5:colcon.colcon_core.verb:set package 'fishbot_navigation2' build argument 'cmake_clean_first' from command line to 'False'
[0.116s] Level 5:colcon.colcon_core.verb:set package 'fishbot_navigation2' build argument 'cmake_force_configure' from command line to 'False'
[0.116s] Level 5:colcon.colcon_core.verb:set package 'fishbot_navigation2' build argument 'ament_cmake_args' from command line to 'None'
[0.116s] Level 5:colcon.colcon_core.verb:set package 'fishbot_navigation2' build argument 'catkin_cmake_args' from command line to 'None'
[0.116s] Level 5:colcon.colcon_core.verb:set package 'fishbot_navigation2' build argument 'catkin_skip_building_tests' from command line to 'False'
[0.116s] DEBUG:colcon.colcon_core.verb:Building package 'fishbot_navigation2' with the following arguments: {'ament_cmake_args': None, 'build_base': '/home/honhe/learn_ros/Chapter8/chapt8_ws/build/fishbot_navigation2', 'catkin_cmake_args': None, 'catkin_skip_building_tests': False, 'cmake_args': None, 'cmake_clean_cache': False, 'cmake_clean_first': False, 'cmake_force_configure': False, 'cmake_target': None, 'cmake_target_skip_unavailable': False, 'install_base': '/home/honhe/learn_ros/Chapter8/chapt8_ws/install/fishbot_navigation2', 'merge_install': False, 'path': '/home/honhe/learn_ros/Chapter8/chapt8_ws/src/fishbot_navigation2', 'symlink_install': False, 'test_result_base': None}
[0.116s] Level 5:colcon.colcon_core.verb:set package 'nav2_custom_controller' build argument 'cmake_args' from command line to 'None'
[0.116s] Level 5:colcon.colcon_core.verb:set package 'nav2_custom_controller' build argument 'cmake_target' from command line to 'None'
[0.116s] Level 5:colcon.colcon_core.verb:set package 'nav2_custom_controller' build argument 'cmake_target_skip_unavailable' from command line to 'False'
[0.116s] Level 5:colcon.colcon_core.verb:set package 'nav2_custom_controller' build argument 'cmake_clean_cache' from command line to 'False'
[0.116s] Level 5:colcon.colcon_core.verb:set package 'nav2_custom_controller' build argument 'cmake_clean_first' from command line to 'False'
[0.116s] Level 5:colcon.colcon_core.verb:set package 'nav2_custom_controller' build argument 'cmake_force_configure' from command line to 'False'
[0.116s] Level 5:colcon.colcon_core.verb:set package 'nav2_custom_controller' build argument 'ament_cmake_args' from command line to 'None'
[0.116s] Level 5:colcon.colcon_core.verb:set package 'nav2_custom_controller' build argument 'catkin_cmake_args' from command line to 'None'
[0.116s] Level 5:colcon.colcon_core.verb:set package 'nav2_custom_controller' build argument 'catkin_skip_building_tests' from command line to 'False'
[0.116s] DEBUG:colcon.colcon_core.verb:Building package 'nav2_custom_controller' with the following arguments: {'ament_cmake_args': None, 'build_base': '/home/honhe/learn_ros/Chapter8/chapt8_ws/build/nav2_custom_controller', 'catkin_cmake_args': None, 'catkin_skip_building_tests': False, 'cmake_args': None, 'cmake_clean_cache': False, 'cmake_clean_first': False, 'cmake_force_configure': False, 'cmake_target': None, 'cmake_target_skip_unavailable': False, 'install_base': '/home/honhe/learn_ros/Chapter8/chapt8_ws/install/nav2_custom_controller', 'merge_install': False, 'path': '/home/honhe/learn_ros/Chapter8/chapt8_ws/src/nav2_custom_controller', 'symlink_install': False, 'test_result_base': None}
[0.116s] Level 5:colcon.colcon_core.verb:set package 'nav2_custom_planner' build argument 'cmake_args' from command line to 'None'
[0.116s] Level 5:colcon.colcon_core.verb:set package 'nav2_custom_planner' build argument 'cmake_target' from command line to 'None'
[0.116s] Level 5:colcon.colcon_core.verb:set package 'nav2_custom_planner' build argument 'cmake_target_skip_unavailable' from command line to 'False'
[0.116s] Level 5:colcon.colcon_core.verb:set package 'nav2_custom_planner' build argument 'cmake_clean_cache' from command line to 'False'
[0.116s] Level 5:colcon.colcon_core.verb:set package 'nav2_custom_planner' build argument 'cmake_clean_first' from command line to 'False'
[0.116s] Level 5:colcon.colcon_core.verb:set package 'nav2_custom_planner' build argument 'cmake_force_configure' from command line to 'False'
[0.116s] Level 5:colcon.colcon_core.verb:set package 'nav2_custom_planner' build argument 'ament_cmake_args' from command line to 'None'
[0.116s] Level 5:colcon.colcon_core.verb:set package 'nav2_custom_planner' build argument 'catkin_cmake_args' from command line to 'None'
[0.116s] Level 5:colcon.colcon_core.verb:set package 'nav2_custom_planner' build argument 'catkin_skip_building_tests' from command line to 'False'
[0.116s] DEBUG:colcon.colcon_core.verb:Building package 'nav2_custom_planner' with the following arguments: {'ament_cmake_args': None, 'build_base': '/home/honhe/learn_ros/Chapter8/chapt8_ws/build/nav2_custom_planner', 'catkin_cmake_args': None, 'catkin_skip_building_tests': False, 'cmake_args': None, 'cmake_clean_cache': False, 'cmake_clean_first': False, 'cmake_force_configure': False, 'cmake_target': None, 'cmake_target_skip_unavailable': False, 'install_base': '/home/honhe/learn_ros/Chapter8/chapt8_ws/install/nav2_custom_planner', 'merge_install': False, 'path': '/home/honhe/learn_ros/Chapter8/chapt8_ws/src/nav2_custom_planner', 'symlink_install': False, 'test_result_base': None}
[0.116s] INFO:colcon.colcon_core.executor:Executing jobs using 'parallel' executor
[0.117s] DEBUG:colcon.colcon_parallel_executor.executor.parallel:run_until_complete
[0.117s] INFO:colcon.colcon_ros.task.ament_cmake.build:Building ROS package in '/home/honhe/learn_ros/Chapter8/chapt8_ws/src/autopatrol_interfaces' with build type 'ament_cmake'
[0.117s] INFO:colcon.colcon_cmake.task.cmake.build:Building CMake package in '/home/honhe/learn_ros/Chapter8/chapt8_ws/src/autopatrol_interfaces'
[0.118s] INFO:colcon.colcon_core.plugin_system:Skipping extension 'colcon_core.shell.bat': Not used on non-Windows systems
[0.118s] INFO:colcon.colcon_core.shell:Skip shell extension 'powershell' for command environment: Not usable outside of PowerShell
[0.119s] DEBUG:colcon.colcon_core.shell:Skip shell extension 'dsv' for command environment
[0.121s] INFO:colcon.colcon_ros.task.ament_python.build:Building ROS package in '/home/honhe/learn_ros/Chapter8/chapt8_ws/src/autopatrol_robot' with build type 'ament_python'
[0.121s] Level 1:colcon.colcon_core.shell:create_environment_hook('autopatrol_robot', 'ament_prefix_path')
[0.121s] INFO:colcon.colcon_core.shell:Creating environment hook '/home/honhe/learn_ros/Chapter8/chapt8_ws/install/autopatrol_robot/share/autopatrol_robot/hook/ament_prefix_path.ps1'
[0.121s] INFO:colcon.colcon_core.shell:Creating environment descriptor '/home/honhe/learn_ros/Chapter8/chapt8_ws/install/autopatrol_robot/share/autopatrol_robot/hook/ament_prefix_path.dsv'
[0.121s] INFO:colcon.colcon_core.shell:Creating environment hook '/home/honhe/learn_ros/Chapter8/chapt8_ws/install/autopatrol_robot/share/autopatrol_robot/hook/ament_prefix_path.sh'
[0.121s] INFO:colcon.colcon_core.shell:Skip shell extension 'powershell' for command environment: Not usable outside of PowerShell
[0.121s] DEBUG:colcon.colcon_core.shell:Skip shell extension 'dsv' for command environment
[0.123s] INFO:colcon.colcon_ros.task.ament_python.build:Building ROS package in '/home/honhe/learn_ros/Chapter8/chapt8_ws/src/fishbot_application' with build type 'ament_python'
[0.123s] Level 1:colcon.colcon_core.shell:create_environment_hook('fishbot_application', 'ament_prefix_path')
[0.123s] INFO:colcon.colcon_core.shell:Creating environment hook '/home/honhe/learn_ros/Chapter8/chapt8_ws/install/fishbot_application/share/fishbot_application/hook/ament_prefix_path.ps1'
[0.124s] INFO:colcon.colcon_core.shell:Creating environment descriptor '/home/honhe/learn_ros/Chapter8/chapt8_ws/install/fishbot_application/share/fishbot_application/hook/ament_prefix_path.dsv'
[0.124s] INFO:colcon.colcon_core.shell:Creating environment hook '/home/honhe/learn_ros/Chapter8/chapt8_ws/install/fishbot_application/share/fishbot_application/hook/ament_prefix_path.sh'
[0.124s] INFO:colcon.colcon_core.shell:Skip shell extension 'powershell' for command environment: Not usable outside of PowerShell
[0.124s] DEBUG:colcon.colcon_core.shell:Skip shell extension 'dsv' for command environment
[0.126s] INFO:colcon.colcon_ros.task.ament_cmake.build:Building ROS package in '/home/honhe/learn_ros/Chapter8/chapt8_ws/src/fishbot_description' with build type 'ament_cmake'
[0.126s] INFO:colcon.colcon_cmake.task.cmake.build:Building CMake package in '/home/honhe/learn_ros/Chapter8/chapt8_ws/src/fishbot_description'
[0.126s] INFO:colcon.colcon_core.shell:Skip shell extension 'powershell' for command environment: Not usable outside of PowerShell
[0.126s] DEBUG:colcon.colcon_core.shell:Skip shell extension 'dsv' for command environment
[0.127s] INFO:colcon.colcon_ros.task.ament_cmake.build:Building ROS package in '/home/honhe/learn_ros/Chapter8/chapt8_ws/src/fishbot_navigation2' with build type 'ament_cmake'
[0.127s] INFO:colcon.colcon_cmake.task.cmake.build:Building CMake package in '/home/honhe/learn_ros/Chapter8/chapt8_ws/src/fishbot_navigation2'
[0.127s] INFO:colcon.colcon_core.shell:Skip shell extension 'powershell' for command environment: Not usable outside of PowerShell
[0.127s] DEBUG:colcon.colcon_core.shell:Skip shell extension 'dsv' for command environment
[0.129s] INFO:colcon.colcon_ros.task.ament_cmake.build:Building ROS package in '/home/honhe/learn_ros/Chapter8/chapt8_ws/src/nav2_custom_controller' with build type 'ament_cmake'
[0.129s] INFO:colcon.colcon_cmake.task.cmake.build:Building CMake package in '/home/honhe/learn_ros/Chapter8/chapt8_ws/src/nav2_custom_controller'
[0.129s] INFO:colcon.colcon_core.shell:Skip shell extension 'powershell' for command environment: Not usable outside of PowerShell
[0.129s] DEBUG:colcon.colcon_core.shell:Skip shell extension 'dsv' for command environment
[0.131s] INFO:colcon.colcon_ros.task.ament_cmake.build:Building ROS package in '/home/honhe/learn_ros/Chapter8/chapt8_ws/src/nav2_custom_planner' with build type 'ament_cmake'
[0.131s] INFO:colcon.colcon_cmake.task.cmake.build:Building CMake package in '/home/honhe/learn_ros/Chapter8/chapt8_ws/src/nav2_custom_planner'
[0.132s] INFO:colcon.colcon_core.shell:Skip shell extension 'powershell' for command environment: Not usable outside of PowerShell
[0.132s] DEBUG:colcon.colcon_core.shell:Skip shell extension 'dsv' for command environment
[0.136s] DEBUG:colcon.colcon_core.event_handler.log_command:Invoking command in '/home/honhe/learn_ros/Chapter8/chapt8_ws/build/autopatrol_interfaces': CMAKE_PREFIX_PATH=${CMAKE_PREFIX_PATH}:/home/honhe/learn_ros/Chapter8/chapt8_ws/install/fishbot_application:/home/honhe/learn_ros/Chapter8/chapt8_ws/install/autopatrol_robot:/opt/ros/jazzy DEBUGINFOD_URLS=https://debuginfod.ubuntu.com /usr/bin/cmake --build /home/honhe/learn_ros/Chapter8/chapt8_ws/build/autopatrol_interfaces -- -j32 -l32
[0.242s] INFO:colcon.colcon_core.task.python.build:Building Python package in '/home/honhe/learn_ros/Chapter8/chapt8_ws/src/autopatrol_robot'
[0.242s] INFO:colcon.colcon_core.shell:Skip shell extension 'powershell' for command environment: Not usable outside of PowerShell
[0.242s] DEBUG:colcon.colcon_core.shell:Skip shell extension 'dsv' for command environment
[0.370s] INFO:colcon.colcon_core.task.python.build:Building Python package in '/home/honhe/learn_ros/Chapter8/chapt8_ws/src/fishbot_application'
[0.370s] INFO:colcon.colcon_core.shell:Skip shell extension 'powershell' for command environment: Not usable outside of PowerShell
[0.370s] DEBUG:colcon.colcon_core.shell:Skip shell extension 'dsv' for command environment
[0.374s] DEBUG:colcon.colcon_core.event_handler.log_command:Invoking command in '/home/honhe/learn_ros/Chapter8/chapt8_ws/build/fishbot_description': CMAKE_PREFIX_PATH=${CMAKE_PREFIX_PATH}:/home/honhe/learn_ros/Chapter8/chapt8_ws/install/fishbot_application:/home/honhe/learn_ros/Chapter8/chapt8_ws/install/autopatrol_robot:/opt/ros/jazzy DEBUGINFOD_URLS=https://debuginfod.ubuntu.com /usr/bin/cmake --build /home/honhe/learn_ros/Chapter8/chapt8_ws/build/fishbot_description -- -j32 -l32
[0.376s] DEBUG:colcon.colcon_core.event_handler.log_command:Invoking command in '/home/honhe/learn_ros/Chapter8/chapt8_ws/build/fishbot_navigation2': CMAKE_PREFIX_PATH=${CMAKE_PREFIX_PATH}:/home/honhe/learn_ros/Chapter8/chapt8_ws/install/fishbot_application:/home/honhe/learn_ros/Chapter8/chapt8_ws/install/autopatrol_robot:/opt/ros/jazzy DEBUGINFOD_URLS=https://debuginfod.ubuntu.com /usr/bin/cmake --build /home/honhe/learn_ros/Chapter8/chapt8_ws/build/fishbot_navigation2 -- -j32 -l32
[0.376s] DEBUG:colcon.colcon_core.event_handler.log_command:Invoking command in '/home/honhe/learn_ros/Chapter8/chapt8_ws/build/nav2_custom_controller': CMAKE_PREFIX_PATH=${CMAKE_PREFIX_PATH}:/home/honhe/learn_ros/Chapter8/chapt8_ws/install/fishbot_application:/home/honhe/learn_ros/Chapter8/chapt8_ws/install/autopatrol_robot:/opt/ros/jazzy DEBUGINFOD_URLS=https://debuginfod.ubuntu.com /usr/bin/cmake /home/honhe/learn_ros/Chapter8/chapt8_ws/src/nav2_custom_controller -DCMAKE_INSTALL_PREFIX=/home/honhe/learn_ros/Chapter8/chapt8_ws/install/nav2_custom_controller
[0.380s] DEBUG:colcon.colcon_core.event_handler.log_command:Invoked command in '/home/honhe/learn_ros/Chapter8/chapt8_ws/build/autopatrol_interfaces' returned '0': CMAKE_PREFIX_PATH=${CMAKE_PREFIX_PATH}:/home/honhe/learn_ros/Chapter8/chapt8_ws/install/fishbot_application:/home/honhe/learn_ros/Chapter8/chapt8_ws/install/autopatrol_robot:/opt/ros/jazzy DEBUGINFOD_URLS=https://debuginfod.ubuntu.com /usr/bin/cmake --build /home/honhe/learn_ros/Chapter8/chapt8_ws/build/autopatrol_interfaces -- -j32 -l32
[0.386s] DEBUG:colcon.colcon_core.event_handler.log_command:Invoking command in '/home/honhe/learn_ros/Chapter8/chapt8_ws/build/autopatrol_interfaces': CMAKE_PREFIX_PATH=${CMAKE_PREFIX_PATH}:/home/honhe/learn_ros/Chapter8/chapt8_ws/install/fishbot_application:/home/honhe/learn_ros/Chapter8/chapt8_ws/install/autopatrol_robot:/opt/ros/jazzy DEBUGINFOD_URLS=https://debuginfod.ubuntu.com /usr/bin/cmake --install /home/honhe/learn_ros/Chapter8/chapt8_ws/build/autopatrol_interfaces
[0.387s] DEBUG:colcon.colcon_core.event_handler.log_command:Invoking command in '/home/honhe/learn_ros/Chapter8/chapt8_ws/build/nav2_custom_planner': CMAKE_PREFIX_PATH=${CMAKE_PREFIX_PATH}:/home/honhe/learn_ros/Chapter8/chapt8_ws/install/fishbot_application:/home/honhe/learn_ros/Chapter8/chapt8_ws/install/autopatrol_robot:/opt/ros/jazzy DEBUGINFOD_URLS=https://debuginfod.ubuntu.com /usr/bin/cmake --build /home/honhe/learn_ros/Chapter8/chapt8_ws/build/nav2_custom_planner -- -j32 -l32
[0.398s] DEBUG:colcon.colcon_core.event_handler.log_command:Invoked command in '/home/honhe/learn_ros/Chapter8/chapt8_ws/build/fishbot_description' returned '0': CMAKE_PREFIX_PATH=${CMAKE_PREFIX_PATH}:/home/honhe/learn_ros/Chapter8/chapt8_ws/install/fishbot_application:/home/honhe/learn_ros/Chapter8/chapt8_ws/install/autopatrol_robot:/opt/ros/jazzy DEBUGINFOD_URLS=https://debuginfod.ubuntu.com /usr/bin/cmake --build /home/honhe/learn_ros/Chapter8/chapt8_ws/build/fishbot_description -- -j32 -l32
[0.399s] DEBUG:colcon.colcon_core.event_handler.log_command:Invoking command in '/home/honhe/learn_ros/Chapter8/chapt8_ws/build/fishbot_description': CMAKE_PREFIX_PATH=${CMAKE_PREFIX_PATH}:/home/honhe/learn_ros/Chapter8/chapt8_ws/install/fishbot_application:/home/honhe/learn_ros/Chapter8/chapt8_ws/install/autopatrol_robot:/opt/ros/jazzy DEBUGINFOD_URLS=https://debuginfod.ubuntu.com /usr/bin/cmake --install /home/honhe/learn_ros/Chapter8/chapt8_ws/build/fishbot_description
[0.409s] Level 1:colcon.colcon_core.environment:create_environment_scripts_only(fishbot_description)
[0.411s] DEBUG:colcon.colcon_core.event_handler.log_command:Invoked command in '/home/honhe/learn_ros/Chapter8/chapt8_ws/build/fishbot_navigation2' returned '0': CMAKE_PREFIX_PATH=${CMAKE_PREFIX_PATH}:/home/honhe/learn_ros/Chapter8/chapt8_ws/install/fishbot_application:/home/honhe/learn_ros/Chapter8/chapt8_ws/install/autopatrol_robot:/opt/ros/jazzy DEBUGINFOD_URLS=https://debuginfod.ubuntu.com /usr/bin/cmake --build /home/honhe/learn_ros/Chapter8/chapt8_ws/build/fishbot_navigation2 -- -j32 -l32
[0.412s] DEBUG:colcon.colcon_core.event_handler.log_command:Invoking command in '/home/honhe/learn_ros/Chapter8/chapt8_ws/build/fishbot_navigation2': CMAKE_PREFIX_PATH=${CMAKE_PREFIX_PATH}:/home/honhe/learn_ros/Chapter8/chapt8_ws/install/fishbot_application:/home/honhe/learn_ros/Chapter8/chapt8_ws/install/autopatrol_robot:/opt/ros/jazzy DEBUGINFOD_URLS=https://debuginfod.ubuntu.com /usr/bin/cmake --install /home/honhe/learn_ros/Chapter8/chapt8_ws/build/fishbot_navigation2
[0.412s] DEBUG:colcon.colcon_core.event_handler.log_command:Invoked command in '/home/honhe/learn_ros/Chapter8/chapt8_ws/build/fishbot_description' returned '0': CMAKE_PREFIX_PATH=${CMAKE_PREFIX_PATH}:/home/honhe/learn_ros/Chapter8/chapt8_ws/install/fishbot_application:/home/honhe/learn_ros/Chapter8/chapt8_ws/install/autopatrol_robot:/opt/ros/jazzy DEBUGINFOD_URLS=https://debuginfod.ubuntu.com /usr/bin/cmake --install /home/honhe/learn_ros/Chapter8/chapt8_ws/build/fishbot_description
[0.414s] Level 1:colcon.colcon_core.environment:checking '/home/honhe/learn_ros/Chapter8/chapt8_ws/install/fishbot_description' for CMake module files
[0.415s] Level 1:colcon.colcon_core.environment:checking '/home/honhe/learn_ros/Chapter8/chapt8_ws/install/fishbot_description' for CMake config files
[0.417s] Level 1:colcon.colcon_core.shell:create_environment_hook('fishbot_description', 'cmake_prefix_path')
[0.417s] INFO:colcon.colcon_core.shell:Creating environment hook '/home/honhe/learn_ros/Chapter8/chapt8_ws/install/fishbot_description/share/fishbot_description/hook/cmake_prefix_path.ps1'
[0.418s] INFO:colcon.colcon_core.shell:Creating environment descriptor '/home/honhe/learn_ros/Chapter8/chapt8_ws/install/fishbot_description/share/fishbot_description/hook/cmake_prefix_path.dsv'
[0.418s] INFO:colcon.colcon_core.shell:Creating environment hook '/home/honhe/learn_ros/Chapter8/chapt8_ws/install/fishbot_description/share/fishbot_description/hook/cmake_prefix_path.sh'
[0.419s] Level 1:colcon.colcon_core.environment:checking '/home/honhe/learn_ros/Chapter8/chapt8_ws/install/fishbot_description/bin'
[0.419s] Level 1:colcon.colcon_core.environment:checking '/home/honhe/learn_ros/Chapter8/chapt8_ws/install/fishbot_description/lib/pkgconfig/fishbot_description.pc'
[0.419s] Level 1:colcon.colcon_core.environment:checking '/home/honhe/learn_ros/Chapter8/chapt8_ws/install/fishbot_description/lib/python3.12/site-packages'
[0.419s] Level 1:colcon.colcon_core.environment:checking '/home/honhe/learn_ros/Chapter8/chapt8_ws/install/fishbot_description/bin'
[0.420s] INFO:colcon.colcon_core.shell:Creating package script '/home/honhe/learn_ros/Chapter8/chapt8_ws/install/fishbot_description/share/fishbot_description/package.ps1'
[0.420s] INFO:colcon.colcon_core.shell:Creating package descriptor '/home/honhe/learn_ros/Chapter8/chapt8_ws/install/fishbot_description/share/fishbot_description/package.dsv'
[0.420s] INFO:colcon.colcon_core.shell:Creating package script '/home/honhe/learn_ros/Chapter8/chapt8_ws/install/fishbot_description/share/fishbot_description/package.sh'
[0.421s] INFO:colcon.colcon_core.shell:Creating package script '/home/honhe/learn_ros/Chapter8/chapt8_ws/install/fishbot_description/share/fishbot_description/package.bash'
[0.421s] INFO:colcon.colcon_core.shell:Creating package script '/home/honhe/learn_ros/Chapter8/chapt8_ws/install/fishbot_description/share/fishbot_description/package.zsh'
[0.421s] Level 1:colcon.colcon_core.environment:create_file_with_runtime_dependencies(/home/honhe/learn_ros/Chapter8/chapt8_ws/install/fishbot_description/share/colcon-core/packages/fishbot_description)
[0.422s] Level 1:colcon.colcon_core.environment:create_environment_scripts_only(fishbot_description)
[0.422s] Level 1:colcon.colcon_core.environment:checking '/home/honhe/learn_ros/Chapter8/chapt8_ws/install/fishbot_description' for CMake module files
[0.423s] Level 1:colcon.colcon_core.environment:checking '/home/honhe/learn_ros/Chapter8/chapt8_ws/install/fishbot_description' for CMake config files
[0.424s] Level 1:colcon.colcon_core.shell:create_environment_hook('fishbot_description', 'cmake_prefix_path')
[0.424s] INFO:colcon.colcon_core.shell:Creating environment hook '/home/honhe/learn_ros/Chapter8/chapt8_ws/install/fishbot_description/share/fishbot_description/hook/cmake_prefix_path.ps1'
[0.425s] INFO:colcon.colcon_core.shell:Creating environment descriptor '/home/honhe/learn_ros/Chapter8/chapt8_ws/install/fishbot_description/share/fishbot_description/hook/cmake_prefix_path.dsv'
[0.425s] INFO:colcon.colcon_core.shell:Creating environment hook '/home/honhe/learn_ros/Chapter8/chapt8_ws/install/fishbot_description/share/fishbot_description/hook/cmake_prefix_path.sh'
[0.426s] Level 1:colcon.colcon_core.environment:checking '/home/honhe/learn_ros/Chapter8/chapt8_ws/install/fishbot_description/bin'
[0.426s] Level 1:colcon.colcon_core.environment:checking '/home/honhe/learn_ros/Chapter8/chapt8_ws/install/fishbot_description/lib/pkgconfig/fishbot_description.pc'
[0.426s] Level 1:colcon.colcon_core.environment:checking '/home/honhe/learn_ros/Chapter8/chapt8_ws/install/fishbot_description/lib/python3.12/site-packages'
[0.426s] Level 1:colcon.colcon_core.environment:checking '/home/honhe/learn_ros/Chapter8/chapt8_ws/install/fishbot_description/bin'
[0.426s] INFO:colcon.colcon_core.shell:Creating package script '/home/honhe/learn_ros/Chapter8/chapt8_ws/install/fishbot_description/share/fishbot_description/package.ps1'
[0.427s] INFO:colcon.colcon_core.shell:Creating package descriptor '/home/honhe/learn_ros/Chapter8/chapt8_ws/install/fishbot_description/share/fishbot_description/package.dsv'
[0.427s] INFO:colcon.colcon_core.shell:Creating package script '/home/honhe/learn_ros/Chapter8/chapt8_ws/install/fishbot_description/share/fishbot_description/package.sh'
[0.427s] INFO:colcon.colcon_core.shell:Creating package script '/home/honhe/learn_ros/Chapter8/chapt8_ws/install/fishbot_description/share/fishbot_description/package.bash'
[0.428s] INFO:colcon.colcon_core.shell:Creating package script '/home/honhe/learn_ros/Chapter8/chapt8_ws/install/fishbot_description/share/fishbot_description/package.zsh'
[0.428s] Level 1:colcon.colcon_core.environment:create_file_with_runtime_dependencies(/home/honhe/learn_ros/Chapter8/chapt8_ws/install/fishbot_description/share/colcon-core/packages/fishbot_description)
[0.430s] Level 1:colcon.colcon_core.environment:create_environment_scripts_only(fishbot_navigation2)
[0.430s] DEBUG:colcon.colcon_core.event_handler.log_command:Invoked command in '/home/honhe/learn_ros/Chapter8/chapt8_ws/build/fishbot_navigation2' returned '0': CMAKE_PREFIX_PATH=${CMAKE_PREFIX_PATH}:/home/honhe/learn_ros/Chapter8/chapt8_ws/install/fishbot_application:/home/honhe/learn_ros/Chapter8/chapt8_ws/install/autopatrol_robot:/opt/ros/jazzy DEBUGINFOD_URLS=https://debuginfod.ubuntu.com /usr/bin/cmake --install /home/honhe/learn_ros/Chapter8/chapt8_ws/build/fishbot_navigation2
[0.430s] Level 1:colcon.colcon_core.environment:checking '/home/honhe/learn_ros/Chapter8/chapt8_ws/install/fishbot_navigation2' for CMake module files
[0.431s] Level 1:colcon.colcon_core.environment:checking '/home/honhe/learn_ros/Chapter8/chapt8_ws/install/fishbot_navigation2' for CMake config files
[0.431s] Level 1:colcon.colcon_core.shell:create_environment_hook('fishbot_navigation2', 'cmake_prefix_path')
[0.431s] INFO:colcon.colcon_core.shell:Creating environment hook '/home/honhe/learn_ros/Chapter8/chapt8_ws/install/fishbot_navigation2/share/fishbot_navigation2/hook/cmake_prefix_path.ps1'
[0.432s] INFO:colcon.colcon_core.shell:Creating environment descriptor '/home/honhe/learn_ros/Chapter8/chapt8_ws/install/fishbot_navigation2/share/fishbot_navigation2/hook/cmake_prefix_path.dsv'
[0.432s] INFO:colcon.colcon_core.shell:Creating environment hook '/home/honhe/learn_ros/Chapter8/chapt8_ws/install/fishbot_navigation2/share/fishbot_navigation2/hook/cmake_prefix_path.sh'
[0.433s] Level 1:colcon.colcon_core.environment:checking '/home/honhe/learn_ros/Chapter8/chapt8_ws/install/fishbot_navigation2/bin'
[0.433s] Level 1:colcon.colcon_core.environment:checking '/home/honhe/learn_ros/Chapter8/chapt8_ws/install/fishbot_navigation2/lib/pkgconfig/fishbot_navigation2.pc'
[0.433s] Level 1:colcon.colcon_core.environment:checking '/home/honhe/learn_ros/Chapter8/chapt8_ws/install/fishbot_navigation2/lib/python3.12/site-packages'
[0.433s] Level 1:colcon.colcon_core.environment:checking '/home/honhe/learn_ros/Chapter8/chapt8_ws/install/fishbot_navigation2/bin'
[0.433s] INFO:colcon.colcon_core.shell:Creating package script '/home/honhe/learn_ros/Chapter8/chapt8_ws/install/fishbot_navigation2/share/fishbot_navigation2/package.ps1'
[0.434s] INFO:colcon.colcon_core.shell:Creating package descriptor '/home/honhe/learn_ros/Chapter8/chapt8_ws/install/fishbot_navigation2/share/fishbot_navigation2/package.dsv'
[0.434s] INFO:colcon.colcon_core.shell:Creating package script '/home/honhe/learn_ros/Chapter8/chapt8_ws/install/fishbot_navigation2/share/fishbot_navigation2/package.sh'
[0.434s] INFO:colcon.colcon_core.shell:Creating package script '/home/honhe/learn_ros/Chapter8/chapt8_ws/install/fishbot_navigation2/share/fishbot_navigation2/package.bash'
[0.434s] INFO:colcon.colcon_core.shell:Creating package script '/home/honhe/learn_ros/Chapter8/chapt8_ws/install/fishbot_navigation2/share/fishbot_navigation2/package.zsh'
[0.435s] Level 1:colcon.colcon_core.environment:create_file_with_runtime_dependencies(/home/honhe/learn_ros/Chapter8/chapt8_ws/install/fishbot_navigation2/share/colcon-core/packages/fishbot_navigation2)
[0.435s] Level 1:colcon.colcon_core.environment:create_environment_scripts_only(fishbot_navigation2)
[0.435s] Level 1:colcon.colcon_core.environment:checking '/home/honhe/learn_ros/Chapter8/chapt8_ws/install/fishbot_navigation2' for CMake module files
[0.435s] Level 1:colcon.colcon_core.environment:checking '/home/honhe/learn_ros/Chapter8/chapt8_ws/install/fishbot_navigation2' for CMake config files
[0.435s] Level 1:colcon.colcon_core.shell:create_environment_hook('fishbot_navigation2', 'cmake_prefix_path')
[0.435s] INFO:colcon.colcon_core.shell:Creating environment hook '/home/honhe/learn_ros/Chapter8/chapt8_ws/install/fishbot_navigation2/share/fishbot_navigation2/hook/cmake_prefix_path.ps1'
[0.436s] INFO:colcon.colcon_core.shell:Creating environment descriptor '/home/honhe/learn_ros/Chapter8/chapt8_ws/install/fishbot_navigation2/share/fishbot_navigation2/hook/cmake_prefix_path.dsv'
[0.436s] INFO:colcon.colcon_core.shell:Creating environment hook '/home/honhe/learn_ros/Chapter8/chapt8_ws/install/fishbot_navigation2/share/fishbot_navigation2/hook/cmake_prefix_path.sh'
[0.436s] Level 1:colcon.colcon_core.environment:checking '/home/honhe/learn_ros/Chapter8/chapt8_ws/install/fishbot_navigation2/bin'
[0.436s] Level 1:colcon.colcon_core.environment:checking '/home/honhe/learn_ros/Chapter8/chapt8_ws/install/fishbot_navigation2/lib/pkgconfig/fishbot_navigation2.pc'
[0.436s] Level 1:colcon.colcon_core.environment:checking '/home/honhe/learn_ros/Chapter8/chapt8_ws/install/fishbot_navigation2/lib/python3.12/site-packages'
[0.436s] Level 1:colcon.colcon_core.environment:checking '/home/honhe/learn_ros/Chapter8/chapt8_ws/install/fishbot_navigation2/bin'
[0.437s] INFO:colcon.colcon_core.shell:Creating package script '/home/honhe/learn_ros/Chapter8/chapt8_ws/install/fishbot_navigation2/share/fishbot_navigation2/package.ps1'
[0.437s] INFO:colcon.colcon_core.shell:Creating package descriptor '/home/honhe/learn_ros/Chapter8/chapt8_ws/install/fishbot_navigation2/share/fishbot_navigation2/package.dsv'
[0.437s] INFO:colcon.colcon_core.shell:Creating package script '/home/honhe/learn_ros/Chapter8/chapt8_ws/install/fishbot_navigation2/share/fishbot_navigation2/package.sh'
[0.437s] INFO:colcon.colcon_core.shell:Creating package script '/home/honhe/learn_ros/Chapter8/chapt8_ws/install/fishbot_navigation2/share/fishbot_navigation2/package.bash'
[0.438s] INFO:colcon.colcon_core.shell:Creating package script '/home/honhe/learn_ros/Chapter8/chapt8_ws/install/fishbot_navigation2/share/fishbot_navigation2/package.zsh'
[0.438s] Level 1:colcon.colcon_core.environment:create_file_with_runtime_dependencies(/home/honhe/learn_ros/Chapter8/chapt8_ws/install/fishbot_navigation2/share/colcon-core/packages/fishbot_navigation2)
[0.438s] Level 1:colcon.colcon_core.environment:create_environment_scripts_only(autopatrol_interfaces)
[0.438s] Level 1:colcon.colcon_core.environment:checking '/home/honhe/learn_ros/Chapter8/chapt8_ws/install/autopatrol_interfaces' for CMake module files
[0.439s] DEBUG:colcon.colcon_core.event_handler.log_command:Invoked command in '/home/honhe/learn_ros/Chapter8/chapt8_ws/build/autopatrol_interfaces' returned '0': CMAKE_PREFIX_PATH=${CMAKE_PREFIX_PATH}:/home/honhe/learn_ros/Chapter8/chapt8_ws/install/fishbot_application:/home/honhe/learn_ros/Chapter8/chapt8_ws/install/autopatrol_robot:/opt/ros/jazzy DEBUGINFOD_URLS=https://debuginfod.ubuntu.com /usr/bin/cmake --install /home/honhe/learn_ros/Chapter8/chapt8_ws/build/autopatrol_interfaces
[0.439s] Level 1:colcon.colcon_core.environment:checking '/home/honhe/learn_ros/Chapter8/chapt8_ws/install/autopatrol_interfaces' for CMake config files
[0.439s] Level 1:colcon.colcon_core.shell:create_environment_hook('autopatrol_interfaces', 'cmake_prefix_path')
[0.439s] INFO:colcon.colcon_core.shell:Creating environment hook '/home/honhe/learn_ros/Chapter8/chapt8_ws/install/autopatrol_interfaces/share/autopatrol_interfaces/hook/cmake_prefix_path.ps1'
[0.440s] INFO:colcon.colcon_core.shell:Creating environment descriptor '/home/honhe/learn_ros/Chapter8/chapt8_ws/install/autopatrol_interfaces/share/autopatrol_interfaces/hook/cmake_prefix_path.dsv'
[0.440s] INFO:colcon.colcon_core.shell:Creating environment hook '/home/honhe/learn_ros/Chapter8/chapt8_ws/install/autopatrol_interfaces/share/autopatrol_interfaces/hook/cmake_prefix_path.sh'
[0.440s] Level 1:colcon.colcon_core.environment:checking '/home/honhe/learn_ros/Chapter8/chapt8_ws/install/autopatrol_interfaces/lib'
[0.440s] Level 1:colcon.colcon_core.shell:create_environment_hook('autopatrol_interfaces', 'ld_library_path_lib')
[0.440s] INFO:colcon.colcon_core.shell:Creating environment hook '/home/honhe/learn_ros/Chapter8/chapt8_ws/install/autopatrol_interfaces/share/autopatrol_interfaces/hook/ld_library_path_lib.ps1'
[0.440s] INFO:colcon.colcon_core.shell:Creating environment descriptor '/home/honhe/learn_ros/Chapter8/chapt8_ws/install/autopatrol_interfaces/share/autopatrol_interfaces/hook/ld_library_path_lib.dsv'
[0.441s] INFO:colcon.colcon_core.shell:Creating environment hook '/home/honhe/learn_ros/Chapter8/chapt8_ws/install/autopatrol_interfaces/share/autopatrol_interfaces/hook/ld_library_path_lib.sh'
[0.441s] Level 1:colcon.colcon_core.environment:checking '/home/honhe/learn_ros/Chapter8/chapt8_ws/install/autopatrol_interfaces/bin'
[0.441s] Level 1:colcon.colcon_core.environment:checking '/home/honhe/learn_ros/Chapter8/chapt8_ws/install/autopatrol_interfaces/lib/pkgconfig/autopatrol_interfaces.pc'
[0.441s] Level 1:colcon.colcon_core.environment:checking '/home/honhe/learn_ros/Chapter8/chapt8_ws/install/autopatrol_interfaces/lib/python3.12/site-packages'
[0.441s] Level 1:colcon.colcon_core.shell:create_environment_hook('autopatrol_interfaces', 'pythonpath')
[0.441s] INFO:colcon.colcon_core.shell:Creating environment hook '/home/honhe/learn_ros/Chapter8/chapt8_ws/install/autopatrol_interfaces/share/autopatrol_interfaces/hook/pythonpath.ps1'
[0.441s] INFO:colcon.colcon_core.shell:Creating environment descriptor '/home/honhe/learn_ros/Chapter8/chapt8_ws/install/autopatrol_interfaces/share/autopatrol_interfaces/hook/pythonpath.dsv'
[0.442s] INFO:colcon.colcon_core.shell:Creating environment hook '/home/honhe/learn_ros/Chapter8/chapt8_ws/install/autopatrol_interfaces/share/autopatrol_interfaces/hook/pythonpath.sh'
[0.442s] Level 1:colcon.colcon_core.environment:checking '/home/honhe/learn_ros/Chapter8/chapt8_ws/install/autopatrol_interfaces/bin'
[0.443s] INFO:colcon.colcon_core.shell:Creating package script '/home/honhe/learn_ros/Chapter8/chapt8_ws/install/autopatrol_interfaces/share/autopatrol_interfaces/package.ps1'
[0.443s] INFO:colcon.colcon_core.shell:Creating package descriptor '/home/honhe/learn_ros/Chapter8/chapt8_ws/install/autopatrol_interfaces/share/autopatrol_interfaces/package.dsv'
[0.444s] INFO:colcon.colcon_core.shell:Creating package script '/home/honhe/learn_ros/Chapter8/chapt8_ws/install/autopatrol_interfaces/share/autopatrol_interfaces/package.sh'
[0.444s] INFO:colcon.colcon_core.shell:Creating package script '/home/honhe/learn_ros/Chapter8/chapt8_ws/install/autopatrol_interfaces/share/autopatrol_interfaces/package.bash'
[0.444s] INFO:colcon.colcon_core.shell:Creating package script '/home/honhe/learn_ros/Chapter8/chapt8_ws/install/autopatrol_interfaces/share/autopatrol_interfaces/package.zsh'
[0.445s] Level 1:colcon.colcon_core.environment:create_file_with_runtime_dependencies(/home/honhe/learn_ros/Chapter8/chapt8_ws/install/autopatrol_interfaces/share/colcon-core/packages/autopatrol_interfaces)
[0.445s] Level 1:colcon.colcon_core.environment:create_environment_scripts_only(autopatrol_interfaces)
[0.445s] Level 1:colcon.colcon_core.environment:checking '/home/honhe/learn_ros/Chapter8/chapt8_ws/install/autopatrol_interfaces' for CMake module files
[0.445s] Level 1:colcon.colcon_core.environment:checking '/home/honhe/learn_ros/Chapter8/chapt8_ws/install/autopatrol_interfaces' for CMake config files
[0.446s] Level 1:colcon.colcon_core.shell:create_environment_hook('autopatrol_interfaces', 'cmake_prefix_path')
[0.446s] INFO:colcon.colcon_core.shell:Creating environment hook '/home/honhe/learn_ros/Chapter8/chapt8_ws/install/autopatrol_interfaces/share/autopatrol_interfaces/hook/cmake_prefix_path.ps1'
[0.446s] INFO:colcon.colcon_core.shell:Creating environment descriptor '/home/honhe/learn_ros/Chapter8/chapt8_ws/install/autopatrol_interfaces/share/autopatrol_interfaces/hook/cmake_prefix_path.dsv'
[0.446s] INFO:colcon.colcon_core.shell:Creating environment hook '/home/honhe/learn_ros/Chapter8/chapt8_ws/install/autopatrol_interfaces/share/autopatrol_interfaces/hook/cmake_prefix_path.sh'
[0.447s] Level 1:colcon.colcon_core.environment:checking '/home/honhe/learn_ros/Chapter8/chapt8_ws/install/autopatrol_interfaces/lib'
[0.447s] Level 1:colcon.colcon_core.shell:create_environment_hook('autopatrol_interfaces', 'ld_library_path_lib')
[0.447s] INFO:colcon.colcon_core.shell:Creating environment hook '/home/honhe/learn_ros/Chapter8/chapt8_ws/install/autopatrol_interfaces/share/autopatrol_interfaces/hook/ld_library_path_lib.ps1'
[0.447s] INFO:colcon.colcon_core.shell:Creating environment descriptor '/home/honhe/learn_ros/Chapter8/chapt8_ws/install/autopatrol_interfaces/share/autopatrol_interfaces/hook/ld_library_path_lib.dsv'
[0.448s] INFO:colcon.colcon_core.shell:Creating environment hook '/home/honhe/learn_ros/Chapter8/chapt8_ws/install/autopatrol_interfaces/share/autopatrol_interfaces/hook/ld_library_path_lib.sh'
[0.448s] Level 1:colcon.colcon_core.environment:checking '/home/honhe/learn_ros/Chapter8/chapt8_ws/install/autopatrol_interfaces/bin'
[0.448s] Level 1:colcon.colcon_core.environment:checking '/home/honhe/learn_ros/Chapter8/chapt8_ws/install/autopatrol_interfaces/lib/pkgconfig/autopatrol_interfaces.pc'
[0.448s] Level 1:colcon.colcon_core.environment:checking '/home/honhe/learn_ros/Chapter8/chapt8_ws/install/autopatrol_interfaces/lib/python3.12/site-packages'
[0.448s] Level 1:colcon.colcon_core.shell:create_environment_hook('autopatrol_interfaces', 'pythonpath')
[0.448s] INFO:colcon.colcon_core.shell:Creating environment hook '/home/honhe/learn_ros/Chapter8/chapt8_ws/install/autopatrol_interfaces/share/autopatrol_interfaces/hook/pythonpath.ps1'
[0.449s] INFO:colcon.colcon_core.shell:Creating environment descriptor '/home/honhe/learn_ros/Chapter8/chapt8_ws/install/autopatrol_interfaces/share/autopatrol_interfaces/hook/pythonpath.dsv'
[0.449s] INFO:colcon.colcon_core.shell:Creating environment hook '/home/honhe/learn_ros/Chapter8/chapt8_ws/install/autopatrol_interfaces/share/autopatrol_interfaces/hook/pythonpath.sh'
[0.449s] Level 1:colcon.colcon_core.environment:checking '/home/honhe/learn_ros/Chapter8/chapt8_ws/install/autopatrol_interfaces/bin'
[0.450s] INFO:colcon.colcon_core.shell:Creating package script '/home/honhe/learn_ros/Chapter8/chapt8_ws/install/autopatrol_interfaces/share/autopatrol_interfaces/package.ps1'
[0.450s] INFO:colcon.colcon_core.shell:Creating package descriptor '/home/honhe/learn_ros/Chapter8/chapt8_ws/install/autopatrol_interfaces/share/autopatrol_interfaces/package.dsv'
[0.450s] INFO:colcon.colcon_core.shell:Creating package script '/home/honhe/learn_ros/Chapter8/chapt8_ws/install/autopatrol_interfaces/share/autopatrol_interfaces/package.sh'
[0.450s] INFO:colcon.colcon_core.shell:Creating package script '/home/honhe/learn_ros/Chapter8/chapt8_ws/install/autopatrol_interfaces/share/autopatrol_interfaces/package.bash'
[0.451s] INFO:colcon.colcon_core.shell:Creating package script '/home/honhe/learn_ros/Chapter8/chapt8_ws/install/autopatrol_interfaces/share/autopatrol_interfaces/package.zsh'
[0.451s] Level 1:colcon.colcon_core.environment:create_file_with_runtime_dependencies(/home/honhe/learn_ros/Chapter8/chapt8_ws/install/autopatrol_interfaces/share/colcon-core/packages/autopatrol_interfaces)
[0.453s] DEBUG:colcon.colcon_core.event_handler.log_command:Invoked command in '/home/honhe/learn_ros/Chapter8/chapt8_ws/build/nav2_custom_planner' returned '0': CMAKE_PREFIX_PATH=${CMAKE_PREFIX_PATH}:/home/honhe/learn_ros/Chapter8/chapt8_ws/install/fishbot_application:/home/honhe/learn_ros/Chapter8/chapt8_ws/install/autopatrol_robot:/opt/ros/jazzy DEBUGINFOD_URLS=https://debuginfod.ubuntu.com /usr/bin/cmake --build /home/honhe/learn_ros/Chapter8/chapt8_ws/build/nav2_custom_planner -- -j32 -l32
[0.454s] DEBUG:colcon.colcon_core.event_handler.log_command:Invoking command in '/home/honhe/learn_ros/Chapter8/chapt8_ws/build/nav2_custom_planner': CMAKE_PREFIX_PATH=${CMAKE_PREFIX_PATH}:/home/honhe/learn_ros/Chapter8/chapt8_ws/install/fishbot_application:/home/honhe/learn_ros/Chapter8/chapt8_ws/install/autopatrol_robot:/opt/ros/jazzy DEBUGINFOD_URLS=https://debuginfod.ubuntu.com /usr/bin/cmake --install /home/honhe/learn_ros/Chapter8/chapt8_ws/build/nav2_custom_planner
[0.462s] Level 1:colcon.colcon_core.environment:create_environment_scripts_only(nav2_custom_planner)
[0.462s] Level 1:colcon.colcon_core.environment:checking '/home/honhe/learn_ros/Chapter8/chapt8_ws/install/nav2_custom_planner' for CMake module files
[0.463s] DEBUG:colcon.colcon_core.event_handler.log_command:Invoked command in '/home/honhe/learn_ros/Chapter8/chapt8_ws/build/nav2_custom_planner' returned '0': CMAKE_PREFIX_PATH=${CMAKE_PREFIX_PATH}:/home/honhe/learn_ros/Chapter8/chapt8_ws/install/fishbot_application:/home/honhe/learn_ros/Chapter8/chapt8_ws/install/autopatrol_robot:/opt/ros/jazzy DEBUGINFOD_URLS=https://debuginfod.ubuntu.com /usr/bin/cmake --install /home/honhe/learn_ros/Chapter8/chapt8_ws/build/nav2_custom_planner
[0.463s] Level 1:colcon.colcon_core.environment:checking '/home/honhe/learn_ros/Chapter8/chapt8_ws/install/nav2_custom_planner' for CMake config files
[0.463s] Level 1:colcon.colcon_core.shell:create_environment_hook('nav2_custom_planner', 'cmake_prefix_path')
[0.463s] INFO:colcon.colcon_core.shell:Creating environment hook '/home/honhe/learn_ros/Chapter8/chapt8_ws/install/nav2_custom_planner/share/nav2_custom_planner/hook/cmake_prefix_path.ps1'
[0.463s] INFO:colcon.colcon_core.shell:Creating environment descriptor '/home/honhe/learn_ros/Chapter8/chapt8_ws/install/nav2_custom_planner/share/nav2_custom_planner/hook/cmake_prefix_path.dsv'
[0.464s] INFO:colcon.colcon_core.shell:Creating environment hook '/home/honhe/learn_ros/Chapter8/chapt8_ws/install/nav2_custom_planner/share/nav2_custom_planner/hook/cmake_prefix_path.sh'
[0.464s] Level 1:colcon.colcon_core.environment:checking '/home/honhe/learn_ros/Chapter8/chapt8_ws/install/nav2_custom_planner/lib'
[0.464s] Level 1:colcon.colcon_core.shell:create_environment_hook('nav2_custom_planner', 'ld_library_path_lib')
[0.464s] INFO:colcon.colcon_core.shell:Creating environment hook '/home/honhe/learn_ros/Chapter8/chapt8_ws/install/nav2_custom_planner/share/nav2_custom_planner/hook/ld_library_path_lib.ps1'
[0.464s] INFO:colcon.colcon_core.shell:Creating environment descriptor '/home/honhe/learn_ros/Chapter8/chapt8_ws/install/nav2_custom_planner/share/nav2_custom_planner/hook/ld_library_path_lib.dsv'
[0.464s] INFO:colcon.colcon_core.shell:Creating environment hook '/home/honhe/learn_ros/Chapter8/chapt8_ws/install/nav2_custom_planner/share/nav2_custom_planner/hook/ld_library_path_lib.sh'
[0.465s] Level 1:colcon.colcon_core.environment:checking '/home/honhe/learn_ros/Chapter8/chapt8_ws/install/nav2_custom_planner/bin'
[0.465s] Level 1:colcon.colcon_core.environment:checking '/home/honhe/learn_ros/Chapter8/chapt8_ws/install/nav2_custom_planner/lib/pkgconfig/nav2_custom_planner.pc'
[0.465s] Level 1:colcon.colcon_core.environment:checking '/home/honhe/learn_ros/Chapter8/chapt8_ws/install/nav2_custom_planner/lib/python3.12/site-packages'
[0.465s] Level 1:colcon.colcon_core.environment:checking '/home/honhe/learn_ros/Chapter8/chapt8_ws/install/nav2_custom_planner/bin'
[0.465s] INFO:colcon.colcon_core.shell:Creating package script '/home/honhe/learn_ros/Chapter8/chapt8_ws/install/nav2_custom_planner/share/nav2_custom_planner/package.ps1'
[0.465s] INFO:colcon.colcon_core.shell:Creating package descriptor '/home/honhe/learn_ros/Chapter8/chapt8_ws/install/nav2_custom_planner/share/nav2_custom_planner/package.dsv'
[0.466s] INFO:colcon.colcon_core.shell:Creating package script '/home/honhe/learn_ros/Chapter8/chapt8_ws/install/nav2_custom_planner/share/nav2_custom_planner/package.sh'
[0.466s] INFO:colcon.colcon_core.shell:Creating package script '/home/honhe/learn_ros/Chapter8/chapt8_ws/install/nav2_custom_planner/share/nav2_custom_planner/package.bash'
[0.466s] INFO:colcon.colcon_core.shell:Creating package script '/home/honhe/learn_ros/Chapter8/chapt8_ws/install/nav2_custom_planner/share/nav2_custom_planner/package.zsh'
[0.466s] Level 1:colcon.colcon_core.environment:create_file_with_runtime_dependencies(/home/honhe/learn_ros/Chapter8/chapt8_ws/install/nav2_custom_planner/share/colcon-core/packages/nav2_custom_planner)
[0.467s] Level 1:colcon.colcon_core.environment:create_environment_scripts_only(nav2_custom_planner)
[0.467s] Level 1:colcon.colcon_core.environment:checking '/home/honhe/learn_ros/Chapter8/chapt8_ws/install/nav2_custom_planner' for CMake module files
[0.467s] Level 1:colcon.colcon_core.environment:checking '/home/honhe/learn_ros/Chapter8/chapt8_ws/install/nav2_custom_planner' for CMake config files
[0.467s] Level 1:colcon.colcon_core.shell:create_environment_hook('nav2_custom_planner', 'cmake_prefix_path')
[0.467s] INFO:colcon.colcon_core.shell:Creating environment hook '/home/honhe/learn_ros/Chapter8/chapt8_ws/install/nav2_custom_planner/share/nav2_custom_planner/hook/cmake_prefix_path.ps1'
[0.467s] INFO:colcon.colcon_core.shell:Creating environment descriptor '/home/honhe/learn_ros/Chapter8/chapt8_ws/install/nav2_custom_planner/share/nav2_custom_planner/hook/cmake_prefix_path.dsv'
[0.468s] INFO:colcon.colcon_core.shell:Creating environment hook '/home/honhe/learn_ros/Chapter8/chapt8_ws/install/nav2_custom_planner/share/nav2_custom_planner/hook/cmake_prefix_path.sh'
[0.468s] Level 1:colcon.colcon_core.environment:checking '/home/honhe/learn_ros/Chapter8/chapt8_ws/install/nav2_custom_planner/lib'
[0.468s] Level 1:colcon.colcon_core.shell:create_environment_hook('nav2_custom_planner', 'ld_library_path_lib')
[0.468s] INFO:colcon.colcon_core.shell:Creating environment hook '/home/honhe/learn_ros/Chapter8/chapt8_ws/install/nav2_custom_planner/share/nav2_custom_planner/hook/ld_library_path_lib.ps1'
[0.468s] INFO:colcon.colcon_core.shell:Creating environment descriptor '/home/honhe/learn_ros/Chapter8/chapt8_ws/install/nav2_custom_planner/share/nav2_custom_planner/hook/ld_library_path_lib.dsv'
[0.468s] INFO:colcon.colcon_core.shell:Creating environment hook '/home/honhe/learn_ros/Chapter8/chapt8_ws/install/nav2_custom_planner/share/nav2_custom_planner/hook/ld_library_path_lib.sh'
[0.469s] Level 1:colcon.colcon_core.environment:checking '/home/honhe/learn_ros/Chapter8/chapt8_ws/install/nav2_custom_planner/bin'
[0.469s] Level 1:colcon.colcon_core.environment:checking '/home/honhe/learn_ros/Chapter8/chapt8_ws/install/nav2_custom_planner/lib/pkgconfig/nav2_custom_planner.pc'
[0.469s] Level 1:colcon.colcon_core.environment:checking '/home/honhe/learn_ros/Chapter8/chapt8_ws/install/nav2_custom_planner/lib/python3.12/site-packages'
[0.469s] Level 1:colcon.colcon_core.environment:checking '/home/honhe/learn_ros/Chapter8/chapt8_ws/install/nav2_custom_planner/bin'
[0.469s] INFO:colcon.colcon_core.shell:Creating package script '/home/honhe/learn_ros/Chapter8/chapt8_ws/install/nav2_custom_planner/share/nav2_custom_planner/package.ps1'
[0.469s] INFO:colcon.colcon_core.shell:Creating package descriptor '/home/honhe/learn_ros/Chapter8/chapt8_ws/install/nav2_custom_planner/share/nav2_custom_planner/package.dsv'
[0.470s] INFO:colcon.colcon_core.shell:Creating package script '/home/honhe/learn_ros/Chapter8/chapt8_ws/install/nav2_custom_planner/share/nav2_custom_planner/package.sh'
[0.470s] INFO:colcon.colcon_core.shell:Creating package script '/home/honhe/learn_ros/Chapter8/chapt8_ws/install/nav2_custom_planner/share/nav2_custom_planner/package.bash'
[0.470s] INFO:colcon.colcon_core.shell:Creating package script '/home/honhe/learn_ros/Chapter8/chapt8_ws/install/nav2_custom_planner/share/nav2_custom_planner/package.zsh'
[0.470s] Level 1:colcon.colcon_core.environment:create_file_with_runtime_dependencies(/home/honhe/learn_ros/Chapter8/chapt8_ws/install/nav2_custom_planner/share/colcon-core/packages/nav2_custom_planner)
[0.713s] DEBUG:colcon.colcon_core.event_handler.log_command:Invoking command in '/home/honhe/learn_ros/Chapter8/chapt8_ws/src/autopatrol_robot': DEBUGINFOD_URLS=https://debuginfod.ubuntu.com PYTHONPATH=/home/honhe/learn_ros/Chapter8/chapt8_ws/build/autopatrol_robot/prefix_override:/usr/lib/python3/dist-packages/colcon_core/task/python/colcon_distutils_commands:/home/honhe/learn_ros/Chapter8/chapt8_ws/install/autopatrol_robot/lib/python3.12/site-packages:${PYTHONPATH} /usr/bin/python3 -W ignore:setup.py install is deprecated -W ignore:easy_install command is deprecated setup.py egg_info --egg-base ../../build/autopatrol_robot build --build-base /home/honhe/learn_ros/Chapter8/chapt8_ws/build/autopatrol_robot/build install --record /home/honhe/learn_ros/Chapter8/chapt8_ws/build/autopatrol_robot/install.log --single-version-externally-managed install_data
[0.715s] DEBUG:colcon.colcon_core.event_handler.log_command:Invoking command in '/home/honhe/learn_ros/Chapter8/chapt8_ws/src/fishbot_application': DEBUGINFOD_URLS=https://debuginfod.ubuntu.com PYTHONPATH=/home/honhe/learn_ros/Chapter8/chapt8_ws/build/fishbot_application/prefix_override:/usr/lib/python3/dist-packages/colcon_core/task/python/colcon_distutils_commands:/home/honhe/learn_ros/Chapter8/chapt8_ws/install/fishbot_application/lib/python3.12/site-packages:${PYTHONPATH} /usr/bin/python3 -W ignore:setup.py install is deprecated -W ignore:easy_install command is deprecated setup.py egg_info --egg-base ../../build/fishbot_application build --build-base /home/honhe/learn_ros/Chapter8/chapt8_ws/build/fishbot_application/build install --record /home/honhe/learn_ros/Chapter8/chapt8_ws/build/fishbot_application/install.log --single-version-externally-managed install_data
[0.995s] Level 1:colcon.colcon_core.environment:checking '/home/honhe/learn_ros/Chapter8/chapt8_ws/install/autopatrol_robot' for CMake module files
[0.996s] DEBUG:colcon.colcon_core.event_handler.log_command:Invoked command in '/home/honhe/learn_ros/Chapter8/chapt8_ws/src/autopatrol_robot' returned '0': DEBUGINFOD_URLS=https://debuginfod.ubuntu.com PYTHONPATH=/home/honhe/learn_ros/Chapter8/chapt8_ws/build/autopatrol_robot/prefix_override:/usr/lib/python3/dist-packages/colcon_core/task/python/colcon_distutils_commands:/home/honhe/learn_ros/Chapter8/chapt8_ws/install/autopatrol_robot/lib/python3.12/site-packages:${PYTHONPATH} /usr/bin/python3 -W ignore:setup.py install is deprecated -W ignore:easy_install command is deprecated setup.py egg_info --egg-base ../../build/autopatrol_robot build --build-base /home/honhe/learn_ros/Chapter8/chapt8_ws/build/autopatrol_robot/build install --record /home/honhe/learn_ros/Chapter8/chapt8_ws/build/autopatrol_robot/install.log --single-version-externally-managed install_data
[0.996s] Level 1:colcon.colcon_core.environment:checking '/home/honhe/learn_ros/Chapter8/chapt8_ws/install/autopatrol_robot' for CMake config files
[0.996s] Level 1:colcon.colcon_core.environment:checking '/home/honhe/learn_ros/Chapter8/chapt8_ws/install/autopatrol_robot/lib'
[0.996s] Level 1:colcon.colcon_core.environment:checking '/home/honhe/learn_ros/Chapter8/chapt8_ws/install/autopatrol_robot/bin'
[0.996s] Level 1:colcon.colcon_core.environment:checking '/home/honhe/learn_ros/Chapter8/chapt8_ws/install/autopatrol_robot/lib/pkgconfig/autopatrol_robot.pc'
[0.997s] Level 1:colcon.colcon_core.environment:checking '/home/honhe/learn_ros/Chapter8/chapt8_ws/install/autopatrol_robot/lib/python3.12/site-packages'
[0.997s] Level 1:colcon.colcon_core.shell:create_environment_hook('autopatrol_robot', 'pythonpath')
[0.997s] INFO:colcon.colcon_core.shell:Creating environment hook '/home/honhe/learn_ros/Chapter8/chapt8_ws/install/autopatrol_robot/share/autopatrol_robot/hook/pythonpath.ps1'
[0.997s] INFO:colcon.colcon_core.shell:Creating environment descriptor '/home/honhe/learn_ros/Chapter8/chapt8_ws/install/autopatrol_robot/share/autopatrol_robot/hook/pythonpath.dsv'
[0.997s] INFO:colcon.colcon_core.shell:Creating environment hook '/home/honhe/learn_ros/Chapter8/chapt8_ws/install/autopatrol_robot/share/autopatrol_robot/hook/pythonpath.sh'
[0.997s] Level 1:colcon.colcon_core.environment:checking '/home/honhe/learn_ros/Chapter8/chapt8_ws/install/autopatrol_robot/bin'
[0.998s] Level 1:colcon.colcon_core.environment:create_environment_scripts_only(autopatrol_robot)
[0.998s] INFO:colcon.colcon_core.shell:Creating package script '/home/honhe/learn_ros/Chapter8/chapt8_ws/install/autopatrol_robot/share/autopatrol_robot/package.ps1'
[0.998s] INFO:colcon.colcon_core.shell:Creating package descriptor '/home/honhe/learn_ros/Chapter8/chapt8_ws/install/autopatrol_robot/share/autopatrol_robot/package.dsv'
[0.998s] INFO:colcon.colcon_core.shell:Creating package script '/home/honhe/learn_ros/Chapter8/chapt8_ws/install/autopatrol_robot/share/autopatrol_robot/package.sh'
[0.998s] INFO:colcon.colcon_core.shell:Creating package script '/home/honhe/learn_ros/Chapter8/chapt8_ws/install/autopatrol_robot/share/autopatrol_robot/package.bash'
[0.998s] INFO:colcon.colcon_core.shell:Creating package script '/home/honhe/learn_ros/Chapter8/chapt8_ws/install/autopatrol_robot/share/autopatrol_robot/package.zsh'
[0.999s] Level 1:colcon.colcon_core.environment:create_file_with_runtime_dependencies(/home/honhe/learn_ros/Chapter8/chapt8_ws/install/autopatrol_robot/share/colcon-core/packages/autopatrol_robot)
[0.999s] Level 1:colcon.colcon_core.environment:checking '/home/honhe/learn_ros/Chapter8/chapt8_ws/install/fishbot_application' for CMake module files
[0.999s] Level 1:colcon.colcon_core.environment:checking '/home/honhe/learn_ros/Chapter8/chapt8_ws/install/fishbot_application' for CMake config files
[1.000s] DEBUG:colcon.colcon_core.event_handler.log_command:Invoked command in '/home/honhe/learn_ros/Chapter8/chapt8_ws/src/fishbot_application' returned '0': DEBUGINFOD_URLS=https://debuginfod.ubuntu.com PYTHONPATH=/home/honhe/learn_ros/Chapter8/chapt8_ws/build/fishbot_application/prefix_override:/usr/lib/python3/dist-packages/colcon_core/task/python/colcon_distutils_commands:/home/honhe/learn_ros/Chapter8/chapt8_ws/install/fishbot_application/lib/python3.12/site-packages:${PYTHONPATH} /usr/bin/python3 -W ignore:setup.py install is deprecated -W ignore:easy_install command is deprecated setup.py egg_info --egg-base ../../build/fishbot_application build --build-base /home/honhe/learn_ros/Chapter8/chapt8_ws/build/fishbot_application/build install --record /home/honhe/learn_ros/Chapter8/chapt8_ws/build/fishbot_application/install.log --single-version-externally-managed install_data
[1.000s] Level 1:colcon.colcon_core.environment:checking '/home/honhe/learn_ros/Chapter8/chapt8_ws/install/fishbot_application/lib'
[1.000s] Level 1:colcon.colcon_core.environment:checking '/home/honhe/learn_ros/Chapter8/chapt8_ws/install/fishbot_application/bin'
[1.000s] Level 1:colcon.colcon_core.environment:checking '/home/honhe/learn_ros/Chapter8/chapt8_ws/install/fishbot_application/lib/pkgconfig/fishbot_application.pc'
[1.000s] Level 1:colcon.colcon_core.environment:checking '/home/honhe/learn_ros/Chapter8/chapt8_ws/install/fishbot_application/lib/python3.12/site-packages'
[1.000s] Level 1:colcon.colcon_core.shell:create_environment_hook('fishbot_application', 'pythonpath')
[1.000s] INFO:colcon.colcon_core.shell:Creating environment hook '/home/honhe/learn_ros/Chapter8/chapt8_ws/install/fishbot_application/share/fishbot_application/hook/pythonpath.ps1'
[1.000s] INFO:colcon.colcon_core.shell:Creating environment descriptor '/home/honhe/learn_ros/Chapter8/chapt8_ws/install/fishbot_application/share/fishbot_application/hook/pythonpath.dsv'
[1.001s] INFO:colcon.colcon_core.shell:Creating environment hook '/home/honhe/learn_ros/Chapter8/chapt8_ws/install/fishbot_application/share/fishbot_application/hook/pythonpath.sh'
[1.001s] Level 1:colcon.colcon_core.environment:checking '/home/honhe/learn_ros/Chapter8/chapt8_ws/install/fishbot_application/bin'
[1.001s] Level 1:colcon.colcon_core.environment:create_environment_scripts_only(fishbot_application)
[1.001s] INFO:colcon.colcon_core.shell:Creating package script '/home/honhe/learn_ros/Chapter8/chapt8_ws/install/fishbot_application/share/fishbot_application/package.ps1'
[1.001s] INFO:colcon.colcon_core.shell:Creating package descriptor '/home/honhe/learn_ros/Chapter8/chapt8_ws/install/fishbot_application/share/fishbot_application/package.dsv'
[1.001s] INFO:colcon.colcon_core.shell:Creating package script '/home/honhe/learn_ros/Chapter8/chapt8_ws/install/fishbot_application/share/fishbot_application/package.sh'
[1.002s] INFO:colcon.colcon_core.shell:Creating package script '/home/honhe/learn_ros/Chapter8/chapt8_ws/install/fishbot_application/share/fishbot_application/package.bash'
[1.002s] INFO:colcon.colcon_core.shell:Creating package script '/home/honhe/learn_ros/Chapter8/chapt8_ws/install/fishbot_application/share/fishbot_application/package.zsh'
[1.002s] Level 1:colcon.colcon_core.environment:create_file_with_runtime_dependencies(/home/honhe/learn_ros/Chapter8/chapt8_ws/install/fishbot_application/share/colcon-core/packages/fishbot_application)
[1.678s] DEBUG:colcon.colcon_core.event_handler.log_command:Invoked command in '/home/honhe/learn_ros/Chapter8/chapt8_ws/build/nav2_custom_controller' returned '0': CMAKE_PREFIX_PATH=${CMAKE_PREFIX_PATH}:/home/honhe/learn_ros/Chapter8/chapt8_ws/install/fishbot_application:/home/honhe/learn_ros/Chapter8/chapt8_ws/install/autopatrol_robot:/opt/ros/jazzy DEBUGINFOD_URLS=https://debuginfod.ubuntu.com /usr/bin/cmake /home/honhe/learn_ros/Chapter8/chapt8_ws/src/nav2_custom_controller -DCMAKE_INSTALL_PREFIX=/home/honhe/learn_ros/Chapter8/chapt8_ws/install/nav2_custom_controller
[1.679s] DEBUG:colcon.colcon_core.event_handler.log_command:Invoking command in '/home/honhe/learn_ros/Chapter8/chapt8_ws/build/nav2_custom_controller': CMAKE_PREFIX_PATH=${CMAKE_PREFIX_PATH}:/home/honhe/learn_ros/Chapter8/chapt8_ws/install/fishbot_application:/home/honhe/learn_ros/Chapter8/chapt8_ws/install/autopatrol_robot:/opt/ros/jazzy DEBUGINFOD_URLS=https://debuginfod.ubuntu.com /usr/bin/cmake --build /home/honhe/learn_ros/Chapter8/chapt8_ws/build/nav2_custom_controller -- -j32 -l32
[4.307s] DEBUG:colcon.colcon_core.event_handler.log_command:Invoked command in '/home/honhe/learn_ros/Chapter8/chapt8_ws/build/nav2_custom_controller' returned '0': CMAKE_PREFIX_PATH=${CMAKE_PREFIX_PATH}:/home/honhe/learn_ros/Chapter8/chapt8_ws/install/fishbot_application:/home/honhe/learn_ros/Chapter8/chapt8_ws/install/autopatrol_robot:/opt/ros/jazzy DEBUGINFOD_URLS=https://debuginfod.ubuntu.com /usr/bin/cmake --build /home/honhe/learn_ros/Chapter8/chapt8_ws/build/nav2_custom_controller -- -j32 -l32
[4.307s] DEBUG:colcon.colcon_core.event_handler.log_command:Invoking command in '/home/honhe/learn_ros/Chapter8/chapt8_ws/build/nav2_custom_controller': CMAKE_PREFIX_PATH=${CMAKE_PREFIX_PATH}:/home/honhe/learn_ros/Chapter8/chapt8_ws/install/fishbot_application:/home/honhe/learn_ros/Chapter8/chapt8_ws/install/autopatrol_robot:/opt/ros/jazzy DEBUGINFOD_URLS=https://debuginfod.ubuntu.com /usr/bin/cmake --install /home/honhe/learn_ros/Chapter8/chapt8_ws/build/nav2_custom_controller
[4.315s] Level 1:colcon.colcon_core.environment:create_environment_scripts_only(nav2_custom_controller)
[4.315s] Level 1:colcon.colcon_core.environment:checking '/home/honhe/learn_ros/Chapter8/chapt8_ws/install/nav2_custom_controller' for CMake module files
[4.315s] DEBUG:colcon.colcon_core.event_handler.log_command:Invoked command in '/home/honhe/learn_ros/Chapter8/chapt8_ws/build/nav2_custom_controller' returned '0': CMAKE_PREFIX_PATH=${CMAKE_PREFIX_PATH}:/home/honhe/learn_ros/Chapter8/chapt8_ws/install/fishbot_application:/home/honhe/learn_ros/Chapter8/chapt8_ws/install/autopatrol_robot:/opt/ros/jazzy DEBUGINFOD_URLS=https://debuginfod.ubuntu.com /usr/bin/cmake --install /home/honhe/learn_ros/Chapter8/chapt8_ws/build/nav2_custom_controller
[4.316s] Level 1:colcon.colcon_core.environment:checking '/home/honhe/learn_ros/Chapter8/chapt8_ws/install/nav2_custom_controller' for CMake config files
[4.316s] Level 1:colcon.colcon_core.shell:create_environment_hook('nav2_custom_controller', 'cmake_prefix_path')
[4.316s] INFO:colcon.colcon_core.shell:Creating environment hook '/home/honhe/learn_ros/Chapter8/chapt8_ws/install/nav2_custom_controller/share/nav2_custom_controller/hook/cmake_prefix_path.ps1'
[4.316s] INFO:colcon.colcon_core.shell:Creating environment descriptor '/home/honhe/learn_ros/Chapter8/chapt8_ws/install/nav2_custom_controller/share/nav2_custom_controller/hook/cmake_prefix_path.dsv'
[4.317s] INFO:colcon.colcon_core.shell:Creating environment hook '/home/honhe/learn_ros/Chapter8/chapt8_ws/install/nav2_custom_controller/share/nav2_custom_controller/hook/cmake_prefix_path.sh'
[4.317s] Level 1:colcon.colcon_core.environment:checking '/home/honhe/learn_ros/Chapter8/chapt8_ws/install/nav2_custom_controller/lib'
[4.317s] Level 1:colcon.colcon_core.shell:create_environment_hook('nav2_custom_controller', 'ld_library_path_lib')
[4.317s] INFO:colcon.colcon_core.shell:Creating environment hook '/home/honhe/learn_ros/Chapter8/chapt8_ws/install/nav2_custom_controller/share/nav2_custom_controller/hook/ld_library_path_lib.ps1'
[4.317s] INFO:colcon.colcon_core.shell:Creating environment descriptor '/home/honhe/learn_ros/Chapter8/chapt8_ws/install/nav2_custom_controller/share/nav2_custom_controller/hook/ld_library_path_lib.dsv'
[4.318s] INFO:colcon.colcon_core.shell:Creating environment hook '/home/honhe/learn_ros/Chapter8/chapt8_ws/install/nav2_custom_controller/share/nav2_custom_controller/hook/ld_library_path_lib.sh'
[4.318s] Level 1:colcon.colcon_core.environment:checking '/home/honhe/learn_ros/Chapter8/chapt8_ws/install/nav2_custom_controller/bin'
[4.318s] Level 1:colcon.colcon_core.environment:checking '/home/honhe/learn_ros/Chapter8/chapt8_ws/install/nav2_custom_controller/lib/pkgconfig/nav2_custom_controller.pc'
[4.318s] Level 1:colcon.colcon_core.environment:checking '/home/honhe/learn_ros/Chapter8/chapt8_ws/install/nav2_custom_controller/lib/python3.12/site-packages'
[4.318s] Level 1:colcon.colcon_core.environment:checking '/home/honhe/learn_ros/Chapter8/chapt8_ws/install/nav2_custom_controller/bin'
[4.319s] INFO:colcon.colcon_core.shell:Creating package script '/home/honhe/learn_ros/Chapter8/chapt8_ws/install/nav2_custom_controller/share/nav2_custom_controller/package.ps1'
[4.319s] INFO:colcon.colcon_core.shell:Creating package descriptor '/home/honhe/learn_ros/Chapter8/chapt8_ws/install/nav2_custom_controller/share/nav2_custom_controller/package.dsv'
[4.319s] INFO:colcon.colcon_core.shell:Creating package script '/home/honhe/learn_ros/Chapter8/chapt8_ws/install/nav2_custom_controller/share/nav2_custom_controller/package.sh'
[4.320s] INFO:colcon.colcon_core.shell:Creating package script '/home/honhe/learn_ros/Chapter8/chapt8_ws/install/nav2_custom_controller/share/nav2_custom_controller/package.bash'
[4.320s] INFO:colcon.colcon_core.shell:Creating package script '/home/honhe/learn_ros/Chapter8/chapt8_ws/install/nav2_custom_controller/share/nav2_custom_controller/package.zsh'
[4.320s] Level 1:colcon.colcon_core.environment:create_file_with_runtime_dependencies(/home/honhe/learn_ros/Chapter8/chapt8_ws/install/nav2_custom_controller/share/colcon-core/packages/nav2_custom_controller)
[4.320s] Level 1:colcon.colcon_core.environment:create_environment_scripts_only(nav2_custom_controller)
[4.320s] Level 1:colcon.colcon_core.environment:checking '/home/honhe/learn_ros/Chapter8/chapt8_ws/install/nav2_custom_controller' for CMake module files
[4.321s] Level 1:colcon.colcon_core.environment:checking '/home/honhe/learn_ros/Chapter8/chapt8_ws/install/nav2_custom_controller' for CMake config files
[4.321s] Level 1:colcon.colcon_core.shell:create_environment_hook('nav2_custom_controller', 'cmake_prefix_path')
[4.321s] INFO:colcon.colcon_core.shell:Creating environment hook '/home/honhe/learn_ros/Chapter8/chapt8_ws/install/nav2_custom_controller/share/nav2_custom_controller/hook/cmake_prefix_path.ps1'
[4.321s] INFO:colcon.colcon_core.shell:Creating environment descriptor '/home/honhe/learn_ros/Chapter8/chapt8_ws/install/nav2_custom_controller/share/nav2_custom_controller/hook/cmake_prefix_path.dsv'
[4.321s] INFO:colcon.colcon_core.shell:Creating environment hook '/home/honhe/learn_ros/Chapter8/chapt8_ws/install/nav2_custom_controller/share/nav2_custom_controller/hook/cmake_prefix_path.sh'
[4.322s] Level 1:colcon.colcon_core.environment:checking '/home/honhe/learn_ros/Chapter8/chapt8_ws/install/nav2_custom_controller/lib'
[4.322s] Level 1:colcon.colcon_core.shell:create_environment_hook('nav2_custom_controller', 'ld_library_path_lib')
[4.322s] INFO:colcon.colcon_core.shell:Creating environment hook '/home/honhe/learn_ros/Chapter8/chapt8_ws/install/nav2_custom_controller/share/nav2_custom_controller/hook/ld_library_path_lib.ps1'
[4.322s] INFO:colcon.colcon_core.shell:Creating environment descriptor '/home/honhe/learn_ros/Chapter8/chapt8_ws/install/nav2_custom_controller/share/nav2_custom_controller/hook/ld_library_path_lib.dsv'
[4.322s] INFO:colcon.colcon_core.shell:Creating environment hook '/home/honhe/learn_ros/Chapter8/chapt8_ws/install/nav2_custom_controller/share/nav2_custom_controller/hook/ld_library_path_lib.sh'
[4.323s] Level 1:colcon.colcon_core.environment:checking '/home/honhe/learn_ros/Chapter8/chapt8_ws/install/nav2_custom_controller/bin'
[4.323s] Level 1:colcon.colcon_core.environment:checking '/home/honhe/learn_ros/Chapter8/chapt8_ws/install/nav2_custom_controller/lib/pkgconfig/nav2_custom_controller.pc'
[4.323s] Level 1:colcon.colcon_core.environment:checking '/home/honhe/learn_ros/Chapter8/chapt8_ws/install/nav2_custom_controller/lib/python3.12/site-packages'
[4.323s] Level 1:colcon.colcon_core.environment:checking '/home/honhe/learn_ros/Chapter8/chapt8_ws/install/nav2_custom_controller/bin'
[4.323s] INFO:colcon.colcon_core.shell:Creating package script '/home/honhe/learn_ros/Chapter8/chapt8_ws/install/nav2_custom_controller/share/nav2_custom_controller/package.ps1'
[4.323s] INFO:colcon.colcon_core.shell:Creating package descriptor '/home/honhe/learn_ros/Chapter8/chapt8_ws/install/nav2_custom_controller/share/nav2_custom_controller/package.dsv'
[4.324s] INFO:colcon.colcon_core.shell:Creating package script '/home/honhe/learn_ros/Chapter8/chapt8_ws/install/nav2_custom_controller/share/nav2_custom_controller/package.sh'
[4.324s] INFO:colcon.colcon_core.shell:Creating package script '/home/honhe/learn_ros/Chapter8/chapt8_ws/install/nav2_custom_controller/share/nav2_custom_controller/package.bash'
[4.324s] INFO:colcon.colcon_core.shell:Creating package script '/home/honhe/learn_ros/Chapter8/chapt8_ws/install/nav2_custom_controller/share/nav2_custom_controller/package.zsh'
[4.324s] Level 1:colcon.colcon_core.environment:create_file_with_runtime_dependencies(/home/honhe/learn_ros/Chapter8/chapt8_ws/install/nav2_custom_controller/share/colcon-core/packages/nav2_custom_controller)
[4.324s] DEBUG:colcon.colcon_parallel_executor.executor.parallel:closing loop
[4.324s] DEBUG:colcon.colcon_parallel_executor.executor.parallel:loop closed
[4.324s] DEBUG:colcon.colcon_parallel_executor.executor.parallel:run_until_complete finished with '0'
[4.324s] DEBUG:colcon.colcon_core.event_reactor:joining thread
[4.336s] INFO:colcon.colcon_core.plugin_system:Skipping extension 'colcon_notification.desktop_notification.terminal_notifier': Not used on non-Darwin systems
[4.336s] INFO:colcon.colcon_core.plugin_system:Skipping extension 'colcon_notification.desktop_notification.win32': Not used on non-Windows systems
[4.336s] INFO:colcon.colcon_notification.desktop_notification:Sending desktop notification using 'notify2'
[4.349s] DEBUG:colcon.colcon_core.event_reactor:joined thread
[4.349s] INFO:colcon.colcon_core.shell:Creating prefix script '/home/honhe/learn_ros/Chapter8/chapt8_ws/install/local_setup.ps1'
[4.350s] INFO:colcon.colcon_core.shell:Creating prefix util module '/home/honhe/learn_ros/Chapter8/chapt8_ws/install/_local_setup_util_ps1.py'
[4.351s] INFO:colcon.colcon_core.shell:Creating prefix chain script '/home/honhe/learn_ros/Chapter8/chapt8_ws/install/setup.ps1'
[4.352s] INFO:colcon.colcon_core.shell:Creating prefix script '/home/honhe/learn_ros/Chapter8/chapt8_ws/install/local_setup.sh'
[4.352s] INFO:colcon.colcon_core.shell:Creating prefix util module '/home/honhe/learn_ros/Chapter8/chapt8_ws/install/_local_setup_util_sh.py'
[4.353s] INFO:colcon.colcon_core.shell:Creating prefix chain script '/home/honhe/learn_ros/Chapter8/chapt8_ws/install/setup.sh'
[4.354s] INFO:colcon.colcon_core.shell:Creating prefix script '/home/honhe/learn_ros/Chapter8/chapt8_ws/install/local_setup.bash'
[4.354s] INFO:colcon.colcon_core.shell:Creating prefix chain script '/home/honhe/learn_ros/Chapter8/chapt8_ws/install/setup.bash'
[4.355s] INFO:colcon.colcon_core.shell:Creating prefix script '/home/honhe/learn_ros/Chapter8/chapt8_ws/install/local_setup.zsh'
[4.356s] INFO:colcon.colcon_core.shell:Creating prefix chain script '/home/honhe/learn_ros/Chapter8/chapt8_ws/install/setup.zsh'
