[0.217s] Invoking command in '/home/honhe/learn_ros/Chapter8/chapt8_ws/build/fishbot_navigation2': CMAKE_PREFIX_PATH=${CMAKE_PREFIX_PATH}:/opt/ros/jazzy DEBUGINFOD_URLS=https://debuginfod.ubuntu.com /usr/bin/cmake /home/honhe/learn_ros/Chapter8/chapt8_ws/src/fishbot_navigation2 -DCMAKE_INSTALL_PREFIX=/home/honhe/learn_ros/Chapter8/chapt8_ws/install/fishbot_navigation2
[0.256s] -- The C compiler identification is GNU 13.3.0
[0.299s] -- The CXX compiler identification is GNU 13.3.0
[0.314s] -- Detecting C compiler ABI info
[0.384s] -- Detecting C compiler ABI info - done
[0.391s] -- Check for working C compiler: /usr/bin/cc - skipped
[0.391s] -- Detecting C compile features
[0.391s] -- Detecting C compile features - done
[0.400s] -- Detecting CXX compiler ABI info
[0.483s] -- Detecting CXX compiler ABI info - done
[0.489s] -- Check for working CXX compiler: /usr/bin/c++ - skipped
[0.489s] -- Detecting CXX compile features
[0.490s] -- Detecting CXX compile features - done
[0.492s] -- Found ament_cmake: 2.5.3 (/opt/ros/jazzy/share/ament_cmake/cmake)
[0.621s] -- Found Python3: /usr/bin/python3 (found version "3.12.3") found components: Interpreter 
[0.713s] -- Found ament_lint_auto: 0.17.1 (/opt/ros/jazzy/share/ament_lint_auto/cmake)
[0.808s] -- Added test 'flake8' to check Python code syntax and style conventions
[0.808s] -- Configured 'flake8' exclude dirs and/or files: 
[0.809s] -- Added test 'lint_cmake' to check CMake code style
[0.810s] -- Added test 'pep257' to check Python code against some of the docstring style conventions in PEP 257
[0.811s] -- Added test 'xmllint' to check XML markup files
[0.813s] -- Configuring done (0.6s)
[0.816s] -- Generating done (0.0s)
[0.818s] -- Build files have been written to: /home/honhe/learn_ros/Chapter8/chapt8_ws/build/fishbot_navigation2
[0.824s] Invoked command in '/home/honhe/learn_ros/Chapter8/chapt8_ws/build/fishbot_navigation2' returned '0': CMAKE_PREFIX_PATH=${CMAKE_PREFIX_PATH}:/opt/ros/jazzy DEBUGINFOD_URLS=https://debuginfod.ubuntu.com /usr/bin/cmake /home/honhe/learn_ros/Chapter8/chapt8_ws/src/fishbot_navigation2 -DCMAKE_INSTALL_PREFIX=/home/honhe/learn_ros/Chapter8/chapt8_ws/install/fishbot_navigation2
[0.824s] Invoking command in '/home/honhe/learn_ros/Chapter8/chapt8_ws/build/fishbot_navigation2': CMAKE_PREFIX_PATH=${CMAKE_PREFIX_PATH}:/opt/ros/jazzy DEBUGINFOD_URLS=https://debuginfod.ubuntu.com /usr/bin/cmake --build /home/honhe/learn_ros/Chapter8/chapt8_ws/build/fishbot_navigation2 -- -j32 -l32
[0.872s] Invoked command in '/home/honhe/learn_ros/Chapter8/chapt8_ws/build/fishbot_navigation2' returned '0': CMAKE_PREFIX_PATH=${CMAKE_PREFIX_PATH}:/opt/ros/jazzy DEBUGINFOD_URLS=https://debuginfod.ubuntu.com /usr/bin/cmake --build /home/honhe/learn_ros/Chapter8/chapt8_ws/build/fishbot_navigation2 -- -j32 -l32
[0.873s] Invoking command in '/home/honhe/learn_ros/Chapter8/chapt8_ws/build/fishbot_navigation2': CMAKE_PREFIX_PATH=${CMAKE_PREFIX_PATH}:/opt/ros/jazzy DEBUGINFOD_URLS=https://debuginfod.ubuntu.com /usr/bin/cmake --install /home/honhe/learn_ros/Chapter8/chapt8_ws/build/fishbot_navigation2
[0.880s] -- Install configuration: ""
[0.880s] -- Installing: /home/honhe/learn_ros/Chapter8/chapt8_ws/install/fishbot_navigation2/share/fishbot_navigation2//launch
[0.880s] -- Installing: /home/honhe/learn_ros/Chapter8/chapt8_ws/install/fishbot_navigation2/share/fishbot_navigation2//launch/navigation2.launch.py
[0.880s] -- Installing: /home/honhe/learn_ros/Chapter8/chapt8_ws/install/fishbot_navigation2/share/fishbot_navigation2//config
[0.880s] -- Installing: /home/honhe/learn_ros/Chapter8/chapt8_ws/install/fishbot_navigation2/share/fishbot_navigation2//config/nav2_params.yaml
[0.880s] -- Installing: /home/honhe/learn_ros/Chapter8/chapt8_ws/install/fishbot_navigation2/share/fishbot_navigation2//maps
[0.881s] -- Installing: /home/honhe/learn_ros/Chapter8/chapt8_ws/install/fishbot_navigation2/share/fishbot_navigation2//maps/room.yaml
[0.881s] -- Installing: /home/honhe/learn_ros/Chapter8/chapt8_ws/install/fishbot_navigation2/share/fishbot_navigation2//maps/room.pgm
[0.881s] -- Installing: /home/honhe/learn_ros/Chapter8/chapt8_ws/install/fishbot_navigation2/share/ament_index/resource_index/package_run_dependencies/fishbot_navigation2
[0.881s] -- Installing: /home/honhe/learn_ros/Chapter8/chapt8_ws/install/fishbot_navigation2/share/ament_index/resource_index/parent_prefix_path/fishbot_navigation2
[0.881s] -- Installing: /home/honhe/learn_ros/Chapter8/chapt8_ws/install/fishbot_navigation2/share/fishbot_navigation2/environment/ament_prefix_path.sh
[0.881s] -- Installing: /home/honhe/learn_ros/Chapter8/chapt8_ws/install/fishbot_navigation2/share/fishbot_navigation2/environment/ament_prefix_path.dsv
[0.881s] -- Installing: /home/honhe/learn_ros/Chapter8/chapt8_ws/install/fishbot_navigation2/share/fishbot_navigation2/environment/path.sh
[0.881s] -- Installing: /home/honhe/learn_ros/Chapter8/chapt8_ws/install/fishbot_navigation2/share/fishbot_navigation2/environment/path.dsv
[0.881s] -- Installing: /home/honhe/learn_ros/Chapter8/chapt8_ws/install/fishbot_navigation2/share/fishbot_navigation2/local_setup.bash
[0.881s] -- Installing: /home/honhe/learn_ros/Chapter8/chapt8_ws/install/fishbot_navigation2/share/fishbot_navigation2/local_setup.sh
[0.881s] -- Installing: /home/honhe/learn_ros/Chapter8/chapt8_ws/install/fishbot_navigation2/share/fishbot_navigation2/local_setup.zsh
[0.882s] -- Installing: /home/honhe/learn_ros/Chapter8/chapt8_ws/install/fishbot_navigation2/share/fishbot_navigation2/local_setup.dsv
[0.882s] -- Installing: /home/honhe/learn_ros/Chapter8/chapt8_ws/install/fishbot_navigation2/share/fishbot_navigation2/package.dsv
[0.882s] -- Installing: /home/honhe/learn_ros/Chapter8/chapt8_ws/install/fishbot_navigation2/share/ament_index/resource_index/packages/fishbot_navigation2
[0.882s] -- Installing: /home/honhe/learn_ros/Chapter8/chapt8_ws/install/fishbot_navigation2/share/fishbot_navigation2/cmake/fishbot_navigation2Config.cmake
[0.882s] -- Installing: /home/honhe/learn_ros/Chapter8/chapt8_ws/install/fishbot_navigation2/share/fishbot_navigation2/cmake/fishbot_navigation2Config-version.cmake
[0.882s] -- Installing: /home/honhe/learn_ros/Chapter8/chapt8_ws/install/fishbot_navigation2/share/fishbot_navigation2/package.xml
[0.893s] Invoked command in '/home/honhe/learn_ros/Chapter8/chapt8_ws/build/fishbot_navigation2' returned '0': CMAKE_PREFIX_PATH=${CMAKE_PREFIX_PATH}:/opt/ros/jazzy DEBUGINFOD_URLS=https://debuginfod.ubuntu.com /usr/bin/cmake --install /home/honhe/learn_ros/Chapter8/chapt8_ws/build/fishbot_navigation2
