-- Found ament_cmake: 2.5.3 (/opt/ros/jazzy/share/ament_cmake/cmake)
-- Found pluginlib: 5.4.2 (/opt/ros/jazzy/share/pluginlib/cmake)
-- Found TinyXML2 via Config file: /usr/lib/x86_64-linux-gnu/cmake/tinyxml2
-- Found ament_lint_auto: 0.17.1 (/opt/ros/jazzy/share/ament_lint_auto/cmake)
-- Added test 'cppcheck' to perform static code analysis on C / C++ code
-- Configured cppcheck include dirs: /home/honhe/learn_ros/Chapter8/learn_pluginlib/src/motion_control_system/include
-- Configured cppcheck exclude dirs and/or files: 
-- Added test 'lint_cmake' to check CMake code style
-- Added test 'uncrustify' to check C / C++ code style
-- Configured uncrustify additional arguments: 
-- Added test 'xmllint' to check XML markup files
-- Configuring done (0.3s)
-- Generating done (0.0s)
-- Build files have been written to: /home/honhe/learn_ros/Chapter8/learn_pluginlib/build/motion_control_system
[ 25%] [32mBuilding CXX object CMakeFiles/test_plugin.dir/src/test_plugin.cpp.o[0m
[ 75%] Built target spin_motion_controller
[100%] [32m[1mLinking CXX executable test_plugin[0m
[100%] Built target test_plugin
-- Install configuration: ""
-- Installing: /home/honhe/learn_ros/Chapter8/learn_pluginlib/install/motion_control_system/lib/motion_control_system/test_plugin
-- Set non-toolchain portion of runtime path of "/home/honhe/learn_ros/Chapter8/learn_pluginlib/install/motion_control_system/lib/motion_control_system/test_plugin" to ""
-- Up-to-date: /home/honhe/learn_ros/Chapter8/learn_pluginlib/install/motion_control_system/lib/libspin_motion_controller.so
-- Up-to-date: /home/honhe/learn_ros/Chapter8/learn_pluginlib/install/motion_control_system/include/
-- Up-to-date: /home/honhe/learn_ros/Chapter8/learn_pluginlib/install/motion_control_system/include//motion_control_system
-- Up-to-date: /home/honhe/learn_ros/Chapter8/learn_pluginlib/install/motion_control_system/include//motion_control_system/spin_motion_controller.hpp
-- Up-to-date: /home/honhe/learn_ros/Chapter8/learn_pluginlib/install/motion_control_system/include//motion_control_system/motion_control_interface.hpp
-- Up-to-date: /home/honhe/learn_ros/Chapter8/learn_pluginlib/install/motion_control_system/share/motion_control_system/spin_motion_plugins.xml
-- Up-to-date: /home/honhe/learn_ros/Chapter8/learn_pluginlib/install/motion_control_system/share/ament_index/resource_index/package_run_dependencies/motion_control_system
-- Up-to-date: /home/honhe/learn_ros/Chapter8/learn_pluginlib/install/motion_control_system/share/ament_index/resource_index/parent_prefix_path/motion_control_system
-- Up-to-date: /home/honhe/learn_ros/Chapter8/learn_pluginlib/install/motion_control_system/share/motion_control_system/environment/ament_prefix_path.sh
-- Up-to-date: /home/honhe/learn_ros/Chapter8/learn_pluginlib/install/motion_control_system/share/motion_control_system/environment/ament_prefix_path.dsv
-- Up-to-date: /home/honhe/learn_ros/Chapter8/learn_pluginlib/install/motion_control_system/share/motion_control_system/environment/path.sh
-- Up-to-date: /home/honhe/learn_ros/Chapter8/learn_pluginlib/install/motion_control_system/share/motion_control_system/environment/path.dsv
-- Up-to-date: /home/honhe/learn_ros/Chapter8/learn_pluginlib/install/motion_control_system/share/motion_control_system/local_setup.bash
-- Up-to-date: /home/honhe/learn_ros/Chapter8/learn_pluginlib/install/motion_control_system/share/motion_control_system/local_setup.sh
-- Up-to-date: /home/honhe/learn_ros/Chapter8/learn_pluginlib/install/motion_control_system/share/motion_control_system/local_setup.zsh
-- Up-to-date: /home/honhe/learn_ros/Chapter8/learn_pluginlib/install/motion_control_system/share/motion_control_system/local_setup.dsv
-- Up-to-date: /home/honhe/learn_ros/Chapter8/learn_pluginlib/install/motion_control_system/share/motion_control_system/package.dsv
-- Up-to-date: /home/honhe/learn_ros/Chapter8/learn_pluginlib/install/motion_control_system/share/ament_index/resource_index/packages/motion_control_system
-- Up-to-date: /home/honhe/learn_ros/Chapter8/learn_pluginlib/install/motion_control_system/share/ament_index/resource_index/motion_control_system__pluginlib__plugin/motion_control_system
-- Up-to-date: /home/honhe/learn_ros/Chapter8/learn_pluginlib/install/motion_control_system/share/motion_control_system/cmake/motion_control_systemConfig.cmake
-- Up-to-date: /home/honhe/learn_ros/Chapter8/learn_pluginlib/install/motion_control_system/share/motion_control_system/cmake/motion_control_systemConfig-version.cmake
-- Up-to-date: /home/honhe/learn_ros/Chapter8/learn_pluginlib/install/motion_control_system/share/motion_control_system/package.xml
