[0.007s] Invoking command in '/home/honhe/learn_ros/Chapter4/Chapter4_ws/build/demo_cpp_service': CMAKE_PREFIX_PATH=/home/honhe/learn_ros/Chapter4/Chapter4_ws/install/chapt4_interfaces:/home/honhe/learn_ros/Chapter4/Chapter4_ws/install/demo_cpp_service:/opt/ros/jazzy/opt/gz_math_vendor:/opt/ros/jazzy/opt/gz_utils_vendor:/opt/ros/jazzy/opt/gz_cmake_vendor:/home/honhe/learn_ros/Chapter4/Chapter4_ws/install/demo_python_service:/opt/ros/jazzy DEBUGINFOD_URLS=https://debuginfod.ubuntu.com PYTHONPATH=/home/honhe/learn_ros/Chapter4/Chapter4_ws/install/chapt4_interfaces/lib/python3.12/site-packages:/home/honhe/learn_ros/Chapter4/Chapter4_ws/install/demo_python_service/lib/python3.12/site-packages:/opt/ros/jazzy/lib/python3.12/site-packages VIRTUAL_ENV_PROMPT=(learn_ros_venv) /usr/bin/cmake --build /home/honhe/learn_ros/Chapter4/Chapter4_ws/build/demo_cpp_service -- -j32 -l32
[0.046s] [ 50%] Built target patrol_client
[0.046s] [100%] Built target turtle_control
[0.122s] Invoked command in '/home/honhe/learn_ros/Chapter4/Chapter4_ws/build/demo_cpp_service' returned '0': CMAKE_PREFIX_PATH=/home/honhe/learn_ros/Chapter4/Chapter4_ws/install/chapt4_interfaces:/home/honhe/learn_ros/Chapter4/Chapter4_ws/install/demo_cpp_service:/opt/ros/jazzy/opt/gz_math_vendor:/opt/ros/jazzy/opt/gz_utils_vendor:/opt/ros/jazzy/opt/gz_cmake_vendor:/home/honhe/learn_ros/Chapter4/Chapter4_ws/install/demo_python_service:/opt/ros/jazzy DEBUGINFOD_URLS=https://debuginfod.ubuntu.com PYTHONPATH=/home/honhe/learn_ros/Chapter4/Chapter4_ws/install/chapt4_interfaces/lib/python3.12/site-packages:/home/honhe/learn_ros/Chapter4/Chapter4_ws/install/demo_python_service/lib/python3.12/site-packages:/opt/ros/jazzy/lib/python3.12/site-packages VIRTUAL_ENV_PROMPT=(learn_ros_venv) /usr/bin/cmake --build /home/honhe/learn_ros/Chapter4/Chapter4_ws/build/demo_cpp_service -- -j32 -l32
[0.123s] Invoking command in '/home/honhe/learn_ros/Chapter4/Chapter4_ws/build/demo_cpp_service': CMAKE_PREFIX_PATH=/home/honhe/learn_ros/Chapter4/Chapter4_ws/install/chapt4_interfaces:/home/honhe/learn_ros/Chapter4/Chapter4_ws/install/demo_cpp_service:/opt/ros/jazzy/opt/gz_math_vendor:/opt/ros/jazzy/opt/gz_utils_vendor:/opt/ros/jazzy/opt/gz_cmake_vendor:/home/honhe/learn_ros/Chapter4/Chapter4_ws/install/demo_python_service:/opt/ros/jazzy DEBUGINFOD_URLS=https://debuginfod.ubuntu.com PYTHONPATH=/home/honhe/learn_ros/Chapter4/Chapter4_ws/install/chapt4_interfaces/lib/python3.12/site-packages:/home/honhe/learn_ros/Chapter4/Chapter4_ws/install/demo_python_service/lib/python3.12/site-packages:/opt/ros/jazzy/lib/python3.12/site-packages VIRTUAL_ENV_PROMPT=(learn_ros_venv) /usr/bin/cmake --install /home/honhe/learn_ros/Chapter4/Chapter4_ws/build/demo_cpp_service
[0.128s] -- Install configuration: ""
[0.128s] -- Up-to-date: /home/honhe/learn_ros/Chapter4/Chapter4_ws/install/demo_cpp_service/lib/demo_cpp_service/turtle_control
[0.128s] -- Up-to-date: /home/honhe/learn_ros/Chapter4/Chapter4_ws/install/demo_cpp_service/lib/demo_cpp_service/patrol_client
[0.128s] -- Up-to-date: /home/honhe/learn_ros/Chapter4/Chapter4_ws/install/demo_cpp_service/share/demo_cpp_service/launch
[0.128s] -- Installing: /home/honhe/learn_ros/Chapter4/Chapter4_ws/install/demo_cpp_service/share/demo_cpp_service/launch/demo.launch.py
[0.128s] -- Up-to-date: /home/honhe/learn_ros/Chapter4/Chapter4_ws/install/demo_cpp_service/share/ament_index/resource_index/package_run_dependencies/demo_cpp_service
[0.128s] -- Up-to-date: /home/honhe/learn_ros/Chapter4/Chapter4_ws/install/demo_cpp_service/share/ament_index/resource_index/parent_prefix_path/demo_cpp_service
[0.128s] -- Up-to-date: /home/honhe/learn_ros/Chapter4/Chapter4_ws/install/demo_cpp_service/share/demo_cpp_service/environment/ament_prefix_path.sh
[0.128s] -- Up-to-date: /home/honhe/learn_ros/Chapter4/Chapter4_ws/install/demo_cpp_service/share/demo_cpp_service/environment/ament_prefix_path.dsv
[0.128s] -- Up-to-date: /home/honhe/learn_ros/Chapter4/Chapter4_ws/install/demo_cpp_service/share/demo_cpp_service/environment/path.sh
[0.128s] -- Up-to-date: /home/honhe/learn_ros/Chapter4/Chapter4_ws/install/demo_cpp_service/share/demo_cpp_service/environment/path.dsv
[0.128s] -- Up-to-date: /home/honhe/learn_ros/Chapter4/Chapter4_ws/install/demo_cpp_service/share/demo_cpp_service/local_setup.bash
[0.128s] -- Up-to-date: /home/honhe/learn_ros/Chapter4/Chapter4_ws/install/demo_cpp_service/share/demo_cpp_service/local_setup.sh
[0.128s] -- Up-to-date: /home/honhe/learn_ros/Chapter4/Chapter4_ws/install/demo_cpp_service/share/demo_cpp_service/local_setup.zsh
[0.128s] -- Up-to-date: /home/honhe/learn_ros/Chapter4/Chapter4_ws/install/demo_cpp_service/share/demo_cpp_service/local_setup.dsv
[0.128s] -- Installing: /home/honhe/learn_ros/Chapter4/Chapter4_ws/install/demo_cpp_service/share/demo_cpp_service/package.dsv
[0.128s] -- Up-to-date: /home/honhe/learn_ros/Chapter4/Chapter4_ws/install/demo_cpp_service/share/ament_index/resource_index/packages/demo_cpp_service
[0.128s] -- Up-to-date: /home/honhe/learn_ros/Chapter4/Chapter4_ws/install/demo_cpp_service/share/demo_cpp_service/cmake/demo_cpp_serviceConfig.cmake
[0.128s] -- Up-to-date: /home/honhe/learn_ros/Chapter4/Chapter4_ws/install/demo_cpp_service/share/demo_cpp_service/cmake/demo_cpp_serviceConfig-version.cmake
[0.128s] -- Up-to-date: /home/honhe/learn_ros/Chapter4/Chapter4_ws/install/demo_cpp_service/share/demo_cpp_service/package.xml
[0.130s] Invoked command in '/home/honhe/learn_ros/Chapter4/Chapter4_ws/build/demo_cpp_service' returned '0': CMAKE_PREFIX_PATH=/home/honhe/learn_ros/Chapter4/Chapter4_ws/install/chapt4_interfaces:/home/honhe/learn_ros/Chapter4/Chapter4_ws/install/demo_cpp_service:/opt/ros/jazzy/opt/gz_math_vendor:/opt/ros/jazzy/opt/gz_utils_vendor:/opt/ros/jazzy/opt/gz_cmake_vendor:/home/honhe/learn_ros/Chapter4/Chapter4_ws/install/demo_python_service:/opt/ros/jazzy DEBUGINFOD_URLS=https://debuginfod.ubuntu.com PYTHONPATH=/home/honhe/learn_ros/Chapter4/Chapter4_ws/install/chapt4_interfaces/lib/python3.12/site-packages:/home/honhe/learn_ros/Chapter4/Chapter4_ws/install/demo_python_service/lib/python3.12/site-packages:/opt/ros/jazzy/lib/python3.12/site-packages VIRTUAL_ENV_PROMPT=(learn_ros_venv) /usr/bin/cmake --install /home/honhe/learn_ros/Chapter4/Chapter4_ws/build/demo_cpp_service
