[0.235s] Invoking command in '/home/honhe/learn_ros/Chapter8/chapt8_ws/build/nav2_custom_controller': CMAKE_PREFIX_PATH=${CMAKE_PREFIX_PATH}:/home/honhe/learn_ros/Chapter8/chapt8_ws/install/fishbot_application:/home/honhe/learn_ros/Chapter8/chapt8_ws/install/autopatrol_robot:/opt/ros/jazzy DEBUGINFOD_URLS=https://debuginfod.ubuntu.com /usr/bin/cmake --build /home/honhe/learn_ros/Chapter8/chapt8_ws/build/nav2_custom_controller -- -j32 -l32
[0.280s] [100%] Built target nav2_custom_controller_plugin
[0.315s] Invoked command in '/home/honhe/learn_ros/Chapter8/chapt8_ws/build/nav2_custom_controller' returned '0': CMAKE_PREFIX_PATH=${CMAKE_PREFIX_PATH}:/home/honhe/learn_ros/Chapter8/chapt8_ws/install/fishbot_application:/home/honhe/learn_ros/Chapter8/chapt8_ws/install/autopatrol_robot:/opt/ros/jazzy DEBUGINFOD_URLS=https://debuginfod.ubuntu.com /usr/bin/cmake --build /home/honhe/learn_ros/Chapter8/chapt8_ws/build/nav2_custom_controller -- -j32 -l32
[0.315s] Invoking command in '/home/honhe/learn_ros/Chapter8/chapt8_ws/build/nav2_custom_controller': CMAKE_PREFIX_PATH=${CMAKE_PREFIX_PATH}:/home/honhe/learn_ros/Chapter8/chapt8_ws/install/fishbot_application:/home/honhe/learn_ros/Chapter8/chapt8_ws/install/autopatrol_robot:/opt/ros/jazzy DEBUGINFOD_URLS=https://debuginfod.ubuntu.com /usr/bin/cmake --install /home/honhe/learn_ros/Chapter8/chapt8_ws/build/nav2_custom_controller
[0.320s] -- Install configuration: ""
[0.321s] -- Up-to-date: /home/honhe/learn_ros/Chapter8/chapt8_ws/install/nav2_custom_controller/lib/libnav2_custom_controller_plugin.so
[0.321s] -- Up-to-date: /home/honhe/learn_ros/Chapter8/chapt8_ws/install/nav2_custom_controller/include/
[0.321s] -- Up-to-date: /home/honhe/learn_ros/Chapter8/chapt8_ws/install/nav2_custom_controller/include//nav2_custom_controller
[0.321s] -- Up-to-date: /home/honhe/learn_ros/Chapter8/chapt8_ws/install/nav2_custom_controller/include//nav2_custom_controller/custom_controller.hpp
[0.321s] -- Installing: /home/honhe/learn_ros/Chapter8/chapt8_ws/install/nav2_custom_controller/share/nav2_custom_controller/nav2_custom_controller.xml
[0.321s] -- Up-to-date: /home/honhe/learn_ros/Chapter8/chapt8_ws/install/nav2_custom_controller/share/ament_index/resource_index/package_run_dependencies/nav2_custom_controller
[0.321s] -- Up-to-date: /home/honhe/learn_ros/Chapter8/chapt8_ws/install/nav2_custom_controller/share/ament_index/resource_index/parent_prefix_path/nav2_custom_controller
[0.321s] -- Up-to-date: /home/honhe/learn_ros/Chapter8/chapt8_ws/install/nav2_custom_controller/share/nav2_custom_controller/environment/ament_prefix_path.sh
[0.321s] -- Up-to-date: /home/honhe/learn_ros/Chapter8/chapt8_ws/install/nav2_custom_controller/share/nav2_custom_controller/environment/ament_prefix_path.dsv
[0.321s] -- Up-to-date: /home/honhe/learn_ros/Chapter8/chapt8_ws/install/nav2_custom_controller/share/nav2_custom_controller/environment/path.sh
[0.321s] -- Up-to-date: /home/honhe/learn_ros/Chapter8/chapt8_ws/install/nav2_custom_controller/share/nav2_custom_controller/environment/path.dsv
[0.321s] -- Up-to-date: /home/honhe/learn_ros/Chapter8/chapt8_ws/install/nav2_custom_controller/share/nav2_custom_controller/local_setup.bash
[0.321s] -- Up-to-date: /home/honhe/learn_ros/Chapter8/chapt8_ws/install/nav2_custom_controller/share/nav2_custom_controller/local_setup.sh
[0.321s] -- Up-to-date: /home/honhe/learn_ros/Chapter8/chapt8_ws/install/nav2_custom_controller/share/nav2_custom_controller/local_setup.zsh
[0.321s] -- Up-to-date: /home/honhe/learn_ros/Chapter8/chapt8_ws/install/nav2_custom_controller/share/nav2_custom_controller/local_setup.dsv
[0.321s] -- Installing: /home/honhe/learn_ros/Chapter8/chapt8_ws/install/nav2_custom_controller/share/nav2_custom_controller/package.dsv
[0.321s] -- Up-to-date: /home/honhe/learn_ros/Chapter8/chapt8_ws/install/nav2_custom_controller/share/ament_index/resource_index/packages/nav2_custom_controller
[0.321s] -- Up-to-date: /home/honhe/learn_ros/Chapter8/chapt8_ws/install/nav2_custom_controller/share/ament_index/resource_index/nav2_core__pluginlib__plugin/nav2_custom_controller
[0.321s] -- Up-to-date: /home/honhe/learn_ros/Chapter8/chapt8_ws/install/nav2_custom_controller/share/nav2_custom_controller/cmake/nav2_custom_controllerConfig.cmake
[0.321s] -- Up-to-date: /home/honhe/learn_ros/Chapter8/chapt8_ws/install/nav2_custom_controller/share/nav2_custom_controller/cmake/nav2_custom_controllerConfig-version.cmake
[0.321s] -- Up-to-date: /home/honhe/learn_ros/Chapter8/chapt8_ws/install/nav2_custom_controller/share/nav2_custom_controller/package.xml
[0.324s] Invoked command in '/home/honhe/learn_ros/Chapter8/chapt8_ws/build/nav2_custom_controller' returned '0': CMAKE_PREFIX_PATH=${CMAKE_PREFIX_PATH}:/home/honhe/learn_ros/Chapter8/chapt8_ws/install/fishbot_application:/home/honhe/learn_ros/Chapter8/chapt8_ws/install/autopatrol_robot:/opt/ros/jazzy DEBUGINFOD_URLS=https://debuginfod.ubuntu.com /usr/bin/cmake --install /home/honhe/learn_ros/Chapter8/chapt8_ws/build/nav2_custom_controller
