[0.770s] Invoking command in '/home/honhe/learn_ros/Chapter7/chapt7_ws/src/fishbot_application': DEBUGINFOD_URLS=https://debuginfod.ubuntu.com PYTHONPATH=/home/honhe/learn_ros/Chapter7/chapt7_ws/build/fishbot_application/prefix_override:/usr/lib/python3/dist-packages/colcon_core/task/python/colcon_distutils_commands:/home/honhe/learn_ros/Chapter7/chapt7_ws/install/fishbot_application/lib/python3.12/site-packages:${PYTHONPATH} VIRTUAL_ENV_PROMPT=(learn_ros_venv) /usr/bin/python3 -W ignore:setup.py install is deprecated -W ignore:easy_install command is deprecated setup.py egg_info --egg-base ../../build/fishbot_application build --build-base /home/honhe/learn_ros/Chapter7/chapt7_ws/build/fishbot_application/build install --record /home/honhe/learn_ros/Chapter7/chapt7_ws/build/fishbot_application/install.log --single-version-externally-managed install_data
[0.955s] running egg_info
[0.970s] writing ../../build/fishbot_application/fishbot_application.egg-info/PKG-INFO
[0.970s] writing dependency_links to ../../build/fishbot_application/fishbot_application.egg-info/dependency_links.txt
[0.970s] writing entry points to ../../build/fishbot_application/fishbot_application.egg-info/entry_points.txt
[0.970s] writing requirements to ../../build/fishbot_application/fishbot_application.egg-info/requires.txt
[0.970s] writing top-level names to ../../build/fishbot_application/fishbot_application.egg-info/top_level.txt
[0.995s] reading manifest file '../../build/fishbot_application/fishbot_application.egg-info/SOURCES.txt'
[0.995s] adding license file 'LICENSE'
[0.995s] writing manifest file '../../build/fishbot_application/fishbot_application.egg-info/SOURCES.txt'
[0.996s] running build
[0.996s] running build_py
[0.996s] running install
[1.000s] running install_lib
[1.011s] running install_data
[1.011s] running install_egg_info
[1.023s] removing '/home/honhe/learn_ros/Chapter7/chapt7_ws/install/fishbot_application/lib/python3.12/site-packages/fishbot_application-0.0.0-py3.12.egg-info' (and everything under it)
[1.023s] Copying ../../build/fishbot_application/fishbot_application.egg-info to /home/honhe/learn_ros/Chapter7/chapt7_ws/install/fishbot_application/lib/python3.12/site-packages/fishbot_application-0.0.0-py3.12.egg-info
[1.023s] running install_scripts
[1.101s] Installing fishbot_get_pose script to /home/honhe/learn_ros/Chapter7/chapt7_ws/install/fishbot_application/lib/fishbot_application
[1.101s] Installing fishbot_init_pose script to /home/honhe/learn_ros/Chapter7/chapt7_ws/install/fishbot_application/lib/fishbot_application
[1.101s] Installing nav_to_pose script to /home/honhe/learn_ros/Chapter7/chapt7_ws/install/fishbot_application/lib/fishbot_application
[1.101s] Installing waypoint_follower script to /home/honhe/learn_ros/Chapter7/chapt7_ws/install/fishbot_application/lib/fishbot_application
[1.101s] writing list of installed files to '/home/honhe/learn_ros/Chapter7/chapt7_ws/build/fishbot_application/install.log'
[1.122s] Invoked command in '/home/honhe/learn_ros/Chapter7/chapt7_ws/src/fishbot_application' returned '0': DEBUGINFOD_URLS=https://debuginfod.ubuntu.com PYTHONPATH=/home/honhe/learn_ros/Chapter7/chapt7_ws/build/fishbot_application/prefix_override:/usr/lib/python3/dist-packages/colcon_core/task/python/colcon_distutils_commands:/home/honhe/learn_ros/Chapter7/chapt7_ws/install/fishbot_application/lib/python3.12/site-packages:${PYTHONPATH} VIRTUAL_ENV_PROMPT=(learn_ros_venv) /usr/bin/python3 -W ignore:setup.py install is deprecated -W ignore:easy_install command is deprecated setup.py egg_info --egg-base ../../build/fishbot_application build --build-base /home/honhe/learn_ros/Chapter7/chapt7_ws/build/fishbot_application/build install --record /home/honhe/learn_ros/Chapter7/chapt7_ws/build/fishbot_application/install.log --single-version-externally-managed install_data
