[0.005s] Invoking command in '/home/honhe/learn_ros/Chapter4/Chapter4_ws/build/chapt4_interfaces': CMAKE_PREFIX_PATH=${CMAKE_PREFIX_PATH}:/opt/ros/jazzy DEBUGINFOD_URLS=https://debuginfod.ubuntu.com /usr/bin/cmake /home/honhe/learn_ros/Chapter4/Chapter4_ws/src/chapt4_interfaces -DCMAKE_INSTALL_PREFIX=/home/honhe/learn_ros/Chapter4/Chapter4_ws/install/chapt4_interfaces
[0.013s] -- Found ament_cmake: 2.5.3 (/opt/ros/jazzy/share/ament_cmake/cmake)
[0.141s] -- Found sensor_msgs: 5.3.5 (/opt/ros/jazzy/share/sensor_msgs/cmake)
[0.153s] -- Found rosidl_generator_c: 4.6.5 (/opt/ros/jazzy/share/rosidl_generator_c/cmake)
[0.157s] -- Found rosidl_generator_cpp: 4.6.5 (/opt/ros/jazzy/share/rosidl_generator_cpp/cmake)
[0.163s] -- Using all available rosidl_typesupport_c: rosidl_typesupport_fastrtps_c;rosidl_typesupport_introspection_c
[0.169s] -- Using all available rosidl_typesupport_cpp: rosidl_typesupport_fastrtps_cpp;rosidl_typesupport_introspection_cpp
[0.205s] -- Found rosidl_default_generators: 1.6.0 (/opt/ros/jazzy/share/rosidl_default_generators/cmake)
[0.209s] -- Found rosidl_adapter: 4.6.5 (/opt/ros/jazzy/share/rosidl_adapter/cmake)
[0.697s] -- Found ament_cmake_ros: 0.12.0 (/opt/ros/jazzy/share/ament_cmake_ros/cmake)
[1.368s] -- Using all available rosidl_typesupport_c: rosidl_typesupport_fastrtps_c;rosidl_typesupport_introspection_c
[1.628s] -- Using all available rosidl_typesupport_cpp: rosidl_typesupport_fastrtps_cpp;rosidl_typesupport_introspection_cpp
[1.631s] -- Found python_cmake_module: 0.11.1 (/opt/ros/jazzy/share/python_cmake_module/cmake)
[1.764s] -- Found PythonExtra: /usr/bin/python3  
[2.204s] -- Found Python3: /usr/bin/python3 (found version "3.12.3") found components: Interpreter Development NumPy Development.Module Development.Embed 
[2.247s] -- Found ament_lint_auto: 0.17.1 (/opt/ros/jazzy/share/ament_lint_auto/cmake)
[2.252s] -- Added test 'lint_cmake' to check CMake code style
[2.253s] -- Added test 'xmllint' to check XML markup files
[2.254s] -- Configuring done (2.2s)
[2.272s] -- Generating done (0.0s)
[2.277s] -- Build files have been written to: /home/honhe/learn_ros/Chapter4/Chapter4_ws/build/chapt4_interfaces
[2.283s] Invoked command in '/home/honhe/learn_ros/Chapter4/Chapter4_ws/build/chapt4_interfaces' returned '0': CMAKE_PREFIX_PATH=${CMAKE_PREFIX_PATH}:/opt/ros/jazzy DEBUGINFOD_URLS=https://debuginfod.ubuntu.com /usr/bin/cmake /home/honhe/learn_ros/Chapter4/Chapter4_ws/src/chapt4_interfaces -DCMAKE_INSTALL_PREFIX=/home/honhe/learn_ros/Chapter4/Chapter4_ws/install/chapt4_interfaces
[2.283s] Invoking command in '/home/honhe/learn_ros/Chapter4/Chapter4_ws/build/chapt4_interfaces': CMAKE_PREFIX_PATH=${CMAKE_PREFIX_PATH}:/opt/ros/jazzy DEBUGINFOD_URLS=https://debuginfod.ubuntu.com /usr/bin/cmake --build /home/honhe/learn_ros/Chapter4/Chapter4_ws/build/chapt4_interfaces -- -j32 -l32
[2.337s] [  2%] [34m[1mGenerating type hashes for ROS interfaces[0m
[2.351s] [  2%] Built target ament_cmake_python_copy_chapt4_interfaces
[2.454s] running egg_info
[2.454s] creating chapt4_interfaces.egg-info
[2.454s] [  2%] Built target chapt4_interfaces__rosidl_generator_type_description
[2.462s] writing chapt4_interfaces.egg-info/PKG-INFO
[2.462s] writing dependency_links to chapt4_interfaces.egg-info/dependency_links.txt
[2.462s] writing top-level names to chapt4_interfaces.egg-info/top_level.txt
[2.462s] writing manifest file 'chapt4_interfaces.egg-info/SOURCES.txt'
[2.462s] [  5%] [34m[1mGenerating C code for ROS interfaces[0m
[2.469s] [  8%] [34m[1mGenerating C++ code for ROS interfaces[0m
[2.488s] reading manifest file 'chapt4_interfaces.egg-info/SOURCES.txt'
[2.488s] writing manifest file 'chapt4_interfaces.egg-info/SOURCES.txt'
[2.505s] [  8%] Built target ament_cmake_python_build_chapt4_interfaces_egg
[2.626s] [  8%] Built target chapt4_interfaces__cpp
[2.630s] [ 11%] [32mBuilding C object CMakeFiles/chapt4_interfaces__rosidl_generator_c.dir/rosidl_generator_c/chapt4_interfaces/srv/detail/face_detector__description.c.o[0m
[2.630s] [ 14%] [32mBuilding C object CMakeFiles/chapt4_interfaces__rosidl_generator_c.dir/rosidl_generator_c/chapt4_interfaces/srv/detail/face_detector__functions.c.o[0m
[2.630s] [ 17%] [32mBuilding C object CMakeFiles/chapt4_interfaces__rosidl_generator_c.dir/rosidl_generator_c/chapt4_interfaces/srv/detail/face_detector__type_support.c.o[0m
[2.680s] [ 20%] [32m[1mLinking C shared library libchapt4_interfaces__rosidl_generator_c.so[0m
[2.710s] [ 20%] Built target chapt4_interfaces__rosidl_generator_c
[2.723s] [ 23%] [34m[1mGenerating C++ introspection for ROS interfaces[0m
[2.723s] [ 26%] [34m[1mGenerating C introspection for ROS interfaces[0m
[2.723s] [ 29%] [34m[1mGenerating C type support for eProsima Fast-RTPS[0m
[2.723s] [ 32%] [34m[1mGenerating C++ type support dispatch for ROS interfaces[0m
[2.723s] [ 35%] [34m[1mGenerating C++ type support for eProsima Fast-RTPS[0m
[2.724s] [ 38%] [34m[1mGenerating C type support dispatch for ROS interfaces[0m
[2.885s] [ 41%] [32mBuilding CXX object CMakeFiles/chapt4_interfaces__rosidl_typesupport_cpp.dir/rosidl_typesupport_cpp/chapt4_interfaces/srv/face_detector__type_support.cpp.o[0m
[2.886s] [ 44%] [32mBuilding CXX object CMakeFiles/chapt4_interfaces__rosidl_typesupport_c.dir/rosidl_typesupport_c/chapt4_interfaces/srv/face_detector__type_support.cpp.o[0m
[2.903s] [ 47%] [32mBuilding CXX object CMakeFiles/chapt4_interfaces__rosidl_typesupport_introspection_cpp.dir/rosidl_typesupport_introspection_cpp/chapt4_interfaces/srv/detail/face_detector__type_support.cpp.o[0m
[2.905s] [ 50%] [32mBuilding C object CMakeFiles/chapt4_interfaces__rosidl_typesupport_introspection_c.dir/rosidl_typesupport_introspection_c/chapt4_interfaces/srv/detail/face_detector__type_support.c.o[0m
[2.924s] [ 52%] [32m[1mLinking CXX shared library libchapt4_interfaces__rosidl_typesupport_c.so[0m
[2.927s] [ 55%] [32mBuilding CXX object CMakeFiles/chapt4_interfaces__rosidl_typesupport_fastrtps_cpp.dir/rosidl_typesupport_fastrtps_cpp/chapt4_interfaces/srv/detail/dds_fastrtps/face_detector__type_support.cpp.o[0m
[2.928s] [ 58%] [32mBuilding CXX object CMakeFiles/chapt4_interfaces__rosidl_typesupport_fastrtps_c.dir/rosidl_typesupport_fastrtps_c/chapt4_interfaces/srv/detail/face_detector__type_support_c.cpp.o[0m
[2.952s] [ 61%] [32m[1mLinking C shared library libchapt4_interfaces__rosidl_typesupport_introspection_c.so[0m
[2.957s] [ 61%] Built target chapt4_interfaces__rosidl_typesupport_c
[2.982s] [ 61%] Built target chapt4_interfaces__rosidl_typesupport_introspection_c
[3.165s] [ 64%] [32m[1mLinking CXX shared library libchapt4_interfaces__rosidl_typesupport_cpp.so[0m
[3.213s] [ 64%] Built target chapt4_interfaces__rosidl_typesupport_cpp
[3.214s] [ 67%] [32m[1mLinking CXX shared library libchapt4_interfaces__rosidl_typesupport_fastrtps_c.so[0m
[3.215s] [ 70%] [32m[1mLinking CXX shared library libchapt4_interfaces__rosidl_typesupport_introspection_cpp.so[0m
[3.253s] [ 70%] Built target chapt4_interfaces__rosidl_typesupport_fastrtps_c
[3.265s] [ 70%] Built target chapt4_interfaces__rosidl_typesupport_introspection_cpp
[3.315s] [ 73%] [32m[1mLinking CXX shared library libchapt4_interfaces__rosidl_typesupport_fastrtps_cpp.so[0m
[3.379s] [ 73%] Built target chapt4_interfaces__rosidl_typesupport_fastrtps_cpp
[3.408s] [ 73%] Built target chapt4_interfaces
[3.440s] [ 76%] [34m[1mGenerating Python code for ROS interfaces[0m
[3.656s] [ 76%] Built target chapt4_interfaces__py
[3.670s] [ 79%] [32mBuilding C object CMakeFiles/chapt4_interfaces__rosidl_generator_py.dir/rosidl_generator_py/chapt4_interfaces/srv/_face_detector_s.c.o[0m
[3.780s] [ 82%] [32m[1mLinking C shared library libchapt4_interfaces__rosidl_generator_py.so[0m
[3.826s] [ 82%] Built target chapt4_interfaces__rosidl_generator_py
[3.849s] [ 88%] [32mBuilding C object CMakeFiles/chapt4_interfaces_s__rosidl_typesupport_fastrtps_c.dir/rosidl_generator_py/chapt4_interfaces/_chapt4_interfaces_s.ep.rosidl_typesupport_fastrtps_c.c.o[0m
[3.849s] [ 88%] [32mBuilding C object CMakeFiles/chapt4_interfaces_s__rosidl_typesupport_introspection_c.dir/rosidl_generator_py/chapt4_interfaces/_chapt4_interfaces_s.ep.rosidl_typesupport_introspection_c.c.o[0m
[3.852s] [ 91%] [32mBuilding C object CMakeFiles/chapt4_interfaces_s__rosidl_typesupport_c.dir/rosidl_generator_py/chapt4_interfaces/_chapt4_interfaces_s.ep.rosidl_typesupport_c.c.o[0m
[3.910s] [ 94%] [32m[1mLinking C shared module rosidl_generator_py/chapt4_interfaces/chapt4_interfaces_s__rosidl_typesupport_introspection_c.so[0m
[3.913s] [100%] [32m[1mLinking C shared module rosidl_generator_py/chapt4_interfaces/chapt4_interfaces_s__rosidl_typesupport_fastrtps_c.so[0m
[3.913s] [100%] [32m[1mLinking C shared module rosidl_generator_py/chapt4_interfaces/chapt4_interfaces_s__rosidl_typesupport_c.so[0m
[3.938s] [100%] Built target chapt4_interfaces_s__rosidl_typesupport_introspection_c
[3.939s] [100%] Built target chapt4_interfaces_s__rosidl_typesupport_fastrtps_c
[3.940s] [100%] Built target chapt4_interfaces_s__rosidl_typesupport_c
[3.949s] Invoked command in '/home/honhe/learn_ros/Chapter4/Chapter4_ws/build/chapt4_interfaces' returned '0': CMAKE_PREFIX_PATH=${CMAKE_PREFIX_PATH}:/opt/ros/jazzy DEBUGINFOD_URLS=https://debuginfod.ubuntu.com /usr/bin/cmake --build /home/honhe/learn_ros/Chapter4/Chapter4_ws/build/chapt4_interfaces -- -j32 -l32
[3.958s] Invoking command in '/home/honhe/learn_ros/Chapter4/Chapter4_ws/build/chapt4_interfaces': CMAKE_PREFIX_PATH=${CMAKE_PREFIX_PATH}:/opt/ros/jazzy DEBUGINFOD_URLS=https://debuginfod.ubuntu.com /usr/bin/cmake --install /home/honhe/learn_ros/Chapter4/Chapter4_ws/build/chapt4_interfaces
[3.963s] -- Install configuration: ""
[3.963s] -- Installing: /home/honhe/learn_ros/Chapter4/Chapter4_ws/install/chapt4_interfaces/share/ament_index/resource_index/rosidl_interfaces/chapt4_interfaces
[3.963s] -- Installing: /home/honhe/learn_ros/Chapter4/Chapter4_ws/install/chapt4_interfaces/share/chapt4_interfaces/srv/FaceDetector.json
[3.963s] -- Installing: /home/honhe/learn_ros/Chapter4/Chapter4_ws/install/chapt4_interfaces/include/chapt4_interfaces/chapt4_interfaces
[3.963s] -- Installing: /home/honhe/learn_ros/Chapter4/Chapter4_ws/install/chapt4_interfaces/include/chapt4_interfaces/chapt4_interfaces/msg
[3.963s] -- Installing: /home/honhe/learn_ros/Chapter4/Chapter4_ws/install/chapt4_interfaces/include/chapt4_interfaces/chapt4_interfaces/msg/rosidl_generator_c__visibility_control.h
[3.963s] -- Installing: /home/honhe/learn_ros/Chapter4/Chapter4_ws/install/chapt4_interfaces/include/chapt4_interfaces/chapt4_interfaces/srv
[3.963s] -- Installing: /home/honhe/learn_ros/Chapter4/Chapter4_ws/install/chapt4_interfaces/include/chapt4_interfaces/chapt4_interfaces/srv/detail
[3.963s] -- Installing: /home/honhe/learn_ros/Chapter4/Chapter4_ws/install/chapt4_interfaces/include/chapt4_interfaces/chapt4_interfaces/srv/detail/face_detector__description.c
[3.963s] -- Installing: /home/honhe/learn_ros/Chapter4/Chapter4_ws/install/chapt4_interfaces/include/chapt4_interfaces/chapt4_interfaces/srv/detail/face_detector__type_support.c
[3.963s] -- Installing: /home/honhe/learn_ros/Chapter4/Chapter4_ws/install/chapt4_interfaces/include/chapt4_interfaces/chapt4_interfaces/srv/detail/face_detector__functions.c
[3.964s] -- Installing: /home/honhe/learn_ros/Chapter4/Chapter4_ws/install/chapt4_interfaces/include/chapt4_interfaces/chapt4_interfaces/srv/detail/face_detector__type_support.h
[3.964s] -- Installing: /home/honhe/learn_ros/Chapter4/Chapter4_ws/install/chapt4_interfaces/include/chapt4_interfaces/chapt4_interfaces/srv/detail/face_detector__functions.h
[3.964s] -- Installing: /home/honhe/learn_ros/Chapter4/Chapter4_ws/install/chapt4_interfaces/include/chapt4_interfaces/chapt4_interfaces/srv/detail/face_detector__struct.h
[3.964s] -- Installing: /home/honhe/learn_ros/Chapter4/Chapter4_ws/install/chapt4_interfaces/include/chapt4_interfaces/chapt4_interfaces/srv/face_detector.h
[3.964s] -- Installing: /home/honhe/learn_ros/Chapter4/Chapter4_ws/install/chapt4_interfaces/share/chapt4_interfaces/environment/library_path.sh
[3.964s] -- Installing: /home/honhe/learn_ros/Chapter4/Chapter4_ws/install/chapt4_interfaces/share/chapt4_interfaces/environment/library_path.dsv
[3.964s] -- Installing: /home/honhe/learn_ros/Chapter4/Chapter4_ws/install/chapt4_interfaces/lib/libchapt4_interfaces__rosidl_generator_c.so
[3.964s] -- Set non-toolchain portion of runtime path of "/home/honhe/learn_ros/Chapter4/Chapter4_ws/install/chapt4_interfaces/lib/libchapt4_interfaces__rosidl_generator_c.so" to ""
[3.964s] -- Up-to-date: /home/honhe/learn_ros/Chapter4/Chapter4_ws/install/chapt4_interfaces/include/chapt4_interfaces/chapt4_interfaces
[3.964s] -- Up-to-date: /home/honhe/learn_ros/Chapter4/Chapter4_ws/install/chapt4_interfaces/include/chapt4_interfaces/chapt4_interfaces/msg
[3.964s] -- Installing: /home/honhe/learn_ros/Chapter4/Chapter4_ws/install/chapt4_interfaces/include/chapt4_interfaces/chapt4_interfaces/msg/rosidl_typesupport_fastrtps_c__visibility_control.h
[3.964s] -- Up-to-date: /home/honhe/learn_ros/Chapter4/Chapter4_ws/install/chapt4_interfaces/include/chapt4_interfaces/chapt4_interfaces/srv
[3.964s] -- Up-to-date: /home/honhe/learn_ros/Chapter4/Chapter4_ws/install/chapt4_interfaces/include/chapt4_interfaces/chapt4_interfaces/srv/detail
[3.964s] -- Installing: /home/honhe/learn_ros/Chapter4/Chapter4_ws/install/chapt4_interfaces/include/chapt4_interfaces/chapt4_interfaces/srv/detail/face_detector__rosidl_typesupport_fastrtps_c.h
[3.964s] -- Installing: /home/honhe/learn_ros/Chapter4/Chapter4_ws/install/chapt4_interfaces/lib/libchapt4_interfaces__rosidl_typesupport_fastrtps_c.so
[3.964s] -- Set non-toolchain portion of runtime path of "/home/honhe/learn_ros/Chapter4/Chapter4_ws/install/chapt4_interfaces/lib/libchapt4_interfaces__rosidl_typesupport_fastrtps_c.so" to ""
[3.964s] -- Up-to-date: /home/honhe/learn_ros/Chapter4/Chapter4_ws/install/chapt4_interfaces/include/chapt4_interfaces/chapt4_interfaces
[3.964s] -- Up-to-date: /home/honhe/learn_ros/Chapter4/Chapter4_ws/install/chapt4_interfaces/include/chapt4_interfaces/chapt4_interfaces/msg
[3.964s] -- Installing: /home/honhe/learn_ros/Chapter4/Chapter4_ws/install/chapt4_interfaces/include/chapt4_interfaces/chapt4_interfaces/msg/rosidl_generator_cpp__visibility_control.hpp
[3.964s] -- Up-to-date: /home/honhe/learn_ros/Chapter4/Chapter4_ws/install/chapt4_interfaces/include/chapt4_interfaces/chapt4_interfaces/srv
[3.964s] -- Installing: /home/honhe/learn_ros/Chapter4/Chapter4_ws/install/chapt4_interfaces/include/chapt4_interfaces/chapt4_interfaces/srv/face_detector.hpp
[3.964s] -- Up-to-date: /home/honhe/learn_ros/Chapter4/Chapter4_ws/install/chapt4_interfaces/include/chapt4_interfaces/chapt4_interfaces/srv/detail
[3.964s] -- Installing: /home/honhe/learn_ros/Chapter4/Chapter4_ws/install/chapt4_interfaces/include/chapt4_interfaces/chapt4_interfaces/srv/detail/face_detector__type_support.hpp
[3.964s] -- Installing: /home/honhe/learn_ros/Chapter4/Chapter4_ws/install/chapt4_interfaces/include/chapt4_interfaces/chapt4_interfaces/srv/detail/face_detector__struct.hpp
[3.964s] -- Installing: /home/honhe/learn_ros/Chapter4/Chapter4_ws/install/chapt4_interfaces/include/chapt4_interfaces/chapt4_interfaces/srv/detail/face_detector__builder.hpp
[3.964s] -- Installing: /home/honhe/learn_ros/Chapter4/Chapter4_ws/install/chapt4_interfaces/include/chapt4_interfaces/chapt4_interfaces/srv/detail/face_detector__traits.hpp
[3.964s] -- Up-to-date: /home/honhe/learn_ros/Chapter4/Chapter4_ws/install/chapt4_interfaces/include/chapt4_interfaces/chapt4_interfaces
[3.964s] -- Up-to-date: /home/honhe/learn_ros/Chapter4/Chapter4_ws/install/chapt4_interfaces/include/chapt4_interfaces/chapt4_interfaces/msg
[3.965s] -- Installing: /home/honhe/learn_ros/Chapter4/Chapter4_ws/install/chapt4_interfaces/include/chapt4_interfaces/chapt4_interfaces/msg/rosidl_typesupport_fastrtps_cpp__visibility_control.h
[3.965s] -- Up-to-date: /home/honhe/learn_ros/Chapter4/Chapter4_ws/install/chapt4_interfaces/include/chapt4_interfaces/chapt4_interfaces/srv
[3.965s] -- Up-to-date: /home/honhe/learn_ros/Chapter4/Chapter4_ws/install/chapt4_interfaces/include/chapt4_interfaces/chapt4_interfaces/srv/detail
[3.965s] -- Installing: /home/honhe/learn_ros/Chapter4/Chapter4_ws/install/chapt4_interfaces/include/chapt4_interfaces/chapt4_interfaces/srv/detail/dds_fastrtps
[3.965s] -- Installing: /home/honhe/learn_ros/Chapter4/Chapter4_ws/install/chapt4_interfaces/include/chapt4_interfaces/chapt4_interfaces/srv/detail/face_detector__rosidl_typesupport_fastrtps_cpp.hpp
[3.965s] -- Installing: /home/honhe/learn_ros/Chapter4/Chapter4_ws/install/chapt4_interfaces/lib/libchapt4_interfaces__rosidl_typesupport_fastrtps_cpp.so
[3.965s] -- Set non-toolchain portion of runtime path of "/home/honhe/learn_ros/Chapter4/Chapter4_ws/install/chapt4_interfaces/lib/libchapt4_interfaces__rosidl_typesupport_fastrtps_cpp.so" to ""
[3.965s] -- Up-to-date: /home/honhe/learn_ros/Chapter4/Chapter4_ws/install/chapt4_interfaces/include/chapt4_interfaces/chapt4_interfaces
[3.965s] -- Up-to-date: /home/honhe/learn_ros/Chapter4/Chapter4_ws/install/chapt4_interfaces/include/chapt4_interfaces/chapt4_interfaces/msg
[3.965s] -- Installing: /home/honhe/learn_ros/Chapter4/Chapter4_ws/install/chapt4_interfaces/include/chapt4_interfaces/chapt4_interfaces/msg/rosidl_typesupport_introspection_c__visibility_control.h
[3.965s] -- Up-to-date: /home/honhe/learn_ros/Chapter4/Chapter4_ws/install/chapt4_interfaces/include/chapt4_interfaces/chapt4_interfaces/srv
[3.965s] -- Up-to-date: /home/honhe/learn_ros/Chapter4/Chapter4_ws/install/chapt4_interfaces/include/chapt4_interfaces/chapt4_interfaces/srv/detail
[3.965s] -- Installing: /home/honhe/learn_ros/Chapter4/Chapter4_ws/install/chapt4_interfaces/include/chapt4_interfaces/chapt4_interfaces/srv/detail/face_detector__type_support.c
[3.965s] -- Installing: /home/honhe/learn_ros/Chapter4/Chapter4_ws/install/chapt4_interfaces/include/chapt4_interfaces/chapt4_interfaces/srv/detail/face_detector__rosidl_typesupport_introspection_c.h
[3.965s] -- Installing: /home/honhe/learn_ros/Chapter4/Chapter4_ws/install/chapt4_interfaces/lib/libchapt4_interfaces__rosidl_typesupport_introspection_c.so
[3.965s] -- Set non-toolchain portion of runtime path of "/home/honhe/learn_ros/Chapter4/Chapter4_ws/install/chapt4_interfaces/lib/libchapt4_interfaces__rosidl_typesupport_introspection_c.so" to ""
[3.965s] -- Installing: /home/honhe/learn_ros/Chapter4/Chapter4_ws/install/chapt4_interfaces/lib/libchapt4_interfaces__rosidl_typesupport_c.so
[3.965s] -- Set non-toolchain portion of runtime path of "/home/honhe/learn_ros/Chapter4/Chapter4_ws/install/chapt4_interfaces/lib/libchapt4_interfaces__rosidl_typesupport_c.so" to ""
[3.965s] -- Up-to-date: /home/honhe/learn_ros/Chapter4/Chapter4_ws/install/chapt4_interfaces/include/chapt4_interfaces/chapt4_interfaces
[3.965s] -- Up-to-date: /home/honhe/learn_ros/Chapter4/Chapter4_ws/install/chapt4_interfaces/include/chapt4_interfaces/chapt4_interfaces/srv
[3.965s] -- Up-to-date: /home/honhe/learn_ros/Chapter4/Chapter4_ws/install/chapt4_interfaces/include/chapt4_interfaces/chapt4_interfaces/srv/detail
[3.965s] -- Installing: /home/honhe/learn_ros/Chapter4/Chapter4_ws/install/chapt4_interfaces/include/chapt4_interfaces/chapt4_interfaces/srv/detail/face_detector__rosidl_typesupport_introspection_cpp.hpp
[3.965s] -- Installing: /home/honhe/learn_ros/Chapter4/Chapter4_ws/install/chapt4_interfaces/include/chapt4_interfaces/chapt4_interfaces/srv/detail/face_detector__type_support.cpp
[3.965s] -- Installing: /home/honhe/learn_ros/Chapter4/Chapter4_ws/install/chapt4_interfaces/lib/libchapt4_interfaces__rosidl_typesupport_introspection_cpp.so
[3.965s] -- Set non-toolchain portion of runtime path of "/home/honhe/learn_ros/Chapter4/Chapter4_ws/install/chapt4_interfaces/lib/libchapt4_interfaces__rosidl_typesupport_introspection_cpp.so" to ""
[3.965s] -- Installing: /home/honhe/learn_ros/Chapter4/Chapter4_ws/install/chapt4_interfaces/lib/libchapt4_interfaces__rosidl_typesupport_cpp.so
[3.965s] -- Set non-toolchain portion of runtime path of "/home/honhe/learn_ros/Chapter4/Chapter4_ws/install/chapt4_interfaces/lib/libchapt4_interfaces__rosidl_typesupport_cpp.so" to ""
[3.965s] -- Installing: /home/honhe/learn_ros/Chapter4/Chapter4_ws/install/chapt4_interfaces/share/chapt4_interfaces/environment/pythonpath.sh
[3.965s] -- Installing: /home/honhe/learn_ros/Chapter4/Chapter4_ws/install/chapt4_interfaces/share/chapt4_interfaces/environment/pythonpath.dsv
[3.965s] -- Installing: /home/honhe/learn_ros/Chapter4/Chapter4_ws/install/chapt4_interfaces/lib/python3.12/site-packages/chapt4_interfaces-0.0.0-py3.12.egg-info
[3.966s] -- Installing: /home/honhe/learn_ros/Chapter4/Chapter4_ws/install/chapt4_interfaces/lib/python3.12/site-packages/chapt4_interfaces-0.0.0-py3.12.egg-info/dependency_links.txt
[3.966s] -- Installing: /home/honhe/learn_ros/Chapter4/Chapter4_ws/install/chapt4_interfaces/lib/python3.12/site-packages/chapt4_interfaces-0.0.0-py3.12.egg-info/PKG-INFO
[3.966s] -- Installing: /home/honhe/learn_ros/Chapter4/Chapter4_ws/install/chapt4_interfaces/lib/python3.12/site-packages/chapt4_interfaces-0.0.0-py3.12.egg-info/SOURCES.txt
[3.966s] -- Installing: /home/honhe/learn_ros/Chapter4/Chapter4_ws/install/chapt4_interfaces/lib/python3.12/site-packages/chapt4_interfaces-0.0.0-py3.12.egg-info/top_level.txt
[3.966s] -- Installing: /home/honhe/learn_ros/Chapter4/Chapter4_ws/install/chapt4_interfaces/lib/python3.12/site-packages/chapt4_interfaces
[3.966s] -- Installing: /home/honhe/learn_ros/Chapter4/Chapter4_ws/install/chapt4_interfaces/lib/python3.12/site-packages/chapt4_interfaces/chapt4_interfaces_s__rosidl_typesupport_introspection_c.so
[3.966s] -- Installing: /home/honhe/learn_ros/Chapter4/Chapter4_ws/install/chapt4_interfaces/lib/python3.12/site-packages/chapt4_interfaces/chapt4_interfaces_s__rosidl_typesupport_fastrtps_c.so
[3.966s] -- Installing: /home/honhe/learn_ros/Chapter4/Chapter4_ws/install/chapt4_interfaces/lib/python3.12/site-packages/chapt4_interfaces/srv
[3.966s] -- Installing: /home/honhe/learn_ros/Chapter4/Chapter4_ws/install/chapt4_interfaces/lib/python3.12/site-packages/chapt4_interfaces/srv/_face_detector.py
[3.966s] -- Installing: /home/honhe/learn_ros/Chapter4/Chapter4_ws/install/chapt4_interfaces/lib/python3.12/site-packages/chapt4_interfaces/srv/_face_detector_s.c
[3.966s] -- Installing: /home/honhe/learn_ros/Chapter4/Chapter4_ws/install/chapt4_interfaces/lib/python3.12/site-packages/chapt4_interfaces/srv/__init__.py
[3.966s] -- Installing: /home/honhe/learn_ros/Chapter4/Chapter4_ws/install/chapt4_interfaces/lib/python3.12/site-packages/chapt4_interfaces/_chapt4_interfaces_s.ep.rosidl_typesupport_c.c
[3.966s] -- Installing: /home/honhe/learn_ros/Chapter4/Chapter4_ws/install/chapt4_interfaces/lib/python3.12/site-packages/chapt4_interfaces/_chapt4_interfaces_s.ep.rosidl_typesupport_fastrtps_c.c
[3.966s] -- Installing: /home/honhe/learn_ros/Chapter4/Chapter4_ws/install/chapt4_interfaces/lib/python3.12/site-packages/chapt4_interfaces/__init__.py
[3.966s] -- Installing: /home/honhe/learn_ros/Chapter4/Chapter4_ws/install/chapt4_interfaces/lib/python3.12/site-packages/chapt4_interfaces/chapt4_interfaces_s__rosidl_typesupport_c.so
[3.966s] -- Installing: /home/honhe/learn_ros/Chapter4/Chapter4_ws/install/chapt4_interfaces/lib/python3.12/site-packages/chapt4_interfaces/_chapt4_interfaces_s.ep.rosidl_typesupport_introspection_c.c
[3.991s] Listing '/home/honhe/learn_ros/Chapter4/Chapter4_ws/install/chapt4_interfaces/lib/python3.12/site-packages/chapt4_interfaces'...
[3.991s] Compiling '/home/honhe/learn_ros/Chapter4/Chapter4_ws/install/chapt4_interfaces/lib/python3.12/site-packages/chapt4_interfaces/__init__.py'...
[3.991s] Listing '/home/honhe/learn_ros/Chapter4/Chapter4_ws/install/chapt4_interfaces/lib/python3.12/site-packages/chapt4_interfaces/srv'...
[3.991s] Compiling '/home/honhe/learn_ros/Chapter4/Chapter4_ws/install/chapt4_interfaces/lib/python3.12/site-packages/chapt4_interfaces/srv/__init__.py'...
[3.991s] Compiling '/home/honhe/learn_ros/Chapter4/Chapter4_ws/install/chapt4_interfaces/lib/python3.12/site-packages/chapt4_interfaces/srv/_face_detector.py'...
[3.995s] -- Installing: /home/honhe/learn_ros/Chapter4/Chapter4_ws/install/chapt4_interfaces/lib/python3.12/site-packages/chapt4_interfaces/chapt4_interfaces_s__rosidl_typesupport_fastrtps_c.so
[3.995s] -- Set non-toolchain portion of runtime path of "/home/honhe/learn_ros/Chapter4/Chapter4_ws/install/chapt4_interfaces/lib/python3.12/site-packages/chapt4_interfaces/chapt4_interfaces_s__rosidl_typesupport_fastrtps_c.so" to ""
[3.995s] -- Installing: /home/honhe/learn_ros/Chapter4/Chapter4_ws/install/chapt4_interfaces/lib/python3.12/site-packages/chapt4_interfaces/chapt4_interfaces_s__rosidl_typesupport_introspection_c.so
[3.995s] -- Set non-toolchain portion of runtime path of "/home/honhe/learn_ros/Chapter4/Chapter4_ws/install/chapt4_interfaces/lib/python3.12/site-packages/chapt4_interfaces/chapt4_interfaces_s__rosidl_typesupport_introspection_c.so" to ""
[3.995s] -- Installing: /home/honhe/learn_ros/Chapter4/Chapter4_ws/install/chapt4_interfaces/lib/python3.12/site-packages/chapt4_interfaces/chapt4_interfaces_s__rosidl_typesupport_c.so
[3.995s] -- Set non-toolchain portion of runtime path of "/home/honhe/learn_ros/Chapter4/Chapter4_ws/install/chapt4_interfaces/lib/python3.12/site-packages/chapt4_interfaces/chapt4_interfaces_s__rosidl_typesupport_c.so" to ""
[3.995s] -- Installing: /home/honhe/learn_ros/Chapter4/Chapter4_ws/install/chapt4_interfaces/lib/libchapt4_interfaces__rosidl_generator_py.so
[3.995s] -- Set non-toolchain portion of runtime path of "/home/honhe/learn_ros/Chapter4/Chapter4_ws/install/chapt4_interfaces/lib/libchapt4_interfaces__rosidl_generator_py.so" to ""
[3.995s] -- Installing: /home/honhe/learn_ros/Chapter4/Chapter4_ws/install/chapt4_interfaces/share/chapt4_interfaces/srv/FaceDetector.idl
[3.995s] -- Installing: /home/honhe/learn_ros/Chapter4/Chapter4_ws/install/chapt4_interfaces/share/chapt4_interfaces/srv/FaceDetector.srv
[3.995s] -- Installing: /home/honhe/learn_ros/Chapter4/Chapter4_ws/install/chapt4_interfaces/share/ament_index/resource_index/package_run_dependencies/chapt4_interfaces
[3.995s] -- Installing: /home/honhe/learn_ros/Chapter4/Chapter4_ws/install/chapt4_interfaces/share/ament_index/resource_index/parent_prefix_path/chapt4_interfaces
[3.995s] -- Installing: /home/honhe/learn_ros/Chapter4/Chapter4_ws/install/chapt4_interfaces/share/chapt4_interfaces/environment/ament_prefix_path.sh
[3.995s] -- Installing: /home/honhe/learn_ros/Chapter4/Chapter4_ws/install/chapt4_interfaces/share/chapt4_interfaces/environment/ament_prefix_path.dsv
[3.995s] -- Installing: /home/honhe/learn_ros/Chapter4/Chapter4_ws/install/chapt4_interfaces/share/chapt4_interfaces/environment/path.sh
[3.995s] -- Installing: /home/honhe/learn_ros/Chapter4/Chapter4_ws/install/chapt4_interfaces/share/chapt4_interfaces/environment/path.dsv
[3.995s] -- Installing: /home/honhe/learn_ros/Chapter4/Chapter4_ws/install/chapt4_interfaces/share/chapt4_interfaces/local_setup.bash
[3.996s] -- Installing: /home/honhe/learn_ros/Chapter4/Chapter4_ws/install/chapt4_interfaces/share/chapt4_interfaces/local_setup.sh
[3.996s] -- Installing: /home/honhe/learn_ros/Chapter4/Chapter4_ws/install/chapt4_interfaces/share/chapt4_interfaces/local_setup.zsh
[3.996s] -- Installing: /home/honhe/learn_ros/Chapter4/Chapter4_ws/install/chapt4_interfaces/share/chapt4_interfaces/local_setup.dsv
[3.996s] -- Installing: /home/honhe/learn_ros/Chapter4/Chapter4_ws/install/chapt4_interfaces/share/chapt4_interfaces/package.dsv
[3.996s] -- Installing: /home/honhe/learn_ros/Chapter4/Chapter4_ws/install/chapt4_interfaces/share/ament_index/resource_index/packages/chapt4_interfaces
[3.996s] -- Installing: /home/honhe/learn_ros/Chapter4/Chapter4_ws/install/chapt4_interfaces/share/chapt4_interfaces/cmake/export_chapt4_interfaces__rosidl_generator_cExport.cmake
[3.996s] -- Installing: /home/honhe/learn_ros/Chapter4/Chapter4_ws/install/chapt4_interfaces/share/chapt4_interfaces/cmake/export_chapt4_interfaces__rosidl_generator_cExport-noconfig.cmake
[3.996s] -- Installing: /home/honhe/learn_ros/Chapter4/Chapter4_ws/install/chapt4_interfaces/share/chapt4_interfaces/cmake/export_chapt4_interfaces__rosidl_typesupport_fastrtps_cExport.cmake
[3.996s] -- Installing: /home/honhe/learn_ros/Chapter4/Chapter4_ws/install/chapt4_interfaces/share/chapt4_interfaces/cmake/export_chapt4_interfaces__rosidl_typesupport_fastrtps_cExport-noconfig.cmake
[3.996s] -- Installing: /home/honhe/learn_ros/Chapter4/Chapter4_ws/install/chapt4_interfaces/share/chapt4_interfaces/cmake/export_chapt4_interfaces__rosidl_generator_cppExport.cmake
[3.996s] -- Installing: /home/honhe/learn_ros/Chapter4/Chapter4_ws/install/chapt4_interfaces/share/chapt4_interfaces/cmake/export_chapt4_interfaces__rosidl_typesupport_fastrtps_cppExport.cmake
[3.996s] -- Installing: /home/honhe/learn_ros/Chapter4/Chapter4_ws/install/chapt4_interfaces/share/chapt4_interfaces/cmake/export_chapt4_interfaces__rosidl_typesupport_fastrtps_cppExport-noconfig.cmake
[3.996s] -- Installing: /home/honhe/learn_ros/Chapter4/Chapter4_ws/install/chapt4_interfaces/share/chapt4_interfaces/cmake/chapt4_interfaces__rosidl_typesupport_introspection_cExport.cmake
[3.996s] -- Installing: /home/honhe/learn_ros/Chapter4/Chapter4_ws/install/chapt4_interfaces/share/chapt4_interfaces/cmake/chapt4_interfaces__rosidl_typesupport_introspection_cExport-noconfig.cmake
[3.996s] -- Installing: /home/honhe/learn_ros/Chapter4/Chapter4_ws/install/chapt4_interfaces/share/chapt4_interfaces/cmake/chapt4_interfaces__rosidl_typesupport_cExport.cmake
[3.996s] -- Installing: /home/honhe/learn_ros/Chapter4/Chapter4_ws/install/chapt4_interfaces/share/chapt4_interfaces/cmake/chapt4_interfaces__rosidl_typesupport_cExport-noconfig.cmake
[3.996s] -- Installing: /home/honhe/learn_ros/Chapter4/Chapter4_ws/install/chapt4_interfaces/share/chapt4_interfaces/cmake/chapt4_interfaces__rosidl_typesupport_introspection_cppExport.cmake
[3.996s] -- Installing: /home/honhe/learn_ros/Chapter4/Chapter4_ws/install/chapt4_interfaces/share/chapt4_interfaces/cmake/chapt4_interfaces__rosidl_typesupport_introspection_cppExport-noconfig.cmake
[3.996s] -- Installing: /home/honhe/learn_ros/Chapter4/Chapter4_ws/install/chapt4_interfaces/share/chapt4_interfaces/cmake/chapt4_interfaces__rosidl_typesupport_cppExport.cmake
[3.996s] -- Installing: /home/honhe/learn_ros/Chapter4/Chapter4_ws/install/chapt4_interfaces/share/chapt4_interfaces/cmake/chapt4_interfaces__rosidl_typesupport_cppExport-noconfig.cmake
[3.996s] -- Installing: /home/honhe/learn_ros/Chapter4/Chapter4_ws/install/chapt4_interfaces/share/chapt4_interfaces/cmake/export_chapt4_interfaces__rosidl_generator_pyExport.cmake
[3.996s] -- Installing: /home/honhe/learn_ros/Chapter4/Chapter4_ws/install/chapt4_interfaces/share/chapt4_interfaces/cmake/export_chapt4_interfaces__rosidl_generator_pyExport-noconfig.cmake
[3.996s] -- Installing: /home/honhe/learn_ros/Chapter4/Chapter4_ws/install/chapt4_interfaces/share/chapt4_interfaces/cmake/rosidl_cmake-extras.cmake
[3.996s] -- Installing: /home/honhe/learn_ros/Chapter4/Chapter4_ws/install/chapt4_interfaces/share/chapt4_interfaces/cmake/ament_cmake_export_dependencies-extras.cmake
[3.996s] -- Installing: /home/honhe/learn_ros/Chapter4/Chapter4_ws/install/chapt4_interfaces/share/chapt4_interfaces/cmake/ament_cmake_export_include_directories-extras.cmake
[3.997s] -- Installing: /home/honhe/learn_ros/Chapter4/Chapter4_ws/install/chapt4_interfaces/share/chapt4_interfaces/cmake/ament_cmake_export_libraries-extras.cmake
[3.997s] -- Installing: /home/honhe/learn_ros/Chapter4/Chapter4_ws/install/chapt4_interfaces/share/chapt4_interfaces/cmake/ament_cmake_export_targets-extras.cmake
[3.997s] -- Installing: /home/honhe/learn_ros/Chapter4/Chapter4_ws/install/chapt4_interfaces/share/chapt4_interfaces/cmake/rosidl_cmake_export_typesupport_targets-extras.cmake
[3.997s] -- Installing: /home/honhe/learn_ros/Chapter4/Chapter4_ws/install/chapt4_interfaces/share/chapt4_interfaces/cmake/rosidl_cmake_export_typesupport_libraries-extras.cmake
[3.997s] -- Installing: /home/honhe/learn_ros/Chapter4/Chapter4_ws/install/chapt4_interfaces/share/chapt4_interfaces/cmake/chapt4_interfacesConfig.cmake
[3.997s] -- Installing: /home/honhe/learn_ros/Chapter4/Chapter4_ws/install/chapt4_interfaces/share/chapt4_interfaces/cmake/chapt4_interfacesConfig-version.cmake
[3.997s] -- Installing: /home/honhe/learn_ros/Chapter4/Chapter4_ws/install/chapt4_interfaces/share/chapt4_interfaces/package.xml
[3.998s] Invoked command in '/home/honhe/learn_ros/Chapter4/Chapter4_ws/build/chapt4_interfaces' returned '0': CMAKE_PREFIX_PATH=${CMAKE_PREFIX_PATH}:/opt/ros/jazzy DEBUGINFOD_URLS=https://debuginfod.ubuntu.com /usr/bin/cmake --install /home/honhe/learn_ros/Chapter4/Chapter4_ws/build/chapt4_interfaces
