-- The C compiler identification is GNU 13.3.0
-- The CXX compiler identification is GNU 13.3.0
-- Detecting C compiler ABI info
-- Detecting C compiler ABI info - done
-- Check for working C compiler: /usr/bin/cc - skipped
-- Detecting C compile features
-- Detecting C compile features - done
-- Detecting CXX compiler ABI info
-- Detecting CXX compiler ABI info - done
-- Check for working CXX compiler: /usr/bin/c++ - skipped
-- Detecting CXX compile features
-- Detecting CXX compile features - done
-- Found ament_cmake: 2.5.3 (/opt/ros/jazzy/share/ament_cmake/cmake)
-- Found Python3: /home/honhe/learn_ros/learn_ros_venv/bin/python3 (found version "3.12.3") found components: Interpreter 
-- Found rclcpp: 28.1.6 (/opt/ros/jazzy/share/rclcpp/cmake)
-- Found rosidl_generator_c: 4.6.5 (/opt/ros/jazzy/share/rosidl_generator_c/cmake)
-- Found rosidl_generator_cpp: 4.6.5 (/opt/ros/jazzy/share/rosidl_generator_cpp/cmake)
-- Using all available rosidl_typesupport_c: rosidl_typesupport_fastrtps_c;rosidl_typesupport_introspection_c
-- Using all available rosidl_typesupport_cpp: rosidl_typesupport_fastrtps_cpp;rosidl_typesupport_introspection_cpp
-- Found rmw_implementation_cmake: 7.3.1 (/opt/ros/jazzy/share/rmw_implementation_cmake/cmake)
-- Found rmw_fastrtps_cpp: 8.4.1 (/opt/ros/jazzy/share/rmw_fastrtps_cpp/cmake)
-- Found OpenSSL: /usr/lib/x86_64-linux-gnu/libcrypto.so (found version "3.0.13")  
-- Found FastRTPS: /opt/ros/jazzy/include (Required is at least version "2.13") 
-- Using RMW implementation 'rmw_fastrtps_cpp' as default
-- Found tf2_ros: 0.36.8 (/opt/ros/jazzy/share/tf2_ros/cmake)
-- Found tf2_geometry_msgs: 0.36.8 (/opt/ros/jazzy/share/tf2_geometry_msgs/cmake)
-- Found eigen3_cmake_module: 0.3.0 (/opt/ros/jazzy/share/eigen3_cmake_module/cmake)
-- Found Eigen3: TRUE (found version "3.4.0") 
-- Ensuring Eigen3 include directory is part of orocos-kdl CMake target
-- Found ament_lint_auto: 0.17.1 (/opt/ros/jazzy/share/ament_lint_auto/cmake)
-- Added test 'cppcheck' to perform static code analysis on C / C++ code
-- Configured cppcheck include dirs: 
-- Configured cppcheck exclude dirs and/or files: 
-- Added test 'lint_cmake' to check CMake code style
-- Added test 'uncrustify' to check C / C++ code style
-- Configured uncrustify additional arguments: 
-- Added test 'xmllint' to check XML markup files
-- Configuring done (0.8s)
-- Generating done (0.0s)
-- Build files have been written to: /home/honhe/learn_ros/Chapter5/chapt5_ws/build/demo_cpp_tf
[ 50%] [32mBuilding CXX object CMakeFiles/static_tf_broadcaster.dir/src/static_tf_broadcaster.cpp.o[0m
[100%] [32m[1mLinking CXX executable static_tf_broadcaster[0m
[100%] Built target static_tf_broadcaster
-- Install configuration: ""
-- Installing: /home/honhe/learn_ros/Chapter5/chapt5_ws/install/demo_cpp_tf/lib/demo_cpp_tf/static_tf_broadcaster
-- Set non-toolchain portion of runtime path of "/home/honhe/learn_ros/Chapter5/chapt5_ws/install/demo_cpp_tf/lib/demo_cpp_tf/static_tf_broadcaster" to ""
-- Installing: /home/honhe/learn_ros/Chapter5/chapt5_ws/install/demo_cpp_tf/share/ament_index/resource_index/package_run_dependencies/demo_cpp_tf
-- Installing: /home/honhe/learn_ros/Chapter5/chapt5_ws/install/demo_cpp_tf/share/ament_index/resource_index/parent_prefix_path/demo_cpp_tf
-- Installing: /home/honhe/learn_ros/Chapter5/chapt5_ws/install/demo_cpp_tf/share/demo_cpp_tf/environment/ament_prefix_path.sh
-- Installing: /home/honhe/learn_ros/Chapter5/chapt5_ws/install/demo_cpp_tf/share/demo_cpp_tf/environment/ament_prefix_path.dsv
-- Installing: /home/honhe/learn_ros/Chapter5/chapt5_ws/install/demo_cpp_tf/share/demo_cpp_tf/environment/path.sh
-- Installing: /home/honhe/learn_ros/Chapter5/chapt5_ws/install/demo_cpp_tf/share/demo_cpp_tf/environment/path.dsv
-- Installing: /home/honhe/learn_ros/Chapter5/chapt5_ws/install/demo_cpp_tf/share/demo_cpp_tf/local_setup.bash
-- Installing: /home/honhe/learn_ros/Chapter5/chapt5_ws/install/demo_cpp_tf/share/demo_cpp_tf/local_setup.sh
-- Installing: /home/honhe/learn_ros/Chapter5/chapt5_ws/install/demo_cpp_tf/share/demo_cpp_tf/local_setup.zsh
-- Installing: /home/honhe/learn_ros/Chapter5/chapt5_ws/install/demo_cpp_tf/share/demo_cpp_tf/local_setup.dsv
-- Installing: /home/honhe/learn_ros/Chapter5/chapt5_ws/install/demo_cpp_tf/share/demo_cpp_tf/package.dsv
-- Installing: /home/honhe/learn_ros/Chapter5/chapt5_ws/install/demo_cpp_tf/share/ament_index/resource_index/packages/demo_cpp_tf
-- Installing: /home/honhe/learn_ros/Chapter5/chapt5_ws/install/demo_cpp_tf/share/demo_cpp_tf/cmake/demo_cpp_tfConfig.cmake
-- Installing: /home/honhe/learn_ros/Chapter5/chapt5_ws/install/demo_cpp_tf/share/demo_cpp_tf/cmake/demo_cpp_tfConfig-version.cmake
-- Installing: /home/honhe/learn_ros/Chapter5/chapt5_ws/install/demo_cpp_tf/share/demo_cpp_tf/package.xml
