[0.007s] Invoking command in '/home/honhe/learn_ros/Chapter5/chapt5_ws/build/demo_cpp_tf': CMAKE_PREFIX_PATH=${CMAKE_PREFIX_PATH}:/home/honhe/learn_ros/Chapter5/chapt5_ws/install/demo_python_tf:/opt/ros/jazzy DEBUGINFOD_URLS=https://debuginfod.ubuntu.com VIRTUAL_ENV_PROMPT=(learn_ros_venv) /usr/bin/cmake /home/honhe/learn_ros/Chapter5/chapt5_ws/src/demo_cpp_tf -DCMAKE_INSTALL_PREFIX=/home/honhe/learn_ros/Chapter5/chapt5_ws/install/demo_cpp_tf
[0.071s] -- The C compiler identification is GNU 13.3.0
[0.121s] -- The CXX compiler identification is GNU 13.3.0
[0.132s] -- Detecting C compiler ABI info
[0.198s] -- Detecting C compiler ABI info - done
[0.207s] -- Check for working C compiler: /usr/bin/cc - skipped
[0.208s] -- Detecting C compile features
[0.208s] -- Detecting C compile features - done
[0.216s] -- Detecting CXX compiler ABI info
[0.286s] -- Detecting CXX compiler ABI info - done
[0.292s] -- Check for working CXX compiler: /usr/bin/c++ - skipped
[0.292s] -- Detecting CXX compile features
[0.292s] -- Detecting CXX compile features - done
[0.294s] -- Found ament_cmake: 2.5.3 (/opt/ros/jazzy/share/ament_cmake/cmake)
[0.393s] -- Found Python3: /home/honhe/learn_ros/learn_ros_venv/bin/python3 (found version "3.12.3") found components: Interpreter 
[0.455s] -- Found rclcpp: 28.1.6 (/opt/ros/jazzy/share/rclcpp/cmake)
[0.483s] -- Found rosidl_generator_c: 4.6.5 (/opt/ros/jazzy/share/rosidl_generator_c/cmake)
[0.490s] -- Found rosidl_generator_cpp: 4.6.5 (/opt/ros/jazzy/share/rosidl_generator_cpp/cmake)
[0.499s] -- Using all available rosidl_typesupport_c: rosidl_typesupport_fastrtps_c;rosidl_typesupport_introspection_c
[0.508s] -- Using all available rosidl_typesupport_cpp: rosidl_typesupport_fastrtps_cpp;rosidl_typesupport_introspection_cpp
[0.550s] -- Found rmw_implementation_cmake: 7.3.1 (/opt/ros/jazzy/share/rmw_implementation_cmake/cmake)
[0.551s] -- Found rmw_fastrtps_cpp: 8.4.1 (/opt/ros/jazzy/share/rmw_fastrtps_cpp/cmake)
[0.607s] -- Found OpenSSL: /usr/lib/x86_64-linux-gnu/libcrypto.so (found version "3.0.13")  
[0.618s] -- Found FastRTPS: /opt/ros/jazzy/include (Required is at least version "2.13") 
[0.634s] -- Using RMW implementation 'rmw_fastrtps_cpp' as default
[0.674s] -- Found tf2_ros: 0.36.8 (/opt/ros/jazzy/share/tf2_ros/cmake)
[0.771s] -- Found tf2_geometry_msgs: 0.36.8 (/opt/ros/jazzy/share/tf2_geometry_msgs/cmake)
[0.778s] -- Found eigen3_cmake_module: 0.3.0 (/opt/ros/jazzy/share/eigen3_cmake_module/cmake)
[0.779s] -- Found Eigen3: TRUE (found version "3.4.0") 
[0.779s] -- Ensuring Eigen3 include directory is part of orocos-kdl CMake target
[0.781s] -- Found ament_lint_auto: 0.17.1 (/opt/ros/jazzy/share/ament_lint_auto/cmake)
[0.834s] -- Added test 'cppcheck' to perform static code analysis on C / C++ code
[0.834s] -- Configured cppcheck include dirs: 
[0.834s] -- Configured cppcheck exclude dirs and/or files: 
[0.834s] -- Added test 'lint_cmake' to check CMake code style
[0.835s] -- Added test 'uncrustify' to check C / C++ code style
[0.835s] -- Configured uncrustify additional arguments: 
[0.835s] -- Added test 'xmllint' to check XML markup files
[0.836s] -- Configuring done (0.8s)
[0.844s] -- Generating done (0.0s)
[0.846s] -- Build files have been written to: /home/honhe/learn_ros/Chapter5/chapt5_ws/build/demo_cpp_tf
[0.853s] Invoked command in '/home/honhe/learn_ros/Chapter5/chapt5_ws/build/demo_cpp_tf' returned '0': CMAKE_PREFIX_PATH=${CMAKE_PREFIX_PATH}:/home/honhe/learn_ros/Chapter5/chapt5_ws/install/demo_python_tf:/opt/ros/jazzy DEBUGINFOD_URLS=https://debuginfod.ubuntu.com VIRTUAL_ENV_PROMPT=(learn_ros_venv) /usr/bin/cmake /home/honhe/learn_ros/Chapter5/chapt5_ws/src/demo_cpp_tf -DCMAKE_INSTALL_PREFIX=/home/honhe/learn_ros/Chapter5/chapt5_ws/install/demo_cpp_tf
[0.853s] Invoking command in '/home/honhe/learn_ros/Chapter5/chapt5_ws/build/demo_cpp_tf': CMAKE_PREFIX_PATH=${CMAKE_PREFIX_PATH}:/home/honhe/learn_ros/Chapter5/chapt5_ws/install/demo_python_tf:/opt/ros/jazzy DEBUGINFOD_URLS=https://debuginfod.ubuntu.com VIRTUAL_ENV_PROMPT=(learn_ros_venv) /usr/bin/cmake --build /home/honhe/learn_ros/Chapter5/chapt5_ws/build/demo_cpp_tf -- -j32 -l32
[0.889s] [ 50%] [32mBuilding CXX object CMakeFiles/static_tf_broadcaster.dir/src/static_tf_broadcaster.cpp.o[0m
[2.905s] [100%] [32m[1mLinking CXX executable static_tf_broadcaster[0m
[3.034s] [100%] Built target static_tf_broadcaster
[3.041s] Invoked command in '/home/honhe/learn_ros/Chapter5/chapt5_ws/build/demo_cpp_tf' returned '0': CMAKE_PREFIX_PATH=${CMAKE_PREFIX_PATH}:/home/honhe/learn_ros/Chapter5/chapt5_ws/install/demo_python_tf:/opt/ros/jazzy DEBUGINFOD_URLS=https://debuginfod.ubuntu.com VIRTUAL_ENV_PROMPT=(learn_ros_venv) /usr/bin/cmake --build /home/honhe/learn_ros/Chapter5/chapt5_ws/build/demo_cpp_tf -- -j32 -l32
[3.048s] Invoking command in '/home/honhe/learn_ros/Chapter5/chapt5_ws/build/demo_cpp_tf': CMAKE_PREFIX_PATH=${CMAKE_PREFIX_PATH}:/home/honhe/learn_ros/Chapter5/chapt5_ws/install/demo_python_tf:/opt/ros/jazzy DEBUGINFOD_URLS=https://debuginfod.ubuntu.com VIRTUAL_ENV_PROMPT=(learn_ros_venv) /usr/bin/cmake --install /home/honhe/learn_ros/Chapter5/chapt5_ws/build/demo_cpp_tf
[3.057s] -- Install configuration: ""
[3.057s] -- Installing: /home/honhe/learn_ros/Chapter5/chapt5_ws/install/demo_cpp_tf/lib/demo_cpp_tf/static_tf_broadcaster
[3.057s] -- Set non-toolchain portion of runtime path of "/home/honhe/learn_ros/Chapter5/chapt5_ws/install/demo_cpp_tf/lib/demo_cpp_tf/static_tf_broadcaster" to ""
[3.057s] -- Installing: /home/honhe/learn_ros/Chapter5/chapt5_ws/install/demo_cpp_tf/share/ament_index/resource_index/package_run_dependencies/demo_cpp_tf
[3.057s] -- Installing: /home/honhe/learn_ros/Chapter5/chapt5_ws/install/demo_cpp_tf/share/ament_index/resource_index/parent_prefix_path/demo_cpp_tf
[3.057s] -- Installing: /home/honhe/learn_ros/Chapter5/chapt5_ws/install/demo_cpp_tf/share/demo_cpp_tf/environment/ament_prefix_path.sh
[3.058s] -- Installing: /home/honhe/learn_ros/Chapter5/chapt5_ws/install/demo_cpp_tf/share/demo_cpp_tf/environment/ament_prefix_path.dsv
[3.058s] -- Installing: /home/honhe/learn_ros/Chapter5/chapt5_ws/install/demo_cpp_tf/share/demo_cpp_tf/environment/path.sh
[3.058s] -- Installing: /home/honhe/learn_ros/Chapter5/chapt5_ws/install/demo_cpp_tf/share/demo_cpp_tf/environment/path.dsv
[3.058s] -- Installing: /home/honhe/learn_ros/Chapter5/chapt5_ws/install/demo_cpp_tf/share/demo_cpp_tf/local_setup.bash
[3.058s] -- Installing: /home/honhe/learn_ros/Chapter5/chapt5_ws/install/demo_cpp_tf/share/demo_cpp_tf/local_setup.sh
[3.058s] -- Installing: /home/honhe/learn_ros/Chapter5/chapt5_ws/install/demo_cpp_tf/share/demo_cpp_tf/local_setup.zsh
[3.058s] -- Installing: /home/honhe/learn_ros/Chapter5/chapt5_ws/install/demo_cpp_tf/share/demo_cpp_tf/local_setup.dsv
[3.058s] -- Installing: /home/honhe/learn_ros/Chapter5/chapt5_ws/install/demo_cpp_tf/share/demo_cpp_tf/package.dsv
[3.058s] -- Installing: /home/honhe/learn_ros/Chapter5/chapt5_ws/install/demo_cpp_tf/share/ament_index/resource_index/packages/demo_cpp_tf
[3.058s] -- Installing: /home/honhe/learn_ros/Chapter5/chapt5_ws/install/demo_cpp_tf/share/demo_cpp_tf/cmake/demo_cpp_tfConfig.cmake
[3.058s] -- Installing: /home/honhe/learn_ros/Chapter5/chapt5_ws/install/demo_cpp_tf/share/demo_cpp_tf/cmake/demo_cpp_tfConfig-version.cmake
[3.058s] -- Installing: /home/honhe/learn_ros/Chapter5/chapt5_ws/install/demo_cpp_tf/share/demo_cpp_tf/package.xml
[3.060s] Invoked command in '/home/honhe/learn_ros/Chapter5/chapt5_ws/build/demo_cpp_tf' returned '0': CMAKE_PREFIX_PATH=${CMAKE_PREFIX_PATH}:/home/honhe/learn_ros/Chapter5/chapt5_ws/install/demo_python_tf:/opt/ros/jazzy DEBUGINFOD_URLS=https://debuginfod.ubuntu.com VIRTUAL_ENV_PROMPT=(learn_ros_venv) /usr/bin/cmake --install /home/honhe/learn_ros/Chapter5/chapt5_ws/build/demo_cpp_tf
