[0.811s] Invoking command in '/home/honhe/learn_ros/Chapter7/chapt7_ws/src/autopatrol_robot': DEBUGINFOD_URLS=https://debuginfod.ubuntu.com PYTHONPATH=/home/honhe/learn_ros/Chapter7/chapt7_ws/build/autopatrol_robot/prefix_override:/usr/lib/python3/dist-packages/colcon_core/task/python/colcon_distutils_commands:/home/honhe/learn_ros/Chapter7/chapt7_ws/install/autopatrol_robot/lib/python3.12/site-packages:${PYTHONPATH} VIRTUAL_ENV_PROMPT=(learn_ros_venv) /usr/bin/python3 -W ignore:setup.py install is deprecated -W ignore:easy_install command is deprecated setup.py egg_info --egg-base ../../build/autopatrol_robot build --build-base /home/honhe/learn_ros/Chapter7/chapt7_ws/build/autopatrol_robot/build install --record /home/honhe/learn_ros/Chapter7/chapt7_ws/build/autopatrol_robot/install.log --single-version-externally-managed install_data
[0.992s] running egg_info
[1.003s] writing ../../build/autopatrol_robot/autopatrol_robot.egg-info/PKG-INFO
[1.003s] writing dependency_links to ../../build/autopatrol_robot/autopatrol_robot.egg-info/dependency_links.txt
[1.003s] writing entry points to ../../build/autopatrol_robot/autopatrol_robot.egg-info/entry_points.txt
[1.003s] writing requirements to ../../build/autopatrol_robot/autopatrol_robot.egg-info/requires.txt
[1.003s] writing top-level names to ../../build/autopatrol_robot/autopatrol_robot.egg-info/top_level.txt
[1.026s] reading manifest file '../../build/autopatrol_robot/autopatrol_robot.egg-info/SOURCES.txt'
[1.026s] adding license file 'LICENSE'
[1.026s] writing manifest file '../../build/autopatrol_robot/autopatrol_robot.egg-info/SOURCES.txt'
[1.027s] running build
[1.027s] running build_py
[1.027s] copying autopatrol_robot/patrol_node.py -> /home/honhe/learn_ros/Chapter7/chapt7_ws/build/autopatrol_robot/build/lib/autopatrol_robot
[1.027s] running install
[1.031s] running install_lib
[1.044s] copying /home/honhe/learn_ros/Chapter7/chapt7_ws/build/autopatrol_robot/build/lib/autopatrol_robot/patrol_node.py -> /home/honhe/learn_ros/Chapter7/chapt7_ws/install/autopatrol_robot/lib/python3.12/site-packages/autopatrol_robot
[1.044s] byte-compiling /home/honhe/learn_ros/Chapter7/chapt7_ws/install/autopatrol_robot/lib/python3.12/site-packages/autopatrol_robot/patrol_node.py to patrol_node.cpython-312.pyc
[1.045s] running install_data
[1.045s] running install_egg_info
[1.057s] removing '/home/honhe/learn_ros/Chapter7/chapt7_ws/install/autopatrol_robot/lib/python3.12/site-packages/autopatrol_robot-0.0.0-py3.12.egg-info' (and everything under it)
[1.057s] Copying ../../build/autopatrol_robot/autopatrol_robot.egg-info to /home/honhe/learn_ros/Chapter7/chapt7_ws/install/autopatrol_robot/lib/python3.12/site-packages/autopatrol_robot-0.0.0-py3.12.egg-info
[1.057s] running install_scripts
[1.137s] Installing patrol_node script to /home/honhe/learn_ros/Chapter7/chapt7_ws/install/autopatrol_robot/lib/autopatrol_robot
[1.137s] Installing speaker script to /home/honhe/learn_ros/Chapter7/chapt7_ws/install/autopatrol_robot/lib/autopatrol_robot
[1.137s] writing list of installed files to '/home/honhe/learn_ros/Chapter7/chapt7_ws/build/autopatrol_robot/install.log'
[1.155s] Invoked command in '/home/honhe/learn_ros/Chapter7/chapt7_ws/src/autopatrol_robot' returned '0': DEBUGINFOD_URLS=https://debuginfod.ubuntu.com PYTHONPATH=/home/honhe/learn_ros/Chapter7/chapt7_ws/build/autopatrol_robot/prefix_override:/usr/lib/python3/dist-packages/colcon_core/task/python/colcon_distutils_commands:/home/honhe/learn_ros/Chapter7/chapt7_ws/install/autopatrol_robot/lib/python3.12/site-packages:${PYTHONPATH} VIRTUAL_ENV_PROMPT=(learn_ros_venv) /usr/bin/python3 -W ignore:setup.py install is deprecated -W ignore:easy_install command is deprecated setup.py egg_info --egg-base ../../build/autopatrol_robot build --build-base /home/honhe/learn_ros/Chapter7/chapt7_ws/build/autopatrol_robot/build install --record /home/honhe/learn_ros/Chapter7/chapt7_ws/build/autopatrol_robot/install.log --single-version-externally-managed install_data
