[0.048s] DEBUG:colcon:Command line arguments: ['/usr/bin/colcon', 'build']
[0.048s] DEBUG:colcon:Parsed command line arguments: Namespace(log_base=None, log_level=None, verb_name='build', build_base='build', install_base='install', merge_install=False, symlink_install=False, test_result_base=None, continue_on_error=False, executor='parallel', parallel_workers=32, event_handlers=None, ignore_user_meta=False, metas=['./colcon.meta'], base_paths=['.'], packages_ignore=None, packages_ignore_regex=None, paths=None, packages_up_to=None, packages_up_to_regex=None, packages_above=None, packages_above_and_dependencies=None, packages_above_depth=None, packages_select_by_dep=None, packages_skip_by_dep=None, packages_skip_up_to=None, packages_select_build_failed=False, packages_skip_build_finished=False, packages_select_test_failures=False, packages_skip_test_passed=False, packages_select=None, packages_skip=None, packages_select_regex=None, packages_skip_regex=None, packages_start=None, packages_end=None, allow_overriding=[], cmake_args=None, cmake_target=None, cmake_target_skip_unavailable=False, cmake_clean_cache=False, cmake_clean_first=False, cmake_force_configure=False, ament_cmake_args=None, catkin_cmake_args=None, catkin_skip_building_tests=False, verb_parser=<colcon_defaults.argument_parser.defaults.DefaultArgumentsDecorator object at 0x77d741378e30>, verb_extension=<colcon_core.verb.build.BuildVerb object at 0x77d741378c80>, main=<bound method BuildVerb.main of <colcon_core.verb.build.BuildVerb object at 0x77d741378c80>>)
[0.065s] Level 1:colcon.colcon_core.package_discovery:discover_packages(colcon_meta) check parameters
[0.065s] Level 1:colcon.colcon_core.package_discovery:discover_packages(recursive) check parameters
[0.065s] Level 1:colcon.colcon_core.package_discovery:discover_packages(ignore) check parameters
[0.065s] Level 1:colcon.colcon_core.package_discovery:discover_packages(path) check parameters
[0.065s] Level 1:colcon.colcon_core.package_discovery:discover_packages(colcon_meta) discover
[0.065s] Level 1:colcon.colcon_core.package_discovery:discover_packages(recursive) discover
[0.066s] INFO:colcon.colcon_core.package_discovery:Crawling recursively for packages in '/home/honhe/learn_ros/Chapter2'
[0.066s] Level 1:colcon.colcon_core.package_identification:_identify(.) by extensions ['ignore', 'ignore_ament_install']
[0.066s] Level 1:colcon.colcon_core.package_identification:_identify(.) by extension 'ignore'
[0.066s] Level 1:colcon.colcon_core.package_identification:_identify(.) by extension 'ignore_ament_install'
[0.066s] Level 1:colcon.colcon_core.package_identification:_identify(.) by extensions ['colcon_pkg']
[0.066s] Level 1:colcon.colcon_core.package_identification:_identify(.) by extension 'colcon_pkg'
[0.066s] Level 1:colcon.colcon_core.package_identification:_identify(.) by extensions ['colcon_meta']
[0.066s] Level 1:colcon.colcon_core.package_identification:_identify(.) by extension 'colcon_meta'
[0.066s] Level 1:colcon.colcon_core.package_identification:_identify(.) by extensions ['ros']
[0.066s] Level 1:colcon.colcon_core.package_identification:_identify(.) by extension 'ros'
[0.078s] Level 1:colcon.colcon_core.package_identification:_identify(.) by extensions ['cmake', 'python']
[0.078s] Level 1:colcon.colcon_core.package_identification:_identify(.) by extension 'cmake'
[0.078s] Level 1:colcon.colcon_core.package_identification:_identify(.) by extension 'python'
[0.078s] Level 1:colcon.colcon_core.package_identification:_identify(.) by extensions ['python_setup_py']
[0.078s] Level 1:colcon.colcon_core.package_identification:_identify(.) by extension 'python_setup_py'
[0.078s] Level 1:colcon.colcon_core.package_identification:_identify(build) by extensions ['ignore', 'ignore_ament_install']
[0.078s] Level 1:colcon.colcon_core.package_identification:_identify(build) by extension 'ignore'
[0.079s] Level 1:colcon.colcon_core.package_identification:_identify(build) ignored
[0.079s] Level 1:colcon.colcon_core.package_identification:_identify(chapt2_ws) by extensions ['ignore', 'ignore_ament_install']
[0.079s] Level 1:colcon.colcon_core.package_identification:_identify(chapt2_ws) by extension 'ignore'
[0.079s] Level 1:colcon.colcon_core.package_identification:_identify(chapt2_ws) by extension 'ignore_ament_install'
[0.079s] Level 1:colcon.colcon_core.package_identification:_identify(chapt2_ws) by extensions ['colcon_pkg']
[0.079s] Level 1:colcon.colcon_core.package_identification:_identify(chapt2_ws) by extension 'colcon_pkg'
[0.079s] Level 1:colcon.colcon_core.package_identification:_identify(chapt2_ws) by extensions ['colcon_meta']
[0.079s] Level 1:colcon.colcon_core.package_identification:_identify(chapt2_ws) by extension 'colcon_meta'
[0.079s] Level 1:colcon.colcon_core.package_identification:_identify(chapt2_ws) by extensions ['ros']
[0.079s] Level 1:colcon.colcon_core.package_identification:_identify(chapt2_ws) by extension 'ros'
[0.079s] Level 1:colcon.colcon_core.package_identification:_identify(chapt2_ws) by extensions ['cmake', 'python']
[0.079s] Level 1:colcon.colcon_core.package_identification:_identify(chapt2_ws) by extension 'cmake'
[0.079s] Level 1:colcon.colcon_core.package_identification:_identify(chapt2_ws) by extension 'python'
[0.079s] Level 1:colcon.colcon_core.package_identification:_identify(chapt2_ws) by extensions ['python_setup_py']
[0.079s] Level 1:colcon.colcon_core.package_identification:_identify(chapt2_ws) by extension 'python_setup_py'
[0.079s] Level 1:colcon.colcon_core.package_identification:_identify(chapt2_ws/build) by extensions ['ignore', 'ignore_ament_install']
[0.079s] Level 1:colcon.colcon_core.package_identification:_identify(chapt2_ws/build) by extension 'ignore'
[0.079s] Level 1:colcon.colcon_core.package_identification:_identify(chapt2_ws/build) ignored
[0.079s] Level 1:colcon.colcon_core.package_identification:_identify(chapt2_ws/install) by extensions ['ignore', 'ignore_ament_install']
[0.079s] Level 1:colcon.colcon_core.package_identification:_identify(chapt2_ws/install) by extension 'ignore'
[0.079s] Level 1:colcon.colcon_core.package_identification:_identify(chapt2_ws/install) ignored
[0.079s] Level 1:colcon.colcon_core.package_identification:_identify(chapt2_ws/log) by extensions ['ignore', 'ignore_ament_install']
[0.079s] Level 1:colcon.colcon_core.package_identification:_identify(chapt2_ws/log) by extension 'ignore'
[0.079s] Level 1:colcon.colcon_core.package_identification:_identify(chapt2_ws/log) ignored
[0.079s] Level 1:colcon.colcon_core.package_identification:_identify(chapt2_ws/src) by extensions ['ignore', 'ignore_ament_install']
[0.079s] Level 1:colcon.colcon_core.package_identification:_identify(chapt2_ws/src) by extension 'ignore'
[0.079s] Level 1:colcon.colcon_core.package_identification:_identify(chapt2_ws/src) by extension 'ignore_ament_install'
[0.079s] Level 1:colcon.colcon_core.package_identification:_identify(chapt2_ws/src) by extensions ['colcon_pkg']
[0.079s] Level 1:colcon.colcon_core.package_identification:_identify(chapt2_ws/src) by extension 'colcon_pkg'
[0.079s] Level 1:colcon.colcon_core.package_identification:_identify(chapt2_ws/src) by extensions ['colcon_meta']
[0.079s] Level 1:colcon.colcon_core.package_identification:_identify(chapt2_ws/src) by extension 'colcon_meta'
[0.079s] Level 1:colcon.colcon_core.package_identification:_identify(chapt2_ws/src) by extensions ['ros']
[0.079s] Level 1:colcon.colcon_core.package_identification:_identify(chapt2_ws/src) by extension 'ros'
[0.080s] Level 1:colcon.colcon_core.package_identification:_identify(chapt2_ws/src) by extensions ['cmake', 'python']
[0.080s] Level 1:colcon.colcon_core.package_identification:_identify(chapt2_ws/src) by extension 'cmake'
[0.080s] Level 1:colcon.colcon_core.package_identification:_identify(chapt2_ws/src) by extension 'python'
[0.080s] Level 1:colcon.colcon_core.package_identification:_identify(chapt2_ws/src) by extensions ['python_setup_py']
[0.080s] Level 1:colcon.colcon_core.package_identification:_identify(chapt2_ws/src) by extension 'python_setup_py'
[0.080s] Level 1:colcon.colcon_core.package_identification:_identify(chapt2_ws/src/demo_cpp_pkg) by extensions ['ignore', 'ignore_ament_install']
[0.080s] Level 1:colcon.colcon_core.package_identification:_identify(chapt2_ws/src/demo_cpp_pkg) by extension 'ignore'
[0.080s] Level 1:colcon.colcon_core.package_identification:_identify(chapt2_ws/src/demo_cpp_pkg) by extension 'ignore_ament_install'
[0.080s] Level 1:colcon.colcon_core.package_identification:_identify(chapt2_ws/src/demo_cpp_pkg) by extensions ['colcon_pkg']
[0.080s] Level 1:colcon.colcon_core.package_identification:_identify(chapt2_ws/src/demo_cpp_pkg) by extension 'colcon_pkg'
[0.080s] Level 1:colcon.colcon_core.package_identification:_identify(chapt2_ws/src/demo_cpp_pkg) by extensions ['colcon_meta']
[0.080s] Level 1:colcon.colcon_core.package_identification:_identify(chapt2_ws/src/demo_cpp_pkg) by extension 'colcon_meta'
[0.080s] Level 1:colcon.colcon_core.package_identification:_identify(chapt2_ws/src/demo_cpp_pkg) by extensions ['ros']
[0.080s] Level 1:colcon.colcon_core.package_identification:_identify(chapt2_ws/src/demo_cpp_pkg) by extension 'ros'
[0.081s] DEBUG:colcon.colcon_core.package_identification:Package 'chapt2_ws/src/demo_cpp_pkg' with type 'ros.ament_cmake' and name 'demo_cpp_pkg'
[0.081s] Level 1:colcon.colcon_core.package_identification:_identify(chapt2_ws/src/demo_python_pkg) by extensions ['ignore', 'ignore_ament_install']
[0.081s] Level 1:colcon.colcon_core.package_identification:_identify(chapt2_ws/src/demo_python_pkg) by extension 'ignore'
[0.081s] Level 1:colcon.colcon_core.package_identification:_identify(chapt2_ws/src/demo_python_pkg) by extension 'ignore_ament_install'
[0.081s] Level 1:colcon.colcon_core.package_identification:_identify(chapt2_ws/src/demo_python_pkg) by extensions ['colcon_pkg']
[0.081s] Level 1:colcon.colcon_core.package_identification:_identify(chapt2_ws/src/demo_python_pkg) by extension 'colcon_pkg'
[0.081s] Level 1:colcon.colcon_core.package_identification:_identify(chapt2_ws/src/demo_python_pkg) by extensions ['colcon_meta']
[0.081s] Level 1:colcon.colcon_core.package_identification:_identify(chapt2_ws/src/demo_python_pkg) by extension 'colcon_meta'
[0.081s] Level 1:colcon.colcon_core.package_identification:_identify(chapt2_ws/src/demo_python_pkg) by extensions ['ros']
[0.081s] Level 1:colcon.colcon_core.package_identification:_identify(chapt2_ws/src/demo_python_pkg) by extension 'ros'
[0.082s] DEBUG:colcon.colcon_core.package_identification:Package 'chapt2_ws/src/demo_python_pkg' with type 'ros.ament_python' and name 'demo_python_pkg'
[0.082s] Level 1:colcon.colcon_core.package_identification:_identify(install) by extensions ['ignore', 'ignore_ament_install']
[0.082s] Level 1:colcon.colcon_core.package_identification:_identify(install) by extension 'ignore'
[0.082s] Level 1:colcon.colcon_core.package_identification:_identify(install) ignored
[0.082s] Level 1:colcon.colcon_core.package_identification:_identify(log) by extensions ['ignore', 'ignore_ament_install']
[0.082s] Level 1:colcon.colcon_core.package_identification:_identify(log) by extension 'ignore'
[0.082s] Level 1:colcon.colcon_core.package_identification:_identify(log) ignored
[0.082s] Level 1:colcon.colcon_core.package_discovery:discover_packages(recursive) using defaults
[0.082s] Level 1:colcon.colcon_core.package_discovery:discover_packages(ignore) discover
[0.082s] Level 1:colcon.colcon_core.package_discovery:discover_packages(ignore) using defaults
[0.082s] Level 1:colcon.colcon_core.package_discovery:discover_packages(path) discover
[0.082s] Level 1:colcon.colcon_core.package_discovery:discover_packages(path) using defaults
[0.090s] Level 1:colcon.colcon_core.package_discovery:discover_packages(prefix_path) check parameters
[0.090s] Level 1:colcon.colcon_core.package_discovery:discover_packages(prefix_path) discover
[0.091s] DEBUG:colcon.colcon_installed_package_information.package_discovery:Found 2 installed packages in /home/honhe/learn_ros/Chapter2/install
[0.092s] DEBUG:colcon.colcon_installed_package_information.package_discovery:Found 285 installed packages in /opt/ros/jazzy
[0.092s] Level 1:colcon.colcon_core.package_discovery:discover_packages(prefix_path) using defaults
[0.109s] Level 5:colcon.colcon_core.verb:set package 'demo_cpp_pkg' build argument 'cmake_args' from command line to 'None'
[0.109s] Level 5:colcon.colcon_core.verb:set package 'demo_cpp_pkg' build argument 'cmake_target' from command line to 'None'
[0.109s] Level 5:colcon.colcon_core.verb:set package 'demo_cpp_pkg' build argument 'cmake_target_skip_unavailable' from command line to 'False'
[0.109s] Level 5:colcon.colcon_core.verb:set package 'demo_cpp_pkg' build argument 'cmake_clean_cache' from command line to 'False'
[0.109s] Level 5:colcon.colcon_core.verb:set package 'demo_cpp_pkg' build argument 'cmake_clean_first' from command line to 'False'
[0.109s] Level 5:colcon.colcon_core.verb:set package 'demo_cpp_pkg' build argument 'cmake_force_configure' from command line to 'False'
[0.109s] Level 5:colcon.colcon_core.verb:set package 'demo_cpp_pkg' build argument 'ament_cmake_args' from command line to 'None'
[0.109s] Level 5:colcon.colcon_core.verb:set package 'demo_cpp_pkg' build argument 'catkin_cmake_args' from command line to 'None'
[0.109s] Level 5:colcon.colcon_core.verb:set package 'demo_cpp_pkg' build argument 'catkin_skip_building_tests' from command line to 'False'
[0.109s] DEBUG:colcon.colcon_core.verb:Building package 'demo_cpp_pkg' with the following arguments: {'ament_cmake_args': None, 'build_base': '/home/honhe/learn_ros/Chapter2/build/demo_cpp_pkg', 'catkin_cmake_args': None, 'catkin_skip_building_tests': False, 'cmake_args': None, 'cmake_clean_cache': False, 'cmake_clean_first': False, 'cmake_force_configure': False, 'cmake_target': None, 'cmake_target_skip_unavailable': False, 'install_base': '/home/honhe/learn_ros/Chapter2/install/demo_cpp_pkg', 'merge_install': False, 'path': '/home/honhe/learn_ros/Chapter2/chapt2_ws/src/demo_cpp_pkg', 'symlink_install': False, 'test_result_base': None}
[0.109s] Level 5:colcon.colcon_core.verb:set package 'demo_python_pkg' build argument 'cmake_args' from command line to 'None'
[0.109s] Level 5:colcon.colcon_core.verb:set package 'demo_python_pkg' build argument 'cmake_target' from command line to 'None'
[0.109s] Level 5:colcon.colcon_core.verb:set package 'demo_python_pkg' build argument 'cmake_target_skip_unavailable' from command line to 'False'
[0.109s] Level 5:colcon.colcon_core.verb:set package 'demo_python_pkg' build argument 'cmake_clean_cache' from command line to 'False'
[0.109s] Level 5:colcon.colcon_core.verb:set package 'demo_python_pkg' build argument 'cmake_clean_first' from command line to 'False'
[0.109s] Level 5:colcon.colcon_core.verb:set package 'demo_python_pkg' build argument 'cmake_force_configure' from command line to 'False'
[0.109s] Level 5:colcon.colcon_core.verb:set package 'demo_python_pkg' build argument 'ament_cmake_args' from command line to 'None'
[0.109s] Level 5:colcon.colcon_core.verb:set package 'demo_python_pkg' build argument 'catkin_cmake_args' from command line to 'None'
[0.109s] Level 5:colcon.colcon_core.verb:set package 'demo_python_pkg' build argument 'catkin_skip_building_tests' from command line to 'False'
[0.109s] DEBUG:colcon.colcon_core.verb:Building package 'demo_python_pkg' with the following arguments: {'ament_cmake_args': None, 'build_base': '/home/honhe/learn_ros/Chapter2/build/demo_python_pkg', 'catkin_cmake_args': None, 'catkin_skip_building_tests': False, 'cmake_args': None, 'cmake_clean_cache': False, 'cmake_clean_first': False, 'cmake_force_configure': False, 'cmake_target': None, 'cmake_target_skip_unavailable': False, 'install_base': '/home/honhe/learn_ros/Chapter2/install/demo_python_pkg', 'merge_install': False, 'path': '/home/honhe/learn_ros/Chapter2/chapt2_ws/src/demo_python_pkg', 'symlink_install': False, 'test_result_base': None}
[0.109s] INFO:colcon.colcon_core.executor:Executing jobs using 'parallel' executor
[0.110s] DEBUG:colcon.colcon_parallel_executor.executor.parallel:run_until_complete
[0.110s] INFO:colcon.colcon_ros.task.ament_cmake.build:Building ROS package in '/home/honhe/learn_ros/Chapter2/chapt2_ws/src/demo_cpp_pkg' with build type 'ament_cmake'
[0.110s] INFO:colcon.colcon_cmake.task.cmake.build:Building CMake package in '/home/honhe/learn_ros/Chapter2/chapt2_ws/src/demo_cpp_pkg'
[0.111s] INFO:colcon.colcon_core.plugin_system:Skipping extension 'colcon_core.shell.bat': Not used on non-Windows systems
[0.111s] INFO:colcon.colcon_core.shell:Skip shell extension 'powershell' for command environment: Not usable outside of PowerShell
[0.111s] DEBUG:colcon.colcon_core.shell:Skip shell extension 'dsv' for command environment
[0.115s] DEBUG:colcon.colcon_core.event_handler.log_command:Invoking command in '/home/honhe/learn_ros/Chapter2/build/demo_cpp_pkg': CMAKE_PREFIX_PATH=${CMAKE_PREFIX_PATH}:/home/honhe/learn_ros/Chapter2/install/demo_python_pkg:/opt/ros/jazzy DEBUGINFOD_URLS=https://debuginfod.ubuntu.com /usr/bin/cmake --build /home/honhe/learn_ros/Chapter2/build/demo_cpp_pkg -- -j32 -l32
[0.166s] DEBUG:colcon.colcon_core.event_handler.log_command:Invoked command in '/home/honhe/learn_ros/Chapter2/build/demo_cpp_pkg' returned '0': CMAKE_PREFIX_PATH=${CMAKE_PREFIX_PATH}:/home/honhe/learn_ros/Chapter2/install/demo_python_pkg:/opt/ros/jazzy DEBUGINFOD_URLS=https://debuginfod.ubuntu.com /usr/bin/cmake --build /home/honhe/learn_ros/Chapter2/build/demo_cpp_pkg -- -j32 -l32
[0.177s] DEBUG:colcon.colcon_core.event_handler.log_command:Invoking command in '/home/honhe/learn_ros/Chapter2/build/demo_cpp_pkg': CMAKE_PREFIX_PATH=${CMAKE_PREFIX_PATH}:/home/honhe/learn_ros/Chapter2/install/demo_python_pkg:/opt/ros/jazzy DEBUGINFOD_URLS=https://debuginfod.ubuntu.com /usr/bin/cmake --install /home/honhe/learn_ros/Chapter2/build/demo_cpp_pkg
[0.198s] Level 1:colcon.colcon_core.environment:create_environment_scripts_only(demo_cpp_pkg)
[0.199s] DEBUG:colcon.colcon_core.event_handler.log_command:Invoked command in '/home/honhe/learn_ros/Chapter2/build/demo_cpp_pkg' returned '0': CMAKE_PREFIX_PATH=${CMAKE_PREFIX_PATH}:/home/honhe/learn_ros/Chapter2/install/demo_python_pkg:/opt/ros/jazzy DEBUGINFOD_URLS=https://debuginfod.ubuntu.com /usr/bin/cmake --install /home/honhe/learn_ros/Chapter2/build/demo_cpp_pkg
[0.202s] Level 1:colcon.colcon_core.environment:checking '/home/honhe/learn_ros/Chapter2/install/demo_cpp_pkg' for CMake module files
[0.203s] Level 1:colcon.colcon_core.environment:checking '/home/honhe/learn_ros/Chapter2/install/demo_cpp_pkg' for CMake config files
[0.203s] Level 1:colcon.colcon_core.shell:create_environment_hook('demo_cpp_pkg', 'cmake_prefix_path')
[0.203s] INFO:colcon.colcon_core.shell:Creating environment hook '/home/honhe/learn_ros/Chapter2/install/demo_cpp_pkg/share/demo_cpp_pkg/hook/cmake_prefix_path.ps1'
[0.204s] INFO:colcon.colcon_core.shell:Creating environment descriptor '/home/honhe/learn_ros/Chapter2/install/demo_cpp_pkg/share/demo_cpp_pkg/hook/cmake_prefix_path.dsv'
[0.205s] INFO:colcon.colcon_core.shell:Creating environment hook '/home/honhe/learn_ros/Chapter2/install/demo_cpp_pkg/share/demo_cpp_pkg/hook/cmake_prefix_path.sh'
[0.206s] Level 1:colcon.colcon_core.environment:checking '/home/honhe/learn_ros/Chapter2/install/demo_cpp_pkg/lib'
[0.207s] Level 1:colcon.colcon_core.environment:checking '/home/honhe/learn_ros/Chapter2/install/demo_cpp_pkg/bin'
[0.207s] Level 1:colcon.colcon_core.environment:checking '/home/honhe/learn_ros/Chapter2/install/demo_cpp_pkg/lib/pkgconfig/demo_cpp_pkg.pc'
[0.207s] Level 1:colcon.colcon_core.environment:checking '/home/honhe/learn_ros/Chapter2/install/demo_cpp_pkg/lib/python3.12/site-packages'
[0.207s] Level 1:colcon.colcon_core.environment:checking '/home/honhe/learn_ros/Chapter2/install/demo_cpp_pkg/bin'
[0.208s] INFO:colcon.colcon_core.shell:Creating package script '/home/honhe/learn_ros/Chapter2/install/demo_cpp_pkg/share/demo_cpp_pkg/package.ps1'
[0.209s] INFO:colcon.colcon_core.shell:Creating package descriptor '/home/honhe/learn_ros/Chapter2/install/demo_cpp_pkg/share/demo_cpp_pkg/package.dsv'
[0.209s] INFO:colcon.colcon_core.shell:Creating package script '/home/honhe/learn_ros/Chapter2/install/demo_cpp_pkg/share/demo_cpp_pkg/package.sh'
[0.210s] INFO:colcon.colcon_core.shell:Creating package script '/home/honhe/learn_ros/Chapter2/install/demo_cpp_pkg/share/demo_cpp_pkg/package.bash'
[0.211s] INFO:colcon.colcon_core.shell:Creating package script '/home/honhe/learn_ros/Chapter2/install/demo_cpp_pkg/share/demo_cpp_pkg/package.zsh'
[0.211s] Level 1:colcon.colcon_core.environment:create_file_with_runtime_dependencies(/home/honhe/learn_ros/Chapter2/install/demo_cpp_pkg/share/colcon-core/packages/demo_cpp_pkg)
[0.212s] Level 1:colcon.colcon_core.environment:create_environment_scripts_only(demo_cpp_pkg)
[0.212s] Level 1:colcon.colcon_core.environment:checking '/home/honhe/learn_ros/Chapter2/install/demo_cpp_pkg' for CMake module files
[0.212s] Level 1:colcon.colcon_core.environment:checking '/home/honhe/learn_ros/Chapter2/install/demo_cpp_pkg' for CMake config files
[0.212s] Level 1:colcon.colcon_core.shell:create_environment_hook('demo_cpp_pkg', 'cmake_prefix_path')
[0.213s] INFO:colcon.colcon_core.shell:Creating environment hook '/home/honhe/learn_ros/Chapter2/install/demo_cpp_pkg/share/demo_cpp_pkg/hook/cmake_prefix_path.ps1'
[0.213s] INFO:colcon.colcon_core.shell:Creating environment descriptor '/home/honhe/learn_ros/Chapter2/install/demo_cpp_pkg/share/demo_cpp_pkg/hook/cmake_prefix_path.dsv'
[0.213s] INFO:colcon.colcon_core.shell:Creating environment hook '/home/honhe/learn_ros/Chapter2/install/demo_cpp_pkg/share/demo_cpp_pkg/hook/cmake_prefix_path.sh'
[0.213s] Level 1:colcon.colcon_core.environment:checking '/home/honhe/learn_ros/Chapter2/install/demo_cpp_pkg/lib'
[0.214s] Level 1:colcon.colcon_core.environment:checking '/home/honhe/learn_ros/Chapter2/install/demo_cpp_pkg/bin'
[0.214s] Level 1:colcon.colcon_core.environment:checking '/home/honhe/learn_ros/Chapter2/install/demo_cpp_pkg/lib/pkgconfig/demo_cpp_pkg.pc'
[0.214s] Level 1:colcon.colcon_core.environment:checking '/home/honhe/learn_ros/Chapter2/install/demo_cpp_pkg/lib/python3.12/site-packages'
[0.214s] Level 1:colcon.colcon_core.environment:checking '/home/honhe/learn_ros/Chapter2/install/demo_cpp_pkg/bin'
[0.214s] INFO:colcon.colcon_core.shell:Creating package script '/home/honhe/learn_ros/Chapter2/install/demo_cpp_pkg/share/demo_cpp_pkg/package.ps1'
[0.214s] INFO:colcon.colcon_core.shell:Creating package descriptor '/home/honhe/learn_ros/Chapter2/install/demo_cpp_pkg/share/demo_cpp_pkg/package.dsv'
[0.215s] INFO:colcon.colcon_core.shell:Creating package script '/home/honhe/learn_ros/Chapter2/install/demo_cpp_pkg/share/demo_cpp_pkg/package.sh'
[0.215s] INFO:colcon.colcon_core.shell:Creating package script '/home/honhe/learn_ros/Chapter2/install/demo_cpp_pkg/share/demo_cpp_pkg/package.bash'
[0.215s] INFO:colcon.colcon_core.shell:Creating package script '/home/honhe/learn_ros/Chapter2/install/demo_cpp_pkg/share/demo_cpp_pkg/package.zsh'
[0.215s] Level 1:colcon.colcon_core.environment:create_file_with_runtime_dependencies(/home/honhe/learn_ros/Chapter2/install/demo_cpp_pkg/share/colcon-core/packages/demo_cpp_pkg)
[0.215s] INFO:colcon.colcon_ros.task.ament_python.build:Building ROS package in '/home/honhe/learn_ros/Chapter2/chapt2_ws/src/demo_python_pkg' with build type 'ament_python'
[0.215s] Level 1:colcon.colcon_core.shell:create_environment_hook('demo_python_pkg', 'ament_prefix_path')
[0.216s] INFO:colcon.colcon_core.shell:Creating environment hook '/home/honhe/learn_ros/Chapter2/install/demo_python_pkg/share/demo_python_pkg/hook/ament_prefix_path.ps1'
[0.216s] INFO:colcon.colcon_core.shell:Creating environment descriptor '/home/honhe/learn_ros/Chapter2/install/demo_python_pkg/share/demo_python_pkg/hook/ament_prefix_path.dsv'
[0.216s] INFO:colcon.colcon_core.shell:Creating environment hook '/home/honhe/learn_ros/Chapter2/install/demo_python_pkg/share/demo_python_pkg/hook/ament_prefix_path.sh'
[0.217s] INFO:colcon.colcon_core.shell:Skip shell extension 'powershell' for command environment: Not usable outside of PowerShell
[0.217s] DEBUG:colcon.colcon_core.shell:Skip shell extension 'dsv' for command environment
[0.326s] INFO:colcon.colcon_core.task.python.build:Building Python package in '/home/honhe/learn_ros/Chapter2/chapt2_ws/src/demo_python_pkg'
[0.326s] INFO:colcon.colcon_core.shell:Skip shell extension 'powershell' for command environment: Not usable outside of PowerShell
[0.326s] DEBUG:colcon.colcon_core.shell:Skip shell extension 'dsv' for command environment
[0.574s] DEBUG:colcon.colcon_core.event_handler.log_command:Invoking command in '/home/honhe/learn_ros/Chapter2/chapt2_ws/src/demo_python_pkg': DEBUGINFOD_URLS=https://debuginfod.ubuntu.com PYTHONPATH=/home/honhe/learn_ros/Chapter2/build/demo_python_pkg/prefix_override:/usr/lib/python3/dist-packages/colcon_core/task/python/colcon_distutils_commands:/home/honhe/learn_ros/Chapter2/install/demo_python_pkg/lib/python3.12/site-packages:${PYTHONPATH} /usr/bin/python3 -W ignore:setup.py install is deprecated -W ignore:easy_install command is deprecated setup.py egg_info --egg-base ../../../build/demo_python_pkg build --build-base /home/honhe/learn_ros/Chapter2/build/demo_python_pkg/build install --record /home/honhe/learn_ros/Chapter2/build/demo_python_pkg/install.log --single-version-externally-managed install_data
[0.803s] Level 1:colcon.colcon_core.environment:checking '/home/honhe/learn_ros/Chapter2/install/demo_python_pkg' for CMake module files
[0.804s] DEBUG:colcon.colcon_core.event_handler.log_command:Invoked command in '/home/honhe/learn_ros/Chapter2/chapt2_ws/src/demo_python_pkg' returned '0': DEBUGINFOD_URLS=https://debuginfod.ubuntu.com PYTHONPATH=/home/honhe/learn_ros/Chapter2/build/demo_python_pkg/prefix_override:/usr/lib/python3/dist-packages/colcon_core/task/python/colcon_distutils_commands:/home/honhe/learn_ros/Chapter2/install/demo_python_pkg/lib/python3.12/site-packages:${PYTHONPATH} /usr/bin/python3 -W ignore:setup.py install is deprecated -W ignore:easy_install command is deprecated setup.py egg_info --egg-base ../../../build/demo_python_pkg build --build-base /home/honhe/learn_ros/Chapter2/build/demo_python_pkg/build install --record /home/honhe/learn_ros/Chapter2/build/demo_python_pkg/install.log --single-version-externally-managed install_data
[0.804s] Level 1:colcon.colcon_core.environment:checking '/home/honhe/learn_ros/Chapter2/install/demo_python_pkg' for CMake config files
[0.804s] Level 1:colcon.colcon_core.environment:checking '/home/honhe/learn_ros/Chapter2/install/demo_python_pkg/lib'
[0.804s] Level 1:colcon.colcon_core.environment:checking '/home/honhe/learn_ros/Chapter2/install/demo_python_pkg/bin'
[0.804s] Level 1:colcon.colcon_core.environment:checking '/home/honhe/learn_ros/Chapter2/install/demo_python_pkg/lib/pkgconfig/demo_python_pkg.pc'
[0.804s] Level 1:colcon.colcon_core.environment:checking '/home/honhe/learn_ros/Chapter2/install/demo_python_pkg/lib/python3.12/site-packages'
[0.804s] Level 1:colcon.colcon_core.shell:create_environment_hook('demo_python_pkg', 'pythonpath')
[0.804s] INFO:colcon.colcon_core.shell:Creating environment hook '/home/honhe/learn_ros/Chapter2/install/demo_python_pkg/share/demo_python_pkg/hook/pythonpath.ps1'
[0.805s] INFO:colcon.colcon_core.shell:Creating environment descriptor '/home/honhe/learn_ros/Chapter2/install/demo_python_pkg/share/demo_python_pkg/hook/pythonpath.dsv'
[0.805s] INFO:colcon.colcon_core.shell:Creating environment hook '/home/honhe/learn_ros/Chapter2/install/demo_python_pkg/share/demo_python_pkg/hook/pythonpath.sh'
[0.805s] Level 1:colcon.colcon_core.environment:checking '/home/honhe/learn_ros/Chapter2/install/demo_python_pkg/bin'
[0.805s] Level 1:colcon.colcon_core.environment:create_environment_scripts_only(demo_python_pkg)
[0.805s] INFO:colcon.colcon_core.shell:Creating package script '/home/honhe/learn_ros/Chapter2/install/demo_python_pkg/share/demo_python_pkg/package.ps1'
[0.805s] INFO:colcon.colcon_core.shell:Creating package descriptor '/home/honhe/learn_ros/Chapter2/install/demo_python_pkg/share/demo_python_pkg/package.dsv'
[0.806s] INFO:colcon.colcon_core.shell:Creating package script '/home/honhe/learn_ros/Chapter2/install/demo_python_pkg/share/demo_python_pkg/package.sh'
[0.806s] INFO:colcon.colcon_core.shell:Creating package script '/home/honhe/learn_ros/Chapter2/install/demo_python_pkg/share/demo_python_pkg/package.bash'
[0.806s] INFO:colcon.colcon_core.shell:Creating package script '/home/honhe/learn_ros/Chapter2/install/demo_python_pkg/share/demo_python_pkg/package.zsh'
[0.806s] Level 1:colcon.colcon_core.environment:create_file_with_runtime_dependencies(/home/honhe/learn_ros/Chapter2/install/demo_python_pkg/share/colcon-core/packages/demo_python_pkg)
[0.806s] DEBUG:colcon.colcon_parallel_executor.executor.parallel:closing loop
[0.806s] DEBUG:colcon.colcon_parallel_executor.executor.parallel:loop closed
[0.806s] DEBUG:colcon.colcon_parallel_executor.executor.parallel:run_until_complete finished with '0'
[0.806s] DEBUG:colcon.colcon_core.event_reactor:joining thread
[0.810s] INFO:colcon.colcon_core.plugin_system:Skipping extension 'colcon_notification.desktop_notification.terminal_notifier': Not used on non-Darwin systems
[0.811s] INFO:colcon.colcon_core.plugin_system:Skipping extension 'colcon_notification.desktop_notification.win32': Not used on non-Windows systems
[0.811s] INFO:colcon.colcon_notification.desktop_notification:Sending desktop notification using 'notify2'
[0.820s] DEBUG:colcon.colcon_core.event_reactor:joined thread
[0.820s] INFO:colcon.colcon_core.shell:Creating prefix script '/home/honhe/learn_ros/Chapter2/install/local_setup.ps1'
[0.820s] INFO:colcon.colcon_core.shell:Creating prefix util module '/home/honhe/learn_ros/Chapter2/install/_local_setup_util_ps1.py'
[0.821s] INFO:colcon.colcon_core.shell:Creating prefix chain script '/home/honhe/learn_ros/Chapter2/install/setup.ps1'
[0.821s] INFO:colcon.colcon_core.shell:Creating prefix script '/home/honhe/learn_ros/Chapter2/install/local_setup.sh'
[0.821s] INFO:colcon.colcon_core.shell:Creating prefix util module '/home/honhe/learn_ros/Chapter2/install/_local_setup_util_sh.py'
[0.822s] INFO:colcon.colcon_core.shell:Creating prefix chain script '/home/honhe/learn_ros/Chapter2/install/setup.sh'
[0.822s] INFO:colcon.colcon_core.shell:Creating prefix script '/home/honhe/learn_ros/Chapter2/install/local_setup.bash'
[0.823s] INFO:colcon.colcon_core.shell:Creating prefix chain script '/home/honhe/learn_ros/Chapter2/install/setup.bash'
[0.823s] INFO:colcon.colcon_core.shell:Creating prefix script '/home/honhe/learn_ros/Chapter2/install/local_setup.zsh'
[0.823s] INFO:colcon.colcon_core.shell:Creating prefix chain script '/home/honhe/learn_ros/Chapter2/install/setup.zsh'
