[0.007s] Invoking command in '/home/honhe/learn_ros/Chapter4/Chapter4_ws/build/demo_cpp_service': CMAKE_PREFIX_PATH=/home/honhe/learn_ros/Chapter4/Chapter4_ws/install/chapt4_interfaces:/home/honhe/learn_ros/Chapter4/Chapter4_ws/install/demo_cpp_service:/opt/ros/jazzy/opt/gz_math_vendor:/opt/ros/jazzy/opt/gz_utils_vendor:/opt/ros/jazzy/opt/gz_cmake_vendor:/home/honhe/learn_ros/Chapter4/Chapter4_ws/install/demo_python_service:/opt/ros/jazzy DEBUGINFOD_URLS=https://debuginfod.ubuntu.com PYTHONPATH=/home/honhe/learn_ros/Chapter4/Chapter4_ws/install/chapt4_interfaces/lib/python3.12/site-packages:/home/honhe/learn_ros/Chapter4/Chapter4_ws/install/demo_python_service/lib/python3.12/site-packages:/opt/ros/jazzy/lib/python3.12/site-packages VIRTUAL_ENV_PROMPT=(learn_ros_venv) /usr/bin/cmake --build /home/honhe/learn_ros/Chapter4/Chapter4_ws/build/demo_cpp_service -- -j32 -l32
[0.032s] -- Found ament_cmake: 2.5.3 (/opt/ros/jazzy/share/ament_cmake/cmake)
[0.170s] -- Found chapt4_interfaces: 0.0.0 (/home/honhe/learn_ros/Chapter4/Chapter4_ws/install/chapt4_interfaces/share/chapt4_interfaces/cmake)
[0.190s] -- Found rosidl_generator_c: 4.6.5 (/opt/ros/jazzy/share/rosidl_generator_c/cmake)
[0.198s] -- Found rosidl_generator_cpp: 4.6.5 (/opt/ros/jazzy/share/rosidl_generator_cpp/cmake)
[0.207s] -- Using all available rosidl_typesupport_c: rosidl_typesupport_fastrtps_c;rosidl_typesupport_introspection_c
[0.217s] -- Using all available rosidl_typesupport_cpp: rosidl_typesupport_fastrtps_cpp;rosidl_typesupport_introspection_cpp
[0.289s] -- Found rclcpp: 28.1.6 (/opt/ros/jazzy/share/rclcpp/cmake)
[0.316s] -- Found rmw_implementation_cmake: 7.3.1 (/opt/ros/jazzy/share/rmw_implementation_cmake/cmake)
[0.318s] -- Found rmw_fastrtps_cpp: 8.4.1 (/opt/ros/jazzy/share/rmw_fastrtps_cpp/cmake)
[0.368s] -- Using RMW implementation 'rmw_fastrtps_cpp' as default
[0.416s] -- Found turtlesim: 1.8.3 (/opt/ros/jazzy/share/turtlesim/cmake)
[0.456s] -- Found ament_lint_auto: 0.17.1 (/opt/ros/jazzy/share/ament_lint_auto/cmake)
[0.518s] -- Added test 'cppcheck' to perform static code analysis on C / C++ code
[0.518s] -- Configured cppcheck include dirs: 
[0.518s] -- Configured cppcheck exclude dirs and/or files: 
[0.518s] -- Added test 'flake8' to check Python code syntax and style conventions
[0.518s] -- Configured 'flake8' exclude dirs and/or files: 
[0.518s] -- Added test 'lint_cmake' to check CMake code style
[0.518s] -- Added test 'pep257' to check Python code against some of the docstring style conventions in PEP 257
[0.519s] -- Added test 'uncrustify' to check C / C++ code style
[0.519s] -- Configured uncrustify additional arguments: 
[0.519s] -- Added test 'xmllint' to check XML markup files
[0.520s] -- Configuring done (0.5s)
[0.532s] -- Generating done (0.0s)
[0.536s] -- Build files have been written to: /home/honhe/learn_ros/Chapter4/Chapter4_ws/build/demo_cpp_service
[0.572s] [100%] Built target turtle_control
[0.572s] [100%] Built target patrol_client
[0.580s] Invoked command in '/home/honhe/learn_ros/Chapter4/Chapter4_ws/build/demo_cpp_service' returned '0': CMAKE_PREFIX_PATH=/home/honhe/learn_ros/Chapter4/Chapter4_ws/install/chapt4_interfaces:/home/honhe/learn_ros/Chapter4/Chapter4_ws/install/demo_cpp_service:/opt/ros/jazzy/opt/gz_math_vendor:/opt/ros/jazzy/opt/gz_utils_vendor:/opt/ros/jazzy/opt/gz_cmake_vendor:/home/honhe/learn_ros/Chapter4/Chapter4_ws/install/demo_python_service:/opt/ros/jazzy DEBUGINFOD_URLS=https://debuginfod.ubuntu.com PYTHONPATH=/home/honhe/learn_ros/Chapter4/Chapter4_ws/install/chapt4_interfaces/lib/python3.12/site-packages:/home/honhe/learn_ros/Chapter4/Chapter4_ws/install/demo_python_service/lib/python3.12/site-packages:/opt/ros/jazzy/lib/python3.12/site-packages VIRTUAL_ENV_PROMPT=(learn_ros_venv) /usr/bin/cmake --build /home/honhe/learn_ros/Chapter4/Chapter4_ws/build/demo_cpp_service -- -j32 -l32
[0.580s] Invoking command in '/home/honhe/learn_ros/Chapter4/Chapter4_ws/build/demo_cpp_service': CMAKE_PREFIX_PATH=/home/honhe/learn_ros/Chapter4/Chapter4_ws/install/chapt4_interfaces:/home/honhe/learn_ros/Chapter4/Chapter4_ws/install/demo_cpp_service:/opt/ros/jazzy/opt/gz_math_vendor:/opt/ros/jazzy/opt/gz_utils_vendor:/opt/ros/jazzy/opt/gz_cmake_vendor:/home/honhe/learn_ros/Chapter4/Chapter4_ws/install/demo_python_service:/opt/ros/jazzy DEBUGINFOD_URLS=https://debuginfod.ubuntu.com PYTHONPATH=/home/honhe/learn_ros/Chapter4/Chapter4_ws/install/chapt4_interfaces/lib/python3.12/site-packages:/home/honhe/learn_ros/Chapter4/Chapter4_ws/install/demo_python_service/lib/python3.12/site-packages:/opt/ros/jazzy/lib/python3.12/site-packages VIRTUAL_ENV_PROMPT=(learn_ros_venv) /usr/bin/cmake --install /home/honhe/learn_ros/Chapter4/Chapter4_ws/build/demo_cpp_service
[0.587s] -- Install configuration: ""
[0.587s] -- Up-to-date: /home/honhe/learn_ros/Chapter4/Chapter4_ws/install/demo_cpp_service/lib/demo_cpp_service/turtle_control
[0.587s] -- Up-to-date: /home/honhe/learn_ros/Chapter4/Chapter4_ws/install/demo_cpp_service/lib/demo_cpp_service/patrol_client
[0.587s] -- Installing: /home/honhe/learn_ros/Chapter4/Chapter4_ws/install/demo_cpp_service/share/demo_cpp_service/launch
[0.587s] -- Installing: /home/honhe/learn_ros/Chapter4/Chapter4_ws/install/demo_cpp_service/share/demo_cpp_service/launch/demo.launch.py
[0.587s] -- Up-to-date: /home/honhe/learn_ros/Chapter4/Chapter4_ws/install/demo_cpp_service/share/ament_index/resource_index/package_run_dependencies/demo_cpp_service
[0.587s] -- Up-to-date: /home/honhe/learn_ros/Chapter4/Chapter4_ws/install/demo_cpp_service/share/ament_index/resource_index/parent_prefix_path/demo_cpp_service
[0.588s] -- Up-to-date: /home/honhe/learn_ros/Chapter4/Chapter4_ws/install/demo_cpp_service/share/demo_cpp_service/environment/ament_prefix_path.sh
[0.588s] -- Up-to-date: /home/honhe/learn_ros/Chapter4/Chapter4_ws/install/demo_cpp_service/share/demo_cpp_service/environment/ament_prefix_path.dsv
[0.588s] -- Up-to-date: /home/honhe/learn_ros/Chapter4/Chapter4_ws/install/demo_cpp_service/share/demo_cpp_service/environment/path.sh
[0.588s] -- Up-to-date: /home/honhe/learn_ros/Chapter4/Chapter4_ws/install/demo_cpp_service/share/demo_cpp_service/environment/path.dsv
[0.588s] -- Up-to-date: /home/honhe/learn_ros/Chapter4/Chapter4_ws/install/demo_cpp_service/share/demo_cpp_service/local_setup.bash
[0.588s] -- Up-to-date: /home/honhe/learn_ros/Chapter4/Chapter4_ws/install/demo_cpp_service/share/demo_cpp_service/local_setup.sh
[0.588s] -- Up-to-date: /home/honhe/learn_ros/Chapter4/Chapter4_ws/install/demo_cpp_service/share/demo_cpp_service/local_setup.zsh
[0.588s] -- Up-to-date: /home/honhe/learn_ros/Chapter4/Chapter4_ws/install/demo_cpp_service/share/demo_cpp_service/local_setup.dsv
[0.588s] -- Installing: /home/honhe/learn_ros/Chapter4/Chapter4_ws/install/demo_cpp_service/share/demo_cpp_service/package.dsv
[0.588s] -- Up-to-date: /home/honhe/learn_ros/Chapter4/Chapter4_ws/install/demo_cpp_service/share/ament_index/resource_index/packages/demo_cpp_service
[0.588s] -- Up-to-date: /home/honhe/learn_ros/Chapter4/Chapter4_ws/install/demo_cpp_service/share/demo_cpp_service/cmake/demo_cpp_serviceConfig.cmake
[0.588s] -- Up-to-date: /home/honhe/learn_ros/Chapter4/Chapter4_ws/install/demo_cpp_service/share/demo_cpp_service/cmake/demo_cpp_serviceConfig-version.cmake
[0.588s] -- Up-to-date: /home/honhe/learn_ros/Chapter4/Chapter4_ws/install/demo_cpp_service/share/demo_cpp_service/package.xml
[0.589s] Invoked command in '/home/honhe/learn_ros/Chapter4/Chapter4_ws/build/demo_cpp_service' returned '0': CMAKE_PREFIX_PATH=/home/honhe/learn_ros/Chapter4/Chapter4_ws/install/chapt4_interfaces:/home/honhe/learn_ros/Chapter4/Chapter4_ws/install/demo_cpp_service:/opt/ros/jazzy/opt/gz_math_vendor:/opt/ros/jazzy/opt/gz_utils_vendor:/opt/ros/jazzy/opt/gz_cmake_vendor:/home/honhe/learn_ros/Chapter4/Chapter4_ws/install/demo_python_service:/opt/ros/jazzy DEBUGINFOD_URLS=https://debuginfod.ubuntu.com PYTHONPATH=/home/honhe/learn_ros/Chapter4/Chapter4_ws/install/chapt4_interfaces/lib/python3.12/site-packages:/home/honhe/learn_ros/Chapter4/Chapter4_ws/install/demo_python_service/lib/python3.12/site-packages:/opt/ros/jazzy/lib/python3.12/site-packages VIRTUAL_ENV_PROMPT=(learn_ros_venv) /usr/bin/cmake --install /home/honhe/learn_ros/Chapter4/Chapter4_ws/build/demo_cpp_service
