[0.013s] Invoking command in '/home/honhe/learn_ros/Chapter7/chapt7_ws/build/autopatrol_interfaces': CMAKE_PREFIX_PATH=${CMAKE_PREFIX_PATH}:/home/honhe/learn_ros/Chapter7/chapt7_ws/install/fishbot_application:/home/honhe/learn_ros/Chapter7/chapt7_ws/install/autopatrol_robot:/opt/ros/jazzy DEBUGINFOD_URLS=https://debuginfod.ubuntu.com VIRTUAL_ENV_PROMPT=(learn_ros_venv) /usr/bin/cmake --build /home/honhe/learn_ros/Chapter7/chapt7_ws/build/autopatrol_interfaces -- -j32 -l32
[0.251s] [  2%] Built target autopatrol_interfaces__rosidl_generator_type_description
[0.251s] [  2%] Built target ament_cmake_python_copy_autopatrol_interfaces
[0.251s] [  5%] Built target autopatrol_interfaces__cpp
[0.251s] [ 20%] Built target autopatrol_interfaces__rosidl_generator_c
[0.251s] [ 29%] Built target autopatrol_interfaces__rosidl_typesupport_fastrtps_c
[0.251s] [ 38%] Built target autopatrol_interfaces__rosidl_typesupport_c
[0.251s] [ 55%] Built target autopatrol_interfaces__rosidl_typesupport_cpp
[0.251s] [ 55%] Built target autopatrol_interfaces__rosidl_typesupport_introspection_c
[0.251s] [ 64%] Built target autopatrol_interfaces__rosidl_typesupport_introspection_cpp
[0.251s] [ 73%] Built target autopatrol_interfaces__rosidl_typesupport_fastrtps_cpp
[0.251s] [ 73%] Built target autopatrol_interfaces
[0.251s] [ 76%] Built target autopatrol_interfaces__py
[0.251s] [ 82%] Built target autopatrol_interfaces__rosidl_generator_py
[0.252s] [ 88%] Built target autopatrol_interfaces_s__rosidl_typesupport_fastrtps_c
[0.252s] [ 94%] Built target autopatrol_interfaces_s__rosidl_typesupport_c
[0.252s] [100%] Built target autopatrol_interfaces_s__rosidl_typesupport_introspection_c
[0.252s] running egg_info
[0.252s] writing autopatrol_interfaces.egg-info/PKG-INFO
[0.252s] writing dependency_links to autopatrol_interfaces.egg-info/dependency_links.txt
[0.252s] writing top-level names to autopatrol_interfaces.egg-info/top_level.txt
[0.252s] reading manifest file 'autopatrol_interfaces.egg-info/SOURCES.txt'
[0.252s] writing manifest file 'autopatrol_interfaces.egg-info/SOURCES.txt'
[0.252s] [100%] Built target ament_cmake_python_build_autopatrol_interfaces_egg
[0.255s] Invoked command in '/home/honhe/learn_ros/Chapter7/chapt7_ws/build/autopatrol_interfaces' returned '0': CMAKE_PREFIX_PATH=${CMAKE_PREFIX_PATH}:/home/honhe/learn_ros/Chapter7/chapt7_ws/install/fishbot_application:/home/honhe/learn_ros/Chapter7/chapt7_ws/install/autopatrol_robot:/opt/ros/jazzy DEBUGINFOD_URLS=https://debuginfod.ubuntu.com VIRTUAL_ENV_PROMPT=(learn_ros_venv) /usr/bin/cmake --build /home/honhe/learn_ros/Chapter7/chapt7_ws/build/autopatrol_interfaces -- -j32 -l32
[0.263s] Invoking command in '/home/honhe/learn_ros/Chapter7/chapt7_ws/build/autopatrol_interfaces': CMAKE_PREFIX_PATH=${CMAKE_PREFIX_PATH}:/home/honhe/learn_ros/Chapter7/chapt7_ws/install/fishbot_application:/home/honhe/learn_ros/Chapter7/chapt7_ws/install/autopatrol_robot:/opt/ros/jazzy DEBUGINFOD_URLS=https://debuginfod.ubuntu.com VIRTUAL_ENV_PROMPT=(learn_ros_venv) /usr/bin/cmake --install /home/honhe/learn_ros/Chapter7/chapt7_ws/build/autopatrol_interfaces
[0.271s] -- Install configuration: ""
[0.271s] -- Up-to-date: /home/honhe/learn_ros/Chapter7/chapt7_ws/install/autopatrol_interfaces/share/ament_index/resource_index/rosidl_interfaces/autopatrol_interfaces
[0.271s] -- Up-to-date: /home/honhe/learn_ros/Chapter7/chapt7_ws/install/autopatrol_interfaces/share/autopatrol_interfaces/srv/SpeechText.json
[0.271s] -- Up-to-date: /home/honhe/learn_ros/Chapter7/chapt7_ws/install/autopatrol_interfaces/include/autopatrol_interfaces/autopatrol_interfaces
[0.271s] -- Up-to-date: /home/honhe/learn_ros/Chapter7/chapt7_ws/install/autopatrol_interfaces/include/autopatrol_interfaces/autopatrol_interfaces/msg
[0.271s] -- Up-to-date: /home/honhe/learn_ros/Chapter7/chapt7_ws/install/autopatrol_interfaces/include/autopatrol_interfaces/autopatrol_interfaces/msg/rosidl_generator_c__visibility_control.h
[0.271s] -- Up-to-date: /home/honhe/learn_ros/Chapter7/chapt7_ws/install/autopatrol_interfaces/include/autopatrol_interfaces/autopatrol_interfaces/srv
[0.271s] -- Up-to-date: /home/honhe/learn_ros/Chapter7/chapt7_ws/install/autopatrol_interfaces/include/autopatrol_interfaces/autopatrol_interfaces/srv/speech_text.h
[0.271s] -- Up-to-date: /home/honhe/learn_ros/Chapter7/chapt7_ws/install/autopatrol_interfaces/include/autopatrol_interfaces/autopatrol_interfaces/srv/detail
[0.271s] -- Up-to-date: /home/honhe/learn_ros/Chapter7/chapt7_ws/install/autopatrol_interfaces/include/autopatrol_interfaces/autopatrol_interfaces/srv/detail/speech_text__type_support.c
[0.271s] -- Up-to-date: /home/honhe/learn_ros/Chapter7/chapt7_ws/install/autopatrol_interfaces/include/autopatrol_interfaces/autopatrol_interfaces/srv/detail/speech_text__struct.h
[0.271s] -- Up-to-date: /home/honhe/learn_ros/Chapter7/chapt7_ws/install/autopatrol_interfaces/include/autopatrol_interfaces/autopatrol_interfaces/srv/detail/speech_text__functions.c
[0.271s] -- Up-to-date: /home/honhe/learn_ros/Chapter7/chapt7_ws/install/autopatrol_interfaces/include/autopatrol_interfaces/autopatrol_interfaces/srv/detail/speech_text__description.c
[0.271s] -- Up-to-date: /home/honhe/learn_ros/Chapter7/chapt7_ws/install/autopatrol_interfaces/include/autopatrol_interfaces/autopatrol_interfaces/srv/detail/speech_text__type_support.h
[0.271s] -- Up-to-date: /home/honhe/learn_ros/Chapter7/chapt7_ws/install/autopatrol_interfaces/include/autopatrol_interfaces/autopatrol_interfaces/srv/detail/speech_text__functions.h
[0.271s] -- Up-to-date: /home/honhe/learn_ros/Chapter7/chapt7_ws/install/autopatrol_interfaces/share/autopatrol_interfaces/environment/library_path.sh
[0.271s] -- Up-to-date: /home/honhe/learn_ros/Chapter7/chapt7_ws/install/autopatrol_interfaces/share/autopatrol_interfaces/environment/library_path.dsv
[0.271s] -- Up-to-date: /home/honhe/learn_ros/Chapter7/chapt7_ws/install/autopatrol_interfaces/lib/libautopatrol_interfaces__rosidl_generator_c.so
[0.271s] -- Up-to-date: /home/honhe/learn_ros/Chapter7/chapt7_ws/install/autopatrol_interfaces/include/autopatrol_interfaces/autopatrol_interfaces
[0.271s] -- Up-to-date: /home/honhe/learn_ros/Chapter7/chapt7_ws/install/autopatrol_interfaces/include/autopatrol_interfaces/autopatrol_interfaces/msg
[0.271s] -- Up-to-date: /home/honhe/learn_ros/Chapter7/chapt7_ws/install/autopatrol_interfaces/include/autopatrol_interfaces/autopatrol_interfaces/msg/rosidl_typesupport_fastrtps_c__visibility_control.h
[0.271s] -- Up-to-date: /home/honhe/learn_ros/Chapter7/chapt7_ws/install/autopatrol_interfaces/include/autopatrol_interfaces/autopatrol_interfaces/srv
[0.271s] -- Up-to-date: /home/honhe/learn_ros/Chapter7/chapt7_ws/install/autopatrol_interfaces/include/autopatrol_interfaces/autopatrol_interfaces/srv/detail
[0.271s] -- Up-to-date: /home/honhe/learn_ros/Chapter7/chapt7_ws/install/autopatrol_interfaces/include/autopatrol_interfaces/autopatrol_interfaces/srv/detail/speech_text__rosidl_typesupport_fastrtps_c.h
[0.272s] -- Up-to-date: /home/honhe/learn_ros/Chapter7/chapt7_ws/install/autopatrol_interfaces/lib/libautopatrol_interfaces__rosidl_typesupport_fastrtps_c.so
[0.272s] -- Up-to-date: /home/honhe/learn_ros/Chapter7/chapt7_ws/install/autopatrol_interfaces/include/autopatrol_interfaces/autopatrol_interfaces
[0.272s] -- Up-to-date: /home/honhe/learn_ros/Chapter7/chapt7_ws/install/autopatrol_interfaces/include/autopatrol_interfaces/autopatrol_interfaces/msg
[0.272s] -- Up-to-date: /home/honhe/learn_ros/Chapter7/chapt7_ws/install/autopatrol_interfaces/include/autopatrol_interfaces/autopatrol_interfaces/msg/rosidl_typesupport_introspection_c__visibility_control.h
[0.272s] -- Up-to-date: /home/honhe/learn_ros/Chapter7/chapt7_ws/install/autopatrol_interfaces/include/autopatrol_interfaces/autopatrol_interfaces/srv
[0.272s] -- Up-to-date: /home/honhe/learn_ros/Chapter7/chapt7_ws/install/autopatrol_interfaces/include/autopatrol_interfaces/autopatrol_interfaces/srv/detail
[0.272s] -- Up-to-date: /home/honhe/learn_ros/Chapter7/chapt7_ws/install/autopatrol_interfaces/include/autopatrol_interfaces/autopatrol_interfaces/srv/detail/speech_text__type_support.c
[0.272s] -- Up-to-date: /home/honhe/learn_ros/Chapter7/chapt7_ws/install/autopatrol_interfaces/include/autopatrol_interfaces/autopatrol_interfaces/srv/detail/speech_text__rosidl_typesupport_introspection_c.h
[0.272s] -- Up-to-date: /home/honhe/learn_ros/Chapter7/chapt7_ws/install/autopatrol_interfaces/lib/libautopatrol_interfaces__rosidl_typesupport_introspection_c.so
[0.272s] -- Up-to-date: /home/honhe/learn_ros/Chapter7/chapt7_ws/install/autopatrol_interfaces/lib/libautopatrol_interfaces__rosidl_typesupport_c.so
[0.272s] -- Up-to-date: /home/honhe/learn_ros/Chapter7/chapt7_ws/install/autopatrol_interfaces/include/autopatrol_interfaces/autopatrol_interfaces
[0.272s] -- Up-to-date: /home/honhe/learn_ros/Chapter7/chapt7_ws/install/autopatrol_interfaces/include/autopatrol_interfaces/autopatrol_interfaces/msg
[0.272s] -- Up-to-date: /home/honhe/learn_ros/Chapter7/chapt7_ws/install/autopatrol_interfaces/include/autopatrol_interfaces/autopatrol_interfaces/msg/rosidl_generator_cpp__visibility_control.hpp
[0.272s] -- Up-to-date: /home/honhe/learn_ros/Chapter7/chapt7_ws/install/autopatrol_interfaces/include/autopatrol_interfaces/autopatrol_interfaces/srv
[0.272s] -- Up-to-date: /home/honhe/learn_ros/Chapter7/chapt7_ws/install/autopatrol_interfaces/include/autopatrol_interfaces/autopatrol_interfaces/srv/speech_text.hpp
[0.272s] -- Up-to-date: /home/honhe/learn_ros/Chapter7/chapt7_ws/install/autopatrol_interfaces/include/autopatrol_interfaces/autopatrol_interfaces/srv/detail
[0.272s] -- Up-to-date: /home/honhe/learn_ros/Chapter7/chapt7_ws/install/autopatrol_interfaces/include/autopatrol_interfaces/autopatrol_interfaces/srv/detail/speech_text__type_support.hpp
[0.272s] -- Up-to-date: /home/honhe/learn_ros/Chapter7/chapt7_ws/install/autopatrol_interfaces/include/autopatrol_interfaces/autopatrol_interfaces/srv/detail/speech_text__builder.hpp
[0.272s] -- Up-to-date: /home/honhe/learn_ros/Chapter7/chapt7_ws/install/autopatrol_interfaces/include/autopatrol_interfaces/autopatrol_interfaces/srv/detail/speech_text__struct.hpp
[0.272s] -- Up-to-date: /home/honhe/learn_ros/Chapter7/chapt7_ws/install/autopatrol_interfaces/include/autopatrol_interfaces/autopatrol_interfaces/srv/detail/speech_text__traits.hpp
[0.272s] -- Up-to-date: /home/honhe/learn_ros/Chapter7/chapt7_ws/install/autopatrol_interfaces/include/autopatrol_interfaces/autopatrol_interfaces
[0.272s] -- Up-to-date: /home/honhe/learn_ros/Chapter7/chapt7_ws/install/autopatrol_interfaces/include/autopatrol_interfaces/autopatrol_interfaces/msg
[0.272s] -- Up-to-date: /home/honhe/learn_ros/Chapter7/chapt7_ws/install/autopatrol_interfaces/include/autopatrol_interfaces/autopatrol_interfaces/msg/rosidl_typesupport_fastrtps_cpp__visibility_control.h
[0.272s] -- Up-to-date: /home/honhe/learn_ros/Chapter7/chapt7_ws/install/autopatrol_interfaces/include/autopatrol_interfaces/autopatrol_interfaces/srv
[0.272s] -- Up-to-date: /home/honhe/learn_ros/Chapter7/chapt7_ws/install/autopatrol_interfaces/include/autopatrol_interfaces/autopatrol_interfaces/srv/detail
[0.272s] -- Up-to-date: /home/honhe/learn_ros/Chapter7/chapt7_ws/install/autopatrol_interfaces/include/autopatrol_interfaces/autopatrol_interfaces/srv/detail/dds_fastrtps
[0.272s] -- Up-to-date: /home/honhe/learn_ros/Chapter7/chapt7_ws/install/autopatrol_interfaces/include/autopatrol_interfaces/autopatrol_interfaces/srv/detail/speech_text__rosidl_typesupport_fastrtps_cpp.hpp
[0.273s] -- Up-to-date: /home/honhe/learn_ros/Chapter7/chapt7_ws/install/autopatrol_interfaces/lib/libautopatrol_interfaces__rosidl_typesupport_fastrtps_cpp.so
[0.273s] -- Up-to-date: /home/honhe/learn_ros/Chapter7/chapt7_ws/install/autopatrol_interfaces/include/autopatrol_interfaces/autopatrol_interfaces
[0.273s] -- Up-to-date: /home/honhe/learn_ros/Chapter7/chapt7_ws/install/autopatrol_interfaces/include/autopatrol_interfaces/autopatrol_interfaces/srv
[0.273s] -- Up-to-date: /home/honhe/learn_ros/Chapter7/chapt7_ws/install/autopatrol_interfaces/include/autopatrol_interfaces/autopatrol_interfaces/srv/detail
[0.273s] -- Up-to-date: /home/honhe/learn_ros/Chapter7/chapt7_ws/install/autopatrol_interfaces/include/autopatrol_interfaces/autopatrol_interfaces/srv/detail/speech_text__rosidl_typesupport_introspection_cpp.hpp
[0.273s] -- Up-to-date: /home/honhe/learn_ros/Chapter7/chapt7_ws/install/autopatrol_interfaces/include/autopatrol_interfaces/autopatrol_interfaces/srv/detail/speech_text__type_support.cpp
[0.273s] -- Up-to-date: /home/honhe/learn_ros/Chapter7/chapt7_ws/install/autopatrol_interfaces/lib/libautopatrol_interfaces__rosidl_typesupport_introspection_cpp.so
[0.273s] -- Up-to-date: /home/honhe/learn_ros/Chapter7/chapt7_ws/install/autopatrol_interfaces/lib/libautopatrol_interfaces__rosidl_typesupport_cpp.so
[0.273s] -- Up-to-date: /home/honhe/learn_ros/Chapter7/chapt7_ws/install/autopatrol_interfaces/share/autopatrol_interfaces/environment/pythonpath.sh
[0.273s] -- Up-to-date: /home/honhe/learn_ros/Chapter7/chapt7_ws/install/autopatrol_interfaces/share/autopatrol_interfaces/environment/pythonpath.dsv
[0.273s] -- Up-to-date: /home/honhe/learn_ros/Chapter7/chapt7_ws/install/autopatrol_interfaces/lib/python3.12/site-packages/autopatrol_interfaces-0.0.0-py3.12.egg-info
[0.273s] -- Installing: /home/honhe/learn_ros/Chapter7/chapt7_ws/install/autopatrol_interfaces/lib/python3.12/site-packages/autopatrol_interfaces-0.0.0-py3.12.egg-info/dependency_links.txt
[0.273s] -- Installing: /home/honhe/learn_ros/Chapter7/chapt7_ws/install/autopatrol_interfaces/lib/python3.12/site-packages/autopatrol_interfaces-0.0.0-py3.12.egg-info/PKG-INFO
[0.273s] -- Installing: /home/honhe/learn_ros/Chapter7/chapt7_ws/install/autopatrol_interfaces/lib/python3.12/site-packages/autopatrol_interfaces-0.0.0-py3.12.egg-info/SOURCES.txt
[0.273s] -- Installing: /home/honhe/learn_ros/Chapter7/chapt7_ws/install/autopatrol_interfaces/lib/python3.12/site-packages/autopatrol_interfaces-0.0.0-py3.12.egg-info/top_level.txt
[0.273s] -- Up-to-date: /home/honhe/learn_ros/Chapter7/chapt7_ws/install/autopatrol_interfaces/lib/python3.12/site-packages/autopatrol_interfaces
[0.273s] -- Up-to-date: /home/honhe/learn_ros/Chapter7/chapt7_ws/install/autopatrol_interfaces/lib/python3.12/site-packages/autopatrol_interfaces/_autopatrol_interfaces_s.ep.rosidl_typesupport_fastrtps_c.c
[0.273s] -- Up-to-date: /home/honhe/learn_ros/Chapter7/chapt7_ws/install/autopatrol_interfaces/lib/python3.12/site-packages/autopatrol_interfaces/_autopatrol_interfaces_s.ep.rosidl_typesupport_introspection_c.c
[0.273s] -- Up-to-date: /home/honhe/learn_ros/Chapter7/chapt7_ws/install/autopatrol_interfaces/lib/python3.12/site-packages/autopatrol_interfaces/autopatrol_interfaces_s__rosidl_typesupport_c.so
[0.273s] -- Up-to-date: /home/honhe/learn_ros/Chapter7/chapt7_ws/install/autopatrol_interfaces/lib/python3.12/site-packages/autopatrol_interfaces/_autopatrol_interfaces_s.ep.rosidl_typesupport_c.c
[0.273s] -- Up-to-date: /home/honhe/learn_ros/Chapter7/chapt7_ws/install/autopatrol_interfaces/lib/python3.12/site-packages/autopatrol_interfaces/autopatrol_interfaces_s__rosidl_typesupport_introspection_c.so
[0.273s] -- Up-to-date: /home/honhe/learn_ros/Chapter7/chapt7_ws/install/autopatrol_interfaces/lib/python3.12/site-packages/autopatrol_interfaces/srv
[0.273s] -- Up-to-date: /home/honhe/learn_ros/Chapter7/chapt7_ws/install/autopatrol_interfaces/lib/python3.12/site-packages/autopatrol_interfaces/srv/_speech_text.py
[0.273s] -- Up-to-date: /home/honhe/learn_ros/Chapter7/chapt7_ws/install/autopatrol_interfaces/lib/python3.12/site-packages/autopatrol_interfaces/srv/_speech_text_s.c
[0.273s] -- Up-to-date: /home/honhe/learn_ros/Chapter7/chapt7_ws/install/autopatrol_interfaces/lib/python3.12/site-packages/autopatrol_interfaces/srv/__init__.py
[0.273s] -- Up-to-date: /home/honhe/learn_ros/Chapter7/chapt7_ws/install/autopatrol_interfaces/lib/python3.12/site-packages/autopatrol_interfaces/__init__.py
[0.274s] -- Up-to-date: /home/honhe/learn_ros/Chapter7/chapt7_ws/install/autopatrol_interfaces/lib/python3.12/site-packages/autopatrol_interfaces/autopatrol_interfaces_s__rosidl_typesupport_fastrtps_c.so
[0.298s] Listing '/home/honhe/learn_ros/Chapter7/chapt7_ws/install/autopatrol_interfaces/lib/python3.12/site-packages/autopatrol_interfaces'...
[0.298s] Listing '/home/honhe/learn_ros/Chapter7/chapt7_ws/install/autopatrol_interfaces/lib/python3.12/site-packages/autopatrol_interfaces/srv'...
[0.301s] -- Up-to-date: /home/honhe/learn_ros/Chapter7/chapt7_ws/install/autopatrol_interfaces/lib/python3.12/site-packages/autopatrol_interfaces/autopatrol_interfaces_s__rosidl_typesupport_fastrtps_c.so
[0.302s] -- Up-to-date: /home/honhe/learn_ros/Chapter7/chapt7_ws/install/autopatrol_interfaces/lib/python3.12/site-packages/autopatrol_interfaces/autopatrol_interfaces_s__rosidl_typesupport_introspection_c.so
[0.302s] -- Up-to-date: /home/honhe/learn_ros/Chapter7/chapt7_ws/install/autopatrol_interfaces/lib/python3.12/site-packages/autopatrol_interfaces/autopatrol_interfaces_s__rosidl_typesupport_c.so
[0.302s] -- Up-to-date: /home/honhe/learn_ros/Chapter7/chapt7_ws/install/autopatrol_interfaces/lib/libautopatrol_interfaces__rosidl_generator_py.so
[0.302s] -- Up-to-date: /home/honhe/learn_ros/Chapter7/chapt7_ws/install/autopatrol_interfaces/share/autopatrol_interfaces/srv/SpeechText.idl
[0.302s] -- Up-to-date: /home/honhe/learn_ros/Chapter7/chapt7_ws/install/autopatrol_interfaces/share/autopatrol_interfaces/srv/SpeechText.srv
[0.302s] -- Up-to-date: /home/honhe/learn_ros/Chapter7/chapt7_ws/install/autopatrol_interfaces/share/ament_index/resource_index/package_run_dependencies/autopatrol_interfaces
[0.302s] -- Up-to-date: /home/honhe/learn_ros/Chapter7/chapt7_ws/install/autopatrol_interfaces/share/ament_index/resource_index/parent_prefix_path/autopatrol_interfaces
[0.302s] -- Up-to-date: /home/honhe/learn_ros/Chapter7/chapt7_ws/install/autopatrol_interfaces/share/autopatrol_interfaces/environment/ament_prefix_path.sh
[0.302s] -- Up-to-date: /home/honhe/learn_ros/Chapter7/chapt7_ws/install/autopatrol_interfaces/share/autopatrol_interfaces/environment/ament_prefix_path.dsv
[0.302s] -- Up-to-date: /home/honhe/learn_ros/Chapter7/chapt7_ws/install/autopatrol_interfaces/share/autopatrol_interfaces/environment/path.sh
[0.302s] -- Up-to-date: /home/honhe/learn_ros/Chapter7/chapt7_ws/install/autopatrol_interfaces/share/autopatrol_interfaces/environment/path.dsv
[0.302s] -- Up-to-date: /home/honhe/learn_ros/Chapter7/chapt7_ws/install/autopatrol_interfaces/share/autopatrol_interfaces/local_setup.bash
[0.302s] -- Up-to-date: /home/honhe/learn_ros/Chapter7/chapt7_ws/install/autopatrol_interfaces/share/autopatrol_interfaces/local_setup.sh
[0.303s] -- Up-to-date: /home/honhe/learn_ros/Chapter7/chapt7_ws/install/autopatrol_interfaces/share/autopatrol_interfaces/local_setup.zsh
[0.303s] -- Up-to-date: /home/honhe/learn_ros/Chapter7/chapt7_ws/install/autopatrol_interfaces/share/autopatrol_interfaces/local_setup.dsv
[0.303s] -- Installing: /home/honhe/learn_ros/Chapter7/chapt7_ws/install/autopatrol_interfaces/share/autopatrol_interfaces/package.dsv
[0.303s] -- Up-to-date: /home/honhe/learn_ros/Chapter7/chapt7_ws/install/autopatrol_interfaces/share/ament_index/resource_index/packages/autopatrol_interfaces
[0.303s] -- Up-to-date: /home/honhe/learn_ros/Chapter7/chapt7_ws/install/autopatrol_interfaces/share/autopatrol_interfaces/cmake/export_autopatrol_interfaces__rosidl_generator_cExport.cmake
[0.303s] -- Up-to-date: /home/honhe/learn_ros/Chapter7/chapt7_ws/install/autopatrol_interfaces/share/autopatrol_interfaces/cmake/export_autopatrol_interfaces__rosidl_generator_cExport-noconfig.cmake
[0.303s] -- Up-to-date: /home/honhe/learn_ros/Chapter7/chapt7_ws/install/autopatrol_interfaces/share/autopatrol_interfaces/cmake/export_autopatrol_interfaces__rosidl_typesupport_fastrtps_cExport.cmake
[0.303s] -- Up-to-date: /home/honhe/learn_ros/Chapter7/chapt7_ws/install/autopatrol_interfaces/share/autopatrol_interfaces/cmake/export_autopatrol_interfaces__rosidl_typesupport_fastrtps_cExport-noconfig.cmake
[0.303s] -- Up-to-date: /home/honhe/learn_ros/Chapter7/chapt7_ws/install/autopatrol_interfaces/share/autopatrol_interfaces/cmake/autopatrol_interfaces__rosidl_typesupport_introspection_cExport.cmake
[0.303s] -- Up-to-date: /home/honhe/learn_ros/Chapter7/chapt7_ws/install/autopatrol_interfaces/share/autopatrol_interfaces/cmake/autopatrol_interfaces__rosidl_typesupport_introspection_cExport-noconfig.cmake
[0.303s] -- Up-to-date: /home/honhe/learn_ros/Chapter7/chapt7_ws/install/autopatrol_interfaces/share/autopatrol_interfaces/cmake/autopatrol_interfaces__rosidl_typesupport_cExport.cmake
[0.303s] -- Up-to-date: /home/honhe/learn_ros/Chapter7/chapt7_ws/install/autopatrol_interfaces/share/autopatrol_interfaces/cmake/autopatrol_interfaces__rosidl_typesupport_cExport-noconfig.cmake
[0.303s] -- Up-to-date: /home/honhe/learn_ros/Chapter7/chapt7_ws/install/autopatrol_interfaces/share/autopatrol_interfaces/cmake/export_autopatrol_interfaces__rosidl_generator_cppExport.cmake
[0.303s] -- Up-to-date: /home/honhe/learn_ros/Chapter7/chapt7_ws/install/autopatrol_interfaces/share/autopatrol_interfaces/cmake/export_autopatrol_interfaces__rosidl_typesupport_fastrtps_cppExport.cmake
[0.303s] -- Up-to-date: /home/honhe/learn_ros/Chapter7/chapt7_ws/install/autopatrol_interfaces/share/autopatrol_interfaces/cmake/export_autopatrol_interfaces__rosidl_typesupport_fastrtps_cppExport-noconfig.cmake
[0.303s] -- Up-to-date: /home/honhe/learn_ros/Chapter7/chapt7_ws/install/autopatrol_interfaces/share/autopatrol_interfaces/cmake/autopatrol_interfaces__rosidl_typesupport_introspection_cppExport.cmake
[0.303s] -- Up-to-date: /home/honhe/learn_ros/Chapter7/chapt7_ws/install/autopatrol_interfaces/share/autopatrol_interfaces/cmake/autopatrol_interfaces__rosidl_typesupport_introspection_cppExport-noconfig.cmake
[0.303s] -- Up-to-date: /home/honhe/learn_ros/Chapter7/chapt7_ws/install/autopatrol_interfaces/share/autopatrol_interfaces/cmake/autopatrol_interfaces__rosidl_typesupport_cppExport.cmake
[0.303s] -- Up-to-date: /home/honhe/learn_ros/Chapter7/chapt7_ws/install/autopatrol_interfaces/share/autopatrol_interfaces/cmake/autopatrol_interfaces__rosidl_typesupport_cppExport-noconfig.cmake
[0.303s] -- Up-to-date: /home/honhe/learn_ros/Chapter7/chapt7_ws/install/autopatrol_interfaces/share/autopatrol_interfaces/cmake/export_autopatrol_interfaces__rosidl_generator_pyExport.cmake
[0.303s] -- Up-to-date: /home/honhe/learn_ros/Chapter7/chapt7_ws/install/autopatrol_interfaces/share/autopatrol_interfaces/cmake/export_autopatrol_interfaces__rosidl_generator_pyExport-noconfig.cmake
[0.303s] -- Up-to-date: /home/honhe/learn_ros/Chapter7/chapt7_ws/install/autopatrol_interfaces/share/autopatrol_interfaces/cmake/rosidl_cmake-extras.cmake
[0.303s] -- Up-to-date: /home/honhe/learn_ros/Chapter7/chapt7_ws/install/autopatrol_interfaces/share/autopatrol_interfaces/cmake/ament_cmake_export_dependencies-extras.cmake
[0.304s] -- Up-to-date: /home/honhe/learn_ros/Chapter7/chapt7_ws/install/autopatrol_interfaces/share/autopatrol_interfaces/cmake/ament_cmake_export_include_directories-extras.cmake
[0.304s] -- Up-to-date: /home/honhe/learn_ros/Chapter7/chapt7_ws/install/autopatrol_interfaces/share/autopatrol_interfaces/cmake/ament_cmake_export_libraries-extras.cmake
[0.304s] -- Up-to-date: /home/honhe/learn_ros/Chapter7/chapt7_ws/install/autopatrol_interfaces/share/autopatrol_interfaces/cmake/ament_cmake_export_targets-extras.cmake
[0.304s] -- Up-to-date: /home/honhe/learn_ros/Chapter7/chapt7_ws/install/autopatrol_interfaces/share/autopatrol_interfaces/cmake/rosidl_cmake_export_typesupport_targets-extras.cmake
[0.304s] -- Up-to-date: /home/honhe/learn_ros/Chapter7/chapt7_ws/install/autopatrol_interfaces/share/autopatrol_interfaces/cmake/rosidl_cmake_export_typesupport_libraries-extras.cmake
[0.304s] -- Up-to-date: /home/honhe/learn_ros/Chapter7/chapt7_ws/install/autopatrol_interfaces/share/autopatrol_interfaces/cmake/autopatrol_interfacesConfig.cmake
[0.304s] -- Up-to-date: /home/honhe/learn_ros/Chapter7/chapt7_ws/install/autopatrol_interfaces/share/autopatrol_interfaces/cmake/autopatrol_interfacesConfig-version.cmake
[0.304s] -- Up-to-date: /home/honhe/learn_ros/Chapter7/chapt7_ws/install/autopatrol_interfaces/share/autopatrol_interfaces/package.xml
[0.308s] Invoked command in '/home/honhe/learn_ros/Chapter7/chapt7_ws/build/autopatrol_interfaces' returned '0': CMAKE_PREFIX_PATH=${CMAKE_PREFIX_PATH}:/home/honhe/learn_ros/Chapter7/chapt7_ws/install/fishbot_application:/home/honhe/learn_ros/Chapter7/chapt7_ws/install/autopatrol_robot:/opt/ros/jazzy DEBUGINFOD_URLS=https://debuginfod.ubuntu.com VIRTUAL_ENV_PROMPT=(learn_ros_venv) /usr/bin/cmake --install /home/honhe/learn_ros/Chapter7/chapt7_ws/build/autopatrol_interfaces
