[0.453s] Invoking command in '/home/honhe/learn_ros/Chapter3/topic_ws/src/demo_python_topic_v2': DEBUGINFOD_URLS=https://debuginfod.ubuntu.com PYTHONPATH=/home/honhe/learn_ros/Chapter3/topic_ws/build/demo_python_topic_v2/prefix_override:/usr/lib/python3/dist-packages/colcon_core/task/python/colcon_distutils_commands:/home/honhe/learn_ros/Chapter3/topic_ws/install/demo_python_topic_v2/lib/python3.12/site-packages:${PYTHONPATH} VIRTUAL_ENV_PROMPT=(learn_ros_venv) /usr/bin/python3 -W ignore:setup.py install is deprecated -W ignore:easy_install command is deprecated setup.py egg_info --egg-base ../../build/demo_python_topic_v2 build --build-base /home/honhe/learn_ros/Chapter3/topic_ws/build/demo_python_topic_v2/build install --record /home/honhe/learn_ros/Chapter3/topic_ws/build/demo_python_topic_v2/install.log --single-version-externally-managed install_data
[0.571s] running egg_info
[0.571s] creating ../../build/demo_python_topic_v2/demo_python_topic_v2.egg-info
[0.577s] writing ../../build/demo_python_topic_v2/demo_python_topic_v2.egg-info/PKG-INFO
[0.577s] writing dependency_links to ../../build/demo_python_topic_v2/demo_python_topic_v2.egg-info/dependency_links.txt
[0.577s] writing entry points to ../../build/demo_python_topic_v2/demo_python_topic_v2.egg-info/entry_points.txt
[0.577s] writing requirements to ../../build/demo_python_topic_v2/demo_python_topic_v2.egg-info/requires.txt
[0.577s] writing top-level names to ../../build/demo_python_topic_v2/demo_python_topic_v2.egg-info/top_level.txt
[0.577s] writing manifest file '../../build/demo_python_topic_v2/demo_python_topic_v2.egg-info/SOURCES.txt'
[0.592s] reading manifest file '../../build/demo_python_topic_v2/demo_python_topic_v2.egg-info/SOURCES.txt'
[0.592s] adding license file 'LICENSE'
[0.592s] writing manifest file '../../build/demo_python_topic_v2/demo_python_topic_v2.egg-info/SOURCES.txt'
[0.592s] running build
[0.592s] running build_py
[0.592s] creating /home/honhe/learn_ros/Chapter3/topic_ws/build/demo_python_topic_v2/build
[0.592s] creating /home/honhe/learn_ros/Chapter3/topic_ws/build/demo_python_topic_v2/build/lib
[0.592s] creating /home/honhe/learn_ros/Chapter3/topic_ws/build/demo_python_topic_v2/build/lib/demo_python_topic_v2
[0.592s] copying demo_python_topic_v2/novel_sub_node.py -> /home/honhe/learn_ros/Chapter3/topic_ws/build/demo_python_topic_v2/build/lib/demo_python_topic_v2
[0.592s] copying demo_python_topic_v2/novel_pub_node.py -> /home/honhe/learn_ros/Chapter3/topic_ws/build/demo_python_topic_v2/build/lib/demo_python_topic_v2
[0.593s] copying demo_python_topic_v2/__init__.py -> /home/honhe/learn_ros/Chapter3/topic_ws/build/demo_python_topic_v2/build/lib/demo_python_topic_v2
[0.593s] running install
[0.596s] running install_lib
[0.603s] creating /home/honhe/learn_ros/Chapter3/topic_ws/install/demo_python_topic_v2/lib/python3.12/site-packages/demo_python_topic_v2
[0.604s] copying /home/honhe/learn_ros/Chapter3/topic_ws/build/demo_python_topic_v2/build/lib/demo_python_topic_v2/novel_sub_node.py -> /home/honhe/learn_ros/Chapter3/topic_ws/install/demo_python_topic_v2/lib/python3.12/site-packages/demo_python_topic_v2
[0.604s] copying /home/honhe/learn_ros/Chapter3/topic_ws/build/demo_python_topic_v2/build/lib/demo_python_topic_v2/novel_pub_node.py -> /home/honhe/learn_ros/Chapter3/topic_ws/install/demo_python_topic_v2/lib/python3.12/site-packages/demo_python_topic_v2
[0.604s] copying /home/honhe/learn_ros/Chapter3/topic_ws/build/demo_python_topic_v2/build/lib/demo_python_topic_v2/__init__.py -> /home/honhe/learn_ros/Chapter3/topic_ws/install/demo_python_topic_v2/lib/python3.12/site-packages/demo_python_topic_v2
[0.604s] byte-compiling /home/honhe/learn_ros/Chapter3/topic_ws/install/demo_python_topic_v2/lib/python3.12/site-packages/demo_python_topic_v2/novel_sub_node.py to novel_sub_node.cpython-312.pyc
[0.604s] byte-compiling /home/honhe/learn_ros/Chapter3/topic_ws/install/demo_python_topic_v2/lib/python3.12/site-packages/demo_python_topic_v2/novel_pub_node.py to novel_pub_node.cpython-312.pyc
[0.604s] byte-compiling /home/honhe/learn_ros/Chapter3/topic_ws/install/demo_python_topic_v2/lib/python3.12/site-packages/demo_python_topic_v2/__init__.py to __init__.cpython-312.pyc
[0.605s] running install_data
[0.605s] creating /home/honhe/learn_ros/Chapter3/topic_ws/install/demo_python_topic_v2/share/ament_index
[0.605s] creating /home/honhe/learn_ros/Chapter3/topic_ws/install/demo_python_topic_v2/share/ament_index/resource_index
[0.605s] creating /home/honhe/learn_ros/Chapter3/topic_ws/install/demo_python_topic_v2/share/ament_index/resource_index/packages
[0.605s] copying resource/demo_python_topic_v2 -> /home/honhe/learn_ros/Chapter3/topic_ws/install/demo_python_topic_v2/share/ament_index/resource_index/packages
[0.605s] copying package.xml -> /home/honhe/learn_ros/Chapter3/topic_ws/install/demo_python_topic_v2/share/demo_python_topic_v2
[0.605s] running install_egg_info
[0.613s] Copying ../../build/demo_python_topic_v2/demo_python_topic_v2.egg-info to /home/honhe/learn_ros/Chapter3/topic_ws/install/demo_python_topic_v2/lib/python3.12/site-packages/demo_python_topic_v2-0.0.0-py3.12.egg-info
[0.614s] running install_scripts
[0.670s] Installing novel_pub_node script to /home/honhe/learn_ros/Chapter3/topic_ws/install/demo_python_topic_v2/lib/demo_python_topic_v2
[0.670s] Installing novel_sub_node script to /home/honhe/learn_ros/Chapter3/topic_ws/install/demo_python_topic_v2/lib/demo_python_topic_v2
[0.670s] writing list of installed files to '/home/honhe/learn_ros/Chapter3/topic_ws/build/demo_python_topic_v2/install.log'
[0.684s] Invoked command in '/home/honhe/learn_ros/Chapter3/topic_ws/src/demo_python_topic_v2' returned '0': DEBUGINFOD_URLS=https://debuginfod.ubuntu.com PYTHONPATH=/home/honhe/learn_ros/Chapter3/topic_ws/build/demo_python_topic_v2/prefix_override:/usr/lib/python3/dist-packages/colcon_core/task/python/colcon_distutils_commands:/home/honhe/learn_ros/Chapter3/topic_ws/install/demo_python_topic_v2/lib/python3.12/site-packages:${PYTHONPATH} VIRTUAL_ENV_PROMPT=(learn_ros_venv) /usr/bin/python3 -W ignore:setup.py install is deprecated -W ignore:easy_install command is deprecated setup.py egg_info --egg-base ../../build/demo_python_topic_v2 build --build-base /home/honhe/learn_ros/Chapter3/topic_ws/build/demo_python_topic_v2/build install --record /home/honhe/learn_ros/Chapter3/topic_ws/build/demo_python_topic_v2/install.log --single-version-externally-managed install_data
