[0.346s] Invoking command in '/home/honhe/learn_ros/Chapter5/chapt5_ws/src/demo_python_tf': DEBUGINFOD_URLS=https://debuginfod.ubuntu.com PYTHONPATH=/home/honhe/learn_ros/Chapter5/chapt5_ws/build/demo_python_tf/prefix_override:/usr/lib/python3/dist-packages/colcon_core/task/python/colcon_distutils_commands:/home/honhe/learn_ros/Chapter5/chapt5_ws/install/demo_python_tf/lib/python3.12/site-packages:${PYTHONPATH} VIRTUAL_ENV_PROMPT=(learn_ros_venv) /usr/bin/python3 -W ignore:setup.py install is deprecated -W ignore:easy_install command is deprecated setup.py egg_info --egg-base ../../build/demo_python_tf build --build-base /home/honhe/learn_ros/Chapter5/chapt5_ws/build/demo_python_tf/build install --record /home/honhe/learn_ros/Chapter5/chapt5_ws/build/demo_python_tf/install.log --single-version-externally-managed install_data
[0.463s] running egg_info
[0.463s] creating ../../build/demo_python_tf/demo_python_tf.egg-info
[0.470s] writing ../../build/demo_python_tf/demo_python_tf.egg-info/PKG-INFO
[0.471s] writing dependency_links to ../../build/demo_python_tf/demo_python_tf.egg-info/dependency_links.txt
[0.471s] writing entry points to ../../build/demo_python_tf/demo_python_tf.egg-info/entry_points.txt
[0.471s] writing requirements to ../../build/demo_python_tf/demo_python_tf.egg-info/requires.txt
[0.471s] writing top-level names to ../../build/demo_python_tf/demo_python_tf.egg-info/top_level.txt
[0.471s] writing manifest file '../../build/demo_python_tf/demo_python_tf.egg-info/SOURCES.txt'
[0.486s] reading manifest file '../../build/demo_python_tf/demo_python_tf.egg-info/SOURCES.txt'
[0.486s] adding license file 'LICENSE'
[0.486s] writing manifest file '../../build/demo_python_tf/demo_python_tf.egg-info/SOURCES.txt'
[0.486s] running build
[0.486s] running build_py
[0.486s] creating /home/honhe/learn_ros/Chapter5/chapt5_ws/build/demo_python_tf/build
[0.486s] creating /home/honhe/learn_ros/Chapter5/chapt5_ws/build/demo_python_tf/build/lib
[0.486s] creating /home/honhe/learn_ros/Chapter5/chapt5_ws/build/demo_python_tf/build/lib/demo_python_tf
[0.486s] copying demo_python_tf/static_tf_broadcaster.py -> /home/honhe/learn_ros/Chapter5/chapt5_ws/build/demo_python_tf/build/lib/demo_python_tf
[0.486s] copying demo_python_tf/__init__.py -> /home/honhe/learn_ros/Chapter5/chapt5_ws/build/demo_python_tf/build/lib/demo_python_tf
[0.487s] running install
[0.490s] running install_lib
[0.497s] creating /home/honhe/learn_ros/Chapter5/chapt5_ws/install/demo_python_tf/lib/python3.12/site-packages/demo_python_tf
[0.497s] copying /home/honhe/learn_ros/Chapter5/chapt5_ws/build/demo_python_tf/build/lib/demo_python_tf/static_tf_broadcaster.py -> /home/honhe/learn_ros/Chapter5/chapt5_ws/install/demo_python_tf/lib/python3.12/site-packages/demo_python_tf
[0.497s] copying /home/honhe/learn_ros/Chapter5/chapt5_ws/build/demo_python_tf/build/lib/demo_python_tf/__init__.py -> /home/honhe/learn_ros/Chapter5/chapt5_ws/install/demo_python_tf/lib/python3.12/site-packages/demo_python_tf
[0.498s] byte-compiling /home/honhe/learn_ros/Chapter5/chapt5_ws/install/demo_python_tf/lib/python3.12/site-packages/demo_python_tf/static_tf_broadcaster.py to static_tf_broadcaster.cpython-312.pyc
[0.498s] byte-compiling /home/honhe/learn_ros/Chapter5/chapt5_ws/install/demo_python_tf/lib/python3.12/site-packages/demo_python_tf/__init__.py to __init__.cpython-312.pyc
[0.498s] running install_data
[0.498s] creating /home/honhe/learn_ros/Chapter5/chapt5_ws/install/demo_python_tf/share/ament_index
[0.498s] creating /home/honhe/learn_ros/Chapter5/chapt5_ws/install/demo_python_tf/share/ament_index/resource_index
[0.498s] creating /home/honhe/learn_ros/Chapter5/chapt5_ws/install/demo_python_tf/share/ament_index/resource_index/packages
[0.499s] copying resource/demo_python_tf -> /home/honhe/learn_ros/Chapter5/chapt5_ws/install/demo_python_tf/share/ament_index/resource_index/packages
[0.499s] copying package.xml -> /home/honhe/learn_ros/Chapter5/chapt5_ws/install/demo_python_tf/share/demo_python_tf
[0.499s] running install_egg_info
[0.507s] Copying ../../build/demo_python_tf/demo_python_tf.egg-info to /home/honhe/learn_ros/Chapter5/chapt5_ws/install/demo_python_tf/lib/python3.12/site-packages/demo_python_tf-0.0.0-py3.12.egg-info
[0.507s] running install_scripts
[0.561s] Installing static_tf_broadcaster script to /home/honhe/learn_ros/Chapter5/chapt5_ws/install/demo_python_tf/lib/demo_python_tf
[0.561s] writing list of installed files to '/home/honhe/learn_ros/Chapter5/chapt5_ws/build/demo_python_tf/install.log'
[0.575s] Invoked command in '/home/honhe/learn_ros/Chapter5/chapt5_ws/src/demo_python_tf' returned '0': DEBUGINFOD_URLS=https://debuginfod.ubuntu.com PYTHONPATH=/home/honhe/learn_ros/Chapter5/chapt5_ws/build/demo_python_tf/prefix_override:/usr/lib/python3/dist-packages/colcon_core/task/python/colcon_distutils_commands:/home/honhe/learn_ros/Chapter5/chapt5_ws/install/demo_python_tf/lib/python3.12/site-packages:${PYTHONPATH} VIRTUAL_ENV_PROMPT=(learn_ros_venv) /usr/bin/python3 -W ignore:setup.py install is deprecated -W ignore:easy_install command is deprecated setup.py egg_info --egg-base ../../build/demo_python_tf build --build-base /home/honhe/learn_ros/Chapter5/chapt5_ws/build/demo_python_tf/build install --record /home/honhe/learn_ros/Chapter5/chapt5_ws/build/demo_python_tf/install.log --single-version-externally-managed install_data
