[0.245s] Invoking command in '/home/honhe/learn_ros/Chapter8/chapt8_ws/build/nav2_custom_planner': CMAKE_PREFIX_PATH=${CMAKE_PREFIX_PATH}:/opt/ros/jazzy DEBUGINFOD_URLS=https://debuginfod.ubuntu.com /usr/bin/cmake --build /home/honhe/learn_ros/Chapter8/chapt8_ws/build/nav2_custom_planner -- -j32 -l32
[0.305s] [ 50%] [32mBuilding CXX object CMakeFiles/nav2_custom_planner_plugin.dir/src/nav2_custom_planner.cpp.o[0m
[1.894s] [01m[K/home/honhe/learn_ros/Chapter8/chapt8_ws/src/nav2_custom_planner/src/nav2_custom_planner.cpp:[m[K In member function ‘[01m[Kvirtual nav_msgs::msg::Path nav2_custom_planner::CustomPlanner::[01;32m[KcreatePlan[m[K(const geometry_msgs::msg::PoseStamped&, const geometry_msgs::msg::PoseStamped&, std::function<bool()>)[m[K’:
[1.894s] [01m[K/home/honhe/learn_ros/Chapter8/chapt8_ws/src/nav2_custom_planner/src/nav2_custom_planner.cpp:50:53:[m[K [01;35m[Kwarning: [m[Kunused parameter ‘[01m[Kcancel_checker[m[K’ [[01;35m[K]8;;https://gcc.gnu.org/onlinedocs/gcc/Warning-Options.html#index-Wunused-parameter-Wunused-parameter]8;;[m[K]
[1.894s]    50 |                               [01;35m[Kstd::function<bool()> cancel_checker[m[K)
[1.894s]       |                               [01;35m[K~~~~~~~~~~~~~~~~~~~~~~^~~~~~~~~~~~~~[m[K
[2.815s] [100%] [32m[1mLinking CXX shared library libnav2_custom_planner_plugin.so[0m
[3.002s] [100%] Built target nav2_custom_planner_plugin
[3.008s] Invoked command in '/home/honhe/learn_ros/Chapter8/chapt8_ws/build/nav2_custom_planner' returned '0': CMAKE_PREFIX_PATH=${CMAKE_PREFIX_PATH}:/opt/ros/jazzy DEBUGINFOD_URLS=https://debuginfod.ubuntu.com /usr/bin/cmake --build /home/honhe/learn_ros/Chapter8/chapt8_ws/build/nav2_custom_planner -- -j32 -l32
[3.008s] Invoking command in '/home/honhe/learn_ros/Chapter8/chapt8_ws/build/nav2_custom_planner': CMAKE_PREFIX_PATH=${CMAKE_PREFIX_PATH}:/opt/ros/jazzy DEBUGINFOD_URLS=https://debuginfod.ubuntu.com /usr/bin/cmake --install /home/honhe/learn_ros/Chapter8/chapt8_ws/build/nav2_custom_planner
[3.013s] -- Install configuration: ""
[3.014s] -- Installing: /home/honhe/learn_ros/Chapter8/chapt8_ws/install/nav2_custom_planner/lib/libnav2_custom_planner_plugin.so
[3.014s] -- Set non-toolchain portion of runtime path of "/home/honhe/learn_ros/Chapter8/chapt8_ws/install/nav2_custom_planner/lib/libnav2_custom_planner_plugin.so" to ""
[3.014s] -- Up-to-date: /home/honhe/learn_ros/Chapter8/chapt8_ws/install/nav2_custom_planner/include/
[3.014s] -- Up-to-date: /home/honhe/learn_ros/Chapter8/chapt8_ws/install/nav2_custom_planner/include//nav2_custom_planner
[3.014s] -- Up-to-date: /home/honhe/learn_ros/Chapter8/chapt8_ws/install/nav2_custom_planner/include//nav2_custom_planner/nav2_custom_planner.hpp
[3.014s] -- Up-to-date: /home/honhe/learn_ros/Chapter8/chapt8_ws/install/nav2_custom_planner/share/nav2_custom_planner/custom_planner_plugin.xml
[3.014s] -- Up-to-date: /home/honhe/learn_ros/Chapter8/chapt8_ws/install/nav2_custom_planner/share/ament_index/resource_index/package_run_dependencies/nav2_custom_planner
[3.014s] -- Up-to-date: /home/honhe/learn_ros/Chapter8/chapt8_ws/install/nav2_custom_planner/share/ament_index/resource_index/parent_prefix_path/nav2_custom_planner
[3.014s] -- Up-to-date: /home/honhe/learn_ros/Chapter8/chapt8_ws/install/nav2_custom_planner/share/nav2_custom_planner/environment/ament_prefix_path.sh
[3.014s] -- Up-to-date: /home/honhe/learn_ros/Chapter8/chapt8_ws/install/nav2_custom_planner/share/nav2_custom_planner/environment/ament_prefix_path.dsv
[3.014s] -- Up-to-date: /home/honhe/learn_ros/Chapter8/chapt8_ws/install/nav2_custom_planner/share/nav2_custom_planner/environment/path.sh
[3.014s] -- Up-to-date: /home/honhe/learn_ros/Chapter8/chapt8_ws/install/nav2_custom_planner/share/nav2_custom_planner/environment/path.dsv
[3.014s] -- Up-to-date: /home/honhe/learn_ros/Chapter8/chapt8_ws/install/nav2_custom_planner/share/nav2_custom_planner/local_setup.bash
[3.014s] -- Up-to-date: /home/honhe/learn_ros/Chapter8/chapt8_ws/install/nav2_custom_planner/share/nav2_custom_planner/local_setup.sh
[3.014s] -- Up-to-date: /home/honhe/learn_ros/Chapter8/chapt8_ws/install/nav2_custom_planner/share/nav2_custom_planner/local_setup.zsh
[3.014s] -- Up-to-date: /home/honhe/learn_ros/Chapter8/chapt8_ws/install/nav2_custom_planner/share/nav2_custom_planner/local_setup.dsv
[3.014s] -- Installing: /home/honhe/learn_ros/Chapter8/chapt8_ws/install/nav2_custom_planner/share/nav2_custom_planner/package.dsv
[3.014s] -- Up-to-date: /home/honhe/learn_ros/Chapter8/chapt8_ws/install/nav2_custom_planner/share/ament_index/resource_index/packages/nav2_custom_planner
[3.014s] -- Up-to-date: /home/honhe/learn_ros/Chapter8/chapt8_ws/install/nav2_custom_planner/share/ament_index/resource_index/nav2_core__pluginlib__plugin/nav2_custom_planner
[3.014s] -- Up-to-date: /home/honhe/learn_ros/Chapter8/chapt8_ws/install/nav2_custom_planner/share/nav2_custom_planner/cmake/nav2_custom_plannerConfig.cmake
[3.014s] -- Up-to-date: /home/honhe/learn_ros/Chapter8/chapt8_ws/install/nav2_custom_planner/share/nav2_custom_planner/cmake/nav2_custom_plannerConfig-version.cmake
[3.014s] -- Up-to-date: /home/honhe/learn_ros/Chapter8/chapt8_ws/install/nav2_custom_planner/share/nav2_custom_planner/package.xml
[3.015s] Invoked command in '/home/honhe/learn_ros/Chapter8/chapt8_ws/build/nav2_custom_planner' returned '0': CMAKE_PREFIX_PATH=${CMAKE_PREFIX_PATH}:/opt/ros/jazzy DEBUGINFOD_URLS=https://debuginfod.ubuntu.com /usr/bin/cmake --install /home/honhe/learn_ros/Chapter8/chapt8_ws/build/nav2_custom_planner
