[0.006s] Invoking command in '/home/honhe/learn_ros/Chapter4/Chapter4_ws/build/chapt4_interfaces': CMAKE_PREFIX_PATH=${CMAKE_PREFIX_PATH}:/home/honhe/learn_ros/Chapter4/Chapter4_ws/install/demo_python_service:/opt/ros/jazzy DEBUGINFOD_URLS=https://debuginfod.ubuntu.com VIRTUAL_ENV_PROMPT=(learn_ros_venv) /usr/bin/cmake --build /home/honhe/learn_ros/Chapter4/Chapter4_ws/build/chapt4_interfaces -- -j32 -l32
[0.039s] [  2%] Built target chapt4_interfaces__rosidl_generator_type_description
[0.048s] [  2%] Built target ament_cmake_python_copy_chapt4_interfaces
[0.060s] [  4%] Built target chapt4_interfaces__cpp
[0.062s] [ 22%] Built target chapt4_interfaces__rosidl_generator_c
[0.080s] [ 31%] Built target chapt4_interfaces__rosidl_typesupport_introspection_cpp
[0.080s] [ 54%] Built target chapt4_interfaces__rosidl_typesupport_c
[0.080s] [ 54%] Built target chapt4_interfaces__rosidl_typesupport_introspection_c
[0.080s] [ 59%] Built target chapt4_interfaces__rosidl_typesupport_fastrtps_cpp
[0.080s] [ 68%] Built target chapt4_interfaces__rosidl_typesupport_cpp
[0.081s] [ 77%] Built target chapt4_interfaces__rosidl_typesupport_fastrtps_c
[0.096s] [ 77%] Built target chapt4_interfaces
[0.109s] [ 79%] Built target chapt4_interfaces__py
[0.126s] [ 86%] Built target chapt4_interfaces__rosidl_generator_py
[0.140s] [ 90%] Built target chapt4_interfaces_s__rosidl_typesupport_fastrtps_c
[0.141s] [ 95%] Built target chapt4_interfaces_s__rosidl_typesupport_c
[0.141s] [100%] Built target chapt4_interfaces_s__rosidl_typesupport_introspection_c
[0.156s] running egg_info
[0.165s] writing chapt4_interfaces.egg-info/PKG-INFO
[0.165s] writing dependency_links to chapt4_interfaces.egg-info/dependency_links.txt
[0.165s] writing top-level names to chapt4_interfaces.egg-info/top_level.txt
[0.188s] reading manifest file 'chapt4_interfaces.egg-info/SOURCES.txt'
[0.188s] writing manifest file 'chapt4_interfaces.egg-info/SOURCES.txt'
[0.204s] [100%] Built target ament_cmake_python_build_chapt4_interfaces_egg
[0.213s] Invoked command in '/home/honhe/learn_ros/Chapter4/Chapter4_ws/build/chapt4_interfaces' returned '0': CMAKE_PREFIX_PATH=${CMAKE_PREFIX_PATH}:/home/honhe/learn_ros/Chapter4/Chapter4_ws/install/demo_python_service:/opt/ros/jazzy DEBUGINFOD_URLS=https://debuginfod.ubuntu.com VIRTUAL_ENV_PROMPT=(learn_ros_venv) /usr/bin/cmake --build /home/honhe/learn_ros/Chapter4/Chapter4_ws/build/chapt4_interfaces -- -j32 -l32
[0.220s] Invoking command in '/home/honhe/learn_ros/Chapter4/Chapter4_ws/build/chapt4_interfaces': CMAKE_PREFIX_PATH=${CMAKE_PREFIX_PATH}:/home/honhe/learn_ros/Chapter4/Chapter4_ws/install/demo_python_service:/opt/ros/jazzy DEBUGINFOD_URLS=https://debuginfod.ubuntu.com VIRTUAL_ENV_PROMPT=(learn_ros_venv) /usr/bin/cmake --install /home/honhe/learn_ros/Chapter4/Chapter4_ws/build/chapt4_interfaces
[0.227s] -- Install configuration: ""
[0.227s] -- Up-to-date: /home/honhe/learn_ros/Chapter4/Chapter4_ws/install/chapt4_interfaces/share/ament_index/resource_index/rosidl_interfaces/chapt4_interfaces
[0.227s] -- Up-to-date: /home/honhe/learn_ros/Chapter4/Chapter4_ws/install/chapt4_interfaces/share/chapt4_interfaces/srv/FaceDetector.json
[0.227s] -- Up-to-date: /home/honhe/learn_ros/Chapter4/Chapter4_ws/install/chapt4_interfaces/share/chapt4_interfaces/srv/Patrol.json
[0.227s] -- Up-to-date: /home/honhe/learn_ros/Chapter4/Chapter4_ws/install/chapt4_interfaces/include/chapt4_interfaces/chapt4_interfaces
[0.227s] -- Up-to-date: /home/honhe/learn_ros/Chapter4/Chapter4_ws/install/chapt4_interfaces/include/chapt4_interfaces/chapt4_interfaces/msg
[0.227s] -- Up-to-date: /home/honhe/learn_ros/Chapter4/Chapter4_ws/install/chapt4_interfaces/include/chapt4_interfaces/chapt4_interfaces/msg/rosidl_generator_c__visibility_control.h
[0.227s] -- Up-to-date: /home/honhe/learn_ros/Chapter4/Chapter4_ws/install/chapt4_interfaces/include/chapt4_interfaces/chapt4_interfaces/srv
[0.227s] -- Up-to-date: /home/honhe/learn_ros/Chapter4/Chapter4_ws/install/chapt4_interfaces/include/chapt4_interfaces/chapt4_interfaces/srv/patrol.h
[0.227s] -- Up-to-date: /home/honhe/learn_ros/Chapter4/Chapter4_ws/install/chapt4_interfaces/include/chapt4_interfaces/chapt4_interfaces/srv/detail
[0.227s] -- Up-to-date: /home/honhe/learn_ros/Chapter4/Chapter4_ws/install/chapt4_interfaces/include/chapt4_interfaces/chapt4_interfaces/srv/detail/patrol__type_support.c
[0.227s] -- Up-to-date: /home/honhe/learn_ros/Chapter4/Chapter4_ws/install/chapt4_interfaces/include/chapt4_interfaces/chapt4_interfaces/srv/detail/face_detector__description.c
[0.227s] -- Up-to-date: /home/honhe/learn_ros/Chapter4/Chapter4_ws/install/chapt4_interfaces/include/chapt4_interfaces/chapt4_interfaces/srv/detail/patrol__functions.c
[0.227s] -- Up-to-date: /home/honhe/learn_ros/Chapter4/Chapter4_ws/install/chapt4_interfaces/include/chapt4_interfaces/chapt4_interfaces/srv/detail/face_detector__type_support.c
[0.227s] -- Up-to-date: /home/honhe/learn_ros/Chapter4/Chapter4_ws/install/chapt4_interfaces/include/chapt4_interfaces/chapt4_interfaces/srv/detail/patrol__description.c
[0.227s] -- Up-to-date: /home/honhe/learn_ros/Chapter4/Chapter4_ws/install/chapt4_interfaces/include/chapt4_interfaces/chapt4_interfaces/srv/detail/patrol__type_support.h
[0.227s] -- Up-to-date: /home/honhe/learn_ros/Chapter4/Chapter4_ws/install/chapt4_interfaces/include/chapt4_interfaces/chapt4_interfaces/srv/detail/face_detector__functions.c
[0.227s] -- Up-to-date: /home/honhe/learn_ros/Chapter4/Chapter4_ws/install/chapt4_interfaces/include/chapt4_interfaces/chapt4_interfaces/srv/detail/face_detector__type_support.h
[0.227s] -- Up-to-date: /home/honhe/learn_ros/Chapter4/Chapter4_ws/install/chapt4_interfaces/include/chapt4_interfaces/chapt4_interfaces/srv/detail/face_detector__functions.h
[0.227s] -- Up-to-date: /home/honhe/learn_ros/Chapter4/Chapter4_ws/install/chapt4_interfaces/include/chapt4_interfaces/chapt4_interfaces/srv/detail/face_detector__struct.h
[0.227s] -- Up-to-date: /home/honhe/learn_ros/Chapter4/Chapter4_ws/install/chapt4_interfaces/include/chapt4_interfaces/chapt4_interfaces/srv/detail/patrol__functions.h
[0.227s] -- Up-to-date: /home/honhe/learn_ros/Chapter4/Chapter4_ws/install/chapt4_interfaces/include/chapt4_interfaces/chapt4_interfaces/srv/detail/patrol__struct.h
[0.227s] -- Up-to-date: /home/honhe/learn_ros/Chapter4/Chapter4_ws/install/chapt4_interfaces/include/chapt4_interfaces/chapt4_interfaces/srv/face_detector.h
[0.227s] -- Up-to-date: /home/honhe/learn_ros/Chapter4/Chapter4_ws/install/chapt4_interfaces/share/chapt4_interfaces/environment/library_path.sh
[0.227s] -- Up-to-date: /home/honhe/learn_ros/Chapter4/Chapter4_ws/install/chapt4_interfaces/share/chapt4_interfaces/environment/library_path.dsv
[0.228s] -- Up-to-date: /home/honhe/learn_ros/Chapter4/Chapter4_ws/install/chapt4_interfaces/lib/libchapt4_interfaces__rosidl_generator_c.so
[0.228s] -- Up-to-date: /home/honhe/learn_ros/Chapter4/Chapter4_ws/install/chapt4_interfaces/include/chapt4_interfaces/chapt4_interfaces
[0.228s] -- Up-to-date: /home/honhe/learn_ros/Chapter4/Chapter4_ws/install/chapt4_interfaces/include/chapt4_interfaces/chapt4_interfaces/msg
[0.228s] -- Up-to-date: /home/honhe/learn_ros/Chapter4/Chapter4_ws/install/chapt4_interfaces/include/chapt4_interfaces/chapt4_interfaces/msg/rosidl_typesupport_fastrtps_c__visibility_control.h
[0.228s] -- Up-to-date: /home/honhe/learn_ros/Chapter4/Chapter4_ws/install/chapt4_interfaces/include/chapt4_interfaces/chapt4_interfaces/srv
[0.228s] -- Up-to-date: /home/honhe/learn_ros/Chapter4/Chapter4_ws/install/chapt4_interfaces/include/chapt4_interfaces/chapt4_interfaces/srv/detail
[0.228s] -- Up-to-date: /home/honhe/learn_ros/Chapter4/Chapter4_ws/install/chapt4_interfaces/include/chapt4_interfaces/chapt4_interfaces/srv/detail/patrol__rosidl_typesupport_fastrtps_c.h
[0.228s] -- Up-to-date: /home/honhe/learn_ros/Chapter4/Chapter4_ws/install/chapt4_interfaces/include/chapt4_interfaces/chapt4_interfaces/srv/detail/face_detector__rosidl_typesupport_fastrtps_c.h
[0.228s] -- Up-to-date: /home/honhe/learn_ros/Chapter4/Chapter4_ws/install/chapt4_interfaces/lib/libchapt4_interfaces__rosidl_typesupport_fastrtps_c.so
[0.228s] -- Up-to-date: /home/honhe/learn_ros/Chapter4/Chapter4_ws/install/chapt4_interfaces/include/chapt4_interfaces/chapt4_interfaces
[0.228s] -- Up-to-date: /home/honhe/learn_ros/Chapter4/Chapter4_ws/install/chapt4_interfaces/include/chapt4_interfaces/chapt4_interfaces/msg
[0.228s] -- Up-to-date: /home/honhe/learn_ros/Chapter4/Chapter4_ws/install/chapt4_interfaces/include/chapt4_interfaces/chapt4_interfaces/msg/rosidl_generator_cpp__visibility_control.hpp
[0.228s] -- Up-to-date: /home/honhe/learn_ros/Chapter4/Chapter4_ws/install/chapt4_interfaces/include/chapt4_interfaces/chapt4_interfaces/srv
[0.228s] -- Up-to-date: /home/honhe/learn_ros/Chapter4/Chapter4_ws/install/chapt4_interfaces/include/chapt4_interfaces/chapt4_interfaces/srv/face_detector.hpp
[0.228s] -- Up-to-date: /home/honhe/learn_ros/Chapter4/Chapter4_ws/install/chapt4_interfaces/include/chapt4_interfaces/chapt4_interfaces/srv/patrol.hpp
[0.228s] -- Up-to-date: /home/honhe/learn_ros/Chapter4/Chapter4_ws/install/chapt4_interfaces/include/chapt4_interfaces/chapt4_interfaces/srv/detail
[0.228s] -- Up-to-date: /home/honhe/learn_ros/Chapter4/Chapter4_ws/install/chapt4_interfaces/include/chapt4_interfaces/chapt4_interfaces/srv/detail/patrol__type_support.hpp
[0.228s] -- Up-to-date: /home/honhe/learn_ros/Chapter4/Chapter4_ws/install/chapt4_interfaces/include/chapt4_interfaces/chapt4_interfaces/srv/detail/patrol__traits.hpp
[0.228s] -- Up-to-date: /home/honhe/learn_ros/Chapter4/Chapter4_ws/install/chapt4_interfaces/include/chapt4_interfaces/chapt4_interfaces/srv/detail/patrol__struct.hpp
[0.228s] -- Up-to-date: /home/honhe/learn_ros/Chapter4/Chapter4_ws/install/chapt4_interfaces/include/chapt4_interfaces/chapt4_interfaces/srv/detail/patrol__builder.hpp
[0.228s] -- Up-to-date: /home/honhe/learn_ros/Chapter4/Chapter4_ws/install/chapt4_interfaces/include/chapt4_interfaces/chapt4_interfaces/srv/detail/face_detector__type_support.hpp
[0.228s] -- Up-to-date: /home/honhe/learn_ros/Chapter4/Chapter4_ws/install/chapt4_interfaces/include/chapt4_interfaces/chapt4_interfaces/srv/detail/face_detector__struct.hpp
[0.228s] -- Up-to-date: /home/honhe/learn_ros/Chapter4/Chapter4_ws/install/chapt4_interfaces/include/chapt4_interfaces/chapt4_interfaces/srv/detail/face_detector__builder.hpp
[0.228s] -- Up-to-date: /home/honhe/learn_ros/Chapter4/Chapter4_ws/install/chapt4_interfaces/include/chapt4_interfaces/chapt4_interfaces/srv/detail/face_detector__traits.hpp
[0.228s] -- Up-to-date: /home/honhe/learn_ros/Chapter4/Chapter4_ws/install/chapt4_interfaces/include/chapt4_interfaces/chapt4_interfaces
[0.228s] -- Up-to-date: /home/honhe/learn_ros/Chapter4/Chapter4_ws/install/chapt4_interfaces/include/chapt4_interfaces/chapt4_interfaces/msg
[0.228s] -- Up-to-date: /home/honhe/learn_ros/Chapter4/Chapter4_ws/install/chapt4_interfaces/include/chapt4_interfaces/chapt4_interfaces/msg/rosidl_typesupport_fastrtps_cpp__visibility_control.h
[0.229s] -- Up-to-date: /home/honhe/learn_ros/Chapter4/Chapter4_ws/install/chapt4_interfaces/include/chapt4_interfaces/chapt4_interfaces/srv
[0.229s] -- Up-to-date: /home/honhe/learn_ros/Chapter4/Chapter4_ws/install/chapt4_interfaces/include/chapt4_interfaces/chapt4_interfaces/srv/detail
[0.229s] -- Up-to-date: /home/honhe/learn_ros/Chapter4/Chapter4_ws/install/chapt4_interfaces/include/chapt4_interfaces/chapt4_interfaces/srv/detail/dds_fastrtps
[0.229s] -- Up-to-date: /home/honhe/learn_ros/Chapter4/Chapter4_ws/install/chapt4_interfaces/include/chapt4_interfaces/chapt4_interfaces/srv/detail/face_detector__rosidl_typesupport_fastrtps_cpp.hpp
[0.229s] -- Up-to-date: /home/honhe/learn_ros/Chapter4/Chapter4_ws/install/chapt4_interfaces/include/chapt4_interfaces/chapt4_interfaces/srv/detail/patrol__rosidl_typesupport_fastrtps_cpp.hpp
[0.229s] -- Up-to-date: /home/honhe/learn_ros/Chapter4/Chapter4_ws/install/chapt4_interfaces/lib/libchapt4_interfaces__rosidl_typesupport_fastrtps_cpp.so
[0.229s] -- Up-to-date: /home/honhe/learn_ros/Chapter4/Chapter4_ws/install/chapt4_interfaces/include/chapt4_interfaces/chapt4_interfaces
[0.229s] -- Up-to-date: /home/honhe/learn_ros/Chapter4/Chapter4_ws/install/chapt4_interfaces/include/chapt4_interfaces/chapt4_interfaces/msg
[0.229s] -- Up-to-date: /home/honhe/learn_ros/Chapter4/Chapter4_ws/install/chapt4_interfaces/include/chapt4_interfaces/chapt4_interfaces/msg/rosidl_typesupport_introspection_c__visibility_control.h
[0.229s] -- Up-to-date: /home/honhe/learn_ros/Chapter4/Chapter4_ws/install/chapt4_interfaces/include/chapt4_interfaces/chapt4_interfaces/srv
[0.229s] -- Up-to-date: /home/honhe/learn_ros/Chapter4/Chapter4_ws/install/chapt4_interfaces/include/chapt4_interfaces/chapt4_interfaces/srv/detail
[0.229s] -- Up-to-date: /home/honhe/learn_ros/Chapter4/Chapter4_ws/install/chapt4_interfaces/include/chapt4_interfaces/chapt4_interfaces/srv/detail/patrol__type_support.c
[0.229s] -- Up-to-date: /home/honhe/learn_ros/Chapter4/Chapter4_ws/install/chapt4_interfaces/include/chapt4_interfaces/chapt4_interfaces/srv/detail/patrol__rosidl_typesupport_introspection_c.h
[0.229s] -- Up-to-date: /home/honhe/learn_ros/Chapter4/Chapter4_ws/install/chapt4_interfaces/include/chapt4_interfaces/chapt4_interfaces/srv/detail/face_detector__type_support.c
[0.229s] -- Up-to-date: /home/honhe/learn_ros/Chapter4/Chapter4_ws/install/chapt4_interfaces/include/chapt4_interfaces/chapt4_interfaces/srv/detail/face_detector__rosidl_typesupport_introspection_c.h
[0.229s] -- Up-to-date: /home/honhe/learn_ros/Chapter4/Chapter4_ws/install/chapt4_interfaces/lib/libchapt4_interfaces__rosidl_typesupport_introspection_c.so
[0.229s] -- Up-to-date: /home/honhe/learn_ros/Chapter4/Chapter4_ws/install/chapt4_interfaces/lib/libchapt4_interfaces__rosidl_typesupport_c.so
[0.229s] -- Up-to-date: /home/honhe/learn_ros/Chapter4/Chapter4_ws/install/chapt4_interfaces/include/chapt4_interfaces/chapt4_interfaces
[0.229s] -- Up-to-date: /home/honhe/learn_ros/Chapter4/Chapter4_ws/install/chapt4_interfaces/include/chapt4_interfaces/chapt4_interfaces/srv
[0.229s] -- Up-to-date: /home/honhe/learn_ros/Chapter4/Chapter4_ws/install/chapt4_interfaces/include/chapt4_interfaces/chapt4_interfaces/srv/detail
[0.229s] -- Up-to-date: /home/honhe/learn_ros/Chapter4/Chapter4_ws/install/chapt4_interfaces/include/chapt4_interfaces/chapt4_interfaces/srv/detail/face_detector__rosidl_typesupport_introspection_cpp.hpp
[0.229s] -- Up-to-date: /home/honhe/learn_ros/Chapter4/Chapter4_ws/install/chapt4_interfaces/include/chapt4_interfaces/chapt4_interfaces/srv/detail/patrol__type_support.cpp
[0.229s] -- Up-to-date: /home/honhe/learn_ros/Chapter4/Chapter4_ws/install/chapt4_interfaces/include/chapt4_interfaces/chapt4_interfaces/srv/detail/patrol__rosidl_typesupport_introspection_cpp.hpp
[0.229s] -- Up-to-date: /home/honhe/learn_ros/Chapter4/Chapter4_ws/install/chapt4_interfaces/include/chapt4_interfaces/chapt4_interfaces/srv/detail/face_detector__type_support.cpp
[0.229s] -- Up-to-date: /home/honhe/learn_ros/Chapter4/Chapter4_ws/install/chapt4_interfaces/lib/libchapt4_interfaces__rosidl_typesupport_introspection_cpp.so
[0.229s] -- Up-to-date: /home/honhe/learn_ros/Chapter4/Chapter4_ws/install/chapt4_interfaces/lib/libchapt4_interfaces__rosidl_typesupport_cpp.so
[0.229s] -- Up-to-date: /home/honhe/learn_ros/Chapter4/Chapter4_ws/install/chapt4_interfaces/share/chapt4_interfaces/environment/pythonpath.sh
[0.229s] -- Up-to-date: /home/honhe/learn_ros/Chapter4/Chapter4_ws/install/chapt4_interfaces/share/chapt4_interfaces/environment/pythonpath.dsv
[0.229s] -- Up-to-date: /home/honhe/learn_ros/Chapter4/Chapter4_ws/install/chapt4_interfaces/lib/python3.12/site-packages/chapt4_interfaces-0.0.0-py3.12.egg-info
[0.229s] -- Installing: /home/honhe/learn_ros/Chapter4/Chapter4_ws/install/chapt4_interfaces/lib/python3.12/site-packages/chapt4_interfaces-0.0.0-py3.12.egg-info/dependency_links.txt
[0.229s] -- Installing: /home/honhe/learn_ros/Chapter4/Chapter4_ws/install/chapt4_interfaces/lib/python3.12/site-packages/chapt4_interfaces-0.0.0-py3.12.egg-info/PKG-INFO
[0.229s] -- Installing: /home/honhe/learn_ros/Chapter4/Chapter4_ws/install/chapt4_interfaces/lib/python3.12/site-packages/chapt4_interfaces-0.0.0-py3.12.egg-info/SOURCES.txt
[0.229s] -- Installing: /home/honhe/learn_ros/Chapter4/Chapter4_ws/install/chapt4_interfaces/lib/python3.12/site-packages/chapt4_interfaces-0.0.0-py3.12.egg-info/top_level.txt
[0.229s] -- Up-to-date: /home/honhe/learn_ros/Chapter4/Chapter4_ws/install/chapt4_interfaces/lib/python3.12/site-packages/chapt4_interfaces
[0.229s] -- Up-to-date: /home/honhe/learn_ros/Chapter4/Chapter4_ws/install/chapt4_interfaces/lib/python3.12/site-packages/chapt4_interfaces/chapt4_interfaces_s__rosidl_typesupport_introspection_c.so
[0.229s] -- Up-to-date: /home/honhe/learn_ros/Chapter4/Chapter4_ws/install/chapt4_interfaces/lib/python3.12/site-packages/chapt4_interfaces/chapt4_interfaces_s__rosidl_typesupport_fastrtps_c.so
[0.230s] -- Up-to-date: /home/honhe/learn_ros/Chapter4/Chapter4_ws/install/chapt4_interfaces/lib/python3.12/site-packages/chapt4_interfaces/srv
[0.230s] -- Up-to-date: /home/honhe/learn_ros/Chapter4/Chapter4_ws/install/chapt4_interfaces/lib/python3.12/site-packages/chapt4_interfaces/srv/_patrol.py
[0.230s] -- Up-to-date: /home/honhe/learn_ros/Chapter4/Chapter4_ws/install/chapt4_interfaces/lib/python3.12/site-packages/chapt4_interfaces/srv/_face_detector.py
[0.230s] -- Up-to-date: /home/honhe/learn_ros/Chapter4/Chapter4_ws/install/chapt4_interfaces/lib/python3.12/site-packages/chapt4_interfaces/srv/_face_detector_s.c
[0.230s] -- Up-to-date: /home/honhe/learn_ros/Chapter4/Chapter4_ws/install/chapt4_interfaces/lib/python3.12/site-packages/chapt4_interfaces/srv/__init__.py
[0.230s] -- Up-to-date: /home/honhe/learn_ros/Chapter4/Chapter4_ws/install/chapt4_interfaces/lib/python3.12/site-packages/chapt4_interfaces/srv/_patrol_s.c
[0.230s] -- Up-to-date: /home/honhe/learn_ros/Chapter4/Chapter4_ws/install/chapt4_interfaces/lib/python3.12/site-packages/chapt4_interfaces/_chapt4_interfaces_s.ep.rosidl_typesupport_c.c
[0.230s] -- Up-to-date: /home/honhe/learn_ros/Chapter4/Chapter4_ws/install/chapt4_interfaces/lib/python3.12/site-packages/chapt4_interfaces/_chapt4_interfaces_s.ep.rosidl_typesupport_fastrtps_c.c
[0.230s] -- Up-to-date: /home/honhe/learn_ros/Chapter4/Chapter4_ws/install/chapt4_interfaces/lib/python3.12/site-packages/chapt4_interfaces/__init__.py
[0.230s] -- Up-to-date: /home/honhe/learn_ros/Chapter4/Chapter4_ws/install/chapt4_interfaces/lib/python3.12/site-packages/chapt4_interfaces/chapt4_interfaces_s__rosidl_typesupport_c.so
[0.230s] -- Up-to-date: /home/honhe/learn_ros/Chapter4/Chapter4_ws/install/chapt4_interfaces/lib/python3.12/site-packages/chapt4_interfaces/_chapt4_interfaces_s.ep.rosidl_typesupport_introspection_c.c
[0.247s] Listing '/home/honhe/learn_ros/Chapter4/Chapter4_ws/install/chapt4_interfaces/lib/python3.12/site-packages/chapt4_interfaces'...
[0.247s] Listing '/home/honhe/learn_ros/Chapter4/Chapter4_ws/install/chapt4_interfaces/lib/python3.12/site-packages/chapt4_interfaces/srv'...
[0.251s] -- Up-to-date: /home/honhe/learn_ros/Chapter4/Chapter4_ws/install/chapt4_interfaces/lib/python3.12/site-packages/chapt4_interfaces/chapt4_interfaces_s__rosidl_typesupport_fastrtps_c.so
[0.251s] -- Up-to-date: /home/honhe/learn_ros/Chapter4/Chapter4_ws/install/chapt4_interfaces/lib/python3.12/site-packages/chapt4_interfaces/chapt4_interfaces_s__rosidl_typesupport_introspection_c.so
[0.251s] -- Up-to-date: /home/honhe/learn_ros/Chapter4/Chapter4_ws/install/chapt4_interfaces/lib/python3.12/site-packages/chapt4_interfaces/chapt4_interfaces_s__rosidl_typesupport_c.so
[0.251s] -- Up-to-date: /home/honhe/learn_ros/Chapter4/Chapter4_ws/install/chapt4_interfaces/lib/libchapt4_interfaces__rosidl_generator_py.so
[0.251s] -- Up-to-date: /home/honhe/learn_ros/Chapter4/Chapter4_ws/install/chapt4_interfaces/share/chapt4_interfaces/srv/FaceDetector.idl
[0.251s] -- Up-to-date: /home/honhe/learn_ros/Chapter4/Chapter4_ws/install/chapt4_interfaces/share/chapt4_interfaces/srv/Patrol.idl
[0.251s] -- Up-to-date: /home/honhe/learn_ros/Chapter4/Chapter4_ws/install/chapt4_interfaces/share/chapt4_interfaces/srv/FaceDetector.srv
[0.251s] -- Up-to-date: /home/honhe/learn_ros/Chapter4/Chapter4_ws/install/chapt4_interfaces/share/chapt4_interfaces/srv/Patrol.srv
[0.251s] -- Up-to-date: /home/honhe/learn_ros/Chapter4/Chapter4_ws/install/chapt4_interfaces/share/ament_index/resource_index/package_run_dependencies/chapt4_interfaces
[0.251s] -- Up-to-date: /home/honhe/learn_ros/Chapter4/Chapter4_ws/install/chapt4_interfaces/share/ament_index/resource_index/parent_prefix_path/chapt4_interfaces
[0.251s] -- Up-to-date: /home/honhe/learn_ros/Chapter4/Chapter4_ws/install/chapt4_interfaces/share/chapt4_interfaces/environment/ament_prefix_path.sh
[0.251s] -- Up-to-date: /home/honhe/learn_ros/Chapter4/Chapter4_ws/install/chapt4_interfaces/share/chapt4_interfaces/environment/ament_prefix_path.dsv
[0.251s] -- Up-to-date: /home/honhe/learn_ros/Chapter4/Chapter4_ws/install/chapt4_interfaces/share/chapt4_interfaces/environment/path.sh
[0.251s] -- Up-to-date: /home/honhe/learn_ros/Chapter4/Chapter4_ws/install/chapt4_interfaces/share/chapt4_interfaces/environment/path.dsv
[0.251s] -- Up-to-date: /home/honhe/learn_ros/Chapter4/Chapter4_ws/install/chapt4_interfaces/share/chapt4_interfaces/local_setup.bash
[0.251s] -- Up-to-date: /home/honhe/learn_ros/Chapter4/Chapter4_ws/install/chapt4_interfaces/share/chapt4_interfaces/local_setup.sh
[0.251s] -- Up-to-date: /home/honhe/learn_ros/Chapter4/Chapter4_ws/install/chapt4_interfaces/share/chapt4_interfaces/local_setup.zsh
[0.251s] -- Up-to-date: /home/honhe/learn_ros/Chapter4/Chapter4_ws/install/chapt4_interfaces/share/chapt4_interfaces/local_setup.dsv
[0.251s] -- Installing: /home/honhe/learn_ros/Chapter4/Chapter4_ws/install/chapt4_interfaces/share/chapt4_interfaces/package.dsv
[0.251s] -- Up-to-date: /home/honhe/learn_ros/Chapter4/Chapter4_ws/install/chapt4_interfaces/share/ament_index/resource_index/packages/chapt4_interfaces
[0.252s] -- Up-to-date: /home/honhe/learn_ros/Chapter4/Chapter4_ws/install/chapt4_interfaces/share/chapt4_interfaces/cmake/export_chapt4_interfaces__rosidl_generator_cExport.cmake
[0.252s] -- Up-to-date: /home/honhe/learn_ros/Chapter4/Chapter4_ws/install/chapt4_interfaces/share/chapt4_interfaces/cmake/export_chapt4_interfaces__rosidl_generator_cExport-noconfig.cmake
[0.252s] -- Up-to-date: /home/honhe/learn_ros/Chapter4/Chapter4_ws/install/chapt4_interfaces/share/chapt4_interfaces/cmake/export_chapt4_interfaces__rosidl_typesupport_fastrtps_cExport.cmake
[0.252s] -- Up-to-date: /home/honhe/learn_ros/Chapter4/Chapter4_ws/install/chapt4_interfaces/share/chapt4_interfaces/cmake/export_chapt4_interfaces__rosidl_typesupport_fastrtps_cExport-noconfig.cmake
[0.252s] -- Up-to-date: /home/honhe/learn_ros/Chapter4/Chapter4_ws/install/chapt4_interfaces/share/chapt4_interfaces/cmake/export_chapt4_interfaces__rosidl_generator_cppExport.cmake
[0.252s] -- Up-to-date: /home/honhe/learn_ros/Chapter4/Chapter4_ws/install/chapt4_interfaces/share/chapt4_interfaces/cmake/export_chapt4_interfaces__rosidl_typesupport_fastrtps_cppExport.cmake
[0.252s] -- Up-to-date: /home/honhe/learn_ros/Chapter4/Chapter4_ws/install/chapt4_interfaces/share/chapt4_interfaces/cmake/export_chapt4_interfaces__rosidl_typesupport_fastrtps_cppExport-noconfig.cmake
[0.252s] -- Up-to-date: /home/honhe/learn_ros/Chapter4/Chapter4_ws/install/chapt4_interfaces/share/chapt4_interfaces/cmake/chapt4_interfaces__rosidl_typesupport_introspection_cExport.cmake
[0.252s] -- Up-to-date: /home/honhe/learn_ros/Chapter4/Chapter4_ws/install/chapt4_interfaces/share/chapt4_interfaces/cmake/chapt4_interfaces__rosidl_typesupport_introspection_cExport-noconfig.cmake
[0.252s] -- Up-to-date: /home/honhe/learn_ros/Chapter4/Chapter4_ws/install/chapt4_interfaces/share/chapt4_interfaces/cmake/chapt4_interfaces__rosidl_typesupport_cExport.cmake
[0.252s] -- Up-to-date: /home/honhe/learn_ros/Chapter4/Chapter4_ws/install/chapt4_interfaces/share/chapt4_interfaces/cmake/chapt4_interfaces__rosidl_typesupport_cExport-noconfig.cmake
[0.252s] -- Up-to-date: /home/honhe/learn_ros/Chapter4/Chapter4_ws/install/chapt4_interfaces/share/chapt4_interfaces/cmake/chapt4_interfaces__rosidl_typesupport_introspection_cppExport.cmake
[0.252s] -- Up-to-date: /home/honhe/learn_ros/Chapter4/Chapter4_ws/install/chapt4_interfaces/share/chapt4_interfaces/cmake/chapt4_interfaces__rosidl_typesupport_introspection_cppExport-noconfig.cmake
[0.252s] -- Up-to-date: /home/honhe/learn_ros/Chapter4/Chapter4_ws/install/chapt4_interfaces/share/chapt4_interfaces/cmake/chapt4_interfaces__rosidl_typesupport_cppExport.cmake
[0.252s] -- Up-to-date: /home/honhe/learn_ros/Chapter4/Chapter4_ws/install/chapt4_interfaces/share/chapt4_interfaces/cmake/chapt4_interfaces__rosidl_typesupport_cppExport-noconfig.cmake
[0.252s] -- Up-to-date: /home/honhe/learn_ros/Chapter4/Chapter4_ws/install/chapt4_interfaces/share/chapt4_interfaces/cmake/export_chapt4_interfaces__rosidl_generator_pyExport.cmake
[0.252s] -- Up-to-date: /home/honhe/learn_ros/Chapter4/Chapter4_ws/install/chapt4_interfaces/share/chapt4_interfaces/cmake/export_chapt4_interfaces__rosidl_generator_pyExport-noconfig.cmake
[0.252s] -- Up-to-date: /home/honhe/learn_ros/Chapter4/Chapter4_ws/install/chapt4_interfaces/share/chapt4_interfaces/cmake/rosidl_cmake-extras.cmake
[0.252s] -- Up-to-date: /home/honhe/learn_ros/Chapter4/Chapter4_ws/install/chapt4_interfaces/share/chapt4_interfaces/cmake/ament_cmake_export_dependencies-extras.cmake
[0.252s] -- Up-to-date: /home/honhe/learn_ros/Chapter4/Chapter4_ws/install/chapt4_interfaces/share/chapt4_interfaces/cmake/ament_cmake_export_include_directories-extras.cmake
[0.252s] -- Up-to-date: /home/honhe/learn_ros/Chapter4/Chapter4_ws/install/chapt4_interfaces/share/chapt4_interfaces/cmake/ament_cmake_export_libraries-extras.cmake
[0.252s] -- Up-to-date: /home/honhe/learn_ros/Chapter4/Chapter4_ws/install/chapt4_interfaces/share/chapt4_interfaces/cmake/ament_cmake_export_targets-extras.cmake
[0.252s] -- Up-to-date: /home/honhe/learn_ros/Chapter4/Chapter4_ws/install/chapt4_interfaces/share/chapt4_interfaces/cmake/rosidl_cmake_export_typesupport_targets-extras.cmake
[0.252s] -- Up-to-date: /home/honhe/learn_ros/Chapter4/Chapter4_ws/install/chapt4_interfaces/share/chapt4_interfaces/cmake/rosidl_cmake_export_typesupport_libraries-extras.cmake
[0.252s] -- Up-to-date: /home/honhe/learn_ros/Chapter4/Chapter4_ws/install/chapt4_interfaces/share/chapt4_interfaces/cmake/chapt4_interfacesConfig.cmake
[0.252s] -- Up-to-date: /home/honhe/learn_ros/Chapter4/Chapter4_ws/install/chapt4_interfaces/share/chapt4_interfaces/cmake/chapt4_interfacesConfig-version.cmake
[0.252s] -- Up-to-date: /home/honhe/learn_ros/Chapter4/Chapter4_ws/install/chapt4_interfaces/share/chapt4_interfaces/package.xml
[0.253s] Invoked command in '/home/honhe/learn_ros/Chapter4/Chapter4_ws/build/chapt4_interfaces' returned '0': CMAKE_PREFIX_PATH=${CMAKE_PREFIX_PATH}:/home/honhe/learn_ros/Chapter4/Chapter4_ws/install/demo_python_service:/opt/ros/jazzy DEBUGINFOD_URLS=https://debuginfod.ubuntu.com VIRTUAL_ENV_PROMPT=(learn_ros_venv) /usr/bin/cmake --install /home/honhe/learn_ros/Chapter4/Chapter4_ws/build/chapt4_interfaces
