[0.006s] Invoking command in '/home/honhe/learn_ros/Chapter2/chapt2_ws/build/demo_cpp_pkg': CMAKE_PREFIX_PATH=${CMAKE_PREFIX_PATH}:/home/honhe/learn_ros/Chapter2/chapt2_ws/install/demo_python_pkg:/home/honhe/learn_ros/Chapter2/install/demo_python_pkg:/opt/ros/jazzy DEBUGINFOD_URLS=https://debuginfod.ubuntu.com /usr/bin/cmake --build /home/honhe/learn_ros/Chapter2/chapt2_ws/build/demo_cpp_pkg -- -j32 -l32
[0.056s] [ 50%] Built target cpp_node
[0.057s] [ 75%] [32mBuilding CXX object CMakeFiles/person_node.dir/src/person_node.cpp.o[0m
[1.395s] [100%] [32m[1mLinking CXX executable person_node[0m
[1.466s] [100%] Built target person_node
[1.474s] Invoked command in '/home/honhe/learn_ros/Chapter2/chapt2_ws/build/demo_cpp_pkg' returned '0': CMAKE_PREFIX_PATH=${CMAKE_PREFIX_PATH}:/home/honhe/learn_ros/Chapter2/chapt2_ws/install/demo_python_pkg:/home/honhe/learn_ros/Chapter2/install/demo_python_pkg:/opt/ros/jazzy DEBUGINFOD_URLS=https://debuginfod.ubuntu.com /usr/bin/cmake --build /home/honhe/learn_ros/Chapter2/chapt2_ws/build/demo_cpp_pkg -- -j32 -l32
[1.482s] Invoking command in '/home/honhe/learn_ros/Chapter2/chapt2_ws/build/demo_cpp_pkg': CMAKE_PREFIX_PATH=${CMAKE_PREFIX_PATH}:/home/honhe/learn_ros/Chapter2/chapt2_ws/install/demo_python_pkg:/home/honhe/learn_ros/Chapter2/install/demo_python_pkg:/opt/ros/jazzy DEBUGINFOD_URLS=https://debuginfod.ubuntu.com /usr/bin/cmake --install /home/honhe/learn_ros/Chapter2/chapt2_ws/build/demo_cpp_pkg
[1.491s] -- Install configuration: ""
[1.491s] -- Up-to-date: /home/honhe/learn_ros/Chapter2/chapt2_ws/install/demo_cpp_pkg/lib/demo_cpp_pkg/cpp_node
[1.491s] -- Installing: /home/honhe/learn_ros/Chapter2/chapt2_ws/install/demo_cpp_pkg/lib/demo_cpp_pkg/person_node
[1.492s] -- Set non-toolchain portion of runtime path of "/home/honhe/learn_ros/Chapter2/chapt2_ws/install/demo_cpp_pkg/lib/demo_cpp_pkg/person_node" to ""
[1.492s] -- Up-to-date: /home/honhe/learn_ros/Chapter2/chapt2_ws/install/demo_cpp_pkg/share/ament_index/resource_index/package_run_dependencies/demo_cpp_pkg
[1.492s] -- Installing: /home/honhe/learn_ros/Chapter2/chapt2_ws/install/demo_cpp_pkg/share/ament_index/resource_index/parent_prefix_path/demo_cpp_pkg
[1.492s] -- Up-to-date: /home/honhe/learn_ros/Chapter2/chapt2_ws/install/demo_cpp_pkg/share/demo_cpp_pkg/environment/ament_prefix_path.sh
[1.492s] -- Up-to-date: /home/honhe/learn_ros/Chapter2/chapt2_ws/install/demo_cpp_pkg/share/demo_cpp_pkg/environment/ament_prefix_path.dsv
[1.493s] -- Up-to-date: /home/honhe/learn_ros/Chapter2/chapt2_ws/install/demo_cpp_pkg/share/demo_cpp_pkg/environment/path.sh
[1.493s] -- Up-to-date: /home/honhe/learn_ros/Chapter2/chapt2_ws/install/demo_cpp_pkg/share/demo_cpp_pkg/environment/path.dsv
[1.493s] -- Up-to-date: /home/honhe/learn_ros/Chapter2/chapt2_ws/install/demo_cpp_pkg/share/demo_cpp_pkg/local_setup.bash
[1.493s] -- Up-to-date: /home/honhe/learn_ros/Chapter2/chapt2_ws/install/demo_cpp_pkg/share/demo_cpp_pkg/local_setup.sh
[1.494s] -- Up-to-date: /home/honhe/learn_ros/Chapter2/chapt2_ws/install/demo_cpp_pkg/share/demo_cpp_pkg/local_setup.zsh
[1.494s] -- Up-to-date: /home/honhe/learn_ros/Chapter2/chapt2_ws/install/demo_cpp_pkg/share/demo_cpp_pkg/local_setup.dsv
[1.494s] -- Installing: /home/honhe/learn_ros/Chapter2/chapt2_ws/install/demo_cpp_pkg/share/demo_cpp_pkg/package.dsv
[1.494s] -- Up-to-date: /home/honhe/learn_ros/Chapter2/chapt2_ws/install/demo_cpp_pkg/share/ament_index/resource_index/packages/demo_cpp_pkg
[1.495s] -- Up-to-date: /home/honhe/learn_ros/Chapter2/chapt2_ws/install/demo_cpp_pkg/share/demo_cpp_pkg/cmake/demo_cpp_pkgConfig.cmake
[1.495s] -- Up-to-date: /home/honhe/learn_ros/Chapter2/chapt2_ws/install/demo_cpp_pkg/share/demo_cpp_pkg/cmake/demo_cpp_pkgConfig-version.cmake
[1.495s] -- Up-to-date: /home/honhe/learn_ros/Chapter2/chapt2_ws/install/demo_cpp_pkg/share/demo_cpp_pkg/package.xml
[1.496s] Invoked command in '/home/honhe/learn_ros/Chapter2/chapt2_ws/build/demo_cpp_pkg' returned '0': CMAKE_PREFIX_PATH=${CMAKE_PREFIX_PATH}:/home/honhe/learn_ros/Chapter2/chapt2_ws/install/demo_python_pkg:/home/honhe/learn_ros/Chapter2/install/demo_python_pkg:/opt/ros/jazzy DEBUGINFOD_URLS=https://debuginfod.ubuntu.com /usr/bin/cmake --install /home/honhe/learn_ros/Chapter2/chapt2_ws/build/demo_cpp_pkg
