[01m[K/home/honhe/learn_ros/Chapter2/chapt2_ws/src/demo_cpp_pkg/src/person_node.cpp:[m[K In function ‘[01m[Kint[01;32m[K main[m[K(int, char**)[m[K’:
[01m[K/home/honhe/learn_ros/Chapter2/chapt2_ws/src/demo_cpp_pkg/src/person_node.cpp:28:14:[m[K [01;31m[Kerror: [m[Kno matching function for call to ‘[01m[KPersonNode::eat(const char [9], const char [10], int)[m[K’
   28 |     [01;31m[Knode->eat("fish ROS", "Zhang San", 18)[m[K;
      |     [01;31m[K~~~~~~~~~^~~~~~~~~~~~~~~~~~~~~~~~~~~~~[m[K
[01m[K/home/honhe/learn_ros/Chapter2/chapt2_ws/src/demo_cpp_pkg/src/person_node.cpp:16:14:[m[K [01;36m[Knote: [m[Kcandidate: ‘[01m[Kvoid PersonNode::[01;32m[Keat[m[K(std::string&)[m[K’
   16 |         void [01;36m[Keat[m[K(std::string & food_name)
      |              [01;36m[K^~~[m[K
[01m[K/home/honhe/learn_ros/Chapter2/chapt2_ws/src/demo_cpp_pkg/src/person_node.cpp:16:14:[m[K [01;36m[Knote: [m[K  candidate expects 1 argument, 3 provided
In file included from [01m[K/usr/include/c++/13/bits/stl_tempbuf.h:61[m[K,
                 from [01m[K/usr/include/c++/13/memory:66[m[K,
                 from [01m[K/opt/ros/jazzy/include/rclcpp/rclcpp/rclcpp.hpp:169[m[K,
                 from [01m[K/home/honhe/learn_ros/Chapter2/chapt2_ws/src/demo_cpp_pkg/src/person_node.cpp:1[m[K:
/usr/include/c++/13/bits/stl_construct.h: In instantiation of ‘[01m[Kvoid std::[01;32m[K_Construct[m[K(_Tp*, _Args&& ...) [35m[K[with _Tp = PersonNode; _Args = {const char (&)[9]}][m[K[m[K’:
[01m[K/usr/include/c++/13/bits/alloc_traits.h:661:19:[m[K   required from ‘[01m[Kstatic void std::allocator_traits<std::allocator<void> >::[01;32m[Kconstruct[m[K(allocator_type&, _Up*, _Args&& ...) [35m[K[with _Up = PersonNode; _Args = {const char (&)[9]}; allocator_type = std::allocator<void>][m[K[m[K’
[01m[K/usr/include/c++/13/bits/shared_ptr_base.h:604:39:[m[K   required from ‘[01m[Kstd::_Sp_counted_ptr_inplace<_Tp, _Alloc, _Lp>::[01;32m[K_Sp_counted_ptr_inplace[m[K(_Alloc, _Args&& ...) [35m[K[with _Args = {const char (&)[9]}; _Tp = PersonNode; _Alloc = std::allocator<void>; __gnu_cxx::_Lock_policy _Lp = __gnu_cxx::_S_atomic][m[K[m[K’
[01m[K/usr/include/c++/13/bits/shared_ptr_base.h:971:16:[m[K   required from ‘[01m[Kstd::__shared_count<_Lp>::[01;32m[K__shared_count[m[K(_Tp*&, std::_Sp_alloc_shared_tag<_Alloc>, _Args&& ...) [35m[K[with _Tp = PersonNode; _Alloc = std::allocator<void>; _Args = {const char (&)[9]}; __gnu_cxx::_Lock_policy _Lp = __gnu_cxx::_S_atomic][m[K[m[K’
[01m[K/usr/include/c++/13/bits/shared_ptr_base.h:1712:14:[m[K   required from ‘[01m[Kstd::__shared_ptr<_Tp, _Lp>::[01;32m[K__shared_ptr[m[K(std::_Sp_alloc_shared_tag<_Tp>, _Args&& ...) [35m[K[with _Alloc = std::allocator<void>; _Args = {const char (&)[9]}; _Tp = PersonNode; __gnu_cxx::_Lock_policy _Lp = __gnu_cxx::_S_atomic][m[K[m[K’
[01m[K/usr/include/c++/13/bits/shared_ptr.h:464:59:[m[K   required from ‘[01m[Kstd::shared_ptr<_Tp>::[01;32m[Kshared_ptr[m[K(std::_Sp_alloc_shared_tag<_Tp>, _Args&& ...) [35m[K[with _Alloc = std::allocator<void>; _Args = {const char (&)[9]}; _Tp = PersonNode][m[K[m[K’
[01m[K/usr/include/c++/13/bits/shared_ptr.h:1009:14:[m[K   required from ‘[01m[Kstd::shared_ptr<typename std::enable_if<(! std::is_array< <template-parameter-1-1> >::value), _Tp>::type> std::[01;32m[Kmake_shared[m[K(_Args&& ...) [35m[K[with _Tp = PersonNode; _Args = {const char (&)[9]}; typename enable_if<(! is_array< <template-parameter-1-1> >::value), _Tp>::type = PersonNode][m[K[m[K’
[01m[K/home/honhe/learn_ros/Chapter2/chapt2_ws/src/demo_cpp_pkg/src/person_node.cpp:26:45:[m[K   required from here
[01m[K/usr/include/c++/13/bits/stl_construct.h:119:7:[m[K [01;31m[Kerror: [m[Kno matching function for call to ‘[01m[KPersonNode::PersonNode(const char [9])[m[K’
  119 |       [01;31m[K::new((void*)__p) _Tp(std::forward<_Args>(__args)...)[m[K;
      |       [01;31m[K^~~~~~~~~~~~~~~~~~~~~~~~~~~~~~~~~~~~~~~~~~~~~~~~~~~~~[m[K
[01m[K/home/honhe/learn_ros/Chapter2/chapt2_ws/src/demo_cpp_pkg/src/person_node.cpp:9:9:[m[K [01;36m[Knote: [m[Kcandidate: ‘[01m[KPersonNode::[01;32m[KPersonNode[m[K(const std::string&, const std::string&, const int&)[m[K’
    9 |         [01;36m[KPersonNode[m[K(const std::string &node_name,const std::string &name,
      |         [01;36m[K^~~~~~~~~~[m[K
[01m[K/home/honhe/learn_ros/Chapter2/chapt2_ws/src/demo_cpp_pkg/src/person_node.cpp:9:9:[m[K [01;36m[Knote: [m[K  candidate expects 3 arguments, 1 provided
gmake[2]: *** [CMakeFiles/person_node.dir/build.make:76: CMakeFiles/person_node.dir/src/person_node.cpp.o] Error 1
gmake[1]: *** [CMakeFiles/Makefile2:165: CMakeFiles/person_node.dir/all] Error 2
gmake: *** [Makefile:146: all] Error 2
