[0.394s] Invoking command in '/home/honhe/learn_ros/Chapter7/chapt7_ws/src/fishbot_application': DEBUGINFOD_URLS=https://debuginfod.ubuntu.com PYTHONPATH=/home/honhe/learn_ros/Chapter7/chapt7_ws/build/fishbot_application/prefix_override:/usr/lib/python3/dist-packages/colcon_core/task/python/colcon_distutils_commands:/home/honhe/learn_ros/Chapter7/chapt7_ws/install/fishbot_application/lib/python3.12/site-packages:${PYTHONPATH} /usr/bin/python3 -W ignore:setup.py install is deprecated -W ignore:easy_install command is deprecated setup.py egg_info --egg-base ../../build/fishbot_application build --build-base /home/honhe/learn_ros/Chapter7/chapt7_ws/build/fishbot_application/build install --record /home/honhe/learn_ros/Chapter7/chapt7_ws/build/fishbot_application/install.log --single-version-externally-managed install_data
[0.521s] running egg_info
[0.529s] writing ../../build/fishbot_application/fishbot_application.egg-info/PKG-INFO
[0.530s] writing dependency_links to ../../build/fishbot_application/fishbot_application.egg-info/dependency_links.txt
[0.530s] writing entry points to ../../build/fishbot_application/fishbot_application.egg-info/entry_points.txt
[0.530s] writing requirements to ../../build/fishbot_application/fishbot_application.egg-info/requires.txt
[0.530s] writing top-level names to ../../build/fishbot_application/fishbot_application.egg-info/top_level.txt
[0.547s] reading manifest file '../../build/fishbot_application/fishbot_application.egg-info/SOURCES.txt'
[0.547s] adding license file 'LICENSE'
[0.547s] writing manifest file '../../build/fishbot_application/fishbot_application.egg-info/SOURCES.txt'
[0.547s] running build
[0.547s] running build_py
[0.547s] copying fishbot_application/init_pose.py -> /home/honhe/learn_ros/Chapter7/chapt7_ws/build/fishbot_application/build/lib/fishbot_application
[0.547s] running install
[0.551s] running install_lib
[0.559s] copying /home/honhe/learn_ros/Chapter7/chapt7_ws/build/fishbot_application/build/lib/fishbot_application/init_pose.py -> /home/honhe/learn_ros/Chapter7/chapt7_ws/install/fishbot_application/lib/python3.12/site-packages/fishbot_application
[0.560s] byte-compiling /home/honhe/learn_ros/Chapter7/chapt7_ws/install/fishbot_application/lib/python3.12/site-packages/fishbot_application/init_pose.py to init_pose.cpython-312.pyc
[0.560s] running install_data
[0.560s] running install_egg_info
[0.569s] removing '/home/honhe/learn_ros/Chapter7/chapt7_ws/install/fishbot_application/lib/python3.12/site-packages/fishbot_application-0.0.0-py3.12.egg-info' (and everything under it)
[0.569s] Copying ../../build/fishbot_application/fishbot_application.egg-info to /home/honhe/learn_ros/Chapter7/chapt7_ws/install/fishbot_application/lib/python3.12/site-packages/fishbot_application-0.0.0-py3.12.egg-info
[0.569s] running install_scripts
[0.628s] Installing fishbot_init_pose script to /home/honhe/learn_ros/Chapter7/chapt7_ws/install/fishbot_application/lib/fishbot_application
[0.629s] writing list of installed files to '/home/honhe/learn_ros/Chapter7/chapt7_ws/build/fishbot_application/install.log'
[0.644s] Invoked command in '/home/honhe/learn_ros/Chapter7/chapt7_ws/src/fishbot_application' returned '0': DEBUGINFOD_URLS=https://debuginfod.ubuntu.com PYTHONPATH=/home/honhe/learn_ros/Chapter7/chapt7_ws/build/fishbot_application/prefix_override:/usr/lib/python3/dist-packages/colcon_core/task/python/colcon_distutils_commands:/home/honhe/learn_ros/Chapter7/chapt7_ws/install/fishbot_application/lib/python3.12/site-packages:${PYTHONPATH} /usr/bin/python3 -W ignore:setup.py install is deprecated -W ignore:easy_install command is deprecated setup.py egg_info --egg-base ../../build/fishbot_application build --build-base /home/honhe/learn_ros/Chapter7/chapt7_ws/build/fishbot_application/build install --record /home/honhe/learn_ros/Chapter7/chapt7_ws/build/fishbot_application/install.log --single-version-externally-managed install_data
