[0.456s] Invoking command in '/home/honhe/learn_ros/Chapter4/Chapter4_ws/src/demo_python_service': AMENT_PREFIX_PATH=/home/honhe/learn_ros/Chapter4/Chapter4_ws/install/chapt4_interfaces:${AMENT_PREFIX_PATH} CMAKE_PREFIX_PATH=/home/honhe/learn_ros/Chapter4/Chapter4_ws/install/chapt4_interfaces:${CMAKE_PREFIX_PATH} DEBUGINFOD_URLS=https://debuginfod.ubuntu.com LD_LIBRARY_PATH=/home/honhe/learn_ros/Chapter4/Chapter4_ws/install/chapt4_interfaces/lib:${LD_LIBRARY_PATH} PYTHONPATH=/home/honhe/learn_ros/Chapter4/Chapter4_ws/build/demo_python_service/prefix_override:/usr/lib/python3/dist-packages/colcon_core/task/python/colcon_distutils_commands:/home/honhe/learn_ros/Chapter4/Chapter4_ws/install/demo_python_service/lib/python3.12/site-packages:/home/honhe/learn_ros/Chapter4/Chapter4_ws/install/chapt4_interfaces/lib/python3.12/site-packages:${PYTHONPATH} VIRTUAL_ENV_PROMPT=(learn_ros_venv) /usr/bin/python3 -W ignore:setup.py install is deprecated -W ignore:easy_install command is deprecated setup.py egg_info --egg-base ../../build/demo_python_service build --build-base /home/honhe/learn_ros/Chapter4/Chapter4_ws/build/demo_python_service/build install --record /home/honhe/learn_ros/Chapter4/Chapter4_ws/build/demo_python_service/install.log --single-version-externally-managed install_data
[0.593s] running egg_info
[0.602s] writing ../../build/demo_python_service/demo_python_service.egg-info/PKG-INFO
[0.602s] writing dependency_links to ../../build/demo_python_service/demo_python_service.egg-info/dependency_links.txt
[0.602s] writing entry points to ../../build/demo_python_service/demo_python_service.egg-info/entry_points.txt
[0.602s] writing requirements to ../../build/demo_python_service/demo_python_service.egg-info/requires.txt
[0.602s] writing top-level names to ../../build/demo_python_service/demo_python_service.egg-info/top_level.txt
[0.620s] reading manifest file '../../build/demo_python_service/demo_python_service.egg-info/SOURCES.txt'
[0.620s] adding license file 'LICENSE'
[0.621s] writing manifest file '../../build/demo_python_service/demo_python_service.egg-info/SOURCES.txt'
[0.621s] running build
[0.621s] running build_py
[0.621s] running install
[0.625s] running install_lib
[0.634s] running install_data
[0.634s] running install_egg_info
[0.644s] removing '/home/honhe/learn_ros/Chapter4/Chapter4_ws/install/demo_python_service/lib/python3.12/site-packages/demo_python_service-0.0.0-py3.12.egg-info' (and everything under it)
[0.644s] Copying ../../build/demo_python_service/demo_python_service.egg-info to /home/honhe/learn_ros/Chapter4/Chapter4_ws/install/demo_python_service/lib/python3.12/site-packages/demo_python_service-0.0.0-py3.12.egg-info
[0.645s] running install_scripts
[0.716s] Installing face_detection_client_node script to /home/honhe/learn_ros/Chapter4/Chapter4_ws/install/demo_python_service/lib/demo_python_service
[0.716s] Installing face_detection_node script to /home/honhe/learn_ros/Chapter4/Chapter4_ws/install/demo_python_service/lib/demo_python_service
[0.716s] Installing learn_face_detection script to /home/honhe/learn_ros/Chapter4/Chapter4_ws/install/demo_python_service/lib/demo_python_service
[0.716s] writing list of installed files to '/home/honhe/learn_ros/Chapter4/Chapter4_ws/build/demo_python_service/install.log'
[0.737s] Invoked command in '/home/honhe/learn_ros/Chapter4/Chapter4_ws/src/demo_python_service' returned '0': AMENT_PREFIX_PATH=/home/honhe/learn_ros/Chapter4/Chapter4_ws/install/chapt4_interfaces:${AMENT_PREFIX_PATH} CMAKE_PREFIX_PATH=/home/honhe/learn_ros/Chapter4/Chapter4_ws/install/chapt4_interfaces:${CMAKE_PREFIX_PATH} DEBUGINFOD_URLS=https://debuginfod.ubuntu.com LD_LIBRARY_PATH=/home/honhe/learn_ros/Chapter4/Chapter4_ws/install/chapt4_interfaces/lib:${LD_LIBRARY_PATH} PYTHONPATH=/home/honhe/learn_ros/Chapter4/Chapter4_ws/build/demo_python_service/prefix_override:/usr/lib/python3/dist-packages/colcon_core/task/python/colcon_distutils_commands:/home/honhe/learn_ros/Chapter4/Chapter4_ws/install/demo_python_service/lib/python3.12/site-packages:/home/honhe/learn_ros/Chapter4/Chapter4_ws/install/chapt4_interfaces/lib/python3.12/site-packages:${PYTHONPATH} VIRTUAL_ENV_PROMPT=(learn_ros_venv) /usr/bin/python3 -W ignore:setup.py install is deprecated -W ignore:easy_install command is deprecated setup.py egg_info --egg-base ../../build/demo_python_service build --build-base /home/honhe/learn_ros/Chapter4/Chapter4_ws/build/demo_python_service/build install --record /home/honhe/learn_ros/Chapter4/Chapter4_ws/build/demo_python_service/install.log --single-version-externally-managed install_data
