[0.371s] Invoking command in '/home/honhe/learn_ros/Chapter5/chapt5_ws/src/demo_python_tf': DEBUGINFOD_URLS=https://debuginfod.ubuntu.com PYTHONPATH=/home/honhe/learn_ros/Chapter5/chapt5_ws/build/demo_python_tf/prefix_override:/usr/lib/python3/dist-packages/colcon_core/task/python/colcon_distutils_commands:/home/honhe/learn_ros/Chapter5/chapt5_ws/install/demo_python_tf/lib/python3.12/site-packages:${PYTHONPATH} VIRTUAL_ENV_PROMPT=(learn_ros_venv) /usr/bin/python3 -W ignore:setup.py install is deprecated -W ignore:easy_install command is deprecated setup.py egg_info --egg-base ../../build/demo_python_tf build --build-base /home/honhe/learn_ros/Chapter5/chapt5_ws/build/demo_python_tf/build install --record /home/honhe/learn_ros/Chapter5/chapt5_ws/build/demo_python_tf/install.log --single-version-externally-managed install_data
[0.494s] running egg_info
[0.501s] writing ../../build/demo_python_tf/demo_python_tf.egg-info/PKG-INFO
[0.501s] writing dependency_links to ../../build/demo_python_tf/demo_python_tf.egg-info/dependency_links.txt
[0.501s] writing entry points to ../../build/demo_python_tf/demo_python_tf.egg-info/entry_points.txt
[0.501s] writing requirements to ../../build/demo_python_tf/demo_python_tf.egg-info/requires.txt
[0.501s] writing top-level names to ../../build/demo_python_tf/demo_python_tf.egg-info/top_level.txt
[0.517s] reading manifest file '../../build/demo_python_tf/demo_python_tf.egg-info/SOURCES.txt'
[0.518s] adding license file 'LICENSE'
[0.518s] writing manifest file '../../build/demo_python_tf/demo_python_tf.egg-info/SOURCES.txt'
[0.518s] running build
[0.518s] running build_py
[0.519s] copying demo_python_tf/tf_listener.py -> /home/honhe/learn_ros/Chapter5/chapt5_ws/build/demo_python_tf/build/lib/demo_python_tf
[0.519s] running install
[0.524s] running install_lib
[0.541s] copying /home/honhe/learn_ros/Chapter5/chapt5_ws/build/demo_python_tf/build/lib/demo_python_tf/tf_listener.py -> /home/honhe/learn_ros/Chapter5/chapt5_ws/install/demo_python_tf/lib/python3.12/site-packages/demo_python_tf
[0.542s] byte-compiling /home/honhe/learn_ros/Chapter5/chapt5_ws/install/demo_python_tf/lib/python3.12/site-packages/demo_python_tf/tf_listener.py to tf_listener.cpython-312.pyc
[0.542s] running install_data
[0.543s] running install_egg_info
[0.556s] removing '/home/honhe/learn_ros/Chapter5/chapt5_ws/install/demo_python_tf/lib/python3.12/site-packages/demo_python_tf-0.0.0-py3.12.egg-info' (and everything under it)
[0.556s] Copying ../../build/demo_python_tf/demo_python_tf.egg-info to /home/honhe/learn_ros/Chapter5/chapt5_ws/install/demo_python_tf/lib/python3.12/site-packages/demo_python_tf-0.0.0-py3.12.egg-info
[0.556s] running install_scripts
[0.618s] Installing dynamic_tf_broadcaster script to /home/honhe/learn_ros/Chapter5/chapt5_ws/install/demo_python_tf/lib/demo_python_tf
[0.618s] Installing static_tf_broadcaster script to /home/honhe/learn_ros/Chapter5/chapt5_ws/install/demo_python_tf/lib/demo_python_tf
[0.619s] Installing tf_listener script to /home/honhe/learn_ros/Chapter5/chapt5_ws/install/demo_python_tf/lib/demo_python_tf
[0.619s] writing list of installed files to '/home/honhe/learn_ros/Chapter5/chapt5_ws/build/demo_python_tf/install.log'
[0.634s] Invoked command in '/home/honhe/learn_ros/Chapter5/chapt5_ws/src/demo_python_tf' returned '0': DEBUGINFOD_URLS=https://debuginfod.ubuntu.com PYTHONPATH=/home/honhe/learn_ros/Chapter5/chapt5_ws/build/demo_python_tf/prefix_override:/usr/lib/python3/dist-packages/colcon_core/task/python/colcon_distutils_commands:/home/honhe/learn_ros/Chapter5/chapt5_ws/install/demo_python_tf/lib/python3.12/site-packages:${PYTHONPATH} VIRTUAL_ENV_PROMPT=(learn_ros_venv) /usr/bin/python3 -W ignore:setup.py install is deprecated -W ignore:easy_install command is deprecated setup.py egg_info --egg-base ../../build/demo_python_tf build --build-base /home/honhe/learn_ros/Chapter5/chapt5_ws/build/demo_python_tf/build install --record /home/honhe/learn_ros/Chapter5/chapt5_ws/build/demo_python_tf/install.log --single-version-externally-managed install_data
