[0.256s] Invoking command in '/home/honhe/learn_ros/Chapter8/chapt8_ws/build/nav2_custom_planner': CMAKE_PREFIX_PATH=${CMAKE_PREFIX_PATH}:/home/honhe/learn_ros/Chapter8/chapt8_ws/install/fishbot_application:/home/honhe/learn_ros/Chapter8/chapt8_ws/install/autopatrol_robot:/opt/ros/jazzy DEBUGINFOD_URLS=https://debuginfod.ubuntu.com /usr/bin/cmake --build /home/honhe/learn_ros/Chapter8/chapt8_ws/build/nav2_custom_planner -- -j32 -l32
[0.310s] [100%] Built target nav2_custom_planner_plugin
[0.321s] Invoked command in '/home/honhe/learn_ros/Chapter8/chapt8_ws/build/nav2_custom_planner' returned '0': CMAKE_PREFIX_PATH=${CMAKE_PREFIX_PATH}:/home/honhe/learn_ros/Chapter8/chapt8_ws/install/fishbot_application:/home/honhe/learn_ros/Chapter8/chapt8_ws/install/autopatrol_robot:/opt/ros/jazzy DEBUGINFOD_URLS=https://debuginfod.ubuntu.com /usr/bin/cmake --build /home/honhe/learn_ros/Chapter8/chapt8_ws/build/nav2_custom_planner -- -j32 -l32
[0.322s] Invoking command in '/home/honhe/learn_ros/Chapter8/chapt8_ws/build/nav2_custom_planner': CMAKE_PREFIX_PATH=${CMAKE_PREFIX_PATH}:/home/honhe/learn_ros/Chapter8/chapt8_ws/install/fishbot_application:/home/honhe/learn_ros/Chapter8/chapt8_ws/install/autopatrol_robot:/opt/ros/jazzy DEBUGINFOD_URLS=https://debuginfod.ubuntu.com /usr/bin/cmake --install /home/honhe/learn_ros/Chapter8/chapt8_ws/build/nav2_custom_planner
[0.329s] -- Install configuration: ""
[0.329s] -- Up-to-date: /home/honhe/learn_ros/Chapter8/chapt8_ws/install/nav2_custom_planner/lib/libnav2_custom_planner_plugin.so
[0.329s] -- Up-to-date: /home/honhe/learn_ros/Chapter8/chapt8_ws/install/nav2_custom_planner/include/
[0.329s] -- Up-to-date: /home/honhe/learn_ros/Chapter8/chapt8_ws/install/nav2_custom_planner/include//nav2_custom_planner
[0.329s] -- Up-to-date: /home/honhe/learn_ros/Chapter8/chapt8_ws/install/nav2_custom_planner/include//nav2_custom_planner/nav2_custom_planner.hpp
[0.329s] -- Up-to-date: /home/honhe/learn_ros/Chapter8/chapt8_ws/install/nav2_custom_planner/share/nav2_custom_planner/custom_planner_plugin.xml
[0.329s] -- Up-to-date: /home/honhe/learn_ros/Chapter8/chapt8_ws/install/nav2_custom_planner/share/ament_index/resource_index/package_run_dependencies/nav2_custom_planner
[0.329s] -- Up-to-date: /home/honhe/learn_ros/Chapter8/chapt8_ws/install/nav2_custom_planner/share/ament_index/resource_index/parent_prefix_path/nav2_custom_planner
[0.329s] -- Up-to-date: /home/honhe/learn_ros/Chapter8/chapt8_ws/install/nav2_custom_planner/share/nav2_custom_planner/environment/ament_prefix_path.sh
[0.330s] -- Up-to-date: /home/honhe/learn_ros/Chapter8/chapt8_ws/install/nav2_custom_planner/share/nav2_custom_planner/environment/ament_prefix_path.dsv
[0.330s] -- Up-to-date: /home/honhe/learn_ros/Chapter8/chapt8_ws/install/nav2_custom_planner/share/nav2_custom_planner/environment/path.sh
[0.330s] -- Up-to-date: /home/honhe/learn_ros/Chapter8/chapt8_ws/install/nav2_custom_planner/share/nav2_custom_planner/environment/path.dsv
[0.330s] -- Up-to-date: /home/honhe/learn_ros/Chapter8/chapt8_ws/install/nav2_custom_planner/share/nav2_custom_planner/local_setup.bash
[0.330s] -- Up-to-date: /home/honhe/learn_ros/Chapter8/chapt8_ws/install/nav2_custom_planner/share/nav2_custom_planner/local_setup.sh
[0.330s] -- Up-to-date: /home/honhe/learn_ros/Chapter8/chapt8_ws/install/nav2_custom_planner/share/nav2_custom_planner/local_setup.zsh
[0.330s] -- Up-to-date: /home/honhe/learn_ros/Chapter8/chapt8_ws/install/nav2_custom_planner/share/nav2_custom_planner/local_setup.dsv
[0.330s] -- Installing: /home/honhe/learn_ros/Chapter8/chapt8_ws/install/nav2_custom_planner/share/nav2_custom_planner/package.dsv
[0.330s] -- Up-to-date: /home/honhe/learn_ros/Chapter8/chapt8_ws/install/nav2_custom_planner/share/ament_index/resource_index/packages/nav2_custom_planner
[0.330s] -- Up-to-date: /home/honhe/learn_ros/Chapter8/chapt8_ws/install/nav2_custom_planner/share/ament_index/resource_index/nav2_core__pluginlib__plugin/nav2_custom_planner
[0.330s] -- Up-to-date: /home/honhe/learn_ros/Chapter8/chapt8_ws/install/nav2_custom_planner/share/nav2_custom_planner/cmake/nav2_custom_plannerConfig.cmake
[0.330s] -- Up-to-date: /home/honhe/learn_ros/Chapter8/chapt8_ws/install/nav2_custom_planner/share/nav2_custom_planner/cmake/nav2_custom_plannerConfig-version.cmake
[0.330s] -- Up-to-date: /home/honhe/learn_ros/Chapter8/chapt8_ws/install/nav2_custom_planner/share/nav2_custom_planner/package.xml
[0.331s] Invoked command in '/home/honhe/learn_ros/Chapter8/chapt8_ws/build/nav2_custom_planner' returned '0': CMAKE_PREFIX_PATH=${CMAKE_PREFIX_PATH}:/home/honhe/learn_ros/Chapter8/chapt8_ws/install/fishbot_application:/home/honhe/learn_ros/Chapter8/chapt8_ws/install/autopatrol_robot:/opt/ros/jazzy DEBUGINFOD_URLS=https://debuginfod.ubuntu.com /usr/bin/cmake --install /home/honhe/learn_ros/Chapter8/chapt8_ws/build/nav2_custom_planner
