[0.249s] Invoking command in '/home/honhe/learn_ros/Chapter8/chapt8_ws/build/nav2_custom_controller': CMAKE_PREFIX_PATH=${CMAKE_PREFIX_PATH}:/home/honhe/learn_ros/Chapter8/chapt8_ws/install/fishbot_application:/home/honhe/learn_ros/Chapter8/chapt8_ws/install/autopatrol_robot:/opt/ros/jazzy DEBUGINFOD_URLS=https://debuginfod.ubuntu.com /usr/bin/cmake --build /home/honhe/learn_ros/Chapter8/chapt8_ws/build/nav2_custom_controller -- -j32 -l32
[0.312s] [ 50%] [32mBuilding CXX object CMakeFiles/nav2_custom_controller_plugin.dir/src/custom_controller.cpp.o[0m
[2.808s] [100%] [32m[1mLinking CXX shared library libnav2_custom_controller_plugin.so[0m
[2.973s] [100%] Built target nav2_custom_controller_plugin
[2.983s] Invoked command in '/home/honhe/learn_ros/Chapter8/chapt8_ws/build/nav2_custom_controller' returned '0': CMAKE_PREFIX_PATH=${CMAKE_PREFIX_PATH}:/home/honhe/learn_ros/Chapter8/chapt8_ws/install/fishbot_application:/home/honhe/learn_ros/Chapter8/chapt8_ws/install/autopatrol_robot:/opt/ros/jazzy DEBUGINFOD_URLS=https://debuginfod.ubuntu.com /usr/bin/cmake --build /home/honhe/learn_ros/Chapter8/chapt8_ws/build/nav2_custom_controller -- -j32 -l32
[2.984s] Invoking command in '/home/honhe/learn_ros/Chapter8/chapt8_ws/build/nav2_custom_controller': CMAKE_PREFIX_PATH=${CMAKE_PREFIX_PATH}:/home/honhe/learn_ros/Chapter8/chapt8_ws/install/fishbot_application:/home/honhe/learn_ros/Chapter8/chapt8_ws/install/autopatrol_robot:/opt/ros/jazzy DEBUGINFOD_URLS=https://debuginfod.ubuntu.com /usr/bin/cmake --install /home/honhe/learn_ros/Chapter8/chapt8_ws/build/nav2_custom_controller
[2.989s] -- Install configuration: ""
[2.989s] -- Installing: /home/honhe/learn_ros/Chapter8/chapt8_ws/install/nav2_custom_controller/lib/libnav2_custom_controller_plugin.so
[2.990s] -- Set non-toolchain portion of runtime path of "/home/honhe/learn_ros/Chapter8/chapt8_ws/install/nav2_custom_controller/lib/libnav2_custom_controller_plugin.so" to ""
[2.990s] -- Up-to-date: /home/honhe/learn_ros/Chapter8/chapt8_ws/install/nav2_custom_controller/include/
[2.990s] -- Up-to-date: /home/honhe/learn_ros/Chapter8/chapt8_ws/install/nav2_custom_controller/include//nav2_custom_controller
[2.990s] -- Up-to-date: /home/honhe/learn_ros/Chapter8/chapt8_ws/install/nav2_custom_controller/include//nav2_custom_controller/custom_controller.hpp
[2.990s] -- Up-to-date: /home/honhe/learn_ros/Chapter8/chapt8_ws/install/nav2_custom_controller/share/nav2_custom_controller/nav2_custom_controller.xml
[2.990s] -- Up-to-date: /home/honhe/learn_ros/Chapter8/chapt8_ws/install/nav2_custom_controller/share/ament_index/resource_index/package_run_dependencies/nav2_custom_controller
[2.990s] -- Up-to-date: /home/honhe/learn_ros/Chapter8/chapt8_ws/install/nav2_custom_controller/share/ament_index/resource_index/parent_prefix_path/nav2_custom_controller
[2.990s] -- Up-to-date: /home/honhe/learn_ros/Chapter8/chapt8_ws/install/nav2_custom_controller/share/nav2_custom_controller/environment/ament_prefix_path.sh
[2.990s] -- Up-to-date: /home/honhe/learn_ros/Chapter8/chapt8_ws/install/nav2_custom_controller/share/nav2_custom_controller/environment/ament_prefix_path.dsv
[2.991s] -- Up-to-date: /home/honhe/learn_ros/Chapter8/chapt8_ws/install/nav2_custom_controller/share/nav2_custom_controller/environment/path.sh
[2.991s] -- Up-to-date: /home/honhe/learn_ros/Chapter8/chapt8_ws/install/nav2_custom_controller/share/nav2_custom_controller/environment/path.dsv
[2.991s] -- Up-to-date: /home/honhe/learn_ros/Chapter8/chapt8_ws/install/nav2_custom_controller/share/nav2_custom_controller/local_setup.bash
[2.991s] -- Up-to-date: /home/honhe/learn_ros/Chapter8/chapt8_ws/install/nav2_custom_controller/share/nav2_custom_controller/local_setup.sh
[2.991s] -- Up-to-date: /home/honhe/learn_ros/Chapter8/chapt8_ws/install/nav2_custom_controller/share/nav2_custom_controller/local_setup.zsh
[2.991s] -- Up-to-date: /home/honhe/learn_ros/Chapter8/chapt8_ws/install/nav2_custom_controller/share/nav2_custom_controller/local_setup.dsv
[2.991s] -- Installing: /home/honhe/learn_ros/Chapter8/chapt8_ws/install/nav2_custom_controller/share/nav2_custom_controller/package.dsv
[2.991s] -- Up-to-date: /home/honhe/learn_ros/Chapter8/chapt8_ws/install/nav2_custom_controller/share/ament_index/resource_index/packages/nav2_custom_controller
[2.991s] -- Up-to-date: /home/honhe/learn_ros/Chapter8/chapt8_ws/install/nav2_custom_controller/share/ament_index/resource_index/nav2_core__pluginlib__plugin/nav2_custom_controller
[2.991s] -- Up-to-date: /home/honhe/learn_ros/Chapter8/chapt8_ws/install/nav2_custom_controller/share/nav2_custom_controller/cmake/nav2_custom_controllerConfig.cmake
[2.991s] -- Up-to-date: /home/honhe/learn_ros/Chapter8/chapt8_ws/install/nav2_custom_controller/share/nav2_custom_controller/cmake/nav2_custom_controllerConfig-version.cmake
[2.991s] -- Up-to-date: /home/honhe/learn_ros/Chapter8/chapt8_ws/install/nav2_custom_controller/share/nav2_custom_controller/package.xml
[2.992s] Invoked command in '/home/honhe/learn_ros/Chapter8/chapt8_ws/build/nav2_custom_controller' returned '0': CMAKE_PREFIX_PATH=${CMAKE_PREFIX_PATH}:/home/honhe/learn_ros/Chapter8/chapt8_ws/install/fishbot_application:/home/honhe/learn_ros/Chapter8/chapt8_ws/install/autopatrol_robot:/opt/ros/jazzy DEBUGINFOD_URLS=https://debuginfod.ubuntu.com /usr/bin/cmake --install /home/honhe/learn_ros/Chapter8/chapt8_ws/build/nav2_custom_controller
