[0.007s] Invoking command in '/home/honhe/learn_ros/Chapter6/chapt6_ws/build/fishbot_description': CMAKE_PREFIX_PATH=${CMAKE_PREFIX_PATH}:/opt/ros/jazzy DEBUGINFOD_URLS=https://debuginfod.ubuntu.com /usr/bin/cmake --build /home/honhe/learn_ros/Chapter6/chapt6_ws/build/fishbot_description -- -j32 -l32
[0.046s] Invoked command in '/home/honhe/learn_ros/Chapter6/chapt6_ws/build/fishbot_description' returned '0': CMAKE_PREFIX_PATH=${CMAKE_PREFIX_PATH}:/opt/ros/jazzy DEBUGINFOD_URLS=https://debuginfod.ubuntu.com /usr/bin/cmake --build /home/honhe/learn_ros/Chapter6/chapt6_ws/build/fishbot_description -- -j32 -l32
[0.058s] Invoking command in '/home/honhe/learn_ros/Chapter6/chapt6_ws/build/fishbot_description': CMAKE_PREFIX_PATH=${CMAKE_PREFIX_PATH}:/opt/ros/jazzy DEBUGINFOD_URLS=https://debuginfod.ubuntu.com /usr/bin/cmake --install /home/honhe/learn_ros/Chapter6/chapt6_ws/build/fishbot_description
[0.070s] -- Install configuration: ""
[0.070s] -- Up-to-date: /home/honhe/learn_ros/Chapter6/chapt6_ws/install/fishbot_description/share/fishbot_description/launch
[0.071s] -- Installing: /home/honhe/learn_ros/Chapter6/chapt6_ws/install/fishbot_description/share/fishbot_description/launch/display_robot.launch.py
[0.071s] -- Up-to-date: /home/honhe/learn_ros/Chapter6/chapt6_ws/install/fishbot_description/share/fishbot_description/urdf
[0.071s] -- Up-to-date: /home/honhe/learn_ros/Chapter6/chapt6_ws/install/fishbot_description/share/fishbot_description/urdf/first_robot.pdf
[0.071s] -- Up-to-date: /home/honhe/learn_ros/Chapter6/chapt6_ws/install/fishbot_description/share/fishbot_description/urdf/first_robot.gv
[0.071s] -- Up-to-date: /home/honhe/learn_ros/Chapter6/chapt6_ws/install/fishbot_description/share/fishbot_description/urdf/first_robot.urdf
[0.072s] -- Up-to-date: /home/honhe/learn_ros/Chapter6/chapt6_ws/install/fishbot_description/share/ament_index/resource_index/package_run_dependencies/fishbot_description
[0.072s] -- Up-to-date: /home/honhe/learn_ros/Chapter6/chapt6_ws/install/fishbot_description/share/ament_index/resource_index/parent_prefix_path/fishbot_description
[0.072s] -- Up-to-date: /home/honhe/learn_ros/Chapter6/chapt6_ws/install/fishbot_description/share/fishbot_description/environment/ament_prefix_path.sh
[0.072s] -- Up-to-date: /home/honhe/learn_ros/Chapter6/chapt6_ws/install/fishbot_description/share/fishbot_description/environment/ament_prefix_path.dsv
[0.073s] -- Up-to-date: /home/honhe/learn_ros/Chapter6/chapt6_ws/install/fishbot_description/share/fishbot_description/environment/path.sh
[0.073s] -- Up-to-date: /home/honhe/learn_ros/Chapter6/chapt6_ws/install/fishbot_description/share/fishbot_description/environment/path.dsv
[0.074s] -- Up-to-date: /home/honhe/learn_ros/Chapter6/chapt6_ws/install/fishbot_description/share/fishbot_description/local_setup.bash
[0.074s] -- Up-to-date: /home/honhe/learn_ros/Chapter6/chapt6_ws/install/fishbot_description/share/fishbot_description/local_setup.sh
[0.074s] -- Up-to-date: /home/honhe/learn_ros/Chapter6/chapt6_ws/install/fishbot_description/share/fishbot_description/local_setup.zsh
[0.075s] -- Up-to-date: /home/honhe/learn_ros/Chapter6/chapt6_ws/install/fishbot_description/share/fishbot_description/local_setup.dsv
[0.075s] -- Up-to-date: /home/honhe/learn_ros/Chapter6/chapt6_ws/install/fishbot_description/share/fishbot_description/package.dsv
[0.075s] -- Up-to-date: /home/honhe/learn_ros/Chapter6/chapt6_ws/install/fishbot_description/share/ament_index/resource_index/packages/fishbot_description
[0.075s] -- Up-to-date: /home/honhe/learn_ros/Chapter6/chapt6_ws/install/fishbot_description/share/fishbot_description/cmake/fishbot_descriptionConfig.cmake
[0.076s] -- Up-to-date: /home/honhe/learn_ros/Chapter6/chapt6_ws/install/fishbot_description/share/fishbot_description/cmake/fishbot_descriptionConfig-version.cmake
[0.076s] -- Up-to-date: /home/honhe/learn_ros/Chapter6/chapt6_ws/install/fishbot_description/share/fishbot_description/package.xml
[0.076s] Invoked command in '/home/honhe/learn_ros/Chapter6/chapt6_ws/build/fishbot_description' returned '0': CMAKE_PREFIX_PATH=${CMAKE_PREFIX_PATH}:/opt/ros/jazzy DEBUGINFOD_URLS=https://debuginfod.ubuntu.com /usr/bin/cmake --install /home/honhe/learn_ros/Chapter6/chapt6_ws/build/fishbot_description
