[0.458s] Invoking command in '/home/honhe/learn_ros/Chapter3/topic_ws/src/demo_python_topic': DEBUGINFOD_URLS=https://debuginfod.ubuntu.com PYTHONPATH=/home/honhe/learn_ros/Chapter3/topic_ws/build/demo_python_topic/prefix_override:/usr/lib/python3/dist-packages/colcon_core/task/python/colcon_distutils_commands:/home/honhe/learn_ros/Chapter3/topic_ws/install/demo_python_topic/lib/python3.12/site-packages:${PYTHONPATH} VIRTUAL_ENV_PROMPT=(learn_ros_venv) /usr/bin/python3 -W ignore:setup.py install is deprecated -W ignore:easy_install command is deprecated setup.py egg_info --egg-base ../../build/demo_python_topic build --build-base /home/honhe/learn_ros/Chapter3/topic_ws/build/demo_python_topic/build install --record /home/honhe/learn_ros/Chapter3/topic_ws/build/demo_python_topic/install.log --single-version-externally-managed install_data
[0.578s] running egg_info
[0.586s] writing ../../build/demo_python_topic/demo_python_topic.egg-info/PKG-INFO
[0.586s] writing dependency_links to ../../build/demo_python_topic/demo_python_topic.egg-info/dependency_links.txt
[0.586s] writing entry points to ../../build/demo_python_topic/demo_python_topic.egg-info/entry_points.txt
[0.586s] writing requirements to ../../build/demo_python_topic/demo_python_topic.egg-info/requires.txt
[0.586s] writing top-level names to ../../build/demo_python_topic/demo_python_topic.egg-info/top_level.txt
[0.602s] reading manifest file '../../build/demo_python_topic/demo_python_topic.egg-info/SOURCES.txt'
[0.602s] adding license file 'LICENSE'
[0.602s] writing manifest file '../../build/demo_python_topic/demo_python_topic.egg-info/SOURCES.txt'
[0.602s] running build
[0.602s] running build_py
[0.602s] running install
[0.606s] running install_lib
[0.614s] running install_data
[0.614s] running install_egg_info
[0.623s] removing '/home/honhe/learn_ros/Chapter3/topic_ws/install/demo_python_topic/lib/python3.12/site-packages/demo_python_topic-0.0.0-py3.12.egg-info' (and everything under it)
[0.623s] Copying ../../build/demo_python_topic/demo_python_topic.egg-info to /home/honhe/learn_ros/Chapter3/topic_ws/install/demo_python_topic/lib/python3.12/site-packages/demo_python_topic-0.0.0-py3.12.egg-info
[0.623s] running install_scripts
[0.681s] Installing novel_pub_node script to /home/honhe/learn_ros/Chapter3/topic_ws/install/demo_python_topic/lib/demo_python_topic
[0.681s] Installing novel_sub_node script to /home/honhe/learn_ros/Chapter3/topic_ws/install/demo_python_topic/lib/demo_python_topic
[0.681s] writing list of installed files to '/home/honhe/learn_ros/Chapter3/topic_ws/build/demo_python_topic/install.log'
[0.695s] Invoked command in '/home/honhe/learn_ros/Chapter3/topic_ws/src/demo_python_topic' returned '0': DEBUGINFOD_URLS=https://debuginfod.ubuntu.com PYTHONPATH=/home/honhe/learn_ros/Chapter3/topic_ws/build/demo_python_topic/prefix_override:/usr/lib/python3/dist-packages/colcon_core/task/python/colcon_distutils_commands:/home/honhe/learn_ros/Chapter3/topic_ws/install/demo_python_topic/lib/python3.12/site-packages:${PYTHONPATH} VIRTUAL_ENV_PROMPT=(learn_ros_venv) /usr/bin/python3 -W ignore:setup.py install is deprecated -W ignore:easy_install command is deprecated setup.py egg_info --egg-base ../../build/demo_python_topic build --build-base /home/honhe/learn_ros/Chapter3/topic_ws/build/demo_python_topic/build install --record /home/honhe/learn_ros/Chapter3/topic_ws/build/demo_python_topic/install.log --single-version-externally-managed install_data
