[0.351s] Invoking command in '/home/honhe/learn_ros/Chapter2/chapt2_ws/src/demo_python_pkg': DEBUGINFOD_URLS=https://debuginfod.ubuntu.com PYTHONPATH=/home/honhe/learn_ros/Chapter2/chapt2_ws/build/demo_python_pkg/prefix_override:/usr/lib/python3/dist-packages/colcon_core/task/python/colcon_distutils_commands:/home/honhe/learn_ros/Chapter2/chapt2_ws/install/demo_python_pkg/lib/python3.12/site-packages:${PYTHONPATH} /usr/bin/python3 -W ignore:setup.py install is deprecated -W ignore:easy_install command is deprecated setup.py egg_info --egg-base ../../build/demo_python_pkg build --build-base /home/honhe/learn_ros/Chapter2/chapt2_ws/build/demo_python_pkg/build install --record /home/honhe/learn_ros/Chapter2/chapt2_ws/build/demo_python_pkg/install.log --single-version-externally-managed install_data
[0.462s] running egg_info
[0.469s] writing ../../build/demo_python_pkg/demo_python_pkg.egg-info/PKG-INFO
[0.469s] writing dependency_links to ../../build/demo_python_pkg/demo_python_pkg.egg-info/dependency_links.txt
[0.469s] writing entry points to ../../build/demo_python_pkg/demo_python_pkg.egg-info/entry_points.txt
[0.469s] writing requirements to ../../build/demo_python_pkg/demo_python_pkg.egg-info/requires.txt
[0.469s] writing top-level names to ../../build/demo_python_pkg/demo_python_pkg.egg-info/top_level.txt
[0.484s] reading manifest file '../../build/demo_python_pkg/demo_python_pkg.egg-info/SOURCES.txt'
[0.484s] adding license file 'LICENSE'
[0.484s] writing manifest file '../../build/demo_python_pkg/demo_python_pkg.egg-info/SOURCES.txt'
[0.484s] running build
[0.484s] running build_py
[0.484s] copying demo_python_pkg/person_node.py -> /home/honhe/learn_ros/Chapter2/chapt2_ws/build/demo_python_pkg/build/lib/demo_python_pkg
[0.484s] running install
[0.488s] running install_lib
[0.495s] copying /home/honhe/learn_ros/Chapter2/chapt2_ws/build/demo_python_pkg/build/lib/demo_python_pkg/person_node.py -> /home/honhe/learn_ros/Chapter2/chapt2_ws/install/demo_python_pkg/lib/python3.12/site-packages/demo_python_pkg
[0.496s] byte-compiling /home/honhe/learn_ros/Chapter2/chapt2_ws/install/demo_python_pkg/lib/python3.12/site-packages/demo_python_pkg/person_node.py to person_node.cpython-312.pyc
[0.496s] running install_data
[0.496s] running install_egg_info
[0.504s] removing '/home/honhe/learn_ros/Chapter2/chapt2_ws/install/demo_python_pkg/lib/python3.12/site-packages/demo_python_pkg-0.0.0-py3.12.egg-info' (and everything under it)
[0.504s] Copying ../../build/demo_python_pkg/demo_python_pkg.egg-info to /home/honhe/learn_ros/Chapter2/chapt2_ws/install/demo_python_pkg/lib/python3.12/site-packages/demo_python_pkg-0.0.0-py3.12.egg-info
[0.504s] running install_scripts
[0.560s] Installing person_node script to /home/honhe/learn_ros/Chapter2/chapt2_ws/install/demo_python_pkg/lib/demo_python_pkg
[0.560s] Installing python_node script to /home/honhe/learn_ros/Chapter2/chapt2_ws/install/demo_python_pkg/lib/demo_python_pkg
[0.560s] writing list of installed files to '/home/honhe/learn_ros/Chapter2/chapt2_ws/build/demo_python_pkg/install.log'
[0.574s] Invoked command in '/home/honhe/learn_ros/Chapter2/chapt2_ws/src/demo_python_pkg' returned '0': DEBUGINFOD_URLS=https://debuginfod.ubuntu.com PYTHONPATH=/home/honhe/learn_ros/Chapter2/chapt2_ws/build/demo_python_pkg/prefix_override:/usr/lib/python3/dist-packages/colcon_core/task/python/colcon_distutils_commands:/home/honhe/learn_ros/Chapter2/chapt2_ws/install/demo_python_pkg/lib/python3.12/site-packages:${PYTHONPATH} /usr/bin/python3 -W ignore:setup.py install is deprecated -W ignore:easy_install command is deprecated setup.py egg_info --egg-base ../../build/demo_python_pkg build --build-base /home/honhe/learn_ros/Chapter2/chapt2_ws/build/demo_python_pkg/build install --record /home/honhe/learn_ros/Chapter2/chapt2_ws/build/demo_python_pkg/install.log --single-version-externally-managed install_data
