[0.006s] Invoking command in '/home/honhe/learn_ros/Chapter6/chapt6_ws/build/fishbot_description': CMAKE_PREFIX_PATH=${CMAKE_PREFIX_PATH}:/opt/ros/jazzy DEBUGINFOD_URLS=https://debuginfod.ubuntu.com /usr/bin/cmake --build /home/honhe/learn_ros/Chapter6/chapt6_ws/build/fishbot_description -- -j32 -l32
[0.022s] -- Found ament_cmake: 2.5.3 (/opt/ros/jazzy/share/ament_cmake/cmake)
[0.189s] -- Found ament_lint_auto: 0.17.1 (/opt/ros/jazzy/share/ament_lint_auto/cmake)
[0.247s] -- Added test 'flake8' to check Python code syntax and style conventions
[0.247s] -- Configured 'flake8' exclude dirs and/or files: 
[0.248s] -- Added test 'lint_cmake' to check CMake code style
[0.248s] -- Added test 'pep257' to check Python code against some of the docstring style conventions in PEP 257
[0.248s] -- Added test 'xmllint' to check XML markup files
[0.249s] -- Configuring done (0.2s)
[0.250s] -- Generating done (0.0s)
[0.251s] -- Build files have been written to: /home/honhe/learn_ros/Chapter6/chapt6_ws/build/fishbot_description
[0.267s] Invoked command in '/home/honhe/learn_ros/Chapter6/chapt6_ws/build/fishbot_description' returned '0': CMAKE_PREFIX_PATH=${CMAKE_PREFIX_PATH}:/opt/ros/jazzy DEBUGINFOD_URLS=https://debuginfod.ubuntu.com /usr/bin/cmake --build /home/honhe/learn_ros/Chapter6/chapt6_ws/build/fishbot_description -- -j32 -l32
[0.280s] Invoking command in '/home/honhe/learn_ros/Chapter6/chapt6_ws/build/fishbot_description': CMAKE_PREFIX_PATH=${CMAKE_PREFIX_PATH}:/opt/ros/jazzy DEBUGINFOD_URLS=https://debuginfod.ubuntu.com /usr/bin/cmake --install /home/honhe/learn_ros/Chapter6/chapt6_ws/build/fishbot_description
[0.292s] -- Install configuration: ""
[0.292s] -- Up-to-date: /home/honhe/learn_ros/Chapter6/chapt6_ws/install/fishbot_description/share/fishbot_description/launch
[0.292s] -- Installing: /home/honhe/learn_ros/Chapter6/chapt6_ws/install/fishbot_description/share/fishbot_description/launch/display_robot.launch.py
[0.292s] -- Up-to-date: /home/honhe/learn_ros/Chapter6/chapt6_ws/install/fishbot_description/share/fishbot_description/launch/__pycache__
[0.293s] -- Up-to-date: /home/honhe/learn_ros/Chapter6/chapt6_ws/install/fishbot_description/share/fishbot_description/launch/__pycache__/display_robot.launch.cpython-312.pyc
[0.293s] -- Up-to-date: /home/honhe/learn_ros/Chapter6/chapt6_ws/install/fishbot_description/share/fishbot_description/urdf
[0.293s] -- Up-to-date: /home/honhe/learn_ros/Chapter6/chapt6_ws/install/fishbot_description/share/fishbot_description/urdf/first_robot.pdf
[0.293s] -- Up-to-date: /home/honhe/learn_ros/Chapter6/chapt6_ws/install/fishbot_description/share/fishbot_description/urdf/first_robot.gv
[0.293s] -- Up-to-date: /home/honhe/learn_ros/Chapter6/chapt6_ws/install/fishbot_description/share/fishbot_description/urdf/first_robot.urdf
[0.293s] -- Installing: /home/honhe/learn_ros/Chapter6/chapt6_ws/install/fishbot_description/share/fishbot_description/config
[0.293s] -- Installing: /home/honhe/learn_ros/Chapter6/chapt6_ws/install/fishbot_description/share/fishbot_description/config/display_robot_model.rviz
[0.293s] -- Up-to-date: /home/honhe/learn_ros/Chapter6/chapt6_ws/install/fishbot_description/share/ament_index/resource_index/package_run_dependencies/fishbot_description
[0.293s] -- Installing: /home/honhe/learn_ros/Chapter6/chapt6_ws/install/fishbot_description/share/ament_index/resource_index/parent_prefix_path/fishbot_description
[0.293s] -- Up-to-date: /home/honhe/learn_ros/Chapter6/chapt6_ws/install/fishbot_description/share/fishbot_description/environment/ament_prefix_path.sh
[0.293s] -- Up-to-date: /home/honhe/learn_ros/Chapter6/chapt6_ws/install/fishbot_description/share/fishbot_description/environment/ament_prefix_path.dsv
[0.294s] -- Up-to-date: /home/honhe/learn_ros/Chapter6/chapt6_ws/install/fishbot_description/share/fishbot_description/environment/path.sh
[0.294s] -- Up-to-date: /home/honhe/learn_ros/Chapter6/chapt6_ws/install/fishbot_description/share/fishbot_description/environment/path.dsv
[0.294s] -- Up-to-date: /home/honhe/learn_ros/Chapter6/chapt6_ws/install/fishbot_description/share/fishbot_description/local_setup.bash
[0.294s] -- Up-to-date: /home/honhe/learn_ros/Chapter6/chapt6_ws/install/fishbot_description/share/fishbot_description/local_setup.sh
[0.294s] -- Up-to-date: /home/honhe/learn_ros/Chapter6/chapt6_ws/install/fishbot_description/share/fishbot_description/local_setup.zsh
[0.294s] -- Up-to-date: /home/honhe/learn_ros/Chapter6/chapt6_ws/install/fishbot_description/share/fishbot_description/local_setup.dsv
[0.294s] -- Installing: /home/honhe/learn_ros/Chapter6/chapt6_ws/install/fishbot_description/share/fishbot_description/package.dsv
[0.294s] -- Up-to-date: /home/honhe/learn_ros/Chapter6/chapt6_ws/install/fishbot_description/share/ament_index/resource_index/packages/fishbot_description
[0.294s] -- Up-to-date: /home/honhe/learn_ros/Chapter6/chapt6_ws/install/fishbot_description/share/fishbot_description/cmake/fishbot_descriptionConfig.cmake
[0.294s] -- Up-to-date: /home/honhe/learn_ros/Chapter6/chapt6_ws/install/fishbot_description/share/fishbot_description/cmake/fishbot_descriptionConfig-version.cmake
[0.294s] -- Up-to-date: /home/honhe/learn_ros/Chapter6/chapt6_ws/install/fishbot_description/share/fishbot_description/package.xml
[0.297s] Invoked command in '/home/honhe/learn_ros/Chapter6/chapt6_ws/build/fishbot_description' returned '0': CMAKE_PREFIX_PATH=${CMAKE_PREFIX_PATH}:/opt/ros/jazzy DEBUGINFOD_URLS=https://debuginfod.ubuntu.com /usr/bin/cmake --install /home/honhe/learn_ros/Chapter6/chapt6_ws/build/fishbot_description
