running egg_info
creating ../../build/demo_python_service/demo_python_service.egg-info
writing ../../build/demo_python_service/demo_python_service.egg-info/PKG-INFO
writing dependency_links to ../../build/demo_python_service/demo_python_service.egg-info/dependency_links.txt
writing requirements to ../../build/demo_python_service/demo_python_service.egg-info/requires.txt
writing top-level names to ../../build/demo_python_service/demo_python_service.egg-info/top_level.txt
writing manifest file '../../build/demo_python_service/demo_python_service.egg-info/SOURCES.txt'
reading manifest file '../../build/demo_python_service/demo_python_service.egg-info/SOURCES.txt'
adding license file 'LICENSE'
writing manifest file '../../build/demo_python_service/demo_python_service.egg-info/SOURCES.txt'
running build
running build_py
creating /home/honhe/learn_ros/Chapter4/Chapter4_ws/build/demo_python_service/build
creating /home/honhe/learn_ros/Chapter4/Chapter4_ws/build/demo_python_service/build/lib
creating /home/honhe/learn_ros/Chapter4/Chapter4_ws/build/demo_python_service/build/lib/demo_python_service
copying demo_python_service/__init__.py -> /home/honhe/learn_ros/Chapter4/Chapter4_ws/build/demo_python_service/build/lib/demo_python_service
running install
running install_lib
creating /home/honhe/learn_ros/Chapter4/Chapter4_ws/install/demo_python_service/lib/python3.12/site-packages/demo_python_service
copying /home/honhe/learn_ros/Chapter4/Chapter4_ws/build/demo_python_service/build/lib/demo_python_service/__init__.py -> /home/honhe/learn_ros/Chapter4/Chapter4_ws/install/demo_python_service/lib/python3.12/site-packages/demo_python_service
byte-compiling /home/honhe/learn_ros/Chapter4/Chapter4_ws/install/demo_python_service/lib/python3.12/site-packages/demo_python_service/__init__.py to __init__.cpython-312.pyc
running install_data
creating /home/honhe/learn_ros/Chapter4/Chapter4_ws/install/demo_python_service/share/ament_index
creating /home/honhe/learn_ros/Chapter4/Chapter4_ws/install/demo_python_service/share/ament_index/resource_index
creating /home/honhe/learn_ros/Chapter4/Chapter4_ws/install/demo_python_service/share/ament_index/resource_index/packages
copying resource/demo_python_service -> /home/honhe/learn_ros/Chapter4/Chapter4_ws/install/demo_python_service/share/ament_index/resource_index/packages
copying package.xml -> /home/honhe/learn_ros/Chapter4/Chapter4_ws/install/demo_python_service/share/demo_python_service
creating /home/honhe/learn_ros/Chapter4/Chapter4_ws/install/demo_python_service/share/demo_python_service/resource
