[0.397s] Invoking command in '/home/honhe/learn_ros/Chapter4/Chapter4_ws/src/demo_python_service': DEBUGINFOD_URLS=https://debuginfod.ubuntu.com PYTHONPATH=/home/honhe/learn_ros/Chapter4/Chapter4_ws/build/demo_python_service/prefix_override:/usr/lib/python3/dist-packages/colcon_core/task/python/colcon_distutils_commands:/home/honhe/learn_ros/Chapter4/Chapter4_ws/install/demo_python_service/lib/python3.12/site-packages:${PYTHONPATH} VIRTUAL_ENV_PROMPT=(learn_ros_venv) /usr/bin/python3 -W ignore:setup.py install is deprecated -W ignore:easy_install command is deprecated setup.py egg_info --egg-base ../../build/demo_python_service build --build-base /home/honhe/learn_ros/Chapter4/Chapter4_ws/build/demo_python_service/build install --record /home/honhe/learn_ros/Chapter4/Chapter4_ws/build/demo_python_service/install.log --single-version-externally-managed install_data
[0.506s] running egg_info
[0.506s] creating ../../build/demo_python_service/demo_python_service.egg-info
[0.512s] writing ../../build/demo_python_service/demo_python_service.egg-info/PKG-INFO
[0.513s] writing dependency_links to ../../build/demo_python_service/demo_python_service.egg-info/dependency_links.txt
[0.513s] writing requirements to ../../build/demo_python_service/demo_python_service.egg-info/requires.txt
[0.513s] writing top-level names to ../../build/demo_python_service/demo_python_service.egg-info/top_level.txt
[0.513s] writing manifest file '../../build/demo_python_service/demo_python_service.egg-info/SOURCES.txt'
[0.527s] reading manifest file '../../build/demo_python_service/demo_python_service.egg-info/SOURCES.txt'
[0.527s] adding license file 'LICENSE'
[0.527s] writing manifest file '../../build/demo_python_service/demo_python_service.egg-info/SOURCES.txt'
[0.527s] running build
[0.527s] running build_py
[0.527s] creating /home/honhe/learn_ros/Chapter4/Chapter4_ws/build/demo_python_service/build
[0.527s] creating /home/honhe/learn_ros/Chapter4/Chapter4_ws/build/demo_python_service/build/lib
[0.527s] creating /home/honhe/learn_ros/Chapter4/Chapter4_ws/build/demo_python_service/build/lib/demo_python_service
[0.527s] copying demo_python_service/__init__.py -> /home/honhe/learn_ros/Chapter4/Chapter4_ws/build/demo_python_service/build/lib/demo_python_service
[0.527s] running install
[0.531s] running install_lib
[0.538s] creating /home/honhe/learn_ros/Chapter4/Chapter4_ws/install/demo_python_service/lib/python3.12/site-packages/demo_python_service
[0.538s] copying /home/honhe/learn_ros/Chapter4/Chapter4_ws/build/demo_python_service/build/lib/demo_python_service/__init__.py -> /home/honhe/learn_ros/Chapter4/Chapter4_ws/install/demo_python_service/lib/python3.12/site-packages/demo_python_service
[0.538s] byte-compiling /home/honhe/learn_ros/Chapter4/Chapter4_ws/install/demo_python_service/lib/python3.12/site-packages/demo_python_service/__init__.py to __init__.cpython-312.pyc
[0.538s] running install_data
[0.538s] creating /home/honhe/learn_ros/Chapter4/Chapter4_ws/install/demo_python_service/share/ament_index
[0.538s] creating /home/honhe/learn_ros/Chapter4/Chapter4_ws/install/demo_python_service/share/ament_index/resource_index
[0.538s] creating /home/honhe/learn_ros/Chapter4/Chapter4_ws/install/demo_python_service/share/ament_index/resource_index/packages
[0.538s] copying resource/demo_python_service -> /home/honhe/learn_ros/Chapter4/Chapter4_ws/install/demo_python_service/share/ament_index/resource_index/packages
[0.538s] copying package.xml -> /home/honhe/learn_ros/Chapter4/Chapter4_ws/install/demo_python_service/share/demo_python_service
[0.538s] creating /home/honhe/learn_ros/Chapter4/Chapter4_ws/install/demo_python_service/share/demo_python_service/resource
[0.538s] error: can't copy 'resource/default.jpg': doesn't exist or not a regular file
[0.548s] Invoked command in '/home/honhe/learn_ros/Chapter4/Chapter4_ws/src/demo_python_service' returned '1': DEBUGINFOD_URLS=https://debuginfod.ubuntu.com PYTHONPATH=/home/honhe/learn_ros/Chapter4/Chapter4_ws/build/demo_python_service/prefix_override:/usr/lib/python3/dist-packages/colcon_core/task/python/colcon_distutils_commands:/home/honhe/learn_ros/Chapter4/Chapter4_ws/install/demo_python_service/lib/python3.12/site-packages:${PYTHONPATH} VIRTUAL_ENV_PROMPT=(learn_ros_venv) /usr/bin/python3 -W ignore:setup.py install is deprecated -W ignore:easy_install command is deprecated setup.py egg_info --egg-base ../../build/demo_python_service build --build-base /home/honhe/learn_ros/Chapter4/Chapter4_ws/build/demo_python_service/build install --record /home/honhe/learn_ros/Chapter4/Chapter4_ws/build/demo_python_service/install.log --single-version-externally-managed install_data
