[0.007s] Invoking command in '/home/honhe/learn_ros/Chapter2/chapt2_ws/build/demo_cpp_pkg': CMAKE_PREFIX_PATH=${CMAKE_PREFIX_PATH}:/opt/ros/jazzy DEBUGINFOD_URLS=https://debuginfod.ubuntu.com /usr/bin/cmake --build /home/honhe/learn_ros/Chapter2/chapt2_ws/build/demo_cpp_pkg -- -j32 -l32
[0.072s] [ 14%] Built target learn_auto
[0.073s] [ 42%] Built target learn_lambda
[0.073s] [ 42%] Built target learn_functional
[0.073s] [ 57%] Built target learn_shared_ptr
[0.075s] [ 85%] Built target cpp_node
[0.075s] [ 85%] Built target person_node
[0.076s] [ 92%] [32mBuilding CXX object CMakeFiles/learn_thread.dir/src/learn_thread.cpp.o[0m
[2.302s] [100%] [32m[1mLinking CXX executable learn_thread[0m
[2.378s] [100%] Built target learn_thread
[2.385s] Invoked command in '/home/honhe/learn_ros/Chapter2/chapt2_ws/build/demo_cpp_pkg' returned '0': CMAKE_PREFIX_PATH=${CMAKE_PREFIX_PATH}:/opt/ros/jazzy DEBUGINFOD_URLS=https://debuginfod.ubuntu.com /usr/bin/cmake --build /home/honhe/learn_ros/Chapter2/chapt2_ws/build/demo_cpp_pkg -- -j32 -l32
[2.394s] Invoking command in '/home/honhe/learn_ros/Chapter2/chapt2_ws/build/demo_cpp_pkg': CMAKE_PREFIX_PATH=${CMAKE_PREFIX_PATH}:/opt/ros/jazzy DEBUGINFOD_URLS=https://debuginfod.ubuntu.com /usr/bin/cmake --install /home/honhe/learn_ros/Chapter2/chapt2_ws/build/demo_cpp_pkg
[2.403s] -- Install configuration: ""
[2.404s] -- Up-to-date: /home/honhe/learn_ros/Chapter2/chapt2_ws/install/demo_cpp_pkg/lib/demo_cpp_pkg/cpp_node
[2.405s] -- Up-to-date: /home/honhe/learn_ros/Chapter2/chapt2_ws/install/demo_cpp_pkg/lib/demo_cpp_pkg/person_node
[2.406s] -- Up-to-date: /home/honhe/learn_ros/Chapter2/chapt2_ws/install/demo_cpp_pkg/lib/demo_cpp_pkg/learn_auto
[2.406s] -- Up-to-date: /home/honhe/learn_ros/Chapter2/chapt2_ws/install/demo_cpp_pkg/lib/demo_cpp_pkg/learn_shared_ptr
[2.406s] -- Up-to-date: /home/honhe/learn_ros/Chapter2/chapt2_ws/install/demo_cpp_pkg/lib/demo_cpp_pkg/learn_lambda
[2.407s] -- Up-to-date: /home/honhe/learn_ros/Chapter2/chapt2_ws/install/demo_cpp_pkg/lib/demo_cpp_pkg/learn_functional
[2.407s] -- Installing: /home/honhe/learn_ros/Chapter2/chapt2_ws/install/demo_cpp_pkg/lib/demo_cpp_pkg/learn_thread
[2.409s] -- Up-to-date: /home/honhe/learn_ros/Chapter2/chapt2_ws/install/demo_cpp_pkg/share/ament_index/resource_index/package_run_dependencies/demo_cpp_pkg
[2.409s] -- Up-to-date: /home/honhe/learn_ros/Chapter2/chapt2_ws/install/demo_cpp_pkg/share/ament_index/resource_index/parent_prefix_path/demo_cpp_pkg
[2.409s] -- Up-to-date: /home/honhe/learn_ros/Chapter2/chapt2_ws/install/demo_cpp_pkg/share/demo_cpp_pkg/environment/ament_prefix_path.sh
[2.409s] -- Up-to-date: /home/honhe/learn_ros/Chapter2/chapt2_ws/install/demo_cpp_pkg/share/demo_cpp_pkg/environment/ament_prefix_path.dsv
[2.409s] -- Up-to-date: /home/honhe/learn_ros/Chapter2/chapt2_ws/install/demo_cpp_pkg/share/demo_cpp_pkg/environment/path.sh
[2.409s] -- Up-to-date: /home/honhe/learn_ros/Chapter2/chapt2_ws/install/demo_cpp_pkg/share/demo_cpp_pkg/environment/path.dsv
[2.409s] -- Up-to-date: /home/honhe/learn_ros/Chapter2/chapt2_ws/install/demo_cpp_pkg/share/demo_cpp_pkg/local_setup.bash
[2.409s] -- Up-to-date: /home/honhe/learn_ros/Chapter2/chapt2_ws/install/demo_cpp_pkg/share/demo_cpp_pkg/local_setup.sh
[2.410s] -- Up-to-date: /home/honhe/learn_ros/Chapter2/chapt2_ws/install/demo_cpp_pkg/share/demo_cpp_pkg/local_setup.zsh
[2.410s] -- Up-to-date: /home/honhe/learn_ros/Chapter2/chapt2_ws/install/demo_cpp_pkg/share/demo_cpp_pkg/local_setup.dsv
[2.410s] -- Installing: /home/honhe/learn_ros/Chapter2/chapt2_ws/install/demo_cpp_pkg/share/demo_cpp_pkg/package.dsv
[2.410s] -- Up-to-date: /home/honhe/learn_ros/Chapter2/chapt2_ws/install/demo_cpp_pkg/share/ament_index/resource_index/packages/demo_cpp_pkg
[2.410s] -- Up-to-date: /home/honhe/learn_ros/Chapter2/chapt2_ws/install/demo_cpp_pkg/share/demo_cpp_pkg/cmake/demo_cpp_pkgConfig.cmake
[2.410s] -- Up-to-date: /home/honhe/learn_ros/Chapter2/chapt2_ws/install/demo_cpp_pkg/share/demo_cpp_pkg/cmake/demo_cpp_pkgConfig-version.cmake
[2.411s] -- Up-to-date: /home/honhe/learn_ros/Chapter2/chapt2_ws/install/demo_cpp_pkg/share/demo_cpp_pkg/package.xml
[2.412s] Invoked command in '/home/honhe/learn_ros/Chapter2/chapt2_ws/build/demo_cpp_pkg' returned '0': CMAKE_PREFIX_PATH=${CMAKE_PREFIX_PATH}:/opt/ros/jazzy DEBUGINFOD_URLS=https://debuginfod.ubuntu.com /usr/bin/cmake --install /home/honhe/learn_ros/Chapter2/chapt2_ws/build/demo_cpp_pkg
