[0.410s] Invoking command in '/home/honhe/learn_ros/Chapter7/chapt7_ws/build/fishbot_navigation2': CMAKE_PREFIX_PATH=${CMAKE_PREFIX_PATH}:/home/honhe/learn_ros/Chapter7/chapt7_ws/install/fishbot_application:/home/honhe/learn_ros/Chapter7/chapt7_ws/install/autopatrol_robot:/opt/ros/jazzy DEBUGINFOD_URLS=https://debuginfod.ubuntu.com VIRTUAL_ENV_PROMPT=(learn_ros_venv) /usr/bin/cmake --build /home/honhe/learn_ros/Chapter7/chapt7_ws/build/fishbot_navigation2 -- -j32 -l32
[0.449s] Invoked command in '/home/honhe/learn_ros/Chapter7/chapt7_ws/build/fishbot_navigation2' returned '0': CMAKE_PREFIX_PATH=${CMAKE_PREFIX_PATH}:/home/honhe/learn_ros/Chapter7/chapt7_ws/install/fishbot_application:/home/honhe/learn_ros/Chapter7/chapt7_ws/install/autopatrol_robot:/opt/ros/jazzy DEBUGINFOD_URLS=https://debuginfod.ubuntu.com VIRTUAL_ENV_PROMPT=(learn_ros_venv) /usr/bin/cmake --build /home/honhe/learn_ros/Chapter7/chapt7_ws/build/fishbot_navigation2 -- -j32 -l32
[0.451s] Invoking command in '/home/honhe/learn_ros/Chapter7/chapt7_ws/build/fishbot_navigation2': CMAKE_PREFIX_PATH=${CMAKE_PREFIX_PATH}:/home/honhe/learn_ros/Chapter7/chapt7_ws/install/fishbot_application:/home/honhe/learn_ros/Chapter7/chapt7_ws/install/autopatrol_robot:/opt/ros/jazzy DEBUGINFOD_URLS=https://debuginfod.ubuntu.com VIRTUAL_ENV_PROMPT=(learn_ros_venv) /usr/bin/cmake --install /home/honhe/learn_ros/Chapter7/chapt7_ws/build/fishbot_navigation2
[0.457s] -- Install configuration: ""
[0.457s] -- Up-to-date: /home/honhe/learn_ros/Chapter7/chapt7_ws/install/fishbot_navigation2/share/fishbot_navigation2//launch
[0.457s] -- Up-to-date: /home/honhe/learn_ros/Chapter7/chapt7_ws/install/fishbot_navigation2/share/fishbot_navigation2//launch/navigation2.launch.py
[0.457s] -- Up-to-date: /home/honhe/learn_ros/Chapter7/chapt7_ws/install/fishbot_navigation2/share/fishbot_navigation2//config
[0.457s] -- Up-to-date: /home/honhe/learn_ros/Chapter7/chapt7_ws/install/fishbot_navigation2/share/fishbot_navigation2//config/nav2_params.yaml
[0.457s] -- Up-to-date: /home/honhe/learn_ros/Chapter7/chapt7_ws/install/fishbot_navigation2/share/fishbot_navigation2//maps
[0.457s] -- Up-to-date: /home/honhe/learn_ros/Chapter7/chapt7_ws/install/fishbot_navigation2/share/fishbot_navigation2//maps/room.yaml
[0.457s] -- Up-to-date: /home/honhe/learn_ros/Chapter7/chapt7_ws/install/fishbot_navigation2/share/fishbot_navigation2//maps/room.pgm
[0.457s] -- Up-to-date: /home/honhe/learn_ros/Chapter7/chapt7_ws/install/fishbot_navigation2/share/ament_index/resource_index/package_run_dependencies/fishbot_navigation2
[0.457s] -- Up-to-date: /home/honhe/learn_ros/Chapter7/chapt7_ws/install/fishbot_navigation2/share/ament_index/resource_index/parent_prefix_path/fishbot_navigation2
[0.457s] -- Up-to-date: /home/honhe/learn_ros/Chapter7/chapt7_ws/install/fishbot_navigation2/share/fishbot_navigation2/environment/ament_prefix_path.sh
[0.457s] -- Up-to-date: /home/honhe/learn_ros/Chapter7/chapt7_ws/install/fishbot_navigation2/share/fishbot_navigation2/environment/ament_prefix_path.dsv
[0.457s] -- Up-to-date: /home/honhe/learn_ros/Chapter7/chapt7_ws/install/fishbot_navigation2/share/fishbot_navigation2/environment/path.sh
[0.458s] -- Up-to-date: /home/honhe/learn_ros/Chapter7/chapt7_ws/install/fishbot_navigation2/share/fishbot_navigation2/environment/path.dsv
[0.458s] -- Up-to-date: /home/honhe/learn_ros/Chapter7/chapt7_ws/install/fishbot_navigation2/share/fishbot_navigation2/local_setup.bash
[0.458s] -- Up-to-date: /home/honhe/learn_ros/Chapter7/chapt7_ws/install/fishbot_navigation2/share/fishbot_navigation2/local_setup.sh
[0.458s] -- Up-to-date: /home/honhe/learn_ros/Chapter7/chapt7_ws/install/fishbot_navigation2/share/fishbot_navigation2/local_setup.zsh
[0.458s] -- Up-to-date: /home/honhe/learn_ros/Chapter7/chapt7_ws/install/fishbot_navigation2/share/fishbot_navigation2/local_setup.dsv
[0.458s] -- Installing: /home/honhe/learn_ros/Chapter7/chapt7_ws/install/fishbot_navigation2/share/fishbot_navigation2/package.dsv
[0.459s] -- Up-to-date: /home/honhe/learn_ros/Chapter7/chapt7_ws/install/fishbot_navigation2/share/ament_index/resource_index/packages/fishbot_navigation2
[0.459s] -- Up-to-date: /home/honhe/learn_ros/Chapter7/chapt7_ws/install/fishbot_navigation2/share/fishbot_navigation2/cmake/fishbot_navigation2Config.cmake
[0.459s] -- Up-to-date: /home/honhe/learn_ros/Chapter7/chapt7_ws/install/fishbot_navigation2/share/fishbot_navigation2/cmake/fishbot_navigation2Config-version.cmake
[0.460s] -- Up-to-date: /home/honhe/learn_ros/Chapter7/chapt7_ws/install/fishbot_navigation2/share/fishbot_navigation2/package.xml
[0.465s] Invoked command in '/home/honhe/learn_ros/Chapter7/chapt7_ws/build/fishbot_navigation2' returned '0': CMAKE_PREFIX_PATH=${CMAKE_PREFIX_PATH}:/home/honhe/learn_ros/Chapter7/chapt7_ws/install/fishbot_application:/home/honhe/learn_ros/Chapter7/chapt7_ws/install/autopatrol_robot:/opt/ros/jazzy DEBUGINFOD_URLS=https://debuginfod.ubuntu.com VIRTUAL_ENV_PROMPT=(learn_ros_venv) /usr/bin/cmake --install /home/honhe/learn_ros/Chapter7/chapt7_ws/build/fishbot_navigation2
