[0.006s] Invoking command in '/home/honhe/learn_ros/Chapter2/chapt2_ws/build/demo_cpp_pkg': CMAKE_PREFIX_PATH=${CMAKE_PREFIX_PATH}:/opt/ros/jazzy DEBUGINFOD_URLS=https://debuginfod.ubuntu.com /usr/bin/cmake --build /home/honhe/learn_ros/Chapter2/chapt2_ws/build/demo_cpp_pkg -- -j32 -l32
[0.027s] -- Found ament_cmake: 2.5.3 (/opt/ros/jazzy/share/ament_cmake/cmake)
[0.173s] -- Found rclcpp: 28.1.6 (/opt/ros/jazzy/share/rclcpp/cmake)
[0.186s] -- Found rosidl_generator_c: 4.6.5 (/opt/ros/jazzy/share/rosidl_generator_c/cmake)
[0.190s] -- Found rosidl_generator_cpp: 4.6.5 (/opt/ros/jazzy/share/rosidl_generator_cpp/cmake)
[0.195s] -- Using all available rosidl_typesupport_c: rosidl_typesupport_fastrtps_c;rosidl_typesupport_introspection_c
[0.202s] -- Using all available rosidl_typesupport_cpp: rosidl_typesupport_fastrtps_cpp;rosidl_typesupport_introspection_cpp
[0.231s] -- Found rmw_implementation_cmake: 7.3.1 (/opt/ros/jazzy/share/rmw_implementation_cmake/cmake)
[0.232s] -- Found rmw_fastrtps_cpp: 8.4.1 (/opt/ros/jazzy/share/rmw_fastrtps_cpp/cmake)
[0.274s] -- Using RMW implementation 'rmw_fastrtps_cpp' as default
[0.309s] -- Found ament_lint_auto: 0.17.1 (/opt/ros/jazzy/share/ament_lint_auto/cmake)
[0.364s] -- Added test 'cppcheck' to perform static code analysis on C / C++ code
[0.364s] -- Configured cppcheck include dirs: /home/honhe/learn_ros/Chapter2/chapt2_ws/src/demo_cpp_pkg/include
[0.364s] -- Configured cppcheck exclude dirs and/or files: 
[0.364s] -- Added test 'flake8' to check Python code syntax and style conventions
[0.364s] -- Configured 'flake8' exclude dirs and/or files: 
[0.365s] -- Added test 'lint_cmake' to check CMake code style
[0.365s] -- Added test 'pep257' to check Python code against some of the docstring style conventions in PEP 257
[0.368s] -- Added test 'uncrustify' to check C / C++ code style
[0.368s] -- Configured uncrustify additional arguments: 
[0.368s] -- Added test 'xmllint' to check XML markup files
[0.368s] -- Configuring done (0.3s)
[0.376s] -- Generating done (0.0s)
[0.379s] -- Build files have been written to: /home/honhe/learn_ros/Chapter2/chapt2_ws/build/demo_cpp_pkg
[0.400s] [  7%] [32mBuilding CXX object CMakeFiles/learn_thread.dir/src/learn_thread.cpp.o[0m
[0.403s] [ 14%] [32mBuilding CXX object CMakeFiles/learn_functional.dir/src/learn_functional.cpp.o[0m
[0.403s] [ 21%] [32mBuilding CXX object CMakeFiles/learn_lambda.dir/src/learn_lambda.cpp.o[0m
[0.404s] [ 35%] [32mBuilding CXX object CMakeFiles/learn_shared_ptr.dir/src/learn_shared_ptr.cpp.o[0m
[0.404s] [ 35%] [32mBuilding CXX object CMakeFiles/learn_auto.dir/src/learn_auto.cpp.o[0m
[0.409s] [ 42%] [32mBuilding CXX object CMakeFiles/cpp_node.dir/src/cpp_node.cpp.o[0m
[0.410s] [ 50%] [32mBuilding CXX object CMakeFiles/person_node.dir/src/person_node.cpp.o[0m
[0.571s] [ 57%] [32m[1mLinking CXX executable learn_auto[0m
[0.580s] [ 64%] [32m[1mLinking CXX executable learn_lambda[0m
[0.640s] [ 64%] Built target learn_auto
[0.644s] [ 71%] [32m[1mLinking CXX executable learn_shared_ptr[0m
[0.658s] [ 71%] Built target learn_lambda
[0.703s] [ 78%] [32m[1mLinking CXX executable learn_functional[0m
[0.703s] [ 78%] Built target learn_shared_ptr
[0.760s] [ 78%] Built target learn_functional
[1.998s] [ 92%] [32m[1mLinking CXX executable cpp_node[0m
[1.998s] [ 92%] [32m[1mLinking CXX executable person_node[0m
[2.067s] [ 92%] Built target person_node
[2.067s] [ 92%] Built target cpp_node
[2.818s] [100%] [32m[1mLinking CXX executable learn_thread[0m
[2.887s] [100%] Built target learn_thread
[2.893s] Invoked command in '/home/honhe/learn_ros/Chapter2/chapt2_ws/build/demo_cpp_pkg' returned '0': CMAKE_PREFIX_PATH=${CMAKE_PREFIX_PATH}:/opt/ros/jazzy DEBUGINFOD_URLS=https://debuginfod.ubuntu.com /usr/bin/cmake --build /home/honhe/learn_ros/Chapter2/chapt2_ws/build/demo_cpp_pkg -- -j32 -l32
[2.899s] Invoking command in '/home/honhe/learn_ros/Chapter2/chapt2_ws/build/demo_cpp_pkg': CMAKE_PREFIX_PATH=${CMAKE_PREFIX_PATH}:/opt/ros/jazzy DEBUGINFOD_URLS=https://debuginfod.ubuntu.com /usr/bin/cmake --install /home/honhe/learn_ros/Chapter2/chapt2_ws/build/demo_cpp_pkg
[2.906s] -- Install configuration: ""
[2.906s] -- Installing: /home/honhe/learn_ros/Chapter2/chapt2_ws/install/demo_cpp_pkg/lib/demo_cpp_pkg/cpp_node
[2.906s] -- Set non-toolchain portion of runtime path of "/home/honhe/learn_ros/Chapter2/chapt2_ws/install/demo_cpp_pkg/lib/demo_cpp_pkg/cpp_node" to ""
[2.906s] -- Installing: /home/honhe/learn_ros/Chapter2/chapt2_ws/install/demo_cpp_pkg/lib/demo_cpp_pkg/person_node
[2.907s] -- Set non-toolchain portion of runtime path of "/home/honhe/learn_ros/Chapter2/chapt2_ws/install/demo_cpp_pkg/lib/demo_cpp_pkg/person_node" to ""
[2.907s] -- Installing: /home/honhe/learn_ros/Chapter2/chapt2_ws/install/demo_cpp_pkg/lib/demo_cpp_pkg/learn_auto
[2.907s] -- Installing: /home/honhe/learn_ros/Chapter2/chapt2_ws/install/demo_cpp_pkg/lib/demo_cpp_pkg/learn_shared_ptr
[2.907s] -- Installing: /home/honhe/learn_ros/Chapter2/chapt2_ws/install/demo_cpp_pkg/lib/demo_cpp_pkg/learn_lambda
[2.908s] -- Installing: /home/honhe/learn_ros/Chapter2/chapt2_ws/install/demo_cpp_pkg/lib/demo_cpp_pkg/learn_functional
[2.908s] -- Installing: /home/honhe/learn_ros/Chapter2/chapt2_ws/install/demo_cpp_pkg/lib/demo_cpp_pkg/learn_thread
[2.908s] -- Up-to-date: /home/honhe/learn_ros/Chapter2/chapt2_ws/install/demo_cpp_pkg/share/ament_index/resource_index/package_run_dependencies/demo_cpp_pkg
[2.909s] -- Installing: /home/honhe/learn_ros/Chapter2/chapt2_ws/install/demo_cpp_pkg/share/ament_index/resource_index/parent_prefix_path/demo_cpp_pkg
[2.909s] -- Up-to-date: /home/honhe/learn_ros/Chapter2/chapt2_ws/install/demo_cpp_pkg/share/demo_cpp_pkg/environment/ament_prefix_path.sh
[2.909s] -- Up-to-date: /home/honhe/learn_ros/Chapter2/chapt2_ws/install/demo_cpp_pkg/share/demo_cpp_pkg/environment/ament_prefix_path.dsv
[2.909s] -- Up-to-date: /home/honhe/learn_ros/Chapter2/chapt2_ws/install/demo_cpp_pkg/share/demo_cpp_pkg/environment/path.sh
[2.909s] -- Up-to-date: /home/honhe/learn_ros/Chapter2/chapt2_ws/install/demo_cpp_pkg/share/demo_cpp_pkg/environment/path.dsv
[2.909s] -- Up-to-date: /home/honhe/learn_ros/Chapter2/chapt2_ws/install/demo_cpp_pkg/share/demo_cpp_pkg/local_setup.bash
[2.909s] -- Up-to-date: /home/honhe/learn_ros/Chapter2/chapt2_ws/install/demo_cpp_pkg/share/demo_cpp_pkg/local_setup.sh
[2.910s] -- Up-to-date: /home/honhe/learn_ros/Chapter2/chapt2_ws/install/demo_cpp_pkg/share/demo_cpp_pkg/local_setup.zsh
[2.910s] -- Up-to-date: /home/honhe/learn_ros/Chapter2/chapt2_ws/install/demo_cpp_pkg/share/demo_cpp_pkg/local_setup.dsv
[2.910s] -- Installing: /home/honhe/learn_ros/Chapter2/chapt2_ws/install/demo_cpp_pkg/share/demo_cpp_pkg/package.dsv
[2.910s] -- Up-to-date: /home/honhe/learn_ros/Chapter2/chapt2_ws/install/demo_cpp_pkg/share/ament_index/resource_index/packages/demo_cpp_pkg
[2.910s] -- Up-to-date: /home/honhe/learn_ros/Chapter2/chapt2_ws/install/demo_cpp_pkg/share/demo_cpp_pkg/cmake/demo_cpp_pkgConfig.cmake
[2.910s] -- Up-to-date: /home/honhe/learn_ros/Chapter2/chapt2_ws/install/demo_cpp_pkg/share/demo_cpp_pkg/cmake/demo_cpp_pkgConfig-version.cmake
[2.910s] -- Up-to-date: /home/honhe/learn_ros/Chapter2/chapt2_ws/install/demo_cpp_pkg/share/demo_cpp_pkg/package.xml
[2.911s] Invoked command in '/home/honhe/learn_ros/Chapter2/chapt2_ws/build/demo_cpp_pkg' returned '0': CMAKE_PREFIX_PATH=${CMAKE_PREFIX_PATH}:/opt/ros/jazzy DEBUGINFOD_URLS=https://debuginfod.ubuntu.com /usr/bin/cmake --install /home/honhe/learn_ros/Chapter2/chapt2_ws/build/demo_cpp_pkg
