[0.066s] DEBUG:colcon:Command line arguments: ['/usr/bin/colcon', 'build']
[0.067s] DEBUG:colcon:Parsed command line arguments: Namespace(log_base=None, log_level=None, verb_name='build', build_base='build', install_base='install', merge_install=False, symlink_install=False, test_result_base=None, continue_on_error=False, executor='parallel', parallel_workers=32, event_handlers=None, ignore_user_meta=False, metas=['./colcon.meta'], base_paths=['.'], packages_ignore=None, packages_ignore_regex=None, paths=None, packages_up_to=None, packages_up_to_regex=None, packages_above=None, packages_above_and_dependencies=None, packages_above_depth=None, packages_select_by_dep=None, packages_skip_by_dep=None, packages_skip_up_to=None, packages_select_build_failed=False, packages_skip_build_finished=False, packages_select_test_failures=False, packages_skip_test_passed=False, packages_select=None, packages_skip=None, packages_select_regex=None, packages_skip_regex=None, packages_start=None, packages_end=None, allow_overriding=[], cmake_args=None, cmake_target=None, cmake_target_skip_unavailable=False, cmake_clean_cache=False, cmake_clean_first=False, cmake_force_configure=False, ament_cmake_args=None, catkin_cmake_args=None, catkin_skip_building_tests=False, verb_parser=<colcon_defaults.argument_parser.defaults.DefaultArgumentsDecorator object at 0x710ad1362390>, verb_extension=<colcon_core.verb.build.BuildVerb object at 0x710ad1362360>, main=<bound method BuildVerb.main of <colcon_core.verb.build.BuildVerb object at 0x710ad1362360>>)
[0.092s] Level 1:colcon.colcon_core.package_discovery:discover_packages(colcon_meta) check parameters
[0.092s] Level 1:colcon.colcon_core.package_discovery:discover_packages(recursive) check parameters
[0.092s] Level 1:colcon.colcon_core.package_discovery:discover_packages(ignore) check parameters
[0.092s] Level 1:colcon.colcon_core.package_discovery:discover_packages(path) check parameters
[0.092s] Level 1:colcon.colcon_core.package_discovery:discover_packages(colcon_meta) discover
[0.093s] Level 1:colcon.colcon_core.package_discovery:discover_packages(recursive) discover
[0.093s] INFO:colcon.colcon_core.package_discovery:Crawling recursively for packages in '/home/honhe/learn_ros/Chapter7/chapt7_ws'
[0.093s] Level 1:colcon.colcon_core.package_identification:_identify(.) by extensions ['ignore', 'ignore_ament_install']
[0.093s] Level 1:colcon.colcon_core.package_identification:_identify(.) by extension 'ignore'
[0.093s] Level 1:colcon.colcon_core.package_identification:_identify(.) by extension 'ignore_ament_install'
[0.093s] Level 1:colcon.colcon_core.package_identification:_identify(.) by extensions ['colcon_pkg']
[0.093s] Level 1:colcon.colcon_core.package_identification:_identify(.) by extension 'colcon_pkg'
[0.093s] Level 1:colcon.colcon_core.package_identification:_identify(.) by extensions ['colcon_meta']
[0.093s] Level 1:colcon.colcon_core.package_identification:_identify(.) by extension 'colcon_meta'
[0.093s] Level 1:colcon.colcon_core.package_identification:_identify(.) by extensions ['ros']
[0.093s] Level 1:colcon.colcon_core.package_identification:_identify(.) by extension 'ros'
[0.110s] Level 1:colcon.colcon_core.package_identification:_identify(.) by extensions ['cmake', 'python']
[0.110s] Level 1:colcon.colcon_core.package_identification:_identify(.) by extension 'cmake'
[0.110s] Level 1:colcon.colcon_core.package_identification:_identify(.) by extension 'python'
[0.110s] Level 1:colcon.colcon_core.package_identification:_identify(.) by extensions ['python_setup_py']
[0.110s] Level 1:colcon.colcon_core.package_identification:_identify(.) by extension 'python_setup_py'
[0.110s] Level 1:colcon.colcon_core.package_identification:_identify(build) by extensions ['ignore', 'ignore_ament_install']
[0.110s] Level 1:colcon.colcon_core.package_identification:_identify(build) by extension 'ignore'
[0.110s] Level 1:colcon.colcon_core.package_identification:_identify(build) ignored
[0.111s] Level 1:colcon.colcon_core.package_identification:_identify(install) by extensions ['ignore', 'ignore_ament_install']
[0.111s] Level 1:colcon.colcon_core.package_identification:_identify(install) by extension 'ignore'
[0.111s] Level 1:colcon.colcon_core.package_identification:_identify(install) ignored
[0.111s] Level 1:colcon.colcon_core.package_identification:_identify(log) by extensions ['ignore', 'ignore_ament_install']
[0.111s] Level 1:colcon.colcon_core.package_identification:_identify(log) by extension 'ignore'
[0.111s] Level 1:colcon.colcon_core.package_identification:_identify(log) ignored
[0.111s] Level 1:colcon.colcon_core.package_identification:_identify(src) by extensions ['ignore', 'ignore_ament_install']
[0.111s] Level 1:colcon.colcon_core.package_identification:_identify(src) by extension 'ignore'
[0.111s] Level 1:colcon.colcon_core.package_identification:_identify(src) by extension 'ignore_ament_install'
[0.111s] Level 1:colcon.colcon_core.package_identification:_identify(src) by extensions ['colcon_pkg']
[0.111s] Level 1:colcon.colcon_core.package_identification:_identify(src) by extension 'colcon_pkg'
[0.111s] Level 1:colcon.colcon_core.package_identification:_identify(src) by extensions ['colcon_meta']
[0.111s] Level 1:colcon.colcon_core.package_identification:_identify(src) by extension 'colcon_meta'
[0.112s] Level 1:colcon.colcon_core.package_identification:_identify(src) by extensions ['ros']
[0.112s] Level 1:colcon.colcon_core.package_identification:_identify(src) by extension 'ros'
[0.112s] Level 1:colcon.colcon_core.package_identification:_identify(src) by extensions ['cmake', 'python']
[0.112s] Level 1:colcon.colcon_core.package_identification:_identify(src) by extension 'cmake'
[0.112s] Level 1:colcon.colcon_core.package_identification:_identify(src) by extension 'python'
[0.112s] Level 1:colcon.colcon_core.package_identification:_identify(src) by extensions ['python_setup_py']
[0.112s] Level 1:colcon.colcon_core.package_identification:_identify(src) by extension 'python_setup_py'
[0.112s] Level 1:colcon.colcon_core.package_identification:_identify(src/autopatrol_interfaces) by extensions ['ignore', 'ignore_ament_install']
[0.112s] Level 1:colcon.colcon_core.package_identification:_identify(src/autopatrol_interfaces) by extension 'ignore'
[0.112s] Level 1:colcon.colcon_core.package_identification:_identify(src/autopatrol_interfaces) by extension 'ignore_ament_install'
[0.112s] Level 1:colcon.colcon_core.package_identification:_identify(src/autopatrol_interfaces) by extensions ['colcon_pkg']
[0.112s] Level 1:colcon.colcon_core.package_identification:_identify(src/autopatrol_interfaces) by extension 'colcon_pkg'
[0.112s] Level 1:colcon.colcon_core.package_identification:_identify(src/autopatrol_interfaces) by extensions ['colcon_meta']
[0.112s] Level 1:colcon.colcon_core.package_identification:_identify(src/autopatrol_interfaces) by extension 'colcon_meta'
[0.112s] Level 1:colcon.colcon_core.package_identification:_identify(src/autopatrol_interfaces) by extensions ['ros']
[0.112s] Level 1:colcon.colcon_core.package_identification:_identify(src/autopatrol_interfaces) by extension 'ros'
[0.115s] DEBUG:colcon.colcon_core.package_identification:Package 'src/autopatrol_interfaces' with type 'ros.ament_cmake' and name 'autopatrol_interfaces'
[0.115s] Level 1:colcon.colcon_core.package_identification:_identify(src/autopatrol_robot) by extensions ['ignore', 'ignore_ament_install']
[0.115s] Level 1:colcon.colcon_core.package_identification:_identify(src/autopatrol_robot) by extension 'ignore'
[0.115s] Level 1:colcon.colcon_core.package_identification:_identify(src/autopatrol_robot) by extension 'ignore_ament_install'
[0.116s] Level 1:colcon.colcon_core.package_identification:_identify(src/autopatrol_robot) by extensions ['colcon_pkg']
[0.116s] Level 1:colcon.colcon_core.package_identification:_identify(src/autopatrol_robot) by extension 'colcon_pkg'
[0.116s] Level 1:colcon.colcon_core.package_identification:_identify(src/autopatrol_robot) by extensions ['colcon_meta']
[0.116s] Level 1:colcon.colcon_core.package_identification:_identify(src/autopatrol_robot) by extension 'colcon_meta'
[0.116s] Level 1:colcon.colcon_core.package_identification:_identify(src/autopatrol_robot) by extensions ['ros']
[0.116s] Level 1:colcon.colcon_core.package_identification:_identify(src/autopatrol_robot) by extension 'ros'
[0.116s] DEBUG:colcon.colcon_core.package_identification:Package 'src/autopatrol_robot' with type 'ros.ament_python' and name 'autopatrol_robot'
[0.116s] Level 1:colcon.colcon_core.package_identification:_identify(src/fishbot_application) by extensions ['ignore', 'ignore_ament_install']
[0.116s] Level 1:colcon.colcon_core.package_identification:_identify(src/fishbot_application) by extension 'ignore'
[0.116s] Level 1:colcon.colcon_core.package_identification:_identify(src/fishbot_application) by extension 'ignore_ament_install'
[0.116s] Level 1:colcon.colcon_core.package_identification:_identify(src/fishbot_application) by extensions ['colcon_pkg']
[0.116s] Level 1:colcon.colcon_core.package_identification:_identify(src/fishbot_application) by extension 'colcon_pkg'
[0.117s] Level 1:colcon.colcon_core.package_identification:_identify(src/fishbot_application) by extensions ['colcon_meta']
[0.117s] Level 1:colcon.colcon_core.package_identification:_identify(src/fishbot_application) by extension 'colcon_meta'
[0.117s] Level 1:colcon.colcon_core.package_identification:_identify(src/fishbot_application) by extensions ['ros']
[0.117s] Level 1:colcon.colcon_core.package_identification:_identify(src/fishbot_application) by extension 'ros'
[0.117s] DEBUG:colcon.colcon_core.package_identification:Package 'src/fishbot_application' with type 'ros.ament_python' and name 'fishbot_application'
[0.117s] Level 1:colcon.colcon_core.package_identification:_identify(src/fishbot_description) by extensions ['ignore', 'ignore_ament_install']
[0.117s] Level 1:colcon.colcon_core.package_identification:_identify(src/fishbot_description) by extension 'ignore'
[0.117s] Level 1:colcon.colcon_core.package_identification:_identify(src/fishbot_description) by extension 'ignore_ament_install'
[0.117s] Level 1:colcon.colcon_core.package_identification:_identify(src/fishbot_description) by extensions ['colcon_pkg']
[0.117s] Level 1:colcon.colcon_core.package_identification:_identify(src/fishbot_description) by extension 'colcon_pkg'
[0.117s] Level 1:colcon.colcon_core.package_identification:_identify(src/fishbot_description) by extensions ['colcon_meta']
[0.117s] Level 1:colcon.colcon_core.package_identification:_identify(src/fishbot_description) by extension 'colcon_meta'
[0.117s] Level 1:colcon.colcon_core.package_identification:_identify(src/fishbot_description) by extensions ['ros']
[0.117s] Level 1:colcon.colcon_core.package_identification:_identify(src/fishbot_description) by extension 'ros'
[0.118s] DEBUG:colcon.colcon_core.package_identification:Package 'src/fishbot_description' with type 'ros.ament_cmake' and name 'fishbot_description'
[0.118s] Level 1:colcon.colcon_core.package_identification:_identify(src/fishbot_navigation2) by extensions ['ignore', 'ignore_ament_install']
[0.118s] Level 1:colcon.colcon_core.package_identification:_identify(src/fishbot_navigation2) by extension 'ignore'
[0.118s] Level 1:colcon.colcon_core.package_identification:_identify(src/fishbot_navigation2) by extension 'ignore_ament_install'
[0.118s] Level 1:colcon.colcon_core.package_identification:_identify(src/fishbot_navigation2) by extensions ['colcon_pkg']
[0.118s] Level 1:colcon.colcon_core.package_identification:_identify(src/fishbot_navigation2) by extension 'colcon_pkg'
[0.118s] Level 1:colcon.colcon_core.package_identification:_identify(src/fishbot_navigation2) by extensions ['colcon_meta']
[0.118s] Level 1:colcon.colcon_core.package_identification:_identify(src/fishbot_navigation2) by extension 'colcon_meta'
[0.118s] Level 1:colcon.colcon_core.package_identification:_identify(src/fishbot_navigation2) by extensions ['ros']
[0.118s] Level 1:colcon.colcon_core.package_identification:_identify(src/fishbot_navigation2) by extension 'ros'
[0.119s] DEBUG:colcon.colcon_core.package_identification:Package 'src/fishbot_navigation2' with type 'ros.ament_cmake' and name 'fishbot_navigation2'
[0.119s] Level 1:colcon.colcon_core.package_discovery:discover_packages(recursive) using defaults
[0.119s] Level 1:colcon.colcon_core.package_discovery:discover_packages(ignore) discover
[0.119s] Level 1:colcon.colcon_core.package_discovery:discover_packages(ignore) using defaults
[0.119s] Level 1:colcon.colcon_core.package_discovery:discover_packages(path) discover
[0.119s] Level 1:colcon.colcon_core.package_discovery:discover_packages(path) using defaults
[0.136s] Level 1:colcon.colcon_core.package_discovery:discover_packages(prefix_path) check parameters
[0.136s] Level 1:colcon.colcon_core.package_discovery:discover_packages(prefix_path) discover
[0.138s] DEBUG:colcon.colcon_installed_package_information.package_discovery:Found 5 installed packages in /home/honhe/learn_ros/Chapter7/chapt7_ws/install
[0.139s] DEBUG:colcon.colcon_installed_package_information.package_discovery:Found 418 installed packages in /opt/ros/jazzy
[0.141s] Level 1:colcon.colcon_core.package_discovery:discover_packages(prefix_path) using defaults
[0.174s] Level 5:colcon.colcon_core.verb:set package 'autopatrol_interfaces' build argument 'cmake_args' from command line to 'None'
[0.174s] Level 5:colcon.colcon_core.verb:set package 'autopatrol_interfaces' build argument 'cmake_target' from command line to 'None'
[0.174s] Level 5:colcon.colcon_core.verb:set package 'autopatrol_interfaces' build argument 'cmake_target_skip_unavailable' from command line to 'False'
[0.174s] Level 5:colcon.colcon_core.verb:set package 'autopatrol_interfaces' build argument 'cmake_clean_cache' from command line to 'False'
[0.174s] Level 5:colcon.colcon_core.verb:set package 'autopatrol_interfaces' build argument 'cmake_clean_first' from command line to 'False'
[0.174s] Level 5:colcon.colcon_core.verb:set package 'autopatrol_interfaces' build argument 'cmake_force_configure' from command line to 'False'
[0.174s] Level 5:colcon.colcon_core.verb:set package 'autopatrol_interfaces' build argument 'ament_cmake_args' from command line to 'None'
[0.174s] Level 5:colcon.colcon_core.verb:set package 'autopatrol_interfaces' build argument 'catkin_cmake_args' from command line to 'None'
[0.174s] Level 5:colcon.colcon_core.verb:set package 'autopatrol_interfaces' build argument 'catkin_skip_building_tests' from command line to 'False'
[0.174s] DEBUG:colcon.colcon_core.verb:Building package 'autopatrol_interfaces' with the following arguments: {'ament_cmake_args': None, 'build_base': '/home/honhe/learn_ros/Chapter7/chapt7_ws/build/autopatrol_interfaces', 'catkin_cmake_args': None, 'catkin_skip_building_tests': False, 'cmake_args': None, 'cmake_clean_cache': False, 'cmake_clean_first': False, 'cmake_force_configure': False, 'cmake_target': None, 'cmake_target_skip_unavailable': False, 'install_base': '/home/honhe/learn_ros/Chapter7/chapt7_ws/install/autopatrol_interfaces', 'merge_install': False, 'path': '/home/honhe/learn_ros/Chapter7/chapt7_ws/src/autopatrol_interfaces', 'symlink_install': False, 'test_result_base': None}
[0.174s] Level 5:colcon.colcon_core.verb:set package 'autopatrol_robot' build argument 'cmake_args' from command line to 'None'
[0.174s] Level 5:colcon.colcon_core.verb:set package 'autopatrol_robot' build argument 'cmake_target' from command line to 'None'
[0.174s] Level 5:colcon.colcon_core.verb:set package 'autopatrol_robot' build argument 'cmake_target_skip_unavailable' from command line to 'False'
[0.174s] Level 5:colcon.colcon_core.verb:set package 'autopatrol_robot' build argument 'cmake_clean_cache' from command line to 'False'
[0.174s] Level 5:colcon.colcon_core.verb:set package 'autopatrol_robot' build argument 'cmake_clean_first' from command line to 'False'
[0.174s] Level 5:colcon.colcon_core.verb:set package 'autopatrol_robot' build argument 'cmake_force_configure' from command line to 'False'
[0.174s] Level 5:colcon.colcon_core.verb:set package 'autopatrol_robot' build argument 'ament_cmake_args' from command line to 'None'
[0.174s] Level 5:colcon.colcon_core.verb:set package 'autopatrol_robot' build argument 'catkin_cmake_args' from command line to 'None'
[0.174s] Level 5:colcon.colcon_core.verb:set package 'autopatrol_robot' build argument 'catkin_skip_building_tests' from command line to 'False'
[0.174s] DEBUG:colcon.colcon_core.verb:Building package 'autopatrol_robot' with the following arguments: {'ament_cmake_args': None, 'build_base': '/home/honhe/learn_ros/Chapter7/chapt7_ws/build/autopatrol_robot', 'catkin_cmake_args': None, 'catkin_skip_building_tests': False, 'cmake_args': None, 'cmake_clean_cache': False, 'cmake_clean_first': False, 'cmake_force_configure': False, 'cmake_target': None, 'cmake_target_skip_unavailable': False, 'install_base': '/home/honhe/learn_ros/Chapter7/chapt7_ws/install/autopatrol_robot', 'merge_install': False, 'path': '/home/honhe/learn_ros/Chapter7/chapt7_ws/src/autopatrol_robot', 'symlink_install': False, 'test_result_base': None}
[0.174s] Level 5:colcon.colcon_core.verb:set package 'fishbot_application' build argument 'cmake_args' from command line to 'None'
[0.174s] Level 5:colcon.colcon_core.verb:set package 'fishbot_application' build argument 'cmake_target' from command line to 'None'
[0.174s] Level 5:colcon.colcon_core.verb:set package 'fishbot_application' build argument 'cmake_target_skip_unavailable' from command line to 'False'
[0.174s] Level 5:colcon.colcon_core.verb:set package 'fishbot_application' build argument 'cmake_clean_cache' from command line to 'False'
[0.174s] Level 5:colcon.colcon_core.verb:set package 'fishbot_application' build argument 'cmake_clean_first' from command line to 'False'
[0.174s] Level 5:colcon.colcon_core.verb:set package 'fishbot_application' build argument 'cmake_force_configure' from command line to 'False'
[0.174s] Level 5:colcon.colcon_core.verb:set package 'fishbot_application' build argument 'ament_cmake_args' from command line to 'None'
[0.174s] Level 5:colcon.colcon_core.verb:set package 'fishbot_application' build argument 'catkin_cmake_args' from command line to 'None'
[0.174s] Level 5:colcon.colcon_core.verb:set package 'fishbot_application' build argument 'catkin_skip_building_tests' from command line to 'False'
[0.174s] DEBUG:colcon.colcon_core.verb:Building package 'fishbot_application' with the following arguments: {'ament_cmake_args': None, 'build_base': '/home/honhe/learn_ros/Chapter7/chapt7_ws/build/fishbot_application', 'catkin_cmake_args': None, 'catkin_skip_building_tests': False, 'cmake_args': None, 'cmake_clean_cache': False, 'cmake_clean_first': False, 'cmake_force_configure': False, 'cmake_target': None, 'cmake_target_skip_unavailable': False, 'install_base': '/home/honhe/learn_ros/Chapter7/chapt7_ws/install/fishbot_application', 'merge_install': False, 'path': '/home/honhe/learn_ros/Chapter7/chapt7_ws/src/fishbot_application', 'symlink_install': False, 'test_result_base': None}
[0.175s] Level 5:colcon.colcon_core.verb:set package 'fishbot_description' build argument 'cmake_args' from command line to 'None'
[0.175s] Level 5:colcon.colcon_core.verb:set package 'fishbot_description' build argument 'cmake_target' from command line to 'None'
[0.175s] Level 5:colcon.colcon_core.verb:set package 'fishbot_description' build argument 'cmake_target_skip_unavailable' from command line to 'False'
[0.175s] Level 5:colcon.colcon_core.verb:set package 'fishbot_description' build argument 'cmake_clean_cache' from command line to 'False'
[0.175s] Level 5:colcon.colcon_core.verb:set package 'fishbot_description' build argument 'cmake_clean_first' from command line to 'False'
[0.175s] Level 5:colcon.colcon_core.verb:set package 'fishbot_description' build argument 'cmake_force_configure' from command line to 'False'
[0.175s] Level 5:colcon.colcon_core.verb:set package 'fishbot_description' build argument 'ament_cmake_args' from command line to 'None'
[0.175s] Level 5:colcon.colcon_core.verb:set package 'fishbot_description' build argument 'catkin_cmake_args' from command line to 'None'
[0.175s] Level 5:colcon.colcon_core.verb:set package 'fishbot_description' build argument 'catkin_skip_building_tests' from command line to 'False'
[0.175s] DEBUG:colcon.colcon_core.verb:Building package 'fishbot_description' with the following arguments: {'ament_cmake_args': None, 'build_base': '/home/honhe/learn_ros/Chapter7/chapt7_ws/build/fishbot_description', 'catkin_cmake_args': None, 'catkin_skip_building_tests': False, 'cmake_args': None, 'cmake_clean_cache': False, 'cmake_clean_first': False, 'cmake_force_configure': False, 'cmake_target': None, 'cmake_target_skip_unavailable': False, 'install_base': '/home/honhe/learn_ros/Chapter7/chapt7_ws/install/fishbot_description', 'merge_install': False, 'path': '/home/honhe/learn_ros/Chapter7/chapt7_ws/src/fishbot_description', 'symlink_install': False, 'test_result_base': None}
[0.175s] Level 5:colcon.colcon_core.verb:set package 'fishbot_navigation2' build argument 'cmake_args' from command line to 'None'
[0.175s] Level 5:colcon.colcon_core.verb:set package 'fishbot_navigation2' build argument 'cmake_target' from command line to 'None'
[0.175s] Level 5:colcon.colcon_core.verb:set package 'fishbot_navigation2' build argument 'cmake_target_skip_unavailable' from command line to 'False'
[0.175s] Level 5:colcon.colcon_core.verb:set package 'fishbot_navigation2' build argument 'cmake_clean_cache' from command line to 'False'
[0.175s] Level 5:colcon.colcon_core.verb:set package 'fishbot_navigation2' build argument 'cmake_clean_first' from command line to 'False'
[0.175s] Level 5:colcon.colcon_core.verb:set package 'fishbot_navigation2' build argument 'cmake_force_configure' from command line to 'False'
[0.175s] Level 5:colcon.colcon_core.verb:set package 'fishbot_navigation2' build argument 'ament_cmake_args' from command line to 'None'
[0.175s] Level 5:colcon.colcon_core.verb:set package 'fishbot_navigation2' build argument 'catkin_cmake_args' from command line to 'None'
[0.175s] Level 5:colcon.colcon_core.verb:set package 'fishbot_navigation2' build argument 'catkin_skip_building_tests' from command line to 'False'
[0.175s] DEBUG:colcon.colcon_core.verb:Building package 'fishbot_navigation2' with the following arguments: {'ament_cmake_args': None, 'build_base': '/home/honhe/learn_ros/Chapter7/chapt7_ws/build/fishbot_navigation2', 'catkin_cmake_args': None, 'catkin_skip_building_tests': False, 'cmake_args': None, 'cmake_clean_cache': False, 'cmake_clean_first': False, 'cmake_force_configure': False, 'cmake_target': None, 'cmake_target_skip_unavailable': False, 'install_base': '/home/honhe/learn_ros/Chapter7/chapt7_ws/install/fishbot_navigation2', 'merge_install': False, 'path': '/home/honhe/learn_ros/Chapter7/chapt7_ws/src/fishbot_navigation2', 'symlink_install': False, 'test_result_base': None}
[0.175s] INFO:colcon.colcon_core.executor:Executing jobs using 'parallel' executor
[0.175s] DEBUG:colcon.colcon_parallel_executor.executor.parallel:run_until_complete
[0.176s] INFO:colcon.colcon_ros.task.ament_cmake.build:Building ROS package in '/home/honhe/learn_ros/Chapter7/chapt7_ws/src/autopatrol_interfaces' with build type 'ament_cmake'
[0.176s] INFO:colcon.colcon_cmake.task.cmake.build:Building CMake package in '/home/honhe/learn_ros/Chapter7/chapt7_ws/src/autopatrol_interfaces'
[0.177s] INFO:colcon.colcon_core.plugin_system:Skipping extension 'colcon_core.shell.bat': Not used on non-Windows systems
[0.177s] INFO:colcon.colcon_core.shell:Skip shell extension 'powershell' for command environment: Not usable outside of PowerShell
[0.177s] DEBUG:colcon.colcon_core.shell:Skip shell extension 'dsv' for command environment
[0.179s] INFO:colcon.colcon_ros.task.ament_python.build:Building ROS package in '/home/honhe/learn_ros/Chapter7/chapt7_ws/src/autopatrol_robot' with build type 'ament_python'
[0.180s] Level 1:colcon.colcon_core.shell:create_environment_hook('autopatrol_robot', 'ament_prefix_path')
[0.180s] INFO:colcon.colcon_core.shell:Creating environment hook '/home/honhe/learn_ros/Chapter7/chapt7_ws/install/autopatrol_robot/share/autopatrol_robot/hook/ament_prefix_path.ps1'
[0.180s] INFO:colcon.colcon_core.shell:Creating environment descriptor '/home/honhe/learn_ros/Chapter7/chapt7_ws/install/autopatrol_robot/share/autopatrol_robot/hook/ament_prefix_path.dsv'
[0.180s] INFO:colcon.colcon_core.shell:Creating environment hook '/home/honhe/learn_ros/Chapter7/chapt7_ws/install/autopatrol_robot/share/autopatrol_robot/hook/ament_prefix_path.sh'
[0.181s] INFO:colcon.colcon_core.shell:Skip shell extension 'powershell' for command environment: Not usable outside of PowerShell
[0.181s] DEBUG:colcon.colcon_core.shell:Skip shell extension 'dsv' for command environment
[0.183s] INFO:colcon.colcon_ros.task.ament_python.build:Building ROS package in '/home/honhe/learn_ros/Chapter7/chapt7_ws/src/fishbot_application' with build type 'ament_python'
[0.183s] Level 1:colcon.colcon_core.shell:create_environment_hook('fishbot_application', 'ament_prefix_path')
[0.183s] INFO:colcon.colcon_core.shell:Creating environment hook '/home/honhe/learn_ros/Chapter7/chapt7_ws/install/fishbot_application/share/fishbot_application/hook/ament_prefix_path.ps1'
[0.184s] INFO:colcon.colcon_core.shell:Creating environment descriptor '/home/honhe/learn_ros/Chapter7/chapt7_ws/install/fishbot_application/share/fishbot_application/hook/ament_prefix_path.dsv'
[0.184s] INFO:colcon.colcon_core.shell:Creating environment hook '/home/honhe/learn_ros/Chapter7/chapt7_ws/install/fishbot_application/share/fishbot_application/hook/ament_prefix_path.sh'
[0.184s] INFO:colcon.colcon_core.shell:Skip shell extension 'powershell' for command environment: Not usable outside of PowerShell
[0.184s] DEBUG:colcon.colcon_core.shell:Skip shell extension 'dsv' for command environment
[0.186s] INFO:colcon.colcon_ros.task.ament_cmake.build:Building ROS package in '/home/honhe/learn_ros/Chapter7/chapt7_ws/src/fishbot_description' with build type 'ament_cmake'
[0.187s] INFO:colcon.colcon_cmake.task.cmake.build:Building CMake package in '/home/honhe/learn_ros/Chapter7/chapt7_ws/src/fishbot_description'
[0.187s] INFO:colcon.colcon_core.shell:Skip shell extension 'powershell' for command environment: Not usable outside of PowerShell
[0.187s] DEBUG:colcon.colcon_core.shell:Skip shell extension 'dsv' for command environment
[0.190s] INFO:colcon.colcon_ros.task.ament_cmake.build:Building ROS package in '/home/honhe/learn_ros/Chapter7/chapt7_ws/src/fishbot_navigation2' with build type 'ament_cmake'
[0.190s] INFO:colcon.colcon_cmake.task.cmake.build:Building CMake package in '/home/honhe/learn_ros/Chapter7/chapt7_ws/src/fishbot_navigation2'
[0.190s] INFO:colcon.colcon_core.shell:Skip shell extension 'powershell' for command environment: Not usable outside of PowerShell
[0.190s] DEBUG:colcon.colcon_core.shell:Skip shell extension 'dsv' for command environment
[0.197s] DEBUG:colcon.colcon_core.event_handler.log_command:Invoking command in '/home/honhe/learn_ros/Chapter7/chapt7_ws/build/autopatrol_interfaces': CMAKE_PREFIX_PATH=${CMAKE_PREFIX_PATH}:/home/honhe/learn_ros/Chapter7/chapt7_ws/install/fishbot_application:/home/honhe/learn_ros/Chapter7/chapt7_ws/install/autopatrol_robot:/opt/ros/jazzy DEBUGINFOD_URLS=https://debuginfod.ubuntu.com VIRTUAL_ENV_PROMPT=(learn_ros_venv) /usr/bin/cmake --build /home/honhe/learn_ros/Chapter7/chapt7_ws/build/autopatrol_interfaces -- -j32 -l32
[0.345s] INFO:colcon.colcon_core.task.python.build:Building Python package in '/home/honhe/learn_ros/Chapter7/chapt7_ws/src/autopatrol_robot'
[0.345s] INFO:colcon.colcon_core.shell:Skip shell extension 'powershell' for command environment: Not usable outside of PowerShell
[0.345s] DEBUG:colcon.colcon_core.shell:Skip shell extension 'dsv' for command environment
[0.486s] INFO:colcon.colcon_core.task.python.build:Building Python package in '/home/honhe/learn_ros/Chapter7/chapt7_ws/src/fishbot_application'
[0.486s] INFO:colcon.colcon_core.shell:Skip shell extension 'powershell' for command environment: Not usable outside of PowerShell
[0.486s] DEBUG:colcon.colcon_core.shell:Skip shell extension 'dsv' for command environment
[0.492s] DEBUG:colcon.colcon_core.event_handler.log_command:Invoking command in '/home/honhe/learn_ros/Chapter7/chapt7_ws/build/fishbot_description': CMAKE_PREFIX_PATH=${CMAKE_PREFIX_PATH}:/home/honhe/learn_ros/Chapter7/chapt7_ws/install/fishbot_application:/home/honhe/learn_ros/Chapter7/chapt7_ws/install/autopatrol_robot:/opt/ros/jazzy DEBUGINFOD_URLS=https://debuginfod.ubuntu.com VIRTUAL_ENV_PROMPT=(learn_ros_venv) /usr/bin/cmake --build /home/honhe/learn_ros/Chapter7/chapt7_ws/build/fishbot_description -- -j32 -l32
[0.496s] DEBUG:colcon.colcon_core.event_handler.log_command:Invoked command in '/home/honhe/learn_ros/Chapter7/chapt7_ws/build/autopatrol_interfaces' returned '0': CMAKE_PREFIX_PATH=${CMAKE_PREFIX_PATH}:/home/honhe/learn_ros/Chapter7/chapt7_ws/install/fishbot_application:/home/honhe/learn_ros/Chapter7/chapt7_ws/install/autopatrol_robot:/opt/ros/jazzy DEBUGINFOD_URLS=https://debuginfod.ubuntu.com VIRTUAL_ENV_PROMPT=(learn_ros_venv) /usr/bin/cmake --build /home/honhe/learn_ros/Chapter7/chapt7_ws/build/autopatrol_interfaces -- -j32 -l32
[0.505s] DEBUG:colcon.colcon_core.event_handler.log_command:Invoking command in '/home/honhe/learn_ros/Chapter7/chapt7_ws/build/autopatrol_interfaces': CMAKE_PREFIX_PATH=${CMAKE_PREFIX_PATH}:/home/honhe/learn_ros/Chapter7/chapt7_ws/install/fishbot_application:/home/honhe/learn_ros/Chapter7/chapt7_ws/install/autopatrol_robot:/opt/ros/jazzy DEBUGINFOD_URLS=https://debuginfod.ubuntu.com VIRTUAL_ENV_PROMPT=(learn_ros_venv) /usr/bin/cmake --install /home/honhe/learn_ros/Chapter7/chapt7_ws/build/autopatrol_interfaces
[0.507s] DEBUG:colcon.colcon_core.event_handler.log_command:Invoking command in '/home/honhe/learn_ros/Chapter7/chapt7_ws/build/fishbot_navigation2': CMAKE_PREFIX_PATH=${CMAKE_PREFIX_PATH}:/home/honhe/learn_ros/Chapter7/chapt7_ws/install/fishbot_application:/home/honhe/learn_ros/Chapter7/chapt7_ws/install/autopatrol_robot:/opt/ros/jazzy DEBUGINFOD_URLS=https://debuginfod.ubuntu.com VIRTUAL_ENV_PROMPT=(learn_ros_venv) /usr/bin/cmake --build /home/honhe/learn_ros/Chapter7/chapt7_ws/build/fishbot_navigation2 -- -j32 -l32
[0.530s] DEBUG:colcon.colcon_core.event_handler.log_command:Invoked command in '/home/honhe/learn_ros/Chapter7/chapt7_ws/build/fishbot_description' returned '0': CMAKE_PREFIX_PATH=${CMAKE_PREFIX_PATH}:/home/honhe/learn_ros/Chapter7/chapt7_ws/install/fishbot_application:/home/honhe/learn_ros/Chapter7/chapt7_ws/install/autopatrol_robot:/opt/ros/jazzy DEBUGINFOD_URLS=https://debuginfod.ubuntu.com VIRTUAL_ENV_PROMPT=(learn_ros_venv) /usr/bin/cmake --build /home/honhe/learn_ros/Chapter7/chapt7_ws/build/fishbot_description -- -j32 -l32
[0.531s] DEBUG:colcon.colcon_core.event_handler.log_command:Invoking command in '/home/honhe/learn_ros/Chapter7/chapt7_ws/build/fishbot_description': CMAKE_PREFIX_PATH=${CMAKE_PREFIX_PATH}:/home/honhe/learn_ros/Chapter7/chapt7_ws/install/fishbot_application:/home/honhe/learn_ros/Chapter7/chapt7_ws/install/autopatrol_robot:/opt/ros/jazzy DEBUGINFOD_URLS=https://debuginfod.ubuntu.com VIRTUAL_ENV_PROMPT=(learn_ros_venv) /usr/bin/cmake --install /home/honhe/learn_ros/Chapter7/chapt7_ws/build/fishbot_description
[0.541s] Level 1:colcon.colcon_core.environment:create_environment_scripts_only(fishbot_description)
[0.542s] DEBUG:colcon.colcon_core.event_handler.log_command:Invoked command in '/home/honhe/learn_ros/Chapter7/chapt7_ws/build/fishbot_description' returned '0': CMAKE_PREFIX_PATH=${CMAKE_PREFIX_PATH}:/home/honhe/learn_ros/Chapter7/chapt7_ws/install/fishbot_application:/home/honhe/learn_ros/Chapter7/chapt7_ws/install/autopatrol_robot:/opt/ros/jazzy DEBUGINFOD_URLS=https://debuginfod.ubuntu.com VIRTUAL_ENV_PROMPT=(learn_ros_venv) /usr/bin/cmake --install /home/honhe/learn_ros/Chapter7/chapt7_ws/build/fishbot_description
[0.544s] Level 1:colcon.colcon_core.environment:checking '/home/honhe/learn_ros/Chapter7/chapt7_ws/install/fishbot_description' for CMake module files
[0.544s] Level 1:colcon.colcon_core.environment:checking '/home/honhe/learn_ros/Chapter7/chapt7_ws/install/fishbot_description' for CMake config files
[0.545s] Level 1:colcon.colcon_core.shell:create_environment_hook('fishbot_description', 'cmake_prefix_path')
[0.545s] INFO:colcon.colcon_core.shell:Creating environment hook '/home/honhe/learn_ros/Chapter7/chapt7_ws/install/fishbot_description/share/fishbot_description/hook/cmake_prefix_path.ps1'
[0.545s] INFO:colcon.colcon_core.shell:Creating environment descriptor '/home/honhe/learn_ros/Chapter7/chapt7_ws/install/fishbot_description/share/fishbot_description/hook/cmake_prefix_path.dsv'
[0.546s] INFO:colcon.colcon_core.shell:Creating environment hook '/home/honhe/learn_ros/Chapter7/chapt7_ws/install/fishbot_description/share/fishbot_description/hook/cmake_prefix_path.sh'
[0.546s] Level 1:colcon.colcon_core.environment:checking '/home/honhe/learn_ros/Chapter7/chapt7_ws/install/fishbot_description/bin'
[0.546s] Level 1:colcon.colcon_core.environment:checking '/home/honhe/learn_ros/Chapter7/chapt7_ws/install/fishbot_description/lib/pkgconfig/fishbot_description.pc'
[0.546s] Level 1:colcon.colcon_core.environment:checking '/home/honhe/learn_ros/Chapter7/chapt7_ws/install/fishbot_description/lib/python3.12/site-packages'
[0.547s] Level 1:colcon.colcon_core.environment:checking '/home/honhe/learn_ros/Chapter7/chapt7_ws/install/fishbot_description/bin'
[0.547s] INFO:colcon.colcon_core.shell:Creating package script '/home/honhe/learn_ros/Chapter7/chapt7_ws/install/fishbot_description/share/fishbot_description/package.ps1'
[0.548s] INFO:colcon.colcon_core.shell:Creating package descriptor '/home/honhe/learn_ros/Chapter7/chapt7_ws/install/fishbot_description/share/fishbot_description/package.dsv'
[0.548s] INFO:colcon.colcon_core.shell:Creating package script '/home/honhe/learn_ros/Chapter7/chapt7_ws/install/fishbot_description/share/fishbot_description/package.sh'
[0.549s] INFO:colcon.colcon_core.shell:Creating package script '/home/honhe/learn_ros/Chapter7/chapt7_ws/install/fishbot_description/share/fishbot_description/package.bash'
[0.549s] INFO:colcon.colcon_core.shell:Creating package script '/home/honhe/learn_ros/Chapter7/chapt7_ws/install/fishbot_description/share/fishbot_description/package.zsh'
[0.549s] Level 1:colcon.colcon_core.environment:create_file_with_runtime_dependencies(/home/honhe/learn_ros/Chapter7/chapt7_ws/install/fishbot_description/share/colcon-core/packages/fishbot_description)
[0.550s] Level 1:colcon.colcon_core.environment:create_environment_scripts_only(fishbot_description)
[0.550s] Level 1:colcon.colcon_core.environment:checking '/home/honhe/learn_ros/Chapter7/chapt7_ws/install/fishbot_description' for CMake module files
[0.551s] Level 1:colcon.colcon_core.environment:checking '/home/honhe/learn_ros/Chapter7/chapt7_ws/install/fishbot_description' for CMake config files
[0.551s] Level 1:colcon.colcon_core.shell:create_environment_hook('fishbot_description', 'cmake_prefix_path')
[0.551s] INFO:colcon.colcon_core.shell:Creating environment hook '/home/honhe/learn_ros/Chapter7/chapt7_ws/install/fishbot_description/share/fishbot_description/hook/cmake_prefix_path.ps1'
[0.551s] INFO:colcon.colcon_core.shell:Creating environment descriptor '/home/honhe/learn_ros/Chapter7/chapt7_ws/install/fishbot_description/share/fishbot_description/hook/cmake_prefix_path.dsv'
[0.552s] INFO:colcon.colcon_core.shell:Creating environment hook '/home/honhe/learn_ros/Chapter7/chapt7_ws/install/fishbot_description/share/fishbot_description/hook/cmake_prefix_path.sh'
[0.552s] Level 1:colcon.colcon_core.environment:checking '/home/honhe/learn_ros/Chapter7/chapt7_ws/install/fishbot_description/bin'
[0.552s] Level 1:colcon.colcon_core.environment:checking '/home/honhe/learn_ros/Chapter7/chapt7_ws/install/fishbot_description/lib/pkgconfig/fishbot_description.pc'
[0.552s] Level 1:colcon.colcon_core.environment:checking '/home/honhe/learn_ros/Chapter7/chapt7_ws/install/fishbot_description/lib/python3.12/site-packages'
[0.552s] Level 1:colcon.colcon_core.environment:checking '/home/honhe/learn_ros/Chapter7/chapt7_ws/install/fishbot_description/bin'
[0.553s] INFO:colcon.colcon_core.shell:Creating package script '/home/honhe/learn_ros/Chapter7/chapt7_ws/install/fishbot_description/share/fishbot_description/package.ps1'
[0.553s] INFO:colcon.colcon_core.shell:Creating package descriptor '/home/honhe/learn_ros/Chapter7/chapt7_ws/install/fishbot_description/share/fishbot_description/package.dsv'
[0.554s] INFO:colcon.colcon_core.shell:Creating package script '/home/honhe/learn_ros/Chapter7/chapt7_ws/install/fishbot_description/share/fishbot_description/package.sh'
[0.554s] INFO:colcon.colcon_core.shell:Creating package script '/home/honhe/learn_ros/Chapter7/chapt7_ws/install/fishbot_description/share/fishbot_description/package.bash'
[0.554s] INFO:colcon.colcon_core.shell:Creating package script '/home/honhe/learn_ros/Chapter7/chapt7_ws/install/fishbot_description/share/fishbot_description/package.zsh'
[0.555s] Level 1:colcon.colcon_core.environment:create_file_with_runtime_dependencies(/home/honhe/learn_ros/Chapter7/chapt7_ws/install/fishbot_description/share/colcon-core/packages/fishbot_description)
[0.556s] DEBUG:colcon.colcon_core.event_handler.log_command:Invoked command in '/home/honhe/learn_ros/Chapter7/chapt7_ws/build/fishbot_navigation2' returned '0': CMAKE_PREFIX_PATH=${CMAKE_PREFIX_PATH}:/home/honhe/learn_ros/Chapter7/chapt7_ws/install/fishbot_application:/home/honhe/learn_ros/Chapter7/chapt7_ws/install/autopatrol_robot:/opt/ros/jazzy DEBUGINFOD_URLS=https://debuginfod.ubuntu.com VIRTUAL_ENV_PROMPT=(learn_ros_venv) /usr/bin/cmake --build /home/honhe/learn_ros/Chapter7/chapt7_ws/build/fishbot_navigation2 -- -j32 -l32
[0.557s] DEBUG:colcon.colcon_core.event_handler.log_command:Invoking command in '/home/honhe/learn_ros/Chapter7/chapt7_ws/build/fishbot_navigation2': CMAKE_PREFIX_PATH=${CMAKE_PREFIX_PATH}:/home/honhe/learn_ros/Chapter7/chapt7_ws/install/fishbot_application:/home/honhe/learn_ros/Chapter7/chapt7_ws/install/autopatrol_robot:/opt/ros/jazzy DEBUGINFOD_URLS=https://debuginfod.ubuntu.com VIRTUAL_ENV_PROMPT=(learn_ros_venv) /usr/bin/cmake --install /home/honhe/learn_ros/Chapter7/chapt7_ws/build/fishbot_navigation2
[0.563s] Level 1:colcon.colcon_core.environment:create_environment_scripts_only(autopatrol_interfaces)
[0.563s] Level 1:colcon.colcon_core.environment:checking '/home/honhe/learn_ros/Chapter7/chapt7_ws/install/autopatrol_interfaces' for CMake module files
[0.564s] DEBUG:colcon.colcon_core.event_handler.log_command:Invoked command in '/home/honhe/learn_ros/Chapter7/chapt7_ws/build/autopatrol_interfaces' returned '0': CMAKE_PREFIX_PATH=${CMAKE_PREFIX_PATH}:/home/honhe/learn_ros/Chapter7/chapt7_ws/install/fishbot_application:/home/honhe/learn_ros/Chapter7/chapt7_ws/install/autopatrol_robot:/opt/ros/jazzy DEBUGINFOD_URLS=https://debuginfod.ubuntu.com VIRTUAL_ENV_PROMPT=(learn_ros_venv) /usr/bin/cmake --install /home/honhe/learn_ros/Chapter7/chapt7_ws/build/autopatrol_interfaces
[0.565s] Level 1:colcon.colcon_core.environment:checking '/home/honhe/learn_ros/Chapter7/chapt7_ws/install/autopatrol_interfaces' for CMake config files
[0.567s] Level 1:colcon.colcon_core.shell:create_environment_hook('autopatrol_interfaces', 'cmake_prefix_path')
[0.567s] INFO:colcon.colcon_core.shell:Creating environment hook '/home/honhe/learn_ros/Chapter7/chapt7_ws/install/autopatrol_interfaces/share/autopatrol_interfaces/hook/cmake_prefix_path.ps1'
[0.567s] INFO:colcon.colcon_core.shell:Creating environment descriptor '/home/honhe/learn_ros/Chapter7/chapt7_ws/install/autopatrol_interfaces/share/autopatrol_interfaces/hook/cmake_prefix_path.dsv'
[0.567s] INFO:colcon.colcon_core.shell:Creating environment hook '/home/honhe/learn_ros/Chapter7/chapt7_ws/install/autopatrol_interfaces/share/autopatrol_interfaces/hook/cmake_prefix_path.sh'
[0.568s] Level 1:colcon.colcon_core.environment:checking '/home/honhe/learn_ros/Chapter7/chapt7_ws/install/autopatrol_interfaces/lib'
[0.568s] Level 1:colcon.colcon_core.shell:create_environment_hook('autopatrol_interfaces', 'ld_library_path_lib')
[0.568s] INFO:colcon.colcon_core.shell:Creating environment hook '/home/honhe/learn_ros/Chapter7/chapt7_ws/install/autopatrol_interfaces/share/autopatrol_interfaces/hook/ld_library_path_lib.ps1'
[0.569s] INFO:colcon.colcon_core.shell:Creating environment descriptor '/home/honhe/learn_ros/Chapter7/chapt7_ws/install/autopatrol_interfaces/share/autopatrol_interfaces/hook/ld_library_path_lib.dsv'
[0.569s] INFO:colcon.colcon_core.shell:Creating environment hook '/home/honhe/learn_ros/Chapter7/chapt7_ws/install/autopatrol_interfaces/share/autopatrol_interfaces/hook/ld_library_path_lib.sh'
[0.569s] Level 1:colcon.colcon_core.environment:checking '/home/honhe/learn_ros/Chapter7/chapt7_ws/install/autopatrol_interfaces/bin'
[0.569s] Level 1:colcon.colcon_core.environment:checking '/home/honhe/learn_ros/Chapter7/chapt7_ws/install/autopatrol_interfaces/lib/pkgconfig/autopatrol_interfaces.pc'
[0.570s] Level 1:colcon.colcon_core.environment:checking '/home/honhe/learn_ros/Chapter7/chapt7_ws/install/autopatrol_interfaces/lib/python3.12/site-packages'
[0.570s] Level 1:colcon.colcon_core.shell:create_environment_hook('autopatrol_interfaces', 'pythonpath')
[0.570s] INFO:colcon.colcon_core.shell:Creating environment hook '/home/honhe/learn_ros/Chapter7/chapt7_ws/install/autopatrol_interfaces/share/autopatrol_interfaces/hook/pythonpath.ps1'
[0.571s] INFO:colcon.colcon_core.shell:Creating environment descriptor '/home/honhe/learn_ros/Chapter7/chapt7_ws/install/autopatrol_interfaces/share/autopatrol_interfaces/hook/pythonpath.dsv'
[0.571s] INFO:colcon.colcon_core.shell:Creating environment hook '/home/honhe/learn_ros/Chapter7/chapt7_ws/install/autopatrol_interfaces/share/autopatrol_interfaces/hook/pythonpath.sh'
[0.571s] Level 1:colcon.colcon_core.environment:checking '/home/honhe/learn_ros/Chapter7/chapt7_ws/install/autopatrol_interfaces/bin'
[0.572s] INFO:colcon.colcon_core.shell:Creating package script '/home/honhe/learn_ros/Chapter7/chapt7_ws/install/autopatrol_interfaces/share/autopatrol_interfaces/package.ps1'
[0.572s] INFO:colcon.colcon_core.shell:Creating package descriptor '/home/honhe/learn_ros/Chapter7/chapt7_ws/install/autopatrol_interfaces/share/autopatrol_interfaces/package.dsv'
[0.573s] INFO:colcon.colcon_core.shell:Creating package script '/home/honhe/learn_ros/Chapter7/chapt7_ws/install/autopatrol_interfaces/share/autopatrol_interfaces/package.sh'
[0.573s] INFO:colcon.colcon_core.shell:Creating package script '/home/honhe/learn_ros/Chapter7/chapt7_ws/install/autopatrol_interfaces/share/autopatrol_interfaces/package.bash'
[0.573s] INFO:colcon.colcon_core.shell:Creating package script '/home/honhe/learn_ros/Chapter7/chapt7_ws/install/autopatrol_interfaces/share/autopatrol_interfaces/package.zsh'
[0.574s] Level 1:colcon.colcon_core.environment:create_file_with_runtime_dependencies(/home/honhe/learn_ros/Chapter7/chapt7_ws/install/autopatrol_interfaces/share/colcon-core/packages/autopatrol_interfaces)
[0.574s] Level 1:colcon.colcon_core.environment:create_environment_scripts_only(autopatrol_interfaces)
[0.575s] Level 1:colcon.colcon_core.environment:checking '/home/honhe/learn_ros/Chapter7/chapt7_ws/install/autopatrol_interfaces' for CMake module files
[0.575s] Level 1:colcon.colcon_core.environment:checking '/home/honhe/learn_ros/Chapter7/chapt7_ws/install/autopatrol_interfaces' for CMake config files
[0.576s] Level 1:colcon.colcon_core.shell:create_environment_hook('autopatrol_interfaces', 'cmake_prefix_path')
[0.576s] INFO:colcon.colcon_core.shell:Creating environment hook '/home/honhe/learn_ros/Chapter7/chapt7_ws/install/autopatrol_interfaces/share/autopatrol_interfaces/hook/cmake_prefix_path.ps1'
[0.576s] INFO:colcon.colcon_core.shell:Creating environment descriptor '/home/honhe/learn_ros/Chapter7/chapt7_ws/install/autopatrol_interfaces/share/autopatrol_interfaces/hook/cmake_prefix_path.dsv'
[0.576s] INFO:colcon.colcon_core.shell:Creating environment hook '/home/honhe/learn_ros/Chapter7/chapt7_ws/install/autopatrol_interfaces/share/autopatrol_interfaces/hook/cmake_prefix_path.sh'
[0.577s] Level 1:colcon.colcon_core.environment:checking '/home/honhe/learn_ros/Chapter7/chapt7_ws/install/autopatrol_interfaces/lib'
[0.577s] Level 1:colcon.colcon_core.shell:create_environment_hook('autopatrol_interfaces', 'ld_library_path_lib')
[0.577s] INFO:colcon.colcon_core.shell:Creating environment hook '/home/honhe/learn_ros/Chapter7/chapt7_ws/install/autopatrol_interfaces/share/autopatrol_interfaces/hook/ld_library_path_lib.ps1'
[0.578s] INFO:colcon.colcon_core.shell:Creating environment descriptor '/home/honhe/learn_ros/Chapter7/chapt7_ws/install/autopatrol_interfaces/share/autopatrol_interfaces/hook/ld_library_path_lib.dsv'
[0.578s] INFO:colcon.colcon_core.shell:Creating environment hook '/home/honhe/learn_ros/Chapter7/chapt7_ws/install/autopatrol_interfaces/share/autopatrol_interfaces/hook/ld_library_path_lib.sh'
[0.578s] Level 1:colcon.colcon_core.environment:checking '/home/honhe/learn_ros/Chapter7/chapt7_ws/install/autopatrol_interfaces/bin'
[0.578s] Level 1:colcon.colcon_core.environment:checking '/home/honhe/learn_ros/Chapter7/chapt7_ws/install/autopatrol_interfaces/lib/pkgconfig/autopatrol_interfaces.pc'
[0.578s] Level 1:colcon.colcon_core.environment:checking '/home/honhe/learn_ros/Chapter7/chapt7_ws/install/autopatrol_interfaces/lib/python3.12/site-packages'
[0.579s] Level 1:colcon.colcon_core.shell:create_environment_hook('autopatrol_interfaces', 'pythonpath')
[0.579s] INFO:colcon.colcon_core.shell:Creating environment hook '/home/honhe/learn_ros/Chapter7/chapt7_ws/install/autopatrol_interfaces/share/autopatrol_interfaces/hook/pythonpath.ps1'
[0.579s] INFO:colcon.colcon_core.shell:Creating environment descriptor '/home/honhe/learn_ros/Chapter7/chapt7_ws/install/autopatrol_interfaces/share/autopatrol_interfaces/hook/pythonpath.dsv'
[0.579s] INFO:colcon.colcon_core.shell:Creating environment hook '/home/honhe/learn_ros/Chapter7/chapt7_ws/install/autopatrol_interfaces/share/autopatrol_interfaces/hook/pythonpath.sh'
[0.580s] Level 1:colcon.colcon_core.environment:checking '/home/honhe/learn_ros/Chapter7/chapt7_ws/install/autopatrol_interfaces/bin'
[0.580s] INFO:colcon.colcon_core.shell:Creating package script '/home/honhe/learn_ros/Chapter7/chapt7_ws/install/autopatrol_interfaces/share/autopatrol_interfaces/package.ps1'
[0.580s] INFO:colcon.colcon_core.shell:Creating package descriptor '/home/honhe/learn_ros/Chapter7/chapt7_ws/install/autopatrol_interfaces/share/autopatrol_interfaces/package.dsv'
[0.580s] INFO:colcon.colcon_core.shell:Creating package script '/home/honhe/learn_ros/Chapter7/chapt7_ws/install/autopatrol_interfaces/share/autopatrol_interfaces/package.sh'
[0.581s] INFO:colcon.colcon_core.shell:Creating package script '/home/honhe/learn_ros/Chapter7/chapt7_ws/install/autopatrol_interfaces/share/autopatrol_interfaces/package.bash'
[0.581s] INFO:colcon.colcon_core.shell:Creating package script '/home/honhe/learn_ros/Chapter7/chapt7_ws/install/autopatrol_interfaces/share/autopatrol_interfaces/package.zsh'
[0.581s] Level 1:colcon.colcon_core.environment:create_file_with_runtime_dependencies(/home/honhe/learn_ros/Chapter7/chapt7_ws/install/autopatrol_interfaces/share/colcon-core/packages/autopatrol_interfaces)
[0.582s] Level 1:colcon.colcon_core.environment:create_environment_scripts_only(fishbot_navigation2)
[0.582s] Level 1:colcon.colcon_core.environment:checking '/home/honhe/learn_ros/Chapter7/chapt7_ws/install/fishbot_navigation2' for CMake module files
[0.583s] DEBUG:colcon.colcon_core.event_handler.log_command:Invoked command in '/home/honhe/learn_ros/Chapter7/chapt7_ws/build/fishbot_navigation2' returned '0': CMAKE_PREFIX_PATH=${CMAKE_PREFIX_PATH}:/home/honhe/learn_ros/Chapter7/chapt7_ws/install/fishbot_application:/home/honhe/learn_ros/Chapter7/chapt7_ws/install/autopatrol_robot:/opt/ros/jazzy DEBUGINFOD_URLS=https://debuginfod.ubuntu.com VIRTUAL_ENV_PROMPT=(learn_ros_venv) /usr/bin/cmake --install /home/honhe/learn_ros/Chapter7/chapt7_ws/build/fishbot_navigation2
[0.583s] Level 1:colcon.colcon_core.environment:checking '/home/honhe/learn_ros/Chapter7/chapt7_ws/install/fishbot_navigation2' for CMake config files
[0.583s] Level 1:colcon.colcon_core.shell:create_environment_hook('fishbot_navigation2', 'cmake_prefix_path')
[0.583s] INFO:colcon.colcon_core.shell:Creating environment hook '/home/honhe/learn_ros/Chapter7/chapt7_ws/install/fishbot_navigation2/share/fishbot_navigation2/hook/cmake_prefix_path.ps1'
[0.583s] INFO:colcon.colcon_core.shell:Creating environment descriptor '/home/honhe/learn_ros/Chapter7/chapt7_ws/install/fishbot_navigation2/share/fishbot_navigation2/hook/cmake_prefix_path.dsv'
[0.584s] INFO:colcon.colcon_core.shell:Creating environment hook '/home/honhe/learn_ros/Chapter7/chapt7_ws/install/fishbot_navigation2/share/fishbot_navigation2/hook/cmake_prefix_path.sh'
[0.584s] Level 1:colcon.colcon_core.environment:checking '/home/honhe/learn_ros/Chapter7/chapt7_ws/install/fishbot_navigation2/bin'
[0.584s] Level 1:colcon.colcon_core.environment:checking '/home/honhe/learn_ros/Chapter7/chapt7_ws/install/fishbot_navigation2/lib/pkgconfig/fishbot_navigation2.pc'
[0.584s] Level 1:colcon.colcon_core.environment:checking '/home/honhe/learn_ros/Chapter7/chapt7_ws/install/fishbot_navigation2/lib/python3.12/site-packages'
[0.584s] Level 1:colcon.colcon_core.environment:checking '/home/honhe/learn_ros/Chapter7/chapt7_ws/install/fishbot_navigation2/bin'
[0.584s] INFO:colcon.colcon_core.shell:Creating package script '/home/honhe/learn_ros/Chapter7/chapt7_ws/install/fishbot_navigation2/share/fishbot_navigation2/package.ps1'
[0.585s] INFO:colcon.colcon_core.shell:Creating package descriptor '/home/honhe/learn_ros/Chapter7/chapt7_ws/install/fishbot_navigation2/share/fishbot_navigation2/package.dsv'
[0.585s] INFO:colcon.colcon_core.shell:Creating package script '/home/honhe/learn_ros/Chapter7/chapt7_ws/install/fishbot_navigation2/share/fishbot_navigation2/package.sh'
[0.585s] INFO:colcon.colcon_core.shell:Creating package script '/home/honhe/learn_ros/Chapter7/chapt7_ws/install/fishbot_navigation2/share/fishbot_navigation2/package.bash'
[0.585s] INFO:colcon.colcon_core.shell:Creating package script '/home/honhe/learn_ros/Chapter7/chapt7_ws/install/fishbot_navigation2/share/fishbot_navigation2/package.zsh'
[0.585s] Level 1:colcon.colcon_core.environment:create_file_with_runtime_dependencies(/home/honhe/learn_ros/Chapter7/chapt7_ws/install/fishbot_navigation2/share/colcon-core/packages/fishbot_navigation2)
[0.586s] Level 1:colcon.colcon_core.environment:create_environment_scripts_only(fishbot_navigation2)
[0.586s] Level 1:colcon.colcon_core.environment:checking '/home/honhe/learn_ros/Chapter7/chapt7_ws/install/fishbot_navigation2' for CMake module files
[0.587s] Level 1:colcon.colcon_core.environment:checking '/home/honhe/learn_ros/Chapter7/chapt7_ws/install/fishbot_navigation2' for CMake config files
[0.587s] Level 1:colcon.colcon_core.shell:create_environment_hook('fishbot_navigation2', 'cmake_prefix_path')
[0.587s] INFO:colcon.colcon_core.shell:Creating environment hook '/home/honhe/learn_ros/Chapter7/chapt7_ws/install/fishbot_navigation2/share/fishbot_navigation2/hook/cmake_prefix_path.ps1'
[0.588s] INFO:colcon.colcon_core.shell:Creating environment descriptor '/home/honhe/learn_ros/Chapter7/chapt7_ws/install/fishbot_navigation2/share/fishbot_navigation2/hook/cmake_prefix_path.dsv'
[0.588s] INFO:colcon.colcon_core.shell:Creating environment hook '/home/honhe/learn_ros/Chapter7/chapt7_ws/install/fishbot_navigation2/share/fishbot_navigation2/hook/cmake_prefix_path.sh'
[0.588s] Level 1:colcon.colcon_core.environment:checking '/home/honhe/learn_ros/Chapter7/chapt7_ws/install/fishbot_navigation2/bin'
[0.588s] Level 1:colcon.colcon_core.environment:checking '/home/honhe/learn_ros/Chapter7/chapt7_ws/install/fishbot_navigation2/lib/pkgconfig/fishbot_navigation2.pc'
[0.589s] Level 1:colcon.colcon_core.environment:checking '/home/honhe/learn_ros/Chapter7/chapt7_ws/install/fishbot_navigation2/lib/python3.12/site-packages'
[0.589s] Level 1:colcon.colcon_core.environment:checking '/home/honhe/learn_ros/Chapter7/chapt7_ws/install/fishbot_navigation2/bin'
[0.589s] INFO:colcon.colcon_core.shell:Creating package script '/home/honhe/learn_ros/Chapter7/chapt7_ws/install/fishbot_navigation2/share/fishbot_navigation2/package.ps1'
[0.590s] INFO:colcon.colcon_core.shell:Creating package descriptor '/home/honhe/learn_ros/Chapter7/chapt7_ws/install/fishbot_navigation2/share/fishbot_navigation2/package.dsv'
[0.590s] INFO:colcon.colcon_core.shell:Creating package script '/home/honhe/learn_ros/Chapter7/chapt7_ws/install/fishbot_navigation2/share/fishbot_navigation2/package.sh'
[0.590s] INFO:colcon.colcon_core.shell:Creating package script '/home/honhe/learn_ros/Chapter7/chapt7_ws/install/fishbot_navigation2/share/fishbot_navigation2/package.bash'
[0.591s] INFO:colcon.colcon_core.shell:Creating package script '/home/honhe/learn_ros/Chapter7/chapt7_ws/install/fishbot_navigation2/share/fishbot_navigation2/package.zsh'
[0.591s] Level 1:colcon.colcon_core.environment:create_file_with_runtime_dependencies(/home/honhe/learn_ros/Chapter7/chapt7_ws/install/fishbot_navigation2/share/colcon-core/packages/fishbot_navigation2)
[0.909s] DEBUG:colcon.colcon_core.event_handler.log_command:Invoking command in '/home/honhe/learn_ros/Chapter7/chapt7_ws/src/autopatrol_robot': DEBUGINFOD_URLS=https://debuginfod.ubuntu.com PYTHONPATH=/home/honhe/learn_ros/Chapter7/chapt7_ws/build/autopatrol_robot/prefix_override:/usr/lib/python3/dist-packages/colcon_core/task/python/colcon_distutils_commands:/home/honhe/learn_ros/Chapter7/chapt7_ws/install/autopatrol_robot/lib/python3.12/site-packages:${PYTHONPATH} VIRTUAL_ENV_PROMPT=(learn_ros_venv) /usr/bin/python3 -W ignore:setup.py install is deprecated -W ignore:easy_install command is deprecated setup.py egg_info --egg-base ../../build/autopatrol_robot build --build-base /home/honhe/learn_ros/Chapter7/chapt7_ws/build/autopatrol_robot/build install --record /home/honhe/learn_ros/Chapter7/chapt7_ws/build/autopatrol_robot/install.log --single-version-externally-managed install_data
[0.954s] DEBUG:colcon.colcon_core.event_handler.log_command:Invoking command in '/home/honhe/learn_ros/Chapter7/chapt7_ws/src/fishbot_application': DEBUGINFOD_URLS=https://debuginfod.ubuntu.com PYTHONPATH=/home/honhe/learn_ros/Chapter7/chapt7_ws/build/fishbot_application/prefix_override:/usr/lib/python3/dist-packages/colcon_core/task/python/colcon_distutils_commands:/home/honhe/learn_ros/Chapter7/chapt7_ws/install/fishbot_application/lib/python3.12/site-packages:${PYTHONPATH} VIRTUAL_ENV_PROMPT=(learn_ros_venv) /usr/bin/python3 -W ignore:setup.py install is deprecated -W ignore:easy_install command is deprecated setup.py egg_info --egg-base ../../build/fishbot_application build --build-base /home/honhe/learn_ros/Chapter7/chapt7_ws/build/fishbot_application/build install --record /home/honhe/learn_ros/Chapter7/chapt7_ws/build/fishbot_application/install.log --single-version-externally-managed install_data
[1.272s] Level 1:colcon.colcon_core.environment:checking '/home/honhe/learn_ros/Chapter7/chapt7_ws/install/autopatrol_robot' for CMake module files
[1.273s] DEBUG:colcon.colcon_core.event_handler.log_command:Invoked command in '/home/honhe/learn_ros/Chapter7/chapt7_ws/src/autopatrol_robot' returned '0': DEBUGINFOD_URLS=https://debuginfod.ubuntu.com PYTHONPATH=/home/honhe/learn_ros/Chapter7/chapt7_ws/build/autopatrol_robot/prefix_override:/usr/lib/python3/dist-packages/colcon_core/task/python/colcon_distutils_commands:/home/honhe/learn_ros/Chapter7/chapt7_ws/install/autopatrol_robot/lib/python3.12/site-packages:${PYTHONPATH} VIRTUAL_ENV_PROMPT=(learn_ros_venv) /usr/bin/python3 -W ignore:setup.py install is deprecated -W ignore:easy_install command is deprecated setup.py egg_info --egg-base ../../build/autopatrol_robot build --build-base /home/honhe/learn_ros/Chapter7/chapt7_ws/build/autopatrol_robot/build install --record /home/honhe/learn_ros/Chapter7/chapt7_ws/build/autopatrol_robot/install.log --single-version-externally-managed install_data
[1.273s] Level 1:colcon.colcon_core.environment:checking '/home/honhe/learn_ros/Chapter7/chapt7_ws/install/autopatrol_robot' for CMake config files
[1.274s] Level 1:colcon.colcon_core.environment:checking '/home/honhe/learn_ros/Chapter7/chapt7_ws/install/autopatrol_robot/lib'
[1.274s] Level 1:colcon.colcon_core.environment:checking '/home/honhe/learn_ros/Chapter7/chapt7_ws/install/autopatrol_robot/bin'
[1.274s] Level 1:colcon.colcon_core.environment:checking '/home/honhe/learn_ros/Chapter7/chapt7_ws/install/autopatrol_robot/lib/pkgconfig/autopatrol_robot.pc'
[1.274s] Level 1:colcon.colcon_core.environment:checking '/home/honhe/learn_ros/Chapter7/chapt7_ws/install/autopatrol_robot/lib/python3.12/site-packages'
[1.274s] Level 1:colcon.colcon_core.shell:create_environment_hook('autopatrol_robot', 'pythonpath')
[1.274s] INFO:colcon.colcon_core.shell:Creating environment hook '/home/honhe/learn_ros/Chapter7/chapt7_ws/install/autopatrol_robot/share/autopatrol_robot/hook/pythonpath.ps1'
[1.275s] INFO:colcon.colcon_core.shell:Creating environment descriptor '/home/honhe/learn_ros/Chapter7/chapt7_ws/install/autopatrol_robot/share/autopatrol_robot/hook/pythonpath.dsv'
[1.275s] INFO:colcon.colcon_core.shell:Creating environment hook '/home/honhe/learn_ros/Chapter7/chapt7_ws/install/autopatrol_robot/share/autopatrol_robot/hook/pythonpath.sh'
[1.276s] Level 1:colcon.colcon_core.environment:checking '/home/honhe/learn_ros/Chapter7/chapt7_ws/install/autopatrol_robot/bin'
[1.276s] Level 1:colcon.colcon_core.environment:create_environment_scripts_only(autopatrol_robot)
[1.276s] INFO:colcon.colcon_core.shell:Creating package script '/home/honhe/learn_ros/Chapter7/chapt7_ws/install/autopatrol_robot/share/autopatrol_robot/package.ps1'
[1.276s] INFO:colcon.colcon_core.shell:Creating package descriptor '/home/honhe/learn_ros/Chapter7/chapt7_ws/install/autopatrol_robot/share/autopatrol_robot/package.dsv'
[1.277s] INFO:colcon.colcon_core.shell:Creating package script '/home/honhe/learn_ros/Chapter7/chapt7_ws/install/autopatrol_robot/share/autopatrol_robot/package.sh'
[1.277s] INFO:colcon.colcon_core.shell:Creating package script '/home/honhe/learn_ros/Chapter7/chapt7_ws/install/autopatrol_robot/share/autopatrol_robot/package.bash'
[1.277s] INFO:colcon.colcon_core.shell:Creating package script '/home/honhe/learn_ros/Chapter7/chapt7_ws/install/autopatrol_robot/share/autopatrol_robot/package.zsh'
[1.277s] Level 1:colcon.colcon_core.environment:create_file_with_runtime_dependencies(/home/honhe/learn_ros/Chapter7/chapt7_ws/install/autopatrol_robot/share/colcon-core/packages/autopatrol_robot)
[1.305s] Level 1:colcon.colcon_core.environment:checking '/home/honhe/learn_ros/Chapter7/chapt7_ws/install/fishbot_application' for CMake module files
[1.305s] DEBUG:colcon.colcon_core.event_handler.log_command:Invoked command in '/home/honhe/learn_ros/Chapter7/chapt7_ws/src/fishbot_application' returned '0': DEBUGINFOD_URLS=https://debuginfod.ubuntu.com PYTHONPATH=/home/honhe/learn_ros/Chapter7/chapt7_ws/build/fishbot_application/prefix_override:/usr/lib/python3/dist-packages/colcon_core/task/python/colcon_distutils_commands:/home/honhe/learn_ros/Chapter7/chapt7_ws/install/fishbot_application/lib/python3.12/site-packages:${PYTHONPATH} VIRTUAL_ENV_PROMPT=(learn_ros_venv) /usr/bin/python3 -W ignore:setup.py install is deprecated -W ignore:easy_install command is deprecated setup.py egg_info --egg-base ../../build/fishbot_application build --build-base /home/honhe/learn_ros/Chapter7/chapt7_ws/build/fishbot_application/build install --record /home/honhe/learn_ros/Chapter7/chapt7_ws/build/fishbot_application/install.log --single-version-externally-managed install_data
[1.305s] Level 1:colcon.colcon_core.environment:checking '/home/honhe/learn_ros/Chapter7/chapt7_ws/install/fishbot_application' for CMake config files
[1.306s] Level 1:colcon.colcon_core.environment:checking '/home/honhe/learn_ros/Chapter7/chapt7_ws/install/fishbot_application/lib'
[1.306s] Level 1:colcon.colcon_core.environment:checking '/home/honhe/learn_ros/Chapter7/chapt7_ws/install/fishbot_application/bin'
[1.306s] Level 1:colcon.colcon_core.environment:checking '/home/honhe/learn_ros/Chapter7/chapt7_ws/install/fishbot_application/lib/pkgconfig/fishbot_application.pc'
[1.306s] Level 1:colcon.colcon_core.environment:checking '/home/honhe/learn_ros/Chapter7/chapt7_ws/install/fishbot_application/lib/python3.12/site-packages'
[1.306s] Level 1:colcon.colcon_core.shell:create_environment_hook('fishbot_application', 'pythonpath')
[1.306s] INFO:colcon.colcon_core.shell:Creating environment hook '/home/honhe/learn_ros/Chapter7/chapt7_ws/install/fishbot_application/share/fishbot_application/hook/pythonpath.ps1'
[1.306s] INFO:colcon.colcon_core.shell:Creating environment descriptor '/home/honhe/learn_ros/Chapter7/chapt7_ws/install/fishbot_application/share/fishbot_application/hook/pythonpath.dsv'
[1.307s] INFO:colcon.colcon_core.shell:Creating environment hook '/home/honhe/learn_ros/Chapter7/chapt7_ws/install/fishbot_application/share/fishbot_application/hook/pythonpath.sh'
[1.307s] Level 1:colcon.colcon_core.environment:checking '/home/honhe/learn_ros/Chapter7/chapt7_ws/install/fishbot_application/bin'
[1.307s] Level 1:colcon.colcon_core.environment:create_environment_scripts_only(fishbot_application)
[1.307s] INFO:colcon.colcon_core.shell:Creating package script '/home/honhe/learn_ros/Chapter7/chapt7_ws/install/fishbot_application/share/fishbot_application/package.ps1'
[1.307s] INFO:colcon.colcon_core.shell:Creating package descriptor '/home/honhe/learn_ros/Chapter7/chapt7_ws/install/fishbot_application/share/fishbot_application/package.dsv'
[1.307s] INFO:colcon.colcon_core.shell:Creating package script '/home/honhe/learn_ros/Chapter7/chapt7_ws/install/fishbot_application/share/fishbot_application/package.sh'
[1.308s] INFO:colcon.colcon_core.shell:Creating package script '/home/honhe/learn_ros/Chapter7/chapt7_ws/install/fishbot_application/share/fishbot_application/package.bash'
[1.308s] INFO:colcon.colcon_core.shell:Creating package script '/home/honhe/learn_ros/Chapter7/chapt7_ws/install/fishbot_application/share/fishbot_application/package.zsh'
[1.308s] Level 1:colcon.colcon_core.environment:create_file_with_runtime_dependencies(/home/honhe/learn_ros/Chapter7/chapt7_ws/install/fishbot_application/share/colcon-core/packages/fishbot_application)
[1.308s] DEBUG:colcon.colcon_parallel_executor.executor.parallel:closing loop
[1.308s] DEBUG:colcon.colcon_parallel_executor.executor.parallel:loop closed
[1.308s] DEBUG:colcon.colcon_parallel_executor.executor.parallel:run_until_complete finished with '0'
[1.308s] DEBUG:colcon.colcon_core.event_reactor:joining thread
[1.312s] INFO:colcon.colcon_core.plugin_system:Skipping extension 'colcon_notification.desktop_notification.terminal_notifier': Not used on non-Darwin systems
[1.312s] INFO:colcon.colcon_core.plugin_system:Skipping extension 'colcon_notification.desktop_notification.win32': Not used on non-Windows systems
[1.312s] INFO:colcon.colcon_notification.desktop_notification:Sending desktop notification using 'notify2'
[1.322s] DEBUG:colcon.colcon_core.event_reactor:joined thread
[1.323s] INFO:colcon.colcon_core.shell:Creating prefix script '/home/honhe/learn_ros/Chapter7/chapt7_ws/install/local_setup.ps1'
[1.324s] INFO:colcon.colcon_core.shell:Creating prefix util module '/home/honhe/learn_ros/Chapter7/chapt7_ws/install/_local_setup_util_ps1.py'
[1.325s] INFO:colcon.colcon_core.shell:Creating prefix chain script '/home/honhe/learn_ros/Chapter7/chapt7_ws/install/setup.ps1'
[1.326s] INFO:colcon.colcon_core.shell:Creating prefix script '/home/honhe/learn_ros/Chapter7/chapt7_ws/install/local_setup.sh'
[1.327s] INFO:colcon.colcon_core.shell:Creating prefix util module '/home/honhe/learn_ros/Chapter7/chapt7_ws/install/_local_setup_util_sh.py'
[1.327s] INFO:colcon.colcon_core.shell:Creating prefix chain script '/home/honhe/learn_ros/Chapter7/chapt7_ws/install/setup.sh'
[1.328s] INFO:colcon.colcon_core.shell:Creating prefix script '/home/honhe/learn_ros/Chapter7/chapt7_ws/install/local_setup.bash'
[1.329s] INFO:colcon.colcon_core.shell:Creating prefix chain script '/home/honhe/learn_ros/Chapter7/chapt7_ws/install/setup.bash'
[1.330s] INFO:colcon.colcon_core.shell:Creating prefix script '/home/honhe/learn_ros/Chapter7/chapt7_ws/install/local_setup.zsh'
[1.330s] INFO:colcon.colcon_core.shell:Creating prefix chain script '/home/honhe/learn_ros/Chapter7/chapt7_ws/install/setup.zsh'
