[0.435s] Invoking command in '/home/honhe/learn_ros/Chapter3/topic_ws/src/demo_python_topic_v2': DEBUGINFOD_URLS=https://debuginfod.ubuntu.com PYTHONPATH=/home/honhe/learn_ros/Chapter3/topic_ws/build/demo_python_topic_v2/prefix_override:/usr/lib/python3/dist-packages/colcon_core/task/python/colcon_distutils_commands:/home/honhe/learn_ros/Chapter3/topic_ws/install/demo_python_topic_v2/lib/python3.12/site-packages:${PYTHONPATH} VIRTUAL_ENV_PROMPT=(learn_ros_venv) /usr/bin/python3 -W ignore:setup.py install is deprecated -W ignore:easy_install command is deprecated setup.py egg_info --egg-base ../../build/demo_python_topic_v2 build --build-base /home/honhe/learn_ros/Chapter3/topic_ws/build/demo_python_topic_v2/build install --record /home/honhe/learn_ros/Chapter3/topic_ws/build/demo_python_topic_v2/install.log --single-version-externally-managed install_data
[0.552s] running egg_info
[0.559s] writing ../../build/demo_python_topic_v2/demo_python_topic_v2.egg-info/PKG-INFO
[0.560s] writing dependency_links to ../../build/demo_python_topic_v2/demo_python_topic_v2.egg-info/dependency_links.txt
[0.560s] writing entry points to ../../build/demo_python_topic_v2/demo_python_topic_v2.egg-info/entry_points.txt
[0.560s] writing requirements to ../../build/demo_python_topic_v2/demo_python_topic_v2.egg-info/requires.txt
[0.560s] writing top-level names to ../../build/demo_python_topic_v2/demo_python_topic_v2.egg-info/top_level.txt
[0.575s] reading manifest file '../../build/demo_python_topic_v2/demo_python_topic_v2.egg-info/SOURCES.txt'
[0.575s] adding license file 'LICENSE'
[0.575s] writing manifest file '../../build/demo_python_topic_v2/demo_python_topic_v2.egg-info/SOURCES.txt'
[0.575s] running build
[0.575s] running build_py
[0.576s] running install
[0.579s] running install_lib
[0.587s] running install_data
[0.587s] running install_egg_info
[0.595s] removing '/home/honhe/learn_ros/Chapter3/topic_ws/install/demo_python_topic_v2/lib/python3.12/site-packages/demo_python_topic_v2-0.0.0-py3.12.egg-info' (and everything under it)
[0.595s] Copying ../../build/demo_python_topic_v2/demo_python_topic_v2.egg-info to /home/honhe/learn_ros/Chapter3/topic_ws/install/demo_python_topic_v2/lib/python3.12/site-packages/demo_python_topic_v2-0.0.0-py3.12.egg-info
[0.595s] running install_scripts
[0.651s] Installing novel_pub_node script to /home/honhe/learn_ros/Chapter3/topic_ws/install/demo_python_topic_v2/lib/demo_python_topic_v2
[0.651s] Installing novel_sub_node script to /home/honhe/learn_ros/Chapter3/topic_ws/install/demo_python_topic_v2/lib/demo_python_topic_v2
[0.651s] writing list of installed files to '/home/honhe/learn_ros/Chapter3/topic_ws/build/demo_python_topic_v2/install.log'
[0.665s] Invoked command in '/home/honhe/learn_ros/Chapter3/topic_ws/src/demo_python_topic_v2' returned '0': DEBUGINFOD_URLS=https://debuginfod.ubuntu.com PYTHONPATH=/home/honhe/learn_ros/Chapter3/topic_ws/build/demo_python_topic_v2/prefix_override:/usr/lib/python3/dist-packages/colcon_core/task/python/colcon_distutils_commands:/home/honhe/learn_ros/Chapter3/topic_ws/install/demo_python_topic_v2/lib/python3.12/site-packages:${PYTHONPATH} VIRTUAL_ENV_PROMPT=(learn_ros_venv) /usr/bin/python3 -W ignore:setup.py install is deprecated -W ignore:easy_install command is deprecated setup.py egg_info --egg-base ../../build/demo_python_topic_v2 build --build-base /home/honhe/learn_ros/Chapter3/topic_ws/build/demo_python_topic_v2/build install --record /home/honhe/learn_ros/Chapter3/topic_ws/build/demo_python_topic_v2/install.log --single-version-externally-managed install_data
