[0.005s] Invoking command in '/home/honhe/learn_ros/Chapter2/build/demo_cpp_pkg': CMAKE_PREFIX_PATH=${CMAKE_PREFIX_PATH}:/opt/ros/jazzy DEBUGINFOD_URLS=https://debuginfod.ubuntu.com /usr/bin/cmake /home/honhe/learn_ros/Chapter2/chapt2_ws/src/demo_cpp_pkg -DCMAKE_INSTALL_PREFIX=/home/honhe/learn_ros/Chapter2/install/demo_cpp_pkg
[0.067s] -- The C compiler identification is GNU 13.3.0
[0.141s] -- The CXX compiler identification is GNU 13.3.0
[0.166s] -- Detecting C compiler ABI info
[0.299s] -- Detecting C compiler ABI info - done
[0.312s] -- Check for working C compiler: /usr/bin/cc - skipped
[0.313s] -- Detecting C compile features
[0.314s] -- Detecting C compile features - done
[0.323s] -- Detecting CXX compiler ABI info
[0.400s] -- Detecting CXX compiler ABI info - done
[0.406s] -- Check for working CXX compiler: /usr/bin/c++ - skipped
[0.406s] -- Detecting CXX compile features
[0.407s] -- Detecting CXX compile features - done
[0.411s] -- Found ament_cmake: 2.5.3 (/opt/ros/jazzy/share/ament_cmake/cmake)
[0.524s] -- Found Python3: /usr/bin/python3 (found version "3.12.3") found components: Interpreter 
[0.587s] -- Found rclcpp: 28.1.6 (/opt/ros/jazzy/share/rclcpp/cmake)
[0.607s] -- Found rosidl_generator_c: 4.6.5 (/opt/ros/jazzy/share/rosidl_generator_c/cmake)
[0.613s] -- Found rosidl_generator_cpp: 4.6.5 (/opt/ros/jazzy/share/rosidl_generator_cpp/cmake)
[0.620s] -- Using all available rosidl_typesupport_c: rosidl_typesupport_fastrtps_c;rosidl_typesupport_introspection_c
[0.628s] -- Using all available rosidl_typesupport_cpp: rosidl_typesupport_fastrtps_cpp;rosidl_typesupport_introspection_cpp
[0.665s] -- Found rmw_implementation_cmake: 7.3.1 (/opt/ros/jazzy/share/rmw_implementation_cmake/cmake)
[0.666s] -- Found rmw_fastrtps_cpp: 8.4.1 (/opt/ros/jazzy/share/rmw_fastrtps_cpp/cmake)
[0.731s] -- Found OpenSSL: /usr/lib/x86_64-linux-gnu/libcrypto.so (found version "3.0.13")  
[0.752s] -- Found FastRTPS: /opt/ros/jazzy/include (Required is at least version "2.13") 
[0.773s] -- Using RMW implementation 'rmw_fastrtps_cpp' as default
[0.814s] -- Found ament_lint_auto: 0.17.1 (/opt/ros/jazzy/share/ament_lint_auto/cmake)
[0.865s] -- Added test 'cppcheck' to perform static code analysis on C / C++ code
[0.865s] -- Configured cppcheck include dirs: 
[0.865s] -- Configured cppcheck exclude dirs and/or files: 
[0.865s] -- Added test 'lint_cmake' to check CMake code style
[0.865s] -- Added test 'uncrustify' to check C / C++ code style
[0.866s] -- Configured uncrustify additional arguments: 
[0.866s] -- Added test 'xmllint' to check XML markup files
[0.866s] -- Configuring done (0.9s)
[0.873s] -- Generating done (0.0s)
[0.875s] -- Build files have been written to: /home/honhe/learn_ros/Chapter2/build/demo_cpp_pkg
[0.881s] Invoked command in '/home/honhe/learn_ros/Chapter2/build/demo_cpp_pkg' returned '0': CMAKE_PREFIX_PATH=${CMAKE_PREFIX_PATH}:/opt/ros/jazzy DEBUGINFOD_URLS=https://debuginfod.ubuntu.com /usr/bin/cmake /home/honhe/learn_ros/Chapter2/chapt2_ws/src/demo_cpp_pkg -DCMAKE_INSTALL_PREFIX=/home/honhe/learn_ros/Chapter2/install/demo_cpp_pkg
[0.882s] Invoking command in '/home/honhe/learn_ros/Chapter2/build/demo_cpp_pkg': CMAKE_PREFIX_PATH=${CMAKE_PREFIX_PATH}:/opt/ros/jazzy DEBUGINFOD_URLS=https://debuginfod.ubuntu.com /usr/bin/cmake --build /home/honhe/learn_ros/Chapter2/build/demo_cpp_pkg -- -j32 -l32
[0.923s] [  8%] [32mBuilding CXX object CMakeFiles/learn_shared_ptr.dir/src/learn_shared_ptr.cpp.o[0m
[0.923s] [ 16%] [32mBuilding CXX object CMakeFiles/learn_auto.dir/src/learn_auto.cpp.o[0m
[0.923s] [ 25%] [32mBuilding CXX object CMakeFiles/learn_functional.dir/src/learn_functional.cpp.o[0m
[0.924s] [ 33%] [32mBuilding CXX object CMakeFiles/person_node.dir/src/person_node.cpp.o[0m
[0.925s] [ 41%] [32mBuilding CXX object CMakeFiles/learn_lambda.dir/src/learn_lambda.cpp.o[0m
[0.925s] [ 50%] [32mBuilding CXX object CMakeFiles/cpp_node.dir/src/cpp_node.cpp.o[0m
[1.068s] [ 58%] [32m[1mLinking CXX executable learn_auto[0m
[1.084s] [ 66%] [32m[1mLinking CXX executable learn_lambda[0m
[1.127s] [ 66%] Built target learn_auto
[1.136s] [ 75%] [32m[1mLinking CXX executable learn_shared_ptr[0m
[1.140s] [ 75%] Built target learn_lambda
[1.190s] [ 75%] Built target learn_shared_ptr
[1.201s] [ 83%] [32m[1mLinking CXX executable learn_functional[0m
[1.251s] [ 83%] Built target learn_functional
[2.450s] [ 91%] [32m[1mLinking CXX executable cpp_node[0m
[2.453s] [100%] [32m[1mLinking CXX executable person_node[0m
[2.530s] [100%] Built target person_node
[2.530s] [100%] Built target cpp_node
[2.538s] Invoked command in '/home/honhe/learn_ros/Chapter2/build/demo_cpp_pkg' returned '0': CMAKE_PREFIX_PATH=${CMAKE_PREFIX_PATH}:/opt/ros/jazzy DEBUGINFOD_URLS=https://debuginfod.ubuntu.com /usr/bin/cmake --build /home/honhe/learn_ros/Chapter2/build/demo_cpp_pkg -- -j32 -l32
[2.544s] Invoking command in '/home/honhe/learn_ros/Chapter2/build/demo_cpp_pkg': CMAKE_PREFIX_PATH=${CMAKE_PREFIX_PATH}:/opt/ros/jazzy DEBUGINFOD_URLS=https://debuginfod.ubuntu.com /usr/bin/cmake --install /home/honhe/learn_ros/Chapter2/build/demo_cpp_pkg
[2.552s] -- Install configuration: ""
[2.552s] -- Installing: /home/honhe/learn_ros/Chapter2/install/demo_cpp_pkg/lib/demo_cpp_pkg/cpp_node
[2.552s] -- Set non-toolchain portion of runtime path of "/home/honhe/learn_ros/Chapter2/install/demo_cpp_pkg/lib/demo_cpp_pkg/cpp_node" to ""
[2.552s] -- Installing: /home/honhe/learn_ros/Chapter2/install/demo_cpp_pkg/lib/demo_cpp_pkg/person_node
[2.553s] -- Set non-toolchain portion of runtime path of "/home/honhe/learn_ros/Chapter2/install/demo_cpp_pkg/lib/demo_cpp_pkg/person_node" to ""
[2.553s] -- Installing: /home/honhe/learn_ros/Chapter2/install/demo_cpp_pkg/lib/demo_cpp_pkg/learn_auto
[2.553s] -- Installing: /home/honhe/learn_ros/Chapter2/install/demo_cpp_pkg/lib/demo_cpp_pkg/learn_shared_ptr
[2.553s] -- Installing: /home/honhe/learn_ros/Chapter2/install/demo_cpp_pkg/lib/demo_cpp_pkg/learn_lambda
[2.553s] -- Installing: /home/honhe/learn_ros/Chapter2/install/demo_cpp_pkg/lib/demo_cpp_pkg/learn_functional
[2.553s] -- Installing: /home/honhe/learn_ros/Chapter2/install/demo_cpp_pkg/share/ament_index/resource_index/package_run_dependencies/demo_cpp_pkg
[2.553s] -- Installing: /home/honhe/learn_ros/Chapter2/install/demo_cpp_pkg/share/ament_index/resource_index/parent_prefix_path/demo_cpp_pkg
[2.553s] -- Installing: /home/honhe/learn_ros/Chapter2/install/demo_cpp_pkg/share/demo_cpp_pkg/environment/ament_prefix_path.sh
[2.553s] -- Installing: /home/honhe/learn_ros/Chapter2/install/demo_cpp_pkg/share/demo_cpp_pkg/environment/ament_prefix_path.dsv
[2.553s] -- Installing: /home/honhe/learn_ros/Chapter2/install/demo_cpp_pkg/share/demo_cpp_pkg/environment/path.sh
[2.553s] -- Installing: /home/honhe/learn_ros/Chapter2/install/demo_cpp_pkg/share/demo_cpp_pkg/environment/path.dsv
[2.553s] -- Installing: /home/honhe/learn_ros/Chapter2/install/demo_cpp_pkg/share/demo_cpp_pkg/local_setup.bash
[2.554s] -- Installing: /home/honhe/learn_ros/Chapter2/install/demo_cpp_pkg/share/demo_cpp_pkg/local_setup.sh
[2.554s] -- Installing: /home/honhe/learn_ros/Chapter2/install/demo_cpp_pkg/share/demo_cpp_pkg/local_setup.zsh
[2.554s] -- Installing: /home/honhe/learn_ros/Chapter2/install/demo_cpp_pkg/share/demo_cpp_pkg/local_setup.dsv
[2.554s] -- Installing: /home/honhe/learn_ros/Chapter2/install/demo_cpp_pkg/share/demo_cpp_pkg/package.dsv
[2.554s] -- Installing: /home/honhe/learn_ros/Chapter2/install/demo_cpp_pkg/share/ament_index/resource_index/packages/demo_cpp_pkg
[2.554s] -- Installing: /home/honhe/learn_ros/Chapter2/install/demo_cpp_pkg/share/demo_cpp_pkg/cmake/demo_cpp_pkgConfig.cmake
[2.554s] -- Installing: /home/honhe/learn_ros/Chapter2/install/demo_cpp_pkg/share/demo_cpp_pkg/cmake/demo_cpp_pkgConfig-version.cmake
[2.554s] -- Installing: /home/honhe/learn_ros/Chapter2/install/demo_cpp_pkg/share/demo_cpp_pkg/package.xml
[2.555s] Invoked command in '/home/honhe/learn_ros/Chapter2/build/demo_cpp_pkg' returned '0': CMAKE_PREFIX_PATH=${CMAKE_PREFIX_PATH}:/opt/ros/jazzy DEBUGINFOD_URLS=https://debuginfod.ubuntu.com /usr/bin/cmake --install /home/honhe/learn_ros/Chapter2/build/demo_cpp_pkg
