-- The C compiler identification is GNU 13.3.0
-- The CXX compiler identification is GNU 13.3.0
-- Detecting C compiler ABI info
-- Detecting C compiler ABI info - done
-- Check for working C compiler: /usr/bin/cc - skipped
-- Detecting C compile features
-- Detecting C compile features - done
-- Detecting CXX compiler ABI info
-- Detecting CXX compiler ABI info - done
-- Check for working CXX compiler: /usr/bin/c++ - skipped
-- Detecting CXX compile features
-- Detecting CXX compile features - done
-- Found ament_cmake: 2.5.3 (/opt/ros/jazzy/share/ament_cmake/cmake)
-- Found Python3: /usr/bin/python3 (found version "3.12.3") found components: Interpreter 
-- Found rosidl_default_generators: 1.6.0 (/opt/ros/jazzy/share/rosidl_default_generators/cmake)
-- Using all available rosidl_typesupport_c: rosidl_typesupport_fastrtps_c;rosidl_typesupport_introspection_c
-- Using all available rosidl_typesupport_cpp: rosidl_typesupport_fastrtps_cpp;rosidl_typesupport_introspection_cpp
-- Found rosidl_adapter: 4.6.5 (/opt/ros/jazzy/share/rosidl_adapter/cmake)
-- Found ament_cmake_ros: 0.12.0 (/opt/ros/jazzy/share/ament_cmake_ros/cmake)
-- Using all available rosidl_typesupport_c: rosidl_typesupport_fastrtps_c;rosidl_typesupport_introspection_c
-- Using all available rosidl_typesupport_cpp: rosidl_typesupport_fastrtps_cpp;rosidl_typesupport_introspection_cpp
-- Found python_cmake_module: 0.11.1 (/opt/ros/jazzy/share/python_cmake_module/cmake)
-- Found PythonExtra: /usr/bin/python3  
-- Found Python3: /usr/bin/python3 (found version "3.12.3") found components: Interpreter Development NumPy Development.Module Development.Embed 
-- Found ament_lint_auto: 0.17.1 (/opt/ros/jazzy/share/ament_lint_auto/cmake)
-- Added test 'lint_cmake' to check CMake code style
-- Added test 'xmllint' to check XML markup files
-- Configuring done (2.1s)
-- Generating done (0.0s)
-- Build files have been written to: /home/honhe/learn_ros/Chapter8/chapt8_ws/build/autopatrol_interfaces
[  2%] [34m[1mGenerating type hashes for ROS interfaces[0m
[  2%] Built target ament_cmake_python_copy_autopatrol_interfaces
[  2%] Built target autopatrol_interfaces__rosidl_generator_type_description
[  5%] [34m[1mGenerating C code for ROS interfaces[0m
running egg_info
creating autopatrol_interfaces.egg-info
writing autopatrol_interfaces.egg-info/PKG-INFO
writing dependency_links to autopatrol_interfaces.egg-info/dependency_links.txt
writing top-level names to autopatrol_interfaces.egg-info/top_level.txt
writing manifest file 'autopatrol_interfaces.egg-info/SOURCES.txt'
[  8%] [34m[1mGenerating C++ code for ROS interfaces[0m
reading manifest file 'autopatrol_interfaces.egg-info/SOURCES.txt'
writing manifest file 'autopatrol_interfaces.egg-info/SOURCES.txt'
[  8%] Built target ament_cmake_python_build_autopatrol_interfaces_egg
[  8%] Built target autopatrol_interfaces__cpp
[ 17%] [32mBuilding C object CMakeFiles/autopatrol_interfaces__rosidl_generator_c.dir/rosidl_generator_c/autopatrol_interfaces/srv/detail/speech_text__description.c.o[0m
[ 17%] [32mBuilding C object CMakeFiles/autopatrol_interfaces__rosidl_generator_c.dir/rosidl_generator_c/autopatrol_interfaces/srv/detail/speech_text__functions.c.o[0m
[ 17%] [32mBuilding C object CMakeFiles/autopatrol_interfaces__rosidl_generator_c.dir/rosidl_generator_c/autopatrol_interfaces/srv/detail/speech_text__type_support.c.o[0m
[ 20%] [32m[1mLinking C shared library libautopatrol_interfaces__rosidl_generator_c.so[0m
[ 20%] Built target autopatrol_interfaces__rosidl_generator_c
[ 23%] [34m[1mGenerating C++ type support dispatch for ROS interfaces[0m
[ 38%] [34m[1mGenerating C type support dispatch for ROS interfaces[0m
[ 38%] [34m[1mGenerating C++ introspection for ROS interfaces[0m
[ 38%] [34m[1mGenerating C type support for eProsima Fast-RTPS[0m
[ 38%] [34m[1mGenerating C++ type support for eProsima Fast-RTPS[0m
[ 38%] [34m[1mGenerating C introspection for ROS interfaces[0m
[ 41%] [32mBuilding CXX object CMakeFiles/autopatrol_interfaces__rosidl_typesupport_cpp.dir/rosidl_typesupport_cpp/autopatrol_interfaces/srv/speech_text__type_support.cpp.o[0m
[ 44%] [32mBuilding CXX object CMakeFiles/autopatrol_interfaces__rosidl_typesupport_c.dir/rosidl_typesupport_c/autopatrol_interfaces/srv/speech_text__type_support.cpp.o[0m
[ 47%] [32mBuilding C object CMakeFiles/autopatrol_interfaces__rosidl_typesupport_introspection_c.dir/rosidl_typesupport_introspection_c/autopatrol_interfaces/srv/detail/speech_text__type_support.c.o[0m
[ 50%] [32mBuilding CXX object CMakeFiles/autopatrol_interfaces__rosidl_typesupport_introspection_cpp.dir/rosidl_typesupport_introspection_cpp/autopatrol_interfaces/srv/detail/speech_text__type_support.cpp.o[0m
[ 52%] [32mBuilding CXX object CMakeFiles/autopatrol_interfaces__rosidl_typesupport_fastrtps_cpp.dir/rosidl_typesupport_fastrtps_cpp/autopatrol_interfaces/srv/detail/dds_fastrtps/speech_text__type_support.cpp.o[0m
[ 55%] [32m[1mLinking CXX shared library libautopatrol_interfaces__rosidl_typesupport_c.so[0m
[ 58%] [32mBuilding CXX object CMakeFiles/autopatrol_interfaces__rosidl_typesupport_fastrtps_c.dir/rosidl_typesupport_fastrtps_c/autopatrol_interfaces/srv/detail/speech_text__type_support_c.cpp.o[0m
[ 61%] [32m[1mLinking C shared library libautopatrol_interfaces__rosidl_typesupport_introspection_c.so[0m
[ 61%] Built target autopatrol_interfaces__rosidl_typesupport_c
[ 61%] Built target autopatrol_interfaces__rosidl_typesupport_introspection_c
[ 64%] [32m[1mLinking CXX shared library libautopatrol_interfaces__rosidl_typesupport_cpp.so[0m
[ 67%] [32m[1mLinking CXX shared library libautopatrol_interfaces__rosidl_typesupport_introspection_cpp.so[0m
[ 67%] Built target autopatrol_interfaces__rosidl_typesupport_cpp
[ 70%] [32m[1mLinking CXX shared library libautopatrol_interfaces__rosidl_typesupport_fastrtps_c.so[0m
[ 70%] Built target autopatrol_interfaces__rosidl_typesupport_introspection_cpp
[ 70%] Built target autopatrol_interfaces__rosidl_typesupport_fastrtps_c
[ 73%] [32m[1mLinking CXX shared library libautopatrol_interfaces__rosidl_typesupport_fastrtps_cpp.so[0m
[ 73%] Built target autopatrol_interfaces__rosidl_typesupport_fastrtps_cpp
[ 73%] Built target autopatrol_interfaces
[ 76%] [34m[1mGenerating Python code for ROS interfaces[0m
[ 76%] Built target autopatrol_interfaces__py
[ 79%] [32mBuilding C object CMakeFiles/autopatrol_interfaces__rosidl_generator_py.dir/rosidl_generator_py/autopatrol_interfaces/srv/_speech_text_s.c.o[0m
[ 82%] [32m[1mLinking C shared library libautopatrol_interfaces__rosidl_generator_py.so[0m
[ 82%] Built target autopatrol_interfaces__rosidl_generator_py
[ 85%] [32mBuilding C object CMakeFiles/autopatrol_interfaces_s__rosidl_typesupport_introspection_c.dir/rosidl_generator_py/autopatrol_interfaces/_autopatrol_interfaces_s.ep.rosidl_typesupport_introspection_c.c.o[0m
[ 91%] [32mBuilding C object CMakeFiles/autopatrol_interfaces_s__rosidl_typesupport_c.dir/rosidl_generator_py/autopatrol_interfaces/_autopatrol_interfaces_s.ep.rosidl_typesupport_c.c.o[0m
[ 91%] [32mBuilding C object CMakeFiles/autopatrol_interfaces_s__rosidl_typesupport_fastrtps_c.dir/rosidl_generator_py/autopatrol_interfaces/_autopatrol_interfaces_s.ep.rosidl_typesupport_fastrtps_c.c.o[0m
[ 94%] [32m[1mLinking C shared module rosidl_generator_py/autopatrol_interfaces/autopatrol_interfaces_s__rosidl_typesupport_c.so[0m
[ 97%] [32m[1mLinking C shared module rosidl_generator_py/autopatrol_interfaces/autopatrol_interfaces_s__rosidl_typesupport_fastrtps_c.so[0m
[100%] [32m[1mLinking C shared module rosidl_generator_py/autopatrol_interfaces/autopatrol_interfaces_s__rosidl_typesupport_introspection_c.so[0m
[100%] Built target autopatrol_interfaces_s__rosidl_typesupport_c
[100%] Built target autopatrol_interfaces_s__rosidl_typesupport_fastrtps_c
[100%] Built target autopatrol_interfaces_s__rosidl_typesupport_introspection_c
-- Install configuration: ""
-- Installing: /home/honhe/learn_ros/Chapter8/chapt8_ws/install/autopatrol_interfaces/share/ament_index/resource_index/rosidl_interfaces/autopatrol_interfaces
-- Installing: /home/honhe/learn_ros/Chapter8/chapt8_ws/install/autopatrol_interfaces/share/autopatrol_interfaces/srv/SpeechText.json
-- Installing: /home/honhe/learn_ros/Chapter8/chapt8_ws/install/autopatrol_interfaces/include/autopatrol_interfaces/autopatrol_interfaces
-- Installing: /home/honhe/learn_ros/Chapter8/chapt8_ws/install/autopatrol_interfaces/include/autopatrol_interfaces/autopatrol_interfaces/msg
-- Installing: /home/honhe/learn_ros/Chapter8/chapt8_ws/install/autopatrol_interfaces/include/autopatrol_interfaces/autopatrol_interfaces/msg/rosidl_generator_c__visibility_control.h
-- Installing: /home/honhe/learn_ros/Chapter8/chapt8_ws/install/autopatrol_interfaces/include/autopatrol_interfaces/autopatrol_interfaces/srv
-- Installing: /home/honhe/learn_ros/Chapter8/chapt8_ws/install/autopatrol_interfaces/include/autopatrol_interfaces/autopatrol_interfaces/srv/speech_text.h
-- Installing: /home/honhe/learn_ros/Chapter8/chapt8_ws/install/autopatrol_interfaces/include/autopatrol_interfaces/autopatrol_interfaces/srv/detail
-- Installing: /home/honhe/learn_ros/Chapter8/chapt8_ws/install/autopatrol_interfaces/include/autopatrol_interfaces/autopatrol_interfaces/srv/detail/speech_text__type_support.c
-- Installing: /home/honhe/learn_ros/Chapter8/chapt8_ws/install/autopatrol_interfaces/include/autopatrol_interfaces/autopatrol_interfaces/srv/detail/speech_text__struct.h
-- Installing: /home/honhe/learn_ros/Chapter8/chapt8_ws/install/autopatrol_interfaces/include/autopatrol_interfaces/autopatrol_interfaces/srv/detail/speech_text__functions.c
-- Installing: /home/honhe/learn_ros/Chapter8/chapt8_ws/install/autopatrol_interfaces/include/autopatrol_interfaces/autopatrol_interfaces/srv/detail/speech_text__description.c
-- Installing: /home/honhe/learn_ros/Chapter8/chapt8_ws/install/autopatrol_interfaces/include/autopatrol_interfaces/autopatrol_interfaces/srv/detail/speech_text__type_support.h
-- Installing: /home/honhe/learn_ros/Chapter8/chapt8_ws/install/autopatrol_interfaces/include/autopatrol_interfaces/autopatrol_interfaces/srv/detail/speech_text__functions.h
-- Installing: /home/honhe/learn_ros/Chapter8/chapt8_ws/install/autopatrol_interfaces/share/autopatrol_interfaces/environment/library_path.sh
-- Installing: /home/honhe/learn_ros/Chapter8/chapt8_ws/install/autopatrol_interfaces/share/autopatrol_interfaces/environment/library_path.dsv
-- Installing: /home/honhe/learn_ros/Chapter8/chapt8_ws/install/autopatrol_interfaces/lib/libautopatrol_interfaces__rosidl_generator_c.so
-- Set non-toolchain portion of runtime path of "/home/honhe/learn_ros/Chapter8/chapt8_ws/install/autopatrol_interfaces/lib/libautopatrol_interfaces__rosidl_generator_c.so" to ""
-- Up-to-date: /home/honhe/learn_ros/Chapter8/chapt8_ws/install/autopatrol_interfaces/include/autopatrol_interfaces/autopatrol_interfaces
-- Up-to-date: /home/honhe/learn_ros/Chapter8/chapt8_ws/install/autopatrol_interfaces/include/autopatrol_interfaces/autopatrol_interfaces/msg
-- Installing: /home/honhe/learn_ros/Chapter8/chapt8_ws/install/autopatrol_interfaces/include/autopatrol_interfaces/autopatrol_interfaces/msg/rosidl_typesupport_fastrtps_c__visibility_control.h
-- Up-to-date: /home/honhe/learn_ros/Chapter8/chapt8_ws/install/autopatrol_interfaces/include/autopatrol_interfaces/autopatrol_interfaces/srv
-- Up-to-date: /home/honhe/learn_ros/Chapter8/chapt8_ws/install/autopatrol_interfaces/include/autopatrol_interfaces/autopatrol_interfaces/srv/detail
-- Installing: /home/honhe/learn_ros/Chapter8/chapt8_ws/install/autopatrol_interfaces/include/autopatrol_interfaces/autopatrol_interfaces/srv/detail/speech_text__rosidl_typesupport_fastrtps_c.h
-- Installing: /home/honhe/learn_ros/Chapter8/chapt8_ws/install/autopatrol_interfaces/lib/libautopatrol_interfaces__rosidl_typesupport_fastrtps_c.so
-- Set non-toolchain portion of runtime path of "/home/honhe/learn_ros/Chapter8/chapt8_ws/install/autopatrol_interfaces/lib/libautopatrol_interfaces__rosidl_typesupport_fastrtps_c.so" to ""
-- Up-to-date: /home/honhe/learn_ros/Chapter8/chapt8_ws/install/autopatrol_interfaces/include/autopatrol_interfaces/autopatrol_interfaces
-- Up-to-date: /home/honhe/learn_ros/Chapter8/chapt8_ws/install/autopatrol_interfaces/include/autopatrol_interfaces/autopatrol_interfaces/msg
-- Installing: /home/honhe/learn_ros/Chapter8/chapt8_ws/install/autopatrol_interfaces/include/autopatrol_interfaces/autopatrol_interfaces/msg/rosidl_typesupport_introspection_c__visibility_control.h
-- Up-to-date: /home/honhe/learn_ros/Chapter8/chapt8_ws/install/autopatrol_interfaces/include/autopatrol_interfaces/autopatrol_interfaces/srv
-- Up-to-date: /home/honhe/learn_ros/Chapter8/chapt8_ws/install/autopatrol_interfaces/include/autopatrol_interfaces/autopatrol_interfaces/srv/detail
-- Up-to-date: /home/honhe/learn_ros/Chapter8/chapt8_ws/install/autopatrol_interfaces/include/autopatrol_interfaces/autopatrol_interfaces/srv/detail/speech_text__type_support.c
-- Installing: /home/honhe/learn_ros/Chapter8/chapt8_ws/install/autopatrol_interfaces/include/autopatrol_interfaces/autopatrol_interfaces/srv/detail/speech_text__rosidl_typesupport_introspection_c.h
-- Installing: /home/honhe/learn_ros/Chapter8/chapt8_ws/install/autopatrol_interfaces/lib/libautopatrol_interfaces__rosidl_typesupport_introspection_c.so
-- Set non-toolchain portion of runtime path of "/home/honhe/learn_ros/Chapter8/chapt8_ws/install/autopatrol_interfaces/lib/libautopatrol_interfaces__rosidl_typesupport_introspection_c.so" to ""
-- Installing: /home/honhe/learn_ros/Chapter8/chapt8_ws/install/autopatrol_interfaces/lib/libautopatrol_interfaces__rosidl_typesupport_c.so
-- Set non-toolchain portion of runtime path of "/home/honhe/learn_ros/Chapter8/chapt8_ws/install/autopatrol_interfaces/lib/libautopatrol_interfaces__rosidl_typesupport_c.so" to ""
-- Up-to-date: /home/honhe/learn_ros/Chapter8/chapt8_ws/install/autopatrol_interfaces/include/autopatrol_interfaces/autopatrol_interfaces
-- Up-to-date: /home/honhe/learn_ros/Chapter8/chapt8_ws/install/autopatrol_interfaces/include/autopatrol_interfaces/autopatrol_interfaces/msg
-- Installing: /home/honhe/learn_ros/Chapter8/chapt8_ws/install/autopatrol_interfaces/include/autopatrol_interfaces/autopatrol_interfaces/msg/rosidl_generator_cpp__visibility_control.hpp
-- Up-to-date: /home/honhe/learn_ros/Chapter8/chapt8_ws/install/autopatrol_interfaces/include/autopatrol_interfaces/autopatrol_interfaces/srv
-- Installing: /home/honhe/learn_ros/Chapter8/chapt8_ws/install/autopatrol_interfaces/include/autopatrol_interfaces/autopatrol_interfaces/srv/speech_text.hpp
-- Up-to-date: /home/honhe/learn_ros/Chapter8/chapt8_ws/install/autopatrol_interfaces/include/autopatrol_interfaces/autopatrol_interfaces/srv/detail
-- Installing: /home/honhe/learn_ros/Chapter8/chapt8_ws/install/autopatrol_interfaces/include/autopatrol_interfaces/autopatrol_interfaces/srv/detail/speech_text__type_support.hpp
-- Installing: /home/honhe/learn_ros/Chapter8/chapt8_ws/install/autopatrol_interfaces/include/autopatrol_interfaces/autopatrol_interfaces/srv/detail/speech_text__builder.hpp
-- Installing: /home/honhe/learn_ros/Chapter8/chapt8_ws/install/autopatrol_interfaces/include/autopatrol_interfaces/autopatrol_interfaces/srv/detail/speech_text__struct.hpp
-- Installing: /home/honhe/learn_ros/Chapter8/chapt8_ws/install/autopatrol_interfaces/include/autopatrol_interfaces/autopatrol_interfaces/srv/detail/speech_text__traits.hpp
-- Up-to-date: /home/honhe/learn_ros/Chapter8/chapt8_ws/install/autopatrol_interfaces/include/autopatrol_interfaces/autopatrol_interfaces
-- Up-to-date: /home/honhe/learn_ros/Chapter8/chapt8_ws/install/autopatrol_interfaces/include/autopatrol_interfaces/autopatrol_interfaces/msg
-- Installing: /home/honhe/learn_ros/Chapter8/chapt8_ws/install/autopatrol_interfaces/include/autopatrol_interfaces/autopatrol_interfaces/msg/rosidl_typesupport_fastrtps_cpp__visibility_control.h
-- Up-to-date: /home/honhe/learn_ros/Chapter8/chapt8_ws/install/autopatrol_interfaces/include/autopatrol_interfaces/autopatrol_interfaces/srv
-- Up-to-date: /home/honhe/learn_ros/Chapter8/chapt8_ws/install/autopatrol_interfaces/include/autopatrol_interfaces/autopatrol_interfaces/srv/detail
-- Installing: /home/honhe/learn_ros/Chapter8/chapt8_ws/install/autopatrol_interfaces/include/autopatrol_interfaces/autopatrol_interfaces/srv/detail/dds_fastrtps
-- Installing: /home/honhe/learn_ros/Chapter8/chapt8_ws/install/autopatrol_interfaces/include/autopatrol_interfaces/autopatrol_interfaces/srv/detail/speech_text__rosidl_typesupport_fastrtps_cpp.hpp
-- Installing: /home/honhe/learn_ros/Chapter8/chapt8_ws/install/autopatrol_interfaces/lib/libautopatrol_interfaces__rosidl_typesupport_fastrtps_cpp.so
-- Set non-toolchain portion of runtime path of "/home/honhe/learn_ros/Chapter8/chapt8_ws/install/autopatrol_interfaces/lib/libautopatrol_interfaces__rosidl_typesupport_fastrtps_cpp.so" to ""
-- Up-to-date: /home/honhe/learn_ros/Chapter8/chapt8_ws/install/autopatrol_interfaces/include/autopatrol_interfaces/autopatrol_interfaces
-- Up-to-date: /home/honhe/learn_ros/Chapter8/chapt8_ws/install/autopatrol_interfaces/include/autopatrol_interfaces/autopatrol_interfaces/srv
-- Up-to-date: /home/honhe/learn_ros/Chapter8/chapt8_ws/install/autopatrol_interfaces/include/autopatrol_interfaces/autopatrol_interfaces/srv/detail
-- Installing: /home/honhe/learn_ros/Chapter8/chapt8_ws/install/autopatrol_interfaces/include/autopatrol_interfaces/autopatrol_interfaces/srv/detail/speech_text__rosidl_typesupport_introspection_cpp.hpp
-- Installing: /home/honhe/learn_ros/Chapter8/chapt8_ws/install/autopatrol_interfaces/include/autopatrol_interfaces/autopatrol_interfaces/srv/detail/speech_text__type_support.cpp
-- Installing: /home/honhe/learn_ros/Chapter8/chapt8_ws/install/autopatrol_interfaces/lib/libautopatrol_interfaces__rosidl_typesupport_introspection_cpp.so
-- Set non-toolchain portion of runtime path of "/home/honhe/learn_ros/Chapter8/chapt8_ws/install/autopatrol_interfaces/lib/libautopatrol_interfaces__rosidl_typesupport_introspection_cpp.so" to ""
-- Installing: /home/honhe/learn_ros/Chapter8/chapt8_ws/install/autopatrol_interfaces/lib/libautopatrol_interfaces__rosidl_typesupport_cpp.so
-- Set non-toolchain portion of runtime path of "/home/honhe/learn_ros/Chapter8/chapt8_ws/install/autopatrol_interfaces/lib/libautopatrol_interfaces__rosidl_typesupport_cpp.so" to ""
-- Installing: /home/honhe/learn_ros/Chapter8/chapt8_ws/install/autopatrol_interfaces/share/autopatrol_interfaces/environment/pythonpath.sh
-- Installing: /home/honhe/learn_ros/Chapter8/chapt8_ws/install/autopatrol_interfaces/share/autopatrol_interfaces/environment/pythonpath.dsv
-- Installing: /home/honhe/learn_ros/Chapter8/chapt8_ws/install/autopatrol_interfaces/lib/python3.12/site-packages/autopatrol_interfaces-0.0.0-py3.12.egg-info
-- Installing: /home/honhe/learn_ros/Chapter8/chapt8_ws/install/autopatrol_interfaces/lib/python3.12/site-packages/autopatrol_interfaces-0.0.0-py3.12.egg-info/dependency_links.txt
-- Installing: /home/honhe/learn_ros/Chapter8/chapt8_ws/install/autopatrol_interfaces/lib/python3.12/site-packages/autopatrol_interfaces-0.0.0-py3.12.egg-info/PKG-INFO
-- Installing: /home/honhe/learn_ros/Chapter8/chapt8_ws/install/autopatrol_interfaces/lib/python3.12/site-packages/autopatrol_interfaces-0.0.0-py3.12.egg-info/SOURCES.txt
-- Installing: /home/honhe/learn_ros/Chapter8/chapt8_ws/install/autopatrol_interfaces/lib/python3.12/site-packages/autopatrol_interfaces-0.0.0-py3.12.egg-info/top_level.txt
-- Installing: /home/honhe/learn_ros/Chapter8/chapt8_ws/install/autopatrol_interfaces/lib/python3.12/site-packages/autopatrol_interfaces
-- Installing: /home/honhe/learn_ros/Chapter8/chapt8_ws/install/autopatrol_interfaces/lib/python3.12/site-packages/autopatrol_interfaces/_autopatrol_interfaces_s.ep.rosidl_typesupport_fastrtps_c.c
-- Installing: /home/honhe/learn_ros/Chapter8/chapt8_ws/install/autopatrol_interfaces/lib/python3.12/site-packages/autopatrol_interfaces/_autopatrol_interfaces_s.ep.rosidl_typesupport_introspection_c.c
-- Installing: /home/honhe/learn_ros/Chapter8/chapt8_ws/install/autopatrol_interfaces/lib/python3.12/site-packages/autopatrol_interfaces/autopatrol_interfaces_s__rosidl_typesupport_c.so
-- Installing: /home/honhe/learn_ros/Chapter8/chapt8_ws/install/autopatrol_interfaces/lib/python3.12/site-packages/autopatrol_interfaces/_autopatrol_interfaces_s.ep.rosidl_typesupport_c.c
-- Installing: /home/honhe/learn_ros/Chapter8/chapt8_ws/install/autopatrol_interfaces/lib/python3.12/site-packages/autopatrol_interfaces/autopatrol_interfaces_s__rosidl_typesupport_introspection_c.so
-- Installing: /home/honhe/learn_ros/Chapter8/chapt8_ws/install/autopatrol_interfaces/lib/python3.12/site-packages/autopatrol_interfaces/srv
-- Installing: /home/honhe/learn_ros/Chapter8/chapt8_ws/install/autopatrol_interfaces/lib/python3.12/site-packages/autopatrol_interfaces/srv/_speech_text.py
-- Installing: /home/honhe/learn_ros/Chapter8/chapt8_ws/install/autopatrol_interfaces/lib/python3.12/site-packages/autopatrol_interfaces/srv/_speech_text_s.c
-- Installing: /home/honhe/learn_ros/Chapter8/chapt8_ws/install/autopatrol_interfaces/lib/python3.12/site-packages/autopatrol_interfaces/srv/__init__.py
-- Installing: /home/honhe/learn_ros/Chapter8/chapt8_ws/install/autopatrol_interfaces/lib/python3.12/site-packages/autopatrol_interfaces/__init__.py
-- Installing: /home/honhe/learn_ros/Chapter8/chapt8_ws/install/autopatrol_interfaces/lib/python3.12/site-packages/autopatrol_interfaces/autopatrol_interfaces_s__rosidl_typesupport_fastrtps_c.so
Listing '/home/honhe/learn_ros/Chapter8/chapt8_ws/install/autopatrol_interfaces/lib/python3.12/site-packages/autopatrol_interfaces'...
Compiling '/home/honhe/learn_ros/Chapter8/chapt8_ws/install/autopatrol_interfaces/lib/python3.12/site-packages/autopatrol_interfaces/__init__.py'...
Listing '/home/honhe/learn_ros/Chapter8/chapt8_ws/install/autopatrol_interfaces/lib/python3.12/site-packages/autopatrol_interfaces/srv'...
Compiling '/home/honhe/learn_ros/Chapter8/chapt8_ws/install/autopatrol_interfaces/lib/python3.12/site-packages/autopatrol_interfaces/srv/__init__.py'...
Compiling '/home/honhe/learn_ros/Chapter8/chapt8_ws/install/autopatrol_interfaces/lib/python3.12/site-packages/autopatrol_interfaces/srv/_speech_text.py'...
-- Installing: /home/honhe/learn_ros/Chapter8/chapt8_ws/install/autopatrol_interfaces/lib/python3.12/site-packages/autopatrol_interfaces/autopatrol_interfaces_s__rosidl_typesupport_fastrtps_c.so
-- Set non-toolchain portion of runtime path of "/home/honhe/learn_ros/Chapter8/chapt8_ws/install/autopatrol_interfaces/lib/python3.12/site-packages/autopatrol_interfaces/autopatrol_interfaces_s__rosidl_typesupport_fastrtps_c.so" to ""
-- Installing: /home/honhe/learn_ros/Chapter8/chapt8_ws/install/autopatrol_interfaces/lib/python3.12/site-packages/autopatrol_interfaces/autopatrol_interfaces_s__rosidl_typesupport_introspection_c.so
-- Set non-toolchain portion of runtime path of "/home/honhe/learn_ros/Chapter8/chapt8_ws/install/autopatrol_interfaces/lib/python3.12/site-packages/autopatrol_interfaces/autopatrol_interfaces_s__rosidl_typesupport_introspection_c.so" to ""
-- Installing: /home/honhe/learn_ros/Chapter8/chapt8_ws/install/autopatrol_interfaces/lib/python3.12/site-packages/autopatrol_interfaces/autopatrol_interfaces_s__rosidl_typesupport_c.so
-- Set non-toolchain portion of runtime path of "/home/honhe/learn_ros/Chapter8/chapt8_ws/install/autopatrol_interfaces/lib/python3.12/site-packages/autopatrol_interfaces/autopatrol_interfaces_s__rosidl_typesupport_c.so" to ""
-- Installing: /home/honhe/learn_ros/Chapter8/chapt8_ws/install/autopatrol_interfaces/lib/libautopatrol_interfaces__rosidl_generator_py.so
-- Set non-toolchain portion of runtime path of "/home/honhe/learn_ros/Chapter8/chapt8_ws/install/autopatrol_interfaces/lib/libautopatrol_interfaces__rosidl_generator_py.so" to ""
-- Installing: /home/honhe/learn_ros/Chapter8/chapt8_ws/install/autopatrol_interfaces/share/autopatrol_interfaces/srv/SpeechText.idl
-- Installing: /home/honhe/learn_ros/Chapter8/chapt8_ws/install/autopatrol_interfaces/share/autopatrol_interfaces/srv/SpeechText.srv
-- Installing: /home/honhe/learn_ros/Chapter8/chapt8_ws/install/autopatrol_interfaces/share/ament_index/resource_index/package_run_dependencies/autopatrol_interfaces
-- Installing: /home/honhe/learn_ros/Chapter8/chapt8_ws/install/autopatrol_interfaces/share/ament_index/resource_index/parent_prefix_path/autopatrol_interfaces
-- Installing: /home/honhe/learn_ros/Chapter8/chapt8_ws/install/autopatrol_interfaces/share/autopatrol_interfaces/environment/ament_prefix_path.sh
-- Installing: /home/honhe/learn_ros/Chapter8/chapt8_ws/install/autopatrol_interfaces/share/autopatrol_interfaces/environment/ament_prefix_path.dsv
-- Installing: /home/honhe/learn_ros/Chapter8/chapt8_ws/install/autopatrol_interfaces/share/autopatrol_interfaces/environment/path.sh
-- Installing: /home/honhe/learn_ros/Chapter8/chapt8_ws/install/autopatrol_interfaces/share/autopatrol_interfaces/environment/path.dsv
-- Installing: /home/honhe/learn_ros/Chapter8/chapt8_ws/install/autopatrol_interfaces/share/autopatrol_interfaces/local_setup.bash
-- Installing: /home/honhe/learn_ros/Chapter8/chapt8_ws/install/autopatrol_interfaces/share/autopatrol_interfaces/local_setup.sh
-- Installing: /home/honhe/learn_ros/Chapter8/chapt8_ws/install/autopatrol_interfaces/share/autopatrol_interfaces/local_setup.zsh
-- Installing: /home/honhe/learn_ros/Chapter8/chapt8_ws/install/autopatrol_interfaces/share/autopatrol_interfaces/local_setup.dsv
-- Installing: /home/honhe/learn_ros/Chapter8/chapt8_ws/install/autopatrol_interfaces/share/autopatrol_interfaces/package.dsv
-- Installing: /home/honhe/learn_ros/Chapter8/chapt8_ws/install/autopatrol_interfaces/share/ament_index/resource_index/packages/autopatrol_interfaces
-- Installing: /home/honhe/learn_ros/Chapter8/chapt8_ws/install/autopatrol_interfaces/share/autopatrol_interfaces/cmake/export_autopatrol_interfaces__rosidl_generator_cExport.cmake
-- Installing: /home/honhe/learn_ros/Chapter8/chapt8_ws/install/autopatrol_interfaces/share/autopatrol_interfaces/cmake/export_autopatrol_interfaces__rosidl_generator_cExport-noconfig.cmake
-- Installing: /home/honhe/learn_ros/Chapter8/chapt8_ws/install/autopatrol_interfaces/share/autopatrol_interfaces/cmake/export_autopatrol_interfaces__rosidl_typesupport_fastrtps_cExport.cmake
-- Installing: /home/honhe/learn_ros/Chapter8/chapt8_ws/install/autopatrol_interfaces/share/autopatrol_interfaces/cmake/export_autopatrol_interfaces__rosidl_typesupport_fastrtps_cExport-noconfig.cmake
-- Installing: /home/honhe/learn_ros/Chapter8/chapt8_ws/install/autopatrol_interfaces/share/autopatrol_interfaces/cmake/autopatrol_interfaces__rosidl_typesupport_introspection_cExport.cmake
-- Installing: /home/honhe/learn_ros/Chapter8/chapt8_ws/install/autopatrol_interfaces/share/autopatrol_interfaces/cmake/autopatrol_interfaces__rosidl_typesupport_introspection_cExport-noconfig.cmake
-- Installing: /home/honhe/learn_ros/Chapter8/chapt8_ws/install/autopatrol_interfaces/share/autopatrol_interfaces/cmake/autopatrol_interfaces__rosidl_typesupport_cExport.cmake
-- Installing: /home/honhe/learn_ros/Chapter8/chapt8_ws/install/autopatrol_interfaces/share/autopatrol_interfaces/cmake/autopatrol_interfaces__rosidl_typesupport_cExport-noconfig.cmake
-- Installing: /home/honhe/learn_ros/Chapter8/chapt8_ws/install/autopatrol_interfaces/share/autopatrol_interfaces/cmake/export_autopatrol_interfaces__rosidl_generator_cppExport.cmake
-- Installing: /home/honhe/learn_ros/Chapter8/chapt8_ws/install/autopatrol_interfaces/share/autopatrol_interfaces/cmake/export_autopatrol_interfaces__rosidl_typesupport_fastrtps_cppExport.cmake
-- Installing: /home/honhe/learn_ros/Chapter8/chapt8_ws/install/autopatrol_interfaces/share/autopatrol_interfaces/cmake/export_autopatrol_interfaces__rosidl_typesupport_fastrtps_cppExport-noconfig.cmake
-- Installing: /home/honhe/learn_ros/Chapter8/chapt8_ws/install/autopatrol_interfaces/share/autopatrol_interfaces/cmake/autopatrol_interfaces__rosidl_typesupport_introspection_cppExport.cmake
-- Installing: /home/honhe/learn_ros/Chapter8/chapt8_ws/install/autopatrol_interfaces/share/autopatrol_interfaces/cmake/autopatrol_interfaces__rosidl_typesupport_introspection_cppExport-noconfig.cmake
-- Installing: /home/honhe/learn_ros/Chapter8/chapt8_ws/install/autopatrol_interfaces/share/autopatrol_interfaces/cmake/autopatrol_interfaces__rosidl_typesupport_cppExport.cmake
-- Installing: /home/honhe/learn_ros/Chapter8/chapt8_ws/install/autopatrol_interfaces/share/autopatrol_interfaces/cmake/autopatrol_interfaces__rosidl_typesupport_cppExport-noconfig.cmake
-- Installing: /home/honhe/learn_ros/Chapter8/chapt8_ws/install/autopatrol_interfaces/share/autopatrol_interfaces/cmake/export_autopatrol_interfaces__rosidl_generator_pyExport.cmake
-- Installing: /home/honhe/learn_ros/Chapter8/chapt8_ws/install/autopatrol_interfaces/share/autopatrol_interfaces/cmake/export_autopatrol_interfaces__rosidl_generator_pyExport-noconfig.cmake
-- Installing: /home/honhe/learn_ros/Chapter8/chapt8_ws/install/autopatrol_interfaces/share/autopatrol_interfaces/cmake/rosidl_cmake-extras.cmake
-- Installing: /home/honhe/learn_ros/Chapter8/chapt8_ws/install/autopatrol_interfaces/share/autopatrol_interfaces/cmake/ament_cmake_export_dependencies-extras.cmake
-- Installing: /home/honhe/learn_ros/Chapter8/chapt8_ws/install/autopatrol_interfaces/share/autopatrol_interfaces/cmake/ament_cmake_export_include_directories-extras.cmake
-- Installing: /home/honhe/learn_ros/Chapter8/chapt8_ws/install/autopatrol_interfaces/share/autopatrol_interfaces/cmake/ament_cmake_export_libraries-extras.cmake
-- Installing: /home/honhe/learn_ros/Chapter8/chapt8_ws/install/autopatrol_interfaces/share/autopatrol_interfaces/cmake/ament_cmake_export_targets-extras.cmake
-- Installing: /home/honhe/learn_ros/Chapter8/chapt8_ws/install/autopatrol_interfaces/share/autopatrol_interfaces/cmake/rosidl_cmake_export_typesupport_targets-extras.cmake
-- Installing: /home/honhe/learn_ros/Chapter8/chapt8_ws/install/autopatrol_interfaces/share/autopatrol_interfaces/cmake/rosidl_cmake_export_typesupport_libraries-extras.cmake
-- Installing: /home/honhe/learn_ros/Chapter8/chapt8_ws/install/autopatrol_interfaces/share/autopatrol_interfaces/cmake/autopatrol_interfacesConfig.cmake
-- Installing: /home/honhe/learn_ros/Chapter8/chapt8_ws/install/autopatrol_interfaces/share/autopatrol_interfaces/cmake/autopatrol_interfacesConfig-version.cmake
-- Installing: /home/honhe/learn_ros/Chapter8/chapt8_ws/install/autopatrol_interfaces/share/autopatrol_interfaces/package.xml
