[0.018s] Invoking command in '/home/honhe/learn_ros/Chapter8/chapt8_ws/build/autopatrol_interfaces': CMAKE_PREFIX_PATH=${CMAKE_PREFIX_PATH}:/opt/ros/jazzy DEBUGINFOD_URLS=https://debuginfod.ubuntu.com /usr/bin/cmake /home/honhe/learn_ros/Chapter8/chapt8_ws/src/autopatrol_interfaces -DCMAKE_INSTALL_PREFIX=/home/honhe/learn_ros/Chapter8/chapt8_ws/install/autopatrol_interfaces
[0.230s] -- The C compiler identification is GNU 13.3.0
[0.230s] -- The CXX compiler identification is GNU 13.3.0
[0.230s] -- Detecting C compiler ABI info
[0.230s] -- Detecting C compiler ABI info - done
[0.230s] -- Check for working C compiler: /usr/bin/cc - skipped
[0.230s] -- Detecting C compile features
[0.230s] -- Detecting C compile features - done
[0.234s] -- Detecting CXX compiler ABI info
[0.311s] -- Detecting CXX compiler ABI info - done
[0.318s] -- Check for working CXX compiler: /usr/bin/c++ - skipped
[0.318s] -- Detecting CXX compile features
[0.318s] -- Detecting CXX compile features - done
[0.321s] -- Found ament_cmake: 2.5.3 (/opt/ros/jazzy/share/ament_cmake/cmake)
[0.429s] -- Found Python3: /usr/bin/python3 (found version "3.12.3") found components: Interpreter 
[0.538s] -- Found rosidl_default_generators: 1.6.0 (/opt/ros/jazzy/share/rosidl_default_generators/cmake)
[0.543s] -- Using all available rosidl_typesupport_c: rosidl_typesupport_fastrtps_c;rosidl_typesupport_introspection_c
[0.594s] -- Using all available rosidl_typesupport_cpp: rosidl_typesupport_fastrtps_cpp;rosidl_typesupport_introspection_cpp
[0.640s] -- Found rosidl_adapter: 4.6.5 (/opt/ros/jazzy/share/rosidl_adapter/cmake)
[1.111s] -- Found ament_cmake_ros: 0.12.0 (/opt/ros/jazzy/share/ament_cmake_ros/cmake)
[1.391s] -- Using all available rosidl_typesupport_c: rosidl_typesupport_fastrtps_c;rosidl_typesupport_introspection_c
[1.755s] -- Using all available rosidl_typesupport_cpp: rosidl_typesupport_fastrtps_cpp;rosidl_typesupport_introspection_cpp
[1.758s] -- Found python_cmake_module: 0.11.1 (/opt/ros/jazzy/share/python_cmake_module/cmake)
[1.841s] -- Found PythonExtra: /usr/bin/python3  
[2.122s] -- Found Python3: /usr/bin/python3 (found version "3.12.3") found components: Interpreter Development NumPy Development.Module Development.Embed 
[2.141s] -- Found ament_lint_auto: 0.17.1 (/opt/ros/jazzy/share/ament_lint_auto/cmake)
[2.156s] -- Added test 'lint_cmake' to check CMake code style
[2.157s] -- Added test 'xmllint' to check XML markup files
[2.158s] -- Configuring done (2.1s)
[2.175s] -- Generating done (0.0s)
[2.181s] -- Build files have been written to: /home/honhe/learn_ros/Chapter8/chapt8_ws/build/autopatrol_interfaces
[2.187s] Invoked command in '/home/honhe/learn_ros/Chapter8/chapt8_ws/build/autopatrol_interfaces' returned '0': CMAKE_PREFIX_PATH=${CMAKE_PREFIX_PATH}:/opt/ros/jazzy DEBUGINFOD_URLS=https://debuginfod.ubuntu.com /usr/bin/cmake /home/honhe/learn_ros/Chapter8/chapt8_ws/src/autopatrol_interfaces -DCMAKE_INSTALL_PREFIX=/home/honhe/learn_ros/Chapter8/chapt8_ws/install/autopatrol_interfaces
[2.188s] Invoking command in '/home/honhe/learn_ros/Chapter8/chapt8_ws/build/autopatrol_interfaces': CMAKE_PREFIX_PATH=${CMAKE_PREFIX_PATH}:/opt/ros/jazzy DEBUGINFOD_URLS=https://debuginfod.ubuntu.com /usr/bin/cmake --build /home/honhe/learn_ros/Chapter8/chapt8_ws/build/autopatrol_interfaces -- -j32 -l32
[2.228s] [  2%] [34m[1mGenerating type hashes for ROS interfaces[0m
[2.235s] [  2%] Built target ament_cmake_python_copy_autopatrol_interfaces
[2.347s] [  2%] Built target autopatrol_interfaces__rosidl_generator_type_description
[2.354s] [  5%] [34m[1mGenerating C code for ROS interfaces[0m
[2.355s] running egg_info
[2.355s] creating autopatrol_interfaces.egg-info
[2.365s] writing autopatrol_interfaces.egg-info/PKG-INFO
[2.365s] writing dependency_links to autopatrol_interfaces.egg-info/dependency_links.txt
[2.365s] writing top-level names to autopatrol_interfaces.egg-info/top_level.txt
[2.365s] writing manifest file 'autopatrol_interfaces.egg-info/SOURCES.txt'
[2.366s] [  8%] [34m[1mGenerating C++ code for ROS interfaces[0m
[2.395s] reading manifest file 'autopatrol_interfaces.egg-info/SOURCES.txt'
[2.396s] writing manifest file 'autopatrol_interfaces.egg-info/SOURCES.txt'
[2.414s] [  8%] Built target ament_cmake_python_build_autopatrol_interfaces_egg
[2.528s] [  8%] Built target autopatrol_interfaces__cpp
[2.536s] [ 17%] [32mBuilding C object CMakeFiles/autopatrol_interfaces__rosidl_generator_c.dir/rosidl_generator_c/autopatrol_interfaces/srv/detail/speech_text__description.c.o[0m
[2.536s] [ 17%] [32mBuilding C object CMakeFiles/autopatrol_interfaces__rosidl_generator_c.dir/rosidl_generator_c/autopatrol_interfaces/srv/detail/speech_text__functions.c.o[0m
[2.536s] [ 17%] [32mBuilding C object CMakeFiles/autopatrol_interfaces__rosidl_generator_c.dir/rosidl_generator_c/autopatrol_interfaces/srv/detail/speech_text__type_support.c.o[0m
[2.585s] [ 20%] [32m[1mLinking C shared library libautopatrol_interfaces__rosidl_generator_c.so[0m
[2.614s] [ 20%] Built target autopatrol_interfaces__rosidl_generator_c
[2.622s] [ 23%] [34m[1mGenerating C++ type support dispatch for ROS interfaces[0m
[2.624s] [ 38%] [34m[1mGenerating C type support dispatch for ROS interfaces[0m
[2.624s] [ 38%] [34m[1mGenerating C++ introspection for ROS interfaces[0m
[2.624s] [ 38%] [34m[1mGenerating C type support for eProsima Fast-RTPS[0m
[2.624s] [ 38%] [34m[1mGenerating C++ type support for eProsima Fast-RTPS[0m
[2.624s] [ 38%] [34m[1mGenerating C introspection for ROS interfaces[0m
[2.781s] [ 41%] [32mBuilding CXX object CMakeFiles/autopatrol_interfaces__rosidl_typesupport_cpp.dir/rosidl_typesupport_cpp/autopatrol_interfaces/srv/speech_text__type_support.cpp.o[0m
[2.787s] [ 44%] [32mBuilding CXX object CMakeFiles/autopatrol_interfaces__rosidl_typesupport_c.dir/rosidl_typesupport_c/autopatrol_interfaces/srv/speech_text__type_support.cpp.o[0m
[2.805s] [ 47%] [32mBuilding C object CMakeFiles/autopatrol_interfaces__rosidl_typesupport_introspection_c.dir/rosidl_typesupport_introspection_c/autopatrol_interfaces/srv/detail/speech_text__type_support.c.o[0m
[2.817s] [ 50%] [32mBuilding CXX object CMakeFiles/autopatrol_interfaces__rosidl_typesupport_introspection_cpp.dir/rosidl_typesupport_introspection_cpp/autopatrol_interfaces/srv/detail/speech_text__type_support.cpp.o[0m
[2.826s] [ 52%] [32mBuilding CXX object CMakeFiles/autopatrol_interfaces__rosidl_typesupport_fastrtps_cpp.dir/rosidl_typesupport_fastrtps_cpp/autopatrol_interfaces/srv/detail/dds_fastrtps/speech_text__type_support.cpp.o[0m
[2.834s] [ 55%] [32m[1mLinking CXX shared library libautopatrol_interfaces__rosidl_typesupport_c.so[0m
[2.837s] [ 58%] [32mBuilding CXX object CMakeFiles/autopatrol_interfaces__rosidl_typesupport_fastrtps_c.dir/rosidl_typesupport_fastrtps_c/autopatrol_interfaces/srv/detail/speech_text__type_support_c.cpp.o[0m
[2.852s] [ 61%] [32m[1mLinking C shared library libautopatrol_interfaces__rosidl_typesupport_introspection_c.so[0m
[2.864s] [ 61%] Built target autopatrol_interfaces__rosidl_typesupport_c
[2.881s] [ 61%] Built target autopatrol_interfaces__rosidl_typesupport_introspection_c
[3.021s] [ 64%] [32m[1mLinking CXX shared library libautopatrol_interfaces__rosidl_typesupport_cpp.so[0m
[3.074s] [ 67%] [32m[1mLinking CXX shared library libautopatrol_interfaces__rosidl_typesupport_introspection_cpp.so[0m
[3.075s] [ 67%] Built target autopatrol_interfaces__rosidl_typesupport_cpp
[3.123s] [ 70%] [32m[1mLinking CXX shared library libautopatrol_interfaces__rosidl_typesupport_fastrtps_c.so[0m
[3.129s] [ 70%] Built target autopatrol_interfaces__rosidl_typesupport_introspection_cpp
[3.174s] [ 70%] Built target autopatrol_interfaces__rosidl_typesupport_fastrtps_c
[3.174s] [ 73%] [32m[1mLinking CXX shared library libautopatrol_interfaces__rosidl_typesupport_fastrtps_cpp.so[0m
[3.220s] [ 73%] Built target autopatrol_interfaces__rosidl_typesupport_fastrtps_cpp
[3.238s] [ 73%] Built target autopatrol_interfaces
[3.255s] [ 76%] [34m[1mGenerating Python code for ROS interfaces[0m
[3.428s] [ 76%] Built target autopatrol_interfaces__py
[3.445s] [ 79%] [32mBuilding C object CMakeFiles/autopatrol_interfaces__rosidl_generator_py.dir/rosidl_generator_py/autopatrol_interfaces/srv/_speech_text_s.c.o[0m
[3.536s] [ 82%] [32m[1mLinking C shared library libautopatrol_interfaces__rosidl_generator_py.so[0m
[3.565s] [ 82%] Built target autopatrol_interfaces__rosidl_generator_py
[3.580s] [ 85%] [32mBuilding C object CMakeFiles/autopatrol_interfaces_s__rosidl_typesupport_introspection_c.dir/rosidl_generator_py/autopatrol_interfaces/_autopatrol_interfaces_s.ep.rosidl_typesupport_introspection_c.c.o[0m
[3.581s] [ 91%] [32mBuilding C object CMakeFiles/autopatrol_interfaces_s__rosidl_typesupport_c.dir/rosidl_generator_py/autopatrol_interfaces/_autopatrol_interfaces_s.ep.rosidl_typesupport_c.c.o[0m
[3.581s] [ 91%] [32mBuilding C object CMakeFiles/autopatrol_interfaces_s__rosidl_typesupport_fastrtps_c.dir/rosidl_generator_py/autopatrol_interfaces/_autopatrol_interfaces_s.ep.rosidl_typesupport_fastrtps_c.c.o[0m
[3.641s] [ 94%] [32m[1mLinking C shared module rosidl_generator_py/autopatrol_interfaces/autopatrol_interfaces_s__rosidl_typesupport_c.so[0m
[3.643s] [ 97%] [32m[1mLinking C shared module rosidl_generator_py/autopatrol_interfaces/autopatrol_interfaces_s__rosidl_typesupport_fastrtps_c.so[0m
[3.647s] [100%] [32m[1mLinking C shared module rosidl_generator_py/autopatrol_interfaces/autopatrol_interfaces_s__rosidl_typesupport_introspection_c.so[0m
[3.664s] [100%] Built target autopatrol_interfaces_s__rosidl_typesupport_c
[3.669s] [100%] Built target autopatrol_interfaces_s__rosidl_typesupport_fastrtps_c
[3.671s] [100%] Built target autopatrol_interfaces_s__rosidl_typesupport_introspection_c
[3.679s] Invoked command in '/home/honhe/learn_ros/Chapter8/chapt8_ws/build/autopatrol_interfaces' returned '0': CMAKE_PREFIX_PATH=${CMAKE_PREFIX_PATH}:/opt/ros/jazzy DEBUGINFOD_URLS=https://debuginfod.ubuntu.com /usr/bin/cmake --build /home/honhe/learn_ros/Chapter8/chapt8_ws/build/autopatrol_interfaces -- -j32 -l32
[3.680s] Invoking command in '/home/honhe/learn_ros/Chapter8/chapt8_ws/build/autopatrol_interfaces': CMAKE_PREFIX_PATH=${CMAKE_PREFIX_PATH}:/opt/ros/jazzy DEBUGINFOD_URLS=https://debuginfod.ubuntu.com /usr/bin/cmake --install /home/honhe/learn_ros/Chapter8/chapt8_ws/build/autopatrol_interfaces
[3.686s] -- Install configuration: ""
[3.686s] -- Installing: /home/honhe/learn_ros/Chapter8/chapt8_ws/install/autopatrol_interfaces/share/ament_index/resource_index/rosidl_interfaces/autopatrol_interfaces
[3.686s] -- Installing: /home/honhe/learn_ros/Chapter8/chapt8_ws/install/autopatrol_interfaces/share/autopatrol_interfaces/srv/SpeechText.json
[3.686s] -- Installing: /home/honhe/learn_ros/Chapter8/chapt8_ws/install/autopatrol_interfaces/include/autopatrol_interfaces/autopatrol_interfaces
[3.686s] -- Installing: /home/honhe/learn_ros/Chapter8/chapt8_ws/install/autopatrol_interfaces/include/autopatrol_interfaces/autopatrol_interfaces/msg
[3.686s] -- Installing: /home/honhe/learn_ros/Chapter8/chapt8_ws/install/autopatrol_interfaces/include/autopatrol_interfaces/autopatrol_interfaces/msg/rosidl_generator_c__visibility_control.h
[3.686s] -- Installing: /home/honhe/learn_ros/Chapter8/chapt8_ws/install/autopatrol_interfaces/include/autopatrol_interfaces/autopatrol_interfaces/srv
[3.686s] -- Installing: /home/honhe/learn_ros/Chapter8/chapt8_ws/install/autopatrol_interfaces/include/autopatrol_interfaces/autopatrol_interfaces/srv/speech_text.h
[3.686s] -- Installing: /home/honhe/learn_ros/Chapter8/chapt8_ws/install/autopatrol_interfaces/include/autopatrol_interfaces/autopatrol_interfaces/srv/detail
[3.686s] -- Installing: /home/honhe/learn_ros/Chapter8/chapt8_ws/install/autopatrol_interfaces/include/autopatrol_interfaces/autopatrol_interfaces/srv/detail/speech_text__type_support.c
[3.686s] -- Installing: /home/honhe/learn_ros/Chapter8/chapt8_ws/install/autopatrol_interfaces/include/autopatrol_interfaces/autopatrol_interfaces/srv/detail/speech_text__struct.h
[3.686s] -- Installing: /home/honhe/learn_ros/Chapter8/chapt8_ws/install/autopatrol_interfaces/include/autopatrol_interfaces/autopatrol_interfaces/srv/detail/speech_text__functions.c
[3.686s] -- Installing: /home/honhe/learn_ros/Chapter8/chapt8_ws/install/autopatrol_interfaces/include/autopatrol_interfaces/autopatrol_interfaces/srv/detail/speech_text__description.c
[3.686s] -- Installing: /home/honhe/learn_ros/Chapter8/chapt8_ws/install/autopatrol_interfaces/include/autopatrol_interfaces/autopatrol_interfaces/srv/detail/speech_text__type_support.h
[3.686s] -- Installing: /home/honhe/learn_ros/Chapter8/chapt8_ws/install/autopatrol_interfaces/include/autopatrol_interfaces/autopatrol_interfaces/srv/detail/speech_text__functions.h
[3.686s] -- Installing: /home/honhe/learn_ros/Chapter8/chapt8_ws/install/autopatrol_interfaces/share/autopatrol_interfaces/environment/library_path.sh
[3.686s] -- Installing: /home/honhe/learn_ros/Chapter8/chapt8_ws/install/autopatrol_interfaces/share/autopatrol_interfaces/environment/library_path.dsv
[3.686s] -- Installing: /home/honhe/learn_ros/Chapter8/chapt8_ws/install/autopatrol_interfaces/lib/libautopatrol_interfaces__rosidl_generator_c.so
[3.686s] -- Set non-toolchain portion of runtime path of "/home/honhe/learn_ros/Chapter8/chapt8_ws/install/autopatrol_interfaces/lib/libautopatrol_interfaces__rosidl_generator_c.so" to ""
[3.686s] -- Up-to-date: /home/honhe/learn_ros/Chapter8/chapt8_ws/install/autopatrol_interfaces/include/autopatrol_interfaces/autopatrol_interfaces
[3.686s] -- Up-to-date: /home/honhe/learn_ros/Chapter8/chapt8_ws/install/autopatrol_interfaces/include/autopatrol_interfaces/autopatrol_interfaces/msg
[3.686s] -- Installing: /home/honhe/learn_ros/Chapter8/chapt8_ws/install/autopatrol_interfaces/include/autopatrol_interfaces/autopatrol_interfaces/msg/rosidl_typesupport_fastrtps_c__visibility_control.h
[3.686s] -- Up-to-date: /home/honhe/learn_ros/Chapter8/chapt8_ws/install/autopatrol_interfaces/include/autopatrol_interfaces/autopatrol_interfaces/srv
[3.686s] -- Up-to-date: /home/honhe/learn_ros/Chapter8/chapt8_ws/install/autopatrol_interfaces/include/autopatrol_interfaces/autopatrol_interfaces/srv/detail
[3.686s] -- Installing: /home/honhe/learn_ros/Chapter8/chapt8_ws/install/autopatrol_interfaces/include/autopatrol_interfaces/autopatrol_interfaces/srv/detail/speech_text__rosidl_typesupport_fastrtps_c.h
[3.686s] -- Installing: /home/honhe/learn_ros/Chapter8/chapt8_ws/install/autopatrol_interfaces/lib/libautopatrol_interfaces__rosidl_typesupport_fastrtps_c.so
[3.687s] -- Set non-toolchain portion of runtime path of "/home/honhe/learn_ros/Chapter8/chapt8_ws/install/autopatrol_interfaces/lib/libautopatrol_interfaces__rosidl_typesupport_fastrtps_c.so" to ""
[3.687s] -- Up-to-date: /home/honhe/learn_ros/Chapter8/chapt8_ws/install/autopatrol_interfaces/include/autopatrol_interfaces/autopatrol_interfaces
[3.687s] -- Up-to-date: /home/honhe/learn_ros/Chapter8/chapt8_ws/install/autopatrol_interfaces/include/autopatrol_interfaces/autopatrol_interfaces/msg
[3.687s] -- Installing: /home/honhe/learn_ros/Chapter8/chapt8_ws/install/autopatrol_interfaces/include/autopatrol_interfaces/autopatrol_interfaces/msg/rosidl_typesupport_introspection_c__visibility_control.h
[3.687s] -- Up-to-date: /home/honhe/learn_ros/Chapter8/chapt8_ws/install/autopatrol_interfaces/include/autopatrol_interfaces/autopatrol_interfaces/srv
[3.687s] -- Up-to-date: /home/honhe/learn_ros/Chapter8/chapt8_ws/install/autopatrol_interfaces/include/autopatrol_interfaces/autopatrol_interfaces/srv/detail
[3.687s] -- Up-to-date: /home/honhe/learn_ros/Chapter8/chapt8_ws/install/autopatrol_interfaces/include/autopatrol_interfaces/autopatrol_interfaces/srv/detail/speech_text__type_support.c
[3.687s] -- Installing: /home/honhe/learn_ros/Chapter8/chapt8_ws/install/autopatrol_interfaces/include/autopatrol_interfaces/autopatrol_interfaces/srv/detail/speech_text__rosidl_typesupport_introspection_c.h
[3.687s] -- Installing: /home/honhe/learn_ros/Chapter8/chapt8_ws/install/autopatrol_interfaces/lib/libautopatrol_interfaces__rosidl_typesupport_introspection_c.so
[3.687s] -- Set non-toolchain portion of runtime path of "/home/honhe/learn_ros/Chapter8/chapt8_ws/install/autopatrol_interfaces/lib/libautopatrol_interfaces__rosidl_typesupport_introspection_c.so" to ""
[3.687s] -- Installing: /home/honhe/learn_ros/Chapter8/chapt8_ws/install/autopatrol_interfaces/lib/libautopatrol_interfaces__rosidl_typesupport_c.so
[3.687s] -- Set non-toolchain portion of runtime path of "/home/honhe/learn_ros/Chapter8/chapt8_ws/install/autopatrol_interfaces/lib/libautopatrol_interfaces__rosidl_typesupport_c.so" to ""
[3.687s] -- Up-to-date: /home/honhe/learn_ros/Chapter8/chapt8_ws/install/autopatrol_interfaces/include/autopatrol_interfaces/autopatrol_interfaces
[3.687s] -- Up-to-date: /home/honhe/learn_ros/Chapter8/chapt8_ws/install/autopatrol_interfaces/include/autopatrol_interfaces/autopatrol_interfaces/msg
[3.687s] -- Installing: /home/honhe/learn_ros/Chapter8/chapt8_ws/install/autopatrol_interfaces/include/autopatrol_interfaces/autopatrol_interfaces/msg/rosidl_generator_cpp__visibility_control.hpp
[3.687s] -- Up-to-date: /home/honhe/learn_ros/Chapter8/chapt8_ws/install/autopatrol_interfaces/include/autopatrol_interfaces/autopatrol_interfaces/srv
[3.687s] -- Installing: /home/honhe/learn_ros/Chapter8/chapt8_ws/install/autopatrol_interfaces/include/autopatrol_interfaces/autopatrol_interfaces/srv/speech_text.hpp
[3.687s] -- Up-to-date: /home/honhe/learn_ros/Chapter8/chapt8_ws/install/autopatrol_interfaces/include/autopatrol_interfaces/autopatrol_interfaces/srv/detail
[3.687s] -- Installing: /home/honhe/learn_ros/Chapter8/chapt8_ws/install/autopatrol_interfaces/include/autopatrol_interfaces/autopatrol_interfaces/srv/detail/speech_text__type_support.hpp
[3.687s] -- Installing: /home/honhe/learn_ros/Chapter8/chapt8_ws/install/autopatrol_interfaces/include/autopatrol_interfaces/autopatrol_interfaces/srv/detail/speech_text__builder.hpp
[3.687s] -- Installing: /home/honhe/learn_ros/Chapter8/chapt8_ws/install/autopatrol_interfaces/include/autopatrol_interfaces/autopatrol_interfaces/srv/detail/speech_text__struct.hpp
[3.687s] -- Installing: /home/honhe/learn_ros/Chapter8/chapt8_ws/install/autopatrol_interfaces/include/autopatrol_interfaces/autopatrol_interfaces/srv/detail/speech_text__traits.hpp
[3.687s] -- Up-to-date: /home/honhe/learn_ros/Chapter8/chapt8_ws/install/autopatrol_interfaces/include/autopatrol_interfaces/autopatrol_interfaces
[3.687s] -- Up-to-date: /home/honhe/learn_ros/Chapter8/chapt8_ws/install/autopatrol_interfaces/include/autopatrol_interfaces/autopatrol_interfaces/msg
[3.687s] -- Installing: /home/honhe/learn_ros/Chapter8/chapt8_ws/install/autopatrol_interfaces/include/autopatrol_interfaces/autopatrol_interfaces/msg/rosidl_typesupport_fastrtps_cpp__visibility_control.h
[3.687s] -- Up-to-date: /home/honhe/learn_ros/Chapter8/chapt8_ws/install/autopatrol_interfaces/include/autopatrol_interfaces/autopatrol_interfaces/srv
[3.687s] -- Up-to-date: /home/honhe/learn_ros/Chapter8/chapt8_ws/install/autopatrol_interfaces/include/autopatrol_interfaces/autopatrol_interfaces/srv/detail
[3.687s] -- Installing: /home/honhe/learn_ros/Chapter8/chapt8_ws/install/autopatrol_interfaces/include/autopatrol_interfaces/autopatrol_interfaces/srv/detail/dds_fastrtps
[3.687s] -- Installing: /home/honhe/learn_ros/Chapter8/chapt8_ws/install/autopatrol_interfaces/include/autopatrol_interfaces/autopatrol_interfaces/srv/detail/speech_text__rosidl_typesupport_fastrtps_cpp.hpp
[3.687s] -- Installing: /home/honhe/learn_ros/Chapter8/chapt8_ws/install/autopatrol_interfaces/lib/libautopatrol_interfaces__rosidl_typesupport_fastrtps_cpp.so
[3.688s] -- Set non-toolchain portion of runtime path of "/home/honhe/learn_ros/Chapter8/chapt8_ws/install/autopatrol_interfaces/lib/libautopatrol_interfaces__rosidl_typesupport_fastrtps_cpp.so" to ""
[3.688s] -- Up-to-date: /home/honhe/learn_ros/Chapter8/chapt8_ws/install/autopatrol_interfaces/include/autopatrol_interfaces/autopatrol_interfaces
[3.688s] -- Up-to-date: /home/honhe/learn_ros/Chapter8/chapt8_ws/install/autopatrol_interfaces/include/autopatrol_interfaces/autopatrol_interfaces/srv
[3.688s] -- Up-to-date: /home/honhe/learn_ros/Chapter8/chapt8_ws/install/autopatrol_interfaces/include/autopatrol_interfaces/autopatrol_interfaces/srv/detail
[3.688s] -- Installing: /home/honhe/learn_ros/Chapter8/chapt8_ws/install/autopatrol_interfaces/include/autopatrol_interfaces/autopatrol_interfaces/srv/detail/speech_text__rosidl_typesupport_introspection_cpp.hpp
[3.688s] -- Installing: /home/honhe/learn_ros/Chapter8/chapt8_ws/install/autopatrol_interfaces/include/autopatrol_interfaces/autopatrol_interfaces/srv/detail/speech_text__type_support.cpp
[3.688s] -- Installing: /home/honhe/learn_ros/Chapter8/chapt8_ws/install/autopatrol_interfaces/lib/libautopatrol_interfaces__rosidl_typesupport_introspection_cpp.so
[3.688s] -- Set non-toolchain portion of runtime path of "/home/honhe/learn_ros/Chapter8/chapt8_ws/install/autopatrol_interfaces/lib/libautopatrol_interfaces__rosidl_typesupport_introspection_cpp.so" to ""
[3.688s] -- Installing: /home/honhe/learn_ros/Chapter8/chapt8_ws/install/autopatrol_interfaces/lib/libautopatrol_interfaces__rosidl_typesupport_cpp.so
[3.688s] -- Set non-toolchain portion of runtime path of "/home/honhe/learn_ros/Chapter8/chapt8_ws/install/autopatrol_interfaces/lib/libautopatrol_interfaces__rosidl_typesupport_cpp.so" to ""
[3.688s] -- Installing: /home/honhe/learn_ros/Chapter8/chapt8_ws/install/autopatrol_interfaces/share/autopatrol_interfaces/environment/pythonpath.sh
[3.688s] -- Installing: /home/honhe/learn_ros/Chapter8/chapt8_ws/install/autopatrol_interfaces/share/autopatrol_interfaces/environment/pythonpath.dsv
[3.688s] -- Installing: /home/honhe/learn_ros/Chapter8/chapt8_ws/install/autopatrol_interfaces/lib/python3.12/site-packages/autopatrol_interfaces-0.0.0-py3.12.egg-info
[3.688s] -- Installing: /home/honhe/learn_ros/Chapter8/chapt8_ws/install/autopatrol_interfaces/lib/python3.12/site-packages/autopatrol_interfaces-0.0.0-py3.12.egg-info/dependency_links.txt
[3.688s] -- Installing: /home/honhe/learn_ros/Chapter8/chapt8_ws/install/autopatrol_interfaces/lib/python3.12/site-packages/autopatrol_interfaces-0.0.0-py3.12.egg-info/PKG-INFO
[3.688s] -- Installing: /home/honhe/learn_ros/Chapter8/chapt8_ws/install/autopatrol_interfaces/lib/python3.12/site-packages/autopatrol_interfaces-0.0.0-py3.12.egg-info/SOURCES.txt
[3.688s] -- Installing: /home/honhe/learn_ros/Chapter8/chapt8_ws/install/autopatrol_interfaces/lib/python3.12/site-packages/autopatrol_interfaces-0.0.0-py3.12.egg-info/top_level.txt
[3.688s] -- Installing: /home/honhe/learn_ros/Chapter8/chapt8_ws/install/autopatrol_interfaces/lib/python3.12/site-packages/autopatrol_interfaces
[3.688s] -- Installing: /home/honhe/learn_ros/Chapter8/chapt8_ws/install/autopatrol_interfaces/lib/python3.12/site-packages/autopatrol_interfaces/_autopatrol_interfaces_s.ep.rosidl_typesupport_fastrtps_c.c
[3.688s] -- Installing: /home/honhe/learn_ros/Chapter8/chapt8_ws/install/autopatrol_interfaces/lib/python3.12/site-packages/autopatrol_interfaces/_autopatrol_interfaces_s.ep.rosidl_typesupport_introspection_c.c
[3.688s] -- Installing: /home/honhe/learn_ros/Chapter8/chapt8_ws/install/autopatrol_interfaces/lib/python3.12/site-packages/autopatrol_interfaces/autopatrol_interfaces_s__rosidl_typesupport_c.so
[3.688s] -- Installing: /home/honhe/learn_ros/Chapter8/chapt8_ws/install/autopatrol_interfaces/lib/python3.12/site-packages/autopatrol_interfaces/_autopatrol_interfaces_s.ep.rosidl_typesupport_c.c
[3.688s] -- Installing: /home/honhe/learn_ros/Chapter8/chapt8_ws/install/autopatrol_interfaces/lib/python3.12/site-packages/autopatrol_interfaces/autopatrol_interfaces_s__rosidl_typesupport_introspection_c.so
[3.688s] -- Installing: /home/honhe/learn_ros/Chapter8/chapt8_ws/install/autopatrol_interfaces/lib/python3.12/site-packages/autopatrol_interfaces/srv
[3.688s] -- Installing: /home/honhe/learn_ros/Chapter8/chapt8_ws/install/autopatrol_interfaces/lib/python3.12/site-packages/autopatrol_interfaces/srv/_speech_text.py
[3.688s] -- Installing: /home/honhe/learn_ros/Chapter8/chapt8_ws/install/autopatrol_interfaces/lib/python3.12/site-packages/autopatrol_interfaces/srv/_speech_text_s.c
[3.689s] -- Installing: /home/honhe/learn_ros/Chapter8/chapt8_ws/install/autopatrol_interfaces/lib/python3.12/site-packages/autopatrol_interfaces/srv/__init__.py
[3.689s] -- Installing: /home/honhe/learn_ros/Chapter8/chapt8_ws/install/autopatrol_interfaces/lib/python3.12/site-packages/autopatrol_interfaces/__init__.py
[3.689s] -- Installing: /home/honhe/learn_ros/Chapter8/chapt8_ws/install/autopatrol_interfaces/lib/python3.12/site-packages/autopatrol_interfaces/autopatrol_interfaces_s__rosidl_typesupport_fastrtps_c.so
[3.713s] Listing '/home/honhe/learn_ros/Chapter8/chapt8_ws/install/autopatrol_interfaces/lib/python3.12/site-packages/autopatrol_interfaces'...
[3.713s] Compiling '/home/honhe/learn_ros/Chapter8/chapt8_ws/install/autopatrol_interfaces/lib/python3.12/site-packages/autopatrol_interfaces/__init__.py'...
[3.713s] Listing '/home/honhe/learn_ros/Chapter8/chapt8_ws/install/autopatrol_interfaces/lib/python3.12/site-packages/autopatrol_interfaces/srv'...
[3.713s] Compiling '/home/honhe/learn_ros/Chapter8/chapt8_ws/install/autopatrol_interfaces/lib/python3.12/site-packages/autopatrol_interfaces/srv/__init__.py'...
[3.713s] Compiling '/home/honhe/learn_ros/Chapter8/chapt8_ws/install/autopatrol_interfaces/lib/python3.12/site-packages/autopatrol_interfaces/srv/_speech_text.py'...
[3.716s] -- Installing: /home/honhe/learn_ros/Chapter8/chapt8_ws/install/autopatrol_interfaces/lib/python3.12/site-packages/autopatrol_interfaces/autopatrol_interfaces_s__rosidl_typesupport_fastrtps_c.so
[3.716s] -- Set non-toolchain portion of runtime path of "/home/honhe/learn_ros/Chapter8/chapt8_ws/install/autopatrol_interfaces/lib/python3.12/site-packages/autopatrol_interfaces/autopatrol_interfaces_s__rosidl_typesupport_fastrtps_c.so" to ""
[3.717s] -- Installing: /home/honhe/learn_ros/Chapter8/chapt8_ws/install/autopatrol_interfaces/lib/python3.12/site-packages/autopatrol_interfaces/autopatrol_interfaces_s__rosidl_typesupport_introspection_c.so
[3.717s] -- Set non-toolchain portion of runtime path of "/home/honhe/learn_ros/Chapter8/chapt8_ws/install/autopatrol_interfaces/lib/python3.12/site-packages/autopatrol_interfaces/autopatrol_interfaces_s__rosidl_typesupport_introspection_c.so" to ""
[3.717s] -- Installing: /home/honhe/learn_ros/Chapter8/chapt8_ws/install/autopatrol_interfaces/lib/python3.12/site-packages/autopatrol_interfaces/autopatrol_interfaces_s__rosidl_typesupport_c.so
[3.717s] -- Set non-toolchain portion of runtime path of "/home/honhe/learn_ros/Chapter8/chapt8_ws/install/autopatrol_interfaces/lib/python3.12/site-packages/autopatrol_interfaces/autopatrol_interfaces_s__rosidl_typesupport_c.so" to ""
[3.717s] -- Installing: /home/honhe/learn_ros/Chapter8/chapt8_ws/install/autopatrol_interfaces/lib/libautopatrol_interfaces__rosidl_generator_py.so
[3.717s] -- Set non-toolchain portion of runtime path of "/home/honhe/learn_ros/Chapter8/chapt8_ws/install/autopatrol_interfaces/lib/libautopatrol_interfaces__rosidl_generator_py.so" to ""
[3.717s] -- Installing: /home/honhe/learn_ros/Chapter8/chapt8_ws/install/autopatrol_interfaces/share/autopatrol_interfaces/srv/SpeechText.idl
[3.717s] -- Installing: /home/honhe/learn_ros/Chapter8/chapt8_ws/install/autopatrol_interfaces/share/autopatrol_interfaces/srv/SpeechText.srv
[3.717s] -- Installing: /home/honhe/learn_ros/Chapter8/chapt8_ws/install/autopatrol_interfaces/share/ament_index/resource_index/package_run_dependencies/autopatrol_interfaces
[3.717s] -- Installing: /home/honhe/learn_ros/Chapter8/chapt8_ws/install/autopatrol_interfaces/share/ament_index/resource_index/parent_prefix_path/autopatrol_interfaces
[3.717s] -- Installing: /home/honhe/learn_ros/Chapter8/chapt8_ws/install/autopatrol_interfaces/share/autopatrol_interfaces/environment/ament_prefix_path.sh
[3.717s] -- Installing: /home/honhe/learn_ros/Chapter8/chapt8_ws/install/autopatrol_interfaces/share/autopatrol_interfaces/environment/ament_prefix_path.dsv
[3.717s] -- Installing: /home/honhe/learn_ros/Chapter8/chapt8_ws/install/autopatrol_interfaces/share/autopatrol_interfaces/environment/path.sh
[3.717s] -- Installing: /home/honhe/learn_ros/Chapter8/chapt8_ws/install/autopatrol_interfaces/share/autopatrol_interfaces/environment/path.dsv
[3.717s] -- Installing: /home/honhe/learn_ros/Chapter8/chapt8_ws/install/autopatrol_interfaces/share/autopatrol_interfaces/local_setup.bash
[3.717s] -- Installing: /home/honhe/learn_ros/Chapter8/chapt8_ws/install/autopatrol_interfaces/share/autopatrol_interfaces/local_setup.sh
[3.717s] -- Installing: /home/honhe/learn_ros/Chapter8/chapt8_ws/install/autopatrol_interfaces/share/autopatrol_interfaces/local_setup.zsh
[3.717s] -- Installing: /home/honhe/learn_ros/Chapter8/chapt8_ws/install/autopatrol_interfaces/share/autopatrol_interfaces/local_setup.dsv
[3.717s] -- Installing: /home/honhe/learn_ros/Chapter8/chapt8_ws/install/autopatrol_interfaces/share/autopatrol_interfaces/package.dsv
[3.717s] -- Installing: /home/honhe/learn_ros/Chapter8/chapt8_ws/install/autopatrol_interfaces/share/ament_index/resource_index/packages/autopatrol_interfaces
[3.717s] -- Installing: /home/honhe/learn_ros/Chapter8/chapt8_ws/install/autopatrol_interfaces/share/autopatrol_interfaces/cmake/export_autopatrol_interfaces__rosidl_generator_cExport.cmake
[3.717s] -- Installing: /home/honhe/learn_ros/Chapter8/chapt8_ws/install/autopatrol_interfaces/share/autopatrol_interfaces/cmake/export_autopatrol_interfaces__rosidl_generator_cExport-noconfig.cmake
[3.718s] -- Installing: /home/honhe/learn_ros/Chapter8/chapt8_ws/install/autopatrol_interfaces/share/autopatrol_interfaces/cmake/export_autopatrol_interfaces__rosidl_typesupport_fastrtps_cExport.cmake
[3.718s] -- Installing: /home/honhe/learn_ros/Chapter8/chapt8_ws/install/autopatrol_interfaces/share/autopatrol_interfaces/cmake/export_autopatrol_interfaces__rosidl_typesupport_fastrtps_cExport-noconfig.cmake
[3.718s] -- Installing: /home/honhe/learn_ros/Chapter8/chapt8_ws/install/autopatrol_interfaces/share/autopatrol_interfaces/cmake/autopatrol_interfaces__rosidl_typesupport_introspection_cExport.cmake
[3.718s] -- Installing: /home/honhe/learn_ros/Chapter8/chapt8_ws/install/autopatrol_interfaces/share/autopatrol_interfaces/cmake/autopatrol_interfaces__rosidl_typesupport_introspection_cExport-noconfig.cmake
[3.718s] -- Installing: /home/honhe/learn_ros/Chapter8/chapt8_ws/install/autopatrol_interfaces/share/autopatrol_interfaces/cmake/autopatrol_interfaces__rosidl_typesupport_cExport.cmake
[3.718s] -- Installing: /home/honhe/learn_ros/Chapter8/chapt8_ws/install/autopatrol_interfaces/share/autopatrol_interfaces/cmake/autopatrol_interfaces__rosidl_typesupport_cExport-noconfig.cmake
[3.718s] -- Installing: /home/honhe/learn_ros/Chapter8/chapt8_ws/install/autopatrol_interfaces/share/autopatrol_interfaces/cmake/export_autopatrol_interfaces__rosidl_generator_cppExport.cmake
[3.718s] -- Installing: /home/honhe/learn_ros/Chapter8/chapt8_ws/install/autopatrol_interfaces/share/autopatrol_interfaces/cmake/export_autopatrol_interfaces__rosidl_typesupport_fastrtps_cppExport.cmake
[3.718s] -- Installing: /home/honhe/learn_ros/Chapter8/chapt8_ws/install/autopatrol_interfaces/share/autopatrol_interfaces/cmake/export_autopatrol_interfaces__rosidl_typesupport_fastrtps_cppExport-noconfig.cmake
[3.718s] -- Installing: /home/honhe/learn_ros/Chapter8/chapt8_ws/install/autopatrol_interfaces/share/autopatrol_interfaces/cmake/autopatrol_interfaces__rosidl_typesupport_introspection_cppExport.cmake
[3.718s] -- Installing: /home/honhe/learn_ros/Chapter8/chapt8_ws/install/autopatrol_interfaces/share/autopatrol_interfaces/cmake/autopatrol_interfaces__rosidl_typesupport_introspection_cppExport-noconfig.cmake
[3.718s] -- Installing: /home/honhe/learn_ros/Chapter8/chapt8_ws/install/autopatrol_interfaces/share/autopatrol_interfaces/cmake/autopatrol_interfaces__rosidl_typesupport_cppExport.cmake
[3.718s] -- Installing: /home/honhe/learn_ros/Chapter8/chapt8_ws/install/autopatrol_interfaces/share/autopatrol_interfaces/cmake/autopatrol_interfaces__rosidl_typesupport_cppExport-noconfig.cmake
[3.718s] -- Installing: /home/honhe/learn_ros/Chapter8/chapt8_ws/install/autopatrol_interfaces/share/autopatrol_interfaces/cmake/export_autopatrol_interfaces__rosidl_generator_pyExport.cmake
[3.718s] -- Installing: /home/honhe/learn_ros/Chapter8/chapt8_ws/install/autopatrol_interfaces/share/autopatrol_interfaces/cmake/export_autopatrol_interfaces__rosidl_generator_pyExport-noconfig.cmake
[3.718s] -- Installing: /home/honhe/learn_ros/Chapter8/chapt8_ws/install/autopatrol_interfaces/share/autopatrol_interfaces/cmake/rosidl_cmake-extras.cmake
[3.718s] -- Installing: /home/honhe/learn_ros/Chapter8/chapt8_ws/install/autopatrol_interfaces/share/autopatrol_interfaces/cmake/ament_cmake_export_dependencies-extras.cmake
[3.718s] -- Installing: /home/honhe/learn_ros/Chapter8/chapt8_ws/install/autopatrol_interfaces/share/autopatrol_interfaces/cmake/ament_cmake_export_include_directories-extras.cmake
[3.718s] -- Installing: /home/honhe/learn_ros/Chapter8/chapt8_ws/install/autopatrol_interfaces/share/autopatrol_interfaces/cmake/ament_cmake_export_libraries-extras.cmake
[3.718s] -- Installing: /home/honhe/learn_ros/Chapter8/chapt8_ws/install/autopatrol_interfaces/share/autopatrol_interfaces/cmake/ament_cmake_export_targets-extras.cmake
[3.718s] -- Installing: /home/honhe/learn_ros/Chapter8/chapt8_ws/install/autopatrol_interfaces/share/autopatrol_interfaces/cmake/rosidl_cmake_export_typesupport_targets-extras.cmake
[3.718s] -- Installing: /home/honhe/learn_ros/Chapter8/chapt8_ws/install/autopatrol_interfaces/share/autopatrol_interfaces/cmake/rosidl_cmake_export_typesupport_libraries-extras.cmake
[3.718s] -- Installing: /home/honhe/learn_ros/Chapter8/chapt8_ws/install/autopatrol_interfaces/share/autopatrol_interfaces/cmake/autopatrol_interfacesConfig.cmake
[3.718s] -- Installing: /home/honhe/learn_ros/Chapter8/chapt8_ws/install/autopatrol_interfaces/share/autopatrol_interfaces/cmake/autopatrol_interfacesConfig-version.cmake
[3.718s] -- Installing: /home/honhe/learn_ros/Chapter8/chapt8_ws/install/autopatrol_interfaces/share/autopatrol_interfaces/package.xml
[3.720s] Invoked command in '/home/honhe/learn_ros/Chapter8/chapt8_ws/build/autopatrol_interfaces' returned '0': CMAKE_PREFIX_PATH=${CMAKE_PREFIX_PATH}:/opt/ros/jazzy DEBUGINFOD_URLS=https://debuginfod.ubuntu.com /usr/bin/cmake --install /home/honhe/learn_ros/Chapter8/chapt8_ws/build/autopatrol_interfaces
