[0.005s] Invoking command in '/home/honhe/learn_ros/Chapter6/chapt6_ws/build/fishbot_description': CMAKE_PREFIX_PATH=${CMAKE_PREFIX_PATH}:/opt/ros/jazzy DEBUGINFOD_URLS=https://debuginfod.ubuntu.com /usr/bin/cmake /home/honhe/learn_ros/Chapter6/chapt6_ws/src/fishbot_description -DCMAKE_INSTALL_PREFIX=/home/honhe/learn_ros/Chapter6/chapt6_ws/install/fishbot_description
[0.053s] -- The C compiler identification is GNU 13.3.0
[0.100s] -- The CXX compiler identification is GNU 13.3.0
[0.116s] -- Detecting C compiler ABI info
[0.239s] -- Detecting C compiler ABI info - done
[0.246s] -- Check for working C compiler: /usr/bin/cc - skipped
[0.246s] -- Detecting C compile features
[0.246s] -- Detecting C compile features - done
[0.259s] -- Detecting CXX compiler ABI info
[0.404s] -- Detecting CXX compiler ABI info - done
[0.416s] -- Check for working CXX compiler: /usr/bin/c++ - skipped
[0.416s] -- Detecting CXX compile features
[0.417s] -- Detecting CXX compile features - done
[0.419s] -- Found ament_cmake: 2.5.3 (/opt/ros/jazzy/share/ament_cmake/cmake)
[0.526s] -- Found Python3: /usr/bin/python3 (found version "3.12.3") found components: Interpreter 
[0.593s] -- Found ament_lint_auto: 0.17.1 (/opt/ros/jazzy/share/ament_lint_auto/cmake)
[0.657s] -- Added test 'flake8' to check Python code syntax and style conventions
[0.657s] -- Configured 'flake8' exclude dirs and/or files: 
[0.658s] -- Added test 'lint_cmake' to check CMake code style
[0.658s] -- Added test 'pep257' to check Python code against some of the docstring style conventions in PEP 257
[0.658s] -- Added test 'xmllint' to check XML markup files
[0.659s] -- Configuring done (0.6s)
[0.660s] -- Generating done (0.0s)
[0.661s] -- Build files have been written to: /home/honhe/learn_ros/Chapter6/chapt6_ws/build/fishbot_description
[0.664s] Invoked command in '/home/honhe/learn_ros/Chapter6/chapt6_ws/build/fishbot_description' returned '0': CMAKE_PREFIX_PATH=${CMAKE_PREFIX_PATH}:/opt/ros/jazzy DEBUGINFOD_URLS=https://debuginfod.ubuntu.com /usr/bin/cmake /home/honhe/learn_ros/Chapter6/chapt6_ws/src/fishbot_description -DCMAKE_INSTALL_PREFIX=/home/honhe/learn_ros/Chapter6/chapt6_ws/install/fishbot_description
[0.665s] Invoking command in '/home/honhe/learn_ros/Chapter6/chapt6_ws/build/fishbot_description': CMAKE_PREFIX_PATH=${CMAKE_PREFIX_PATH}:/opt/ros/jazzy DEBUGINFOD_URLS=https://debuginfod.ubuntu.com /usr/bin/cmake --build /home/honhe/learn_ros/Chapter6/chapt6_ws/build/fishbot_description -- -j32 -l32
[0.692s] Invoked command in '/home/honhe/learn_ros/Chapter6/chapt6_ws/build/fishbot_description' returned '0': CMAKE_PREFIX_PATH=${CMAKE_PREFIX_PATH}:/opt/ros/jazzy DEBUGINFOD_URLS=https://debuginfod.ubuntu.com /usr/bin/cmake --build /home/honhe/learn_ros/Chapter6/chapt6_ws/build/fishbot_description -- -j32 -l32
[0.700s] Invoking command in '/home/honhe/learn_ros/Chapter6/chapt6_ws/build/fishbot_description': CMAKE_PREFIX_PATH=${CMAKE_PREFIX_PATH}:/opt/ros/jazzy DEBUGINFOD_URLS=https://debuginfod.ubuntu.com /usr/bin/cmake --install /home/honhe/learn_ros/Chapter6/chapt6_ws/build/fishbot_description
[0.706s] -- Install configuration: ""
[0.706s] -- Installing: /home/honhe/learn_ros/Chapter6/chapt6_ws/install/fishbot_description/share/fishbot_description/launch
[0.706s] -- Installing: /home/honhe/learn_ros/Chapter6/chapt6_ws/install/fishbot_description/share/fishbot_description/launch/display_robot.launch.py
[0.707s] -- Installing: /home/honhe/learn_ros/Chapter6/chapt6_ws/install/fishbot_description/share/fishbot_description/urdf
[0.707s] -- Installing: /home/honhe/learn_ros/Chapter6/chapt6_ws/install/fishbot_description/share/fishbot_description/urdf/first_robot.pdf
[0.707s] -- Installing: /home/honhe/learn_ros/Chapter6/chapt6_ws/install/fishbot_description/share/fishbot_description/urdf/first_robot.gv
[0.707s] -- Installing: /home/honhe/learn_ros/Chapter6/chapt6_ws/install/fishbot_description/share/fishbot_description/urdf/first_robot.urdf
[0.707s] -- Installing: /home/honhe/learn_ros/Chapter6/chapt6_ws/install/fishbot_description/share/ament_index/resource_index/package_run_dependencies/fishbot_description
[0.707s] -- Installing: /home/honhe/learn_ros/Chapter6/chapt6_ws/install/fishbot_description/share/ament_index/resource_index/parent_prefix_path/fishbot_description
[0.707s] -- Installing: /home/honhe/learn_ros/Chapter6/chapt6_ws/install/fishbot_description/share/fishbot_description/environment/ament_prefix_path.sh
[0.707s] -- Installing: /home/honhe/learn_ros/Chapter6/chapt6_ws/install/fishbot_description/share/fishbot_description/environment/ament_prefix_path.dsv
[0.707s] -- Installing: /home/honhe/learn_ros/Chapter6/chapt6_ws/install/fishbot_description/share/fishbot_description/environment/path.sh
[0.708s] -- Installing: /home/honhe/learn_ros/Chapter6/chapt6_ws/install/fishbot_description/share/fishbot_description/environment/path.dsv
[0.708s] -- Installing: /home/honhe/learn_ros/Chapter6/chapt6_ws/install/fishbot_description/share/fishbot_description/local_setup.bash
[0.708s] -- Installing: /home/honhe/learn_ros/Chapter6/chapt6_ws/install/fishbot_description/share/fishbot_description/local_setup.sh
[0.708s] -- Installing: /home/honhe/learn_ros/Chapter6/chapt6_ws/install/fishbot_description/share/fishbot_description/local_setup.zsh
[0.708s] -- Installing: /home/honhe/learn_ros/Chapter6/chapt6_ws/install/fishbot_description/share/fishbot_description/local_setup.dsv
[0.708s] -- Installing: /home/honhe/learn_ros/Chapter6/chapt6_ws/install/fishbot_description/share/fishbot_description/package.dsv
[0.708s] -- Installing: /home/honhe/learn_ros/Chapter6/chapt6_ws/install/fishbot_description/share/ament_index/resource_index/packages/fishbot_description
[0.708s] -- Installing: /home/honhe/learn_ros/Chapter6/chapt6_ws/install/fishbot_description/share/fishbot_description/cmake/fishbot_descriptionConfig.cmake
[0.708s] -- Installing: /home/honhe/learn_ros/Chapter6/chapt6_ws/install/fishbot_description/share/fishbot_description/cmake/fishbot_descriptionConfig-version.cmake
[0.708s] -- Installing: /home/honhe/learn_ros/Chapter6/chapt6_ws/install/fishbot_description/share/fishbot_description/package.xml
[0.710s] Invoked command in '/home/honhe/learn_ros/Chapter6/chapt6_ws/build/fishbot_description' returned '0': CMAKE_PREFIX_PATH=${CMAKE_PREFIX_PATH}:/opt/ros/jazzy DEBUGINFOD_URLS=https://debuginfod.ubuntu.com /usr/bin/cmake --install /home/honhe/learn_ros/Chapter6/chapt6_ws/build/fishbot_description
